#
# There is insufficient memory for the Java Runtime Environment to continue.
# Native memory allocation (mmap) failed to map 32505856 bytes for Failed to commit area from 0x0000000089a00000 to 0x000000008b900000 of length 32505856.
# Possible reasons:
#   The system is out of physical RAM or swap space
#   The process is running with CompressedOops enabled, and the Java Heap may be blocking the growth of the native heap
# Possible solutions:
#   Reduce memory load on the system
#   Increase physical memory or swap space
#   Check if swap backing store is full
#   Decrease Java heap size (-Xmx/-Xms)
#   Decrease number of Java threads
#   Decrease Java thread stack sizes (-Xss)
#   Set larger code cache with -XX:ReservedCodeCacheSize=
#   JVM is running with Unscaled Compressed Oops mode in which the Java heap is
#     placed in the first 4GB address space. The Java Heap base address is the
#     maximum limit for the native heap growth. Please use -XX:HeapBaseMinAddress
#     to set the Java Heap base and to place the Java Heap above 4GB virtual address.
# This output file may be truncated or incomplete.
#
#  Out of Memory Error (src/hotspot/os/windows/os_windows.cpp:3627), pid=31544, tid=9488
#
# JRE version: OpenJDK Runtime Environment (11.0.15) (build 11.0.15+0-b2043.56-9505619)
# Java VM: OpenJDK 64-Bit Server VM (11.0.15+0-b2043.56-9505619, mixed mode, tiered, compressed oops, g1 gc, windows-amd64)
# No core dump will be written. Minidumps are not enabled by default on client versions of Windows
#

---------------  S U M M A R Y ------------

Command Line: --add-opens=java.base/java.util=ALL-UNNAMED --add-opens=java.base/java.lang=ALL-UNNAMED --add-opens=java.base/java.lang.invoke=ALL-UNNAMED --add-opens=java.base/java.util=ALL-UNNAMED --add-opens=java.prefs/java.util.prefs=ALL-UNNAMED --add-opens=java.prefs/java.util.prefs=ALL-UNNAMED --add-opens=java.base/java.nio.charset=ALL-UNNAMED --add-opens=java.base/java.net=ALL-UNNAMED --add-opens=java.base/java.util.concurrent.atomic=ALL-UNNAMED -Xmx2048m -Dfile.encoding=UTF-8 -Duser.country=US -Duser.language=en -Duser.variant org.gradle.launcher.daemon.bootstrap.GradleDaemon 7.5

Host: Intel(R) Core(TM) i5-8250U CPU @ 1.60GHz, 8 cores, 7G,  Windows 10 , 64 bit Build 19041 (10.0.19041.5198)
Time: Mon Apr 14 20:45:38 2025 India Standard Time elapsed time: 7.555178 seconds (0d 0h 0m 7s)

---------------  T H R E A D  ---------------

Current thread (0x0000028dbaadc000):  VMThread "VM Thread" [stack: 0x0000009b50600000,0x0000009b50700000] [id=9488]

Stack: [0x0000009b50600000,0x0000009b50700000]
[error occurred during error reporting (printing stack bounds), id 0xc0000005, EXCEPTION_ACCESS_VIOLATION (0xc0000005) at pc=0x0000028da415112d]

Native frames: (J=compiled Java code, j=interpreted, Vv=VM code, C=native code)
V  [jvm.dll+0x64135a]
V  [jvm.dll+0x7d39f9]
V  [jvm.dll+0x7d51b9]
V  [jvm.dll+0x7d5805]
V  [jvm.dll+0x7d57bb]
V  [jvm.dll+0x640655]
V  [jvm.dll+0x640d68]
C  [ntdll.dll+0xa28bf]
C  [ntdll.dll+0x52554]
C  [ntdll.dll+0xa13ce]
C  0x0000028da415112d

VM_Operation (0x0000009b519f5110): G1CollectForAllocation, mode: safepoint, requested by thread 0x0000028dbd40d800


---------------  P R O C E S S  ---------------

Threads class SMR info:
_java_thread_list=0x0000028dbdd95a70, length=123, elements={
0x0000028da0630800, 0x0000028dbaae0000, 0x0000028dbaae9800, 0x0000028dbb456800,
0x0000028dbb458000, 0x0000028dbb45a000, 0x0000028dbb45d000, 0x0000028dbb460800,
0x0000028dbaafd800, 0x0000028dbb5bd000, 0x0000028dbcc2b800, 0x0000028dbde74000,
0x0000028dbc9bc800, 0x0000028dbe15b800, 0x0000028dbe157000, 0x0000028dbca71800,
0x0000028dbd40d800, 0x0000028dbd6a5800, 0x0000028dbd539800, 0x0000028dbd326800,
0x0000028dbd327000, 0x0000028dbd954800, 0x0000028dbd957000, 0x0000028dbd959800,
0x0000028dbd957800, 0x0000028dbd956000, 0x0000028dbd958800, 0x0000028dbd95a000,
0x0000028dbd955800, 0x0000028dbd95b000, 0x0000028dbedee000, 0x0000028dbede8800,
0x0000028dbedef000, 0x0000028dbedea800, 0x0000028dbeded000, 0x0000028dbede9000,
0x0000028dbedea000, 0x0000028dbedf0800, 0x0000028dbedf1800, 0x0000028dbedeb800,
0x0000028dbee20000, 0x0000028dbedf2000, 0x0000028dbedec800, 0x0000028dbedf7000,
0x0000028dbedf3000, 0x0000028dbedf5800, 0x0000028dbedf3800, 0x0000028dbedf4800,
0x0000028dbedf6000, 0x0000028dbda37800, 0x0000028dbda34000, 0x0000028dbda39000,
0x0000028dbda35000, 0x0000028dbda38800, 0x0000028dbda33800, 0x0000028dbda36000,
0x0000028dbda36800, 0x0000028dbda3c800, 0x0000028dbda3a000, 0x0000028dbda3f800,
0x0000028dbda40800, 0x0000028dbda3b000, 0x0000028dbda3f000, 0x0000028dbda41800,
0x0000028dbda3b800, 0x0000028dbda42000, 0x0000028dbda3d000, 0x0000028dbda3e000,
0x0000028dc2eb7800, 0x0000028dc2ebb800, 0x0000028dc2eba000, 0x0000028dc2eba800,
0x0000028dc2eb6800, 0x0000028dc2eb6000, 0x0000028dc2ebe000, 0x0000028dc2ebc800,
0x0000028dc2ebd000, 0x0000028dc2eb8800, 0x0000028dc2ebf000, 0x0000028dc2eb9000,
0x0000028dc2ec3000, 0x0000028dc2ec0800, 0x0000028dc2ec3800, 0x0000028dc2ec1800,
0x0000028dc2ec2000, 0x0000028dc2ec4800, 0x0000028dc2ebf800, 0x0000028dbe7c0000,
0x0000028dbe7c1000, 0x0000028dbe7c2800, 0x0000028dbe7c7800, 0x0000028dbe7c2000,
0x0000028dbe7c3800, 0x0000028dbe7c5000, 0x0000028dbe7c8800, 0x0000028dbe7c9000,
0x0000028dbe7ca000, 0x0000028dbe7c4800, 0x0000028dbe7c7000, 0x0000028dbe7cb000,
0x0000028dbe7cb800, 0x0000028dbe7c6000, 0x0000028dbe7cc800, 0x0000028dbe7cd800,
0x0000028dbe7ce000, 0x0000028dbe7cf000, 0x0000028dc1320800, 0x0000028dc1321800,
0x0000028dc131f800, 0x0000028dc131f000, 0x0000028dc1324000, 0x0000028dc1322000,
0x0000028dc1323000, 0x0000028dc131e000, 0x0000028dc1324800, 0x0000028dc132b000,
0x0000028dc1325800, 0x0000028dc1326800, 0x0000028dc132a800, 0x0000028dc1328800,
0x0000028dc1327000, 0x0000028dc1329800, 0x0000028dc132c000
}

Java Threads: ( => current thread )
  0x0000028da0630800 JavaThread "main" [_thread_blocked, id=6680, stack(0x0000009b50000000,0x0000009b50100000)]
  0x0000028dbaae0000 JavaThread "Reference Handler" daemon [_thread_blocked, id=26816, stack(0x0000009b50700000,0x0000009b50800000)]
  0x0000028dbaae9800 JavaThread "Finalizer" daemon [_thread_blocked, id=20620, stack(0x0000009b50800000,0x0000009b50900000)]
  0x0000028dbb456800 JavaThread "Signal Dispatcher" daemon [_thread_blocked, id=20128, stack(0x0000009b50900000,0x0000009b50a00000)]
  0x0000028dbb458000 JavaThread "Attach Listener" daemon [_thread_blocked, id=13680, stack(0x0000009b50a00000,0x0000009b50b00000)]
  0x0000028dbb45a000 JavaThread "Service Thread" daemon [_thread_blocked, id=16332, stack(0x0000009b50b00000,0x0000009b50c00000)]
  0x0000028dbb45d000 JavaThread "C2 CompilerThread0" daemon [_thread_blocked, id=31864, stack(0x0000009b50c00000,0x0000009b50d00000)]
  0x0000028dbb460800 JavaThread "C1 CompilerThread0" daemon [_thread_blocked, id=18140, stack(0x0000009b50d00000,0x0000009b50e00000)]
  0x0000028dbaafd800 JavaThread "Sweeper thread" daemon [_thread_blocked, id=19288, stack(0x0000009b50e00000,0x0000009b50f00000)]
  0x0000028dbb5bd000 JavaThread "Common-Cleaner" daemon [_thread_blocked, id=12508, stack(0x0000009b50f00000,0x0000009b51000000)]
  0x0000028dbcc2b800 JavaThread "Daemon health stats" [_thread_blocked, id=26920, stack(0x0000009b51500000,0x0000009b51600000)]
  0x0000028dbde74000 JavaThread "Incoming local TCP Connector on port 49347" [_thread_in_native, id=30596, stack(0x0000009b51100000,0x0000009b51200000)]
  0x0000028dbc9bc800 JavaThread "Daemon periodic checks" [_thread_blocked, id=19148, stack(0x0000009b51200000,0x0000009b51300000)]
  0x0000028dbe15b800 JavaThread "Daemon" [_thread_blocked, id=11072, stack(0x0000009b51600000,0x0000009b51700000)]
  0x0000028dbe157000 JavaThread "Handler for socket connection from /127.0.0.1:49347 to /127.0.0.1:49348" [_thread_in_native, id=16136, stack(0x0000009b51700000,0x0000009b51800000)]
  0x0000028dbca71800 JavaThread "Cancel handler" [_thread_blocked, id=20904, stack(0x0000009b51800000,0x0000009b51900000)]
  0x0000028dbd40d800 JavaThread "Daemon worker" [_thread_blocked, id=23728, stack(0x0000009b51900000,0x0000009b51a00000)]
  0x0000028dbd6a5800 JavaThread "Asynchronous log dispatcher for DefaultDaemonConnection: socket connection from /127.0.0.1:49347 to /127.0.0.1:49348" [_thread_blocked, id=7248, stack(0x0000009b51a00000,0x0000009b51b00000)]
  0x0000028dbd539800 JavaThread "Stdin handler" [_thread_blocked, id=13760, stack(0x0000009b51b00000,0x0000009b51c00000)]
  0x0000028dbd326800 JavaThread "Daemon client event forwarder" [_thread_blocked, id=16264, stack(0x0000009b51c00000,0x0000009b51d00000)]
  0x0000028dbd327000 JavaThread "C2 CompilerThread1" daemon [_thread_blocked, id=18040, stack(0x0000009b51d00000,0x0000009b51e00000)]
  0x0000028dbd954800 JavaThread "Cache worker for journal cache (C:\Users\HP-PC\.gradle\caches\journal-1)" [_thread_blocked, id=15364, stack(0x0000009b51e00000,0x0000009b51f00000)]
  0x0000028dbd957000 JavaThread "File lock request listener" [_thread_in_native, id=3708, stack(0x0000009b52400000,0x0000009b52500000)]
  0x0000028dbd959800 JavaThread "Cache worker for file hash cache (C:\Users\HP-PC\.gradle\caches\7.5\fileHashes)" [_thread_blocked, id=30652, stack(0x0000009b52600000,0x0000009b52700000)]
  0x0000028dbd957800 JavaThread "File watcher server" daemon [_thread_in_native, id=25392, stack(0x0000009b52800000,0x0000009b52900000)]
  0x0000028dbd956000 JavaThread "File watcher consumer" daemon [_thread_blocked, id=6908, stack(0x0000009b52900000,0x0000009b52a00000)]
  0x0000028dbd958800 JavaThread "jar transforms" [_thread_blocked, id=31044, stack(0x0000009b52a00000,0x0000009b52b00000)]
  0x0000028dbd95a000 JavaThread "jar transforms Thread 2" [_thread_blocked, id=5752, stack(0x0000009b52b00000,0x0000009b52c00000)]
  0x0000028dbd955800 JavaThread "jar transforms Thread 3" [_thread_blocked, id=18992, stack(0x0000009b52c00000,0x0000009b52d00000)]
  0x0000028dbd95b000 JavaThread "jar transforms Thread 4" [_thread_blocked, id=14828, stack(0x0000009b52d00000,0x0000009b52e00000)]
  0x0000028dbedee000 JavaThread "jar transforms Thread 5" [_thread_blocked, id=28552, stack(0x0000009b52e00000,0x0000009b52f00000)]
  0x0000028dbede8800 JavaThread "jar transforms Thread 6" [_thread_blocked, id=15084, stack(0x0000009b52f00000,0x0000009b53000000)]
  0x0000028dbedef000 JavaThread "jar transforms Thread 7" [_thread_blocked, id=29204, stack(0x0000009b53000000,0x0000009b53100000)]
  0x0000028dbedea800 JavaThread "jar transforms Thread 8" [_thread_blocked, id=19336, stack(0x0000009b53100000,0x0000009b53200000)]
  0x0000028dbeded000 JavaThread "Cache worker for checksums cache (C:\Users\HP-PC\AndroidStudioProjects\TalathiAttendance-master\.gradle\7.5\checksums)" [_thread_blocked, id=31804, stack(0x0000009b53200000,0x0000009b53300000)]
  0x0000028dbede9000 JavaThread "Cache worker for cache directory md-rule (C:\Users\HP-PC\.gradle\caches\7.5\md-rule)" [_thread_blocked, id=23000, stack(0x0000009b53300000,0x0000009b53400000)]
  0x0000028dbedea000 JavaThread "Cache worker for file content cache (C:\Users\HP-PC\.gradle\caches\7.5\fileContent)" [_thread_blocked, id=13040, stack(0x0000009b53400000,0x0000009b53500000)]
  0x0000028dbedf0800 JavaThread "Cache worker for file hash cache (C:\Users\HP-PC\AndroidStudioProjects\TalathiAttendance-master\.gradle\7.5\fileHashes)" [_thread_blocked, id=33244, stack(0x0000009b52700000,0x0000009b52800000)]
  0x0000028dbedf1800 JavaThread "Cache worker for cache directory md-supplier (C:\Users\HP-PC\.gradle\caches\7.5\md-supplier)" [_thread_blocked, id=16536, stack(0x0000009b53500000,0x0000009b53600000)]
  0x0000028dbedeb800 JavaThread "Cache worker for execution history cache (C:\Users\HP-PC\.gradle\caches\7.5\executionHistory)" [_thread_blocked, id=22216, stack(0x0000009b53600000,0x0000009b53700000)]
  0x0000028dbee20000 JavaThread "C2 CompilerThread2" daemon [_thread_blocked, id=26116, stack(0x0000009b53700000,0x0000009b53800000)]
  0x0000028dbedf2000 JavaThread "Cache worker for dependencies-accessors (C:\Users\HP-PC\AndroidStudioProjects\TalathiAttendance-master\.gradle\7.5\dependencies-accessors)" [_thread_blocked, id=24012, stack(0x0000009b53800000,0x0000009b53900000)]
  0x0000028dbedec800 JavaThread "Cache worker for Build Output Cleanup Cache (C:\Users\HP-PC\AndroidStudioProjects\TalathiAttendance-master\.gradle\buildOutputCleanup)" [_thread_blocked, id=32352, stack(0x0000009b53900000,0x0000009b53a00000)]
  0x0000028dbedf7000 JavaThread "Unconstrained build operations" [_thread_blocked, id=17356, stack(0x0000009b53a00000,0x0000009b53b00000)]
  0x0000028dbedf3000 JavaThread "Unconstrained build operations Thread 2" [_thread_blocked, id=17792, stack(0x0000009b53b00000,0x0000009b53c00000)]
  0x0000028dbedf5800 JavaThread "Unconstrained build operations Thread 3" [_thread_blocked, id=18372, stack(0x0000009b53c00000,0x0000009b53d00000)]
  0x0000028dbedf3800 JavaThread "Unconstrained build operations Thread 4" [_thread_blocked, id=18176, stack(0x0000009b53d00000,0x0000009b53e00000)]
  0x0000028dbedf4800 JavaThread "Unconstrained build operations Thread 5" [_thread_blocked, id=1188, stack(0x0000009b53e00000,0x0000009b53f00000)]
  0x0000028dbedf6000 JavaThread "Unconstrained build operations Thread 6" [_thread_blocked, id=17532, stack(0x0000009b53f00000,0x0000009b54000000)]
  0x0000028dbda37800 JavaThread "Unconstrained build operations Thread 7" [_thread_blocked, id=16824, stack(0x0000009b54000000,0x0000009b54100000)]
  0x0000028dbda34000 JavaThread "Unconstrained build operations Thread 8" [_thread_blocked, id=24836, stack(0x0000009b54100000,0x0000009b54200000)]
  0x0000028dbda39000 JavaThread "Unconstrained build operations Thread 9" [_thread_blocked, id=27772, stack(0x0000009b54200000,0x0000009b54300000)]
  0x0000028dbda35000 JavaThread "Unconstrained build operations Thread 10" [_thread_blocked, id=17984, stack(0x0000009b54300000,0x0000009b54400000)]
  0x0000028dbda38800 JavaThread "Unconstrained build operations Thread 11" [_thread_blocked, id=9480, stack(0x0000009b54400000,0x0000009b54500000)]
  0x0000028dbda33800 JavaThread "Unconstrained build operations Thread 12" [_thread_blocked, id=27184, stack(0x0000009b54500000,0x0000009b54600000)]
  0x0000028dbda36000 JavaThread "Unconstrained build operations Thread 13" [_thread_blocked, id=6596, stack(0x0000009b54600000,0x0000009b54700000)]
  0x0000028dbda36800 JavaThread "Unconstrained build operations Thread 14" [_thread_blocked, id=29580, stack(0x0000009b54700000,0x0000009b54800000)]
  0x0000028dbda3c800 JavaThread "Unconstrained build operations Thread 15" [_thread_blocked, id=15956, stack(0x0000009b54800000,0x0000009b54900000)]
  0x0000028dbda3a000 JavaThread "Unconstrained build operations Thread 16" [_thread_blocked, id=24604, stack(0x0000009b54900000,0x0000009b54a00000)]
  0x0000028dbda3f800 JavaThread "Unconstrained build operations Thread 17" [_thread_blocked, id=26032, stack(0x0000009b54a00000,0x0000009b54b00000)]
  0x0000028dbda40800 JavaThread "Unconstrained build operations Thread 18" [_thread_blocked, id=9672, stack(0x0000009b54b00000,0x0000009b54c00000)]
  0x0000028dbda3b000 JavaThread "Unconstrained build operations Thread 19" [_thread_blocked, id=9376, stack(0x0000009b54c00000,0x0000009b54d00000)]
  0x0000028dbda3f000 JavaThread "Unconstrained build operations Thread 20" [_thread_blocked, id=11340, stack(0x0000009b54d00000,0x0000009b54e00000)]
  0x0000028dbda41800 JavaThread "Unconstrained build operations Thread 21" [_thread_blocked, id=22860, stack(0x0000009b54e00000,0x0000009b54f00000)]
  0x0000028dbda3b800 JavaThread "Unconstrained build operations Thread 22" [_thread_blocked, id=25080, stack(0x0000009b54f00000,0x0000009b55000000)]
  0x0000028dbda42000 JavaThread "Unconstrained build operations Thread 23" [_thread_blocked, id=8068, stack(0x0000009b55000000,0x0000009b55100000)]
  0x0000028dbda3d000 JavaThread "Unconstrained build operations Thread 24" [_thread_blocked, id=15580, stack(0x0000009b55100000,0x0000009b55200000)]
  0x0000028dbda3e000 JavaThread "Unconstrained build operations Thread 25" [_thread_blocked, id=12908, stack(0x0000009b55200000,0x0000009b55300000)]
  0x0000028dc2eb7800 JavaThread "Unconstrained build operations Thread 26" [_thread_blocked, id=31096, stack(0x0000009b55300000,0x0000009b55400000)]
  0x0000028dc2ebb800 JavaThread "Unconstrained build operations Thread 27" [_thread_blocked, id=30692, stack(0x0000009b55400000,0x0000009b55500000)]
  0x0000028dc2eba000 JavaThread "Unconstrained build operations Thread 28" [_thread_blocked, id=29024, stack(0x0000009b55500000,0x0000009b55600000)]
  0x0000028dc2eba800 JavaThread "Unconstrained build operations Thread 29" [_thread_blocked, id=12416, stack(0x0000009b55600000,0x0000009b55700000)]
  0x0000028dc2eb6800 JavaThread "Unconstrained build operations Thread 30" [_thread_blocked, id=2372, stack(0x0000009b55700000,0x0000009b55800000)]
  0x0000028dc2eb6000 JavaThread "Unconstrained build operations Thread 31" [_thread_blocked, id=21380, stack(0x0000009b55800000,0x0000009b55900000)]
  0x0000028dc2ebe000 JavaThread "Unconstrained build operations Thread 32" [_thread_blocked, id=20808, stack(0x0000009b55900000,0x0000009b55a00000)]
  0x0000028dc2ebc800 JavaThread "Unconstrained build operations Thread 33" [_thread_blocked, id=12596, stack(0x0000009b55a00000,0x0000009b55b00000)]
  0x0000028dc2ebd000 JavaThread "Unconstrained build operations Thread 34" [_thread_blocked, id=20408, stack(0x0000009b55b00000,0x0000009b55c00000)]
  0x0000028dc2eb8800 JavaThread "Unconstrained build operations Thread 35" [_thread_blocked, id=7360, stack(0x0000009b55c00000,0x0000009b55d00000)]
  0x0000028dc2ebf000 JavaThread "Unconstrained build operations Thread 36" [_thread_blocked, id=15292, stack(0x0000009b55d00000,0x0000009b55e00000)]
  0x0000028dc2eb9000 JavaThread "Unconstrained build operations Thread 37" [_thread_blocked, id=30040, stack(0x0000009b55e00000,0x0000009b55f00000)]
  0x0000028dc2ec3000 JavaThread "Unconstrained build operations Thread 38" [_thread_blocked, id=7732, stack(0x0000009b55f00000,0x0000009b56000000)]
  0x0000028dc2ec0800 JavaThread "Unconstrained build operations Thread 39" [_thread_blocked, id=21860, stack(0x0000009b56000000,0x0000009b56100000)]
  0x0000028dc2ec3800 JavaThread "Unconstrained build operations Thread 40" [_thread_blocked, id=21544, stack(0x0000009b56100000,0x0000009b56200000)]
  0x0000028dc2ec1800 JavaThread "Unconstrained build operations Thread 41" [_thread_blocked, id=2016, stack(0x0000009b56200000,0x0000009b56300000)]
  0x0000028dc2ec2000 JavaThread "Unconstrained build operations Thread 42" [_thread_blocked, id=16448, stack(0x0000009b56300000,0x0000009b56400000)]
  0x0000028dc2ec4800 JavaThread "Unconstrained build operations Thread 43" [_thread_blocked, id=30628, stack(0x0000009b56400000,0x0000009b56500000)]
  0x0000028dc2ebf800 JavaThread "Unconstrained build operations Thread 44" [_thread_blocked, id=28624, stack(0x0000009b56500000,0x0000009b56600000)]
  0x0000028dbe7c0000 JavaThread "Unconstrained build operations Thread 45" [_thread_blocked, id=29324, stack(0x0000009b56600000,0x0000009b56700000)]
  0x0000028dbe7c1000 JavaThread "Unconstrained build operations Thread 46" [_thread_blocked, id=5332, stack(0x0000009b56700000,0x0000009b56800000)]
  0x0000028dbe7c2800 JavaThread "Unconstrained build operations Thread 47" [_thread_blocked, id=25964, stack(0x0000009b56800000,0x0000009b56900000)]
  0x0000028dbe7c7800 JavaThread "Unconstrained build operations Thread 48" [_thread_blocked, id=6916, stack(0x0000009b56900000,0x0000009b56a00000)]
  0x0000028dbe7c2000 JavaThread "Unconstrained build operations Thread 49" [_thread_blocked, id=12992, stack(0x0000009b56a00000,0x0000009b56b00000)]
  0x0000028dbe7c3800 JavaThread "Unconstrained build operations Thread 50" [_thread_blocked, id=13960, stack(0x0000009b56b00000,0x0000009b56c00000)]
  0x0000028dbe7c5000 JavaThread "Unconstrained build operations Thread 51" [_thread_blocked, id=26512, stack(0x0000009b56c00000,0x0000009b56d00000)]
  0x0000028dbe7c8800 JavaThread "Unconstrained build operations Thread 52" [_thread_blocked, id=14600, stack(0x0000009b56d00000,0x0000009b56e00000)]
  0x0000028dbe7c9000 JavaThread "Unconstrained build operations Thread 53" [_thread_blocked, id=26136, stack(0x0000009b56e00000,0x0000009b56f00000)]
  0x0000028dbe7ca000 JavaThread "Unconstrained build operations Thread 54" [_thread_blocked, id=20548, stack(0x0000009b56f00000,0x0000009b57000000)]
  0x0000028dbe7c4800 JavaThread "Unconstrained build operations Thread 55" [_thread_blocked, id=17740, stack(0x0000009b57000000,0x0000009b57100000)]
  0x0000028dbe7c7000 JavaThread "Unconstrained build operations Thread 56" [_thread_blocked, id=16276, stack(0x0000009b57100000,0x0000009b57200000)]
  0x0000028dbe7cb000 JavaThread "Unconstrained build operations Thread 57" [_thread_blocked, id=5560, stack(0x0000009b57200000,0x0000009b57300000)]
  0x0000028dbe7cb800 JavaThread "Unconstrained build operations Thread 58" [_thread_blocked, id=3924, stack(0x0000009b57300000,0x0000009b57400000)]
  0x0000028dbe7c6000 JavaThread "Unconstrained build operations Thread 59" [_thread_blocked, id=27600, stack(0x0000009b57400000,0x0000009b57500000)]
  0x0000028dbe7cc800 JavaThread "Unconstrained build operations Thread 60" [_thread_blocked, id=10304, stack(0x0000009b57500000,0x0000009b57600000)]
  0x0000028dbe7cd800 JavaThread "Unconstrained build operations Thread 61" [_thread_blocked, id=31728, stack(0x0000009b57600000,0x0000009b57700000)]
  0x0000028dbe7ce000 JavaThread "Unconstrained build operations Thread 62" [_thread_blocked, id=3432, stack(0x0000009b57700000,0x0000009b57800000)]
  0x0000028dbe7cf000 JavaThread "Unconstrained build operations Thread 63" [_thread_blocked, id=2824, stack(0x0000009b57800000,0x0000009b57900000)]
  0x0000028dc1320800 JavaThread "Unconstrained build operations Thread 64" [_thread_blocked, id=29100, stack(0x0000009b57900000,0x0000009b57a00000)]
  0x0000028dc1321800 JavaThread "Unconstrained build operations Thread 65" [_thread_blocked, id=29664, stack(0x0000009b57a00000,0x0000009b57b00000)]
  0x0000028dc131f800 JavaThread "Unconstrained build operations Thread 66" [_thread_blocked, id=31484, stack(0x0000009b57b00000,0x0000009b57c00000)]
  0x0000028dc131f000 JavaThread "Unconstrained build operations Thread 67" [_thread_blocked, id=15144, stack(0x0000009b57c00000,0x0000009b57d00000)]
  0x0000028dc1324000 JavaThread "Unconstrained build operations Thread 68" [_thread_blocked, id=27804, stack(0x0000009b57d00000,0x0000009b57e00000)]
  0x0000028dc1322000 JavaThread "Unconstrained build operations Thread 69" [_thread_blocked, id=10568, stack(0x0000009b57e00000,0x0000009b57f00000)]
  0x0000028dc1323000 JavaThread "Unconstrained build operations Thread 70" [_thread_blocked, id=26888, stack(0x0000009b57f00000,0x0000009b58000000)]
  0x0000028dc131e000 JavaThread "Unconstrained build operations Thread 71" [_thread_blocked, id=16032, stack(0x0000009b58000000,0x0000009b58100000)]
  0x0000028dc1324800 JavaThread "Unconstrained build operations Thread 72" [_thread_blocked, id=20856, stack(0x0000009b58100000,0x0000009b58200000)]
  0x0000028dc132b000 JavaThread "Unconstrained build operations Thread 73" [_thread_blocked, id=17020, stack(0x0000009b58200000,0x0000009b58300000)]
  0x0000028dc1325800 JavaThread "Unconstrained build operations Thread 74" [_thread_blocked, id=18356, stack(0x0000009b58300000,0x0000009b58400000)]
  0x0000028dc1326800 JavaThread "Unconstrained build operations Thread 75" [_thread_blocked, id=4696, stack(0x0000009b58400000,0x0000009b58500000)]
  0x0000028dc132a800 JavaThread "Unconstrained build operations Thread 76" [_thread_blocked, id=15540, stack(0x0000009b58500000,0x0000009b58600000)]
  0x0000028dc1328800 JavaThread "Unconstrained build operations Thread 77" [_thread_blocked, id=18312, stack(0x0000009b58600000,0x0000009b58700000)]
  0x0000028dc1327000 JavaThread "Unconstrained build operations Thread 78" [_thread_blocked, id=33724, stack(0x0000009b58700000,0x0000009b58800000)]
  0x0000028dc1329800 JavaThread "Unconstrained build operations Thread 79" [_thread_blocked, id=2544, stack(0x0000009b58800000,0x0000009b58900000)]
  0x0000028dc132c000 JavaThread "Unconstrained build operations Thread 80" [_thread_blocked, id=12208, stack(0x0000009b58900000,0x0000009b58a00000)]

Other Threads:
=>0x0000028dbaadc000 VMThread "VM Thread" [stack: 0x0000009b50600000,0x0000009b50700000] [id=9488]
  0x0000028dbb5d2800 WatcherThread [stack: 0x0000009b51000000,0x0000009b51100000] [id=32532]
  0x0000028da0645000 GCTaskThread "GC Thread#0" [stack: 0x0000009b50100000,0x0000009b50200000] [id=8612]
  0x0000028dbc93e000 GCTaskThread "GC Thread#1" [stack: 0x0000009b51300000,0x0000009b51400000] [id=28040]
  0x0000028dbccfe800 GCTaskThread "GC Thread#2" [stack: 0x0000009b51400000,0x0000009b51500000] [id=29356]
  0x0000028dbecf7800 GCTaskThread "GC Thread#3" [stack: 0x0000009b51f00000,0x0000009b52000000] [id=7672]
  0x0000028dbecf8000 GCTaskThread "GC Thread#4" [stack: 0x0000009b52000000,0x0000009b52100000] [id=10360]
  0x0000028dbcecf800 GCTaskThread "GC Thread#5" [stack: 0x0000009b52100000,0x0000009b52200000] [id=9664]
  0x0000028dbced0000 GCTaskThread "GC Thread#6" [stack: 0x0000009b52200000,0x0000009b52300000] [id=25592]
  0x0000028dbdb8c800 GCTaskThread "GC Thread#7" [stack: 0x0000009b52300000,0x0000009b52400000] [id=5108]
  0x0000028da0675800 ConcurrentGCThread "G1 Main Marker" [stack: 0x0000009b50200000,0x0000009b50300000] [id=15992]
  0x0000028da0677800 ConcurrentGCThread "G1 Conc#0" [stack: 0x0000009b50300000,0x0000009b50400000] [id=2568]
  0x0000028dbd25a800 ConcurrentGCThread "G1 Conc#1" [stack: 0x0000009b52500000,0x0000009b52600000] [id=18968]
  0x0000028dba92a800 ConcurrentGCThread "G1 Refine#0" [stack: 0x0000009b50400000,0x0000009b50500000] [id=11944]
  0x0000028dba92b000 ConcurrentGCThread "G1 Young RemSet Sampling" [stack: 0x0000009b50500000,0x0000009b50600000] [id=28392]

Threads with active compile tasks:

VM state:at safepoint (normal execution)

VM Mutex/Monitor currently owned by a thread:  ([mutex/lock_event])
[0x0000028da062cd40] Threads_lock - owner thread: 0x0000028dbaadc000
[0x0000028da062b240] Heap_lock - owner thread: 0x0000028dbd40d800

Heap address: 0x0000000080000000, size: 2048 MB, Compressed Oops mode: 32-bit
Narrow klass base: 0x0000000000000000, Narrow klass shift: 3
Compressed class space size: 1073741824 Address: 0x0000000100000000

Heap:
 garbage-first heap   total 189440K, used 100841K [0x0000000080000000, 0x0000000100000000)
  region size 1024K, 4 young (4096K), 4 survivors (4096K)
 Metaspace       used 55277K, capacity 57074K, committed 57212K, reserved 1099776K
  class space    used 7110K, capacity 7820K, committed 7936K, reserved 1048576K
Heap Regions: E=young(eden), S=young(survivor), O=old, HS=humongous(starts), HC=humongous(continues), CS=collection set, F=free, A=archive, TAMS=top-at-mark-start (previous, next)
|   0|0x0000000080000000, 0x0000000080100000, 0x0000000080100000|100%| O|  |TAMS 0x0000000080100000, 0x0000000080000000| Untracked 
|   1|0x0000000080100000, 0x0000000080200000, 0x0000000080200000|100%| O|  |TAMS 0x0000000080200000, 0x0000000080100000| Untracked 
|   2|0x0000000080200000, 0x0000000080300000, 0x0000000080300000|100%| O|  |TAMS 0x0000000080300000, 0x0000000080200000| Untracked 
|   3|0x0000000080300000, 0x0000000080400000, 0x0000000080400000|100%|HS|  |TAMS 0x0000000080400000, 0x0000000080300000| Complete 
|   4|0x0000000080400000, 0x0000000080500000, 0x0000000080500000|100%|HC|  |TAMS 0x0000000080500000, 0x0000000080400000| Complete 
|   5|0x0000000080500000, 0x0000000080600000, 0x0000000080600000|100%|HC|  |TAMS 0x0000000080600000, 0x0000000080500000| Complete 
|   6|0x0000000080600000, 0x0000000080700000, 0x0000000080700000|100%| O|  |TAMS 0x0000000080700000, 0x0000000080600000| Untracked 
|   7|0x0000000080700000, 0x0000000080800000, 0x0000000080800000|100%| O|  |TAMS 0x0000000080800000, 0x0000000080700000| Untracked 
|   8|0x0000000080800000, 0x0000000080900000, 0x0000000080900000|100%| O|  |TAMS 0x0000000080900000, 0x0000000080800000| Untracked 
|   9|0x0000000080900000, 0x0000000080a00000, 0x0000000080a00000|100%| O|  |TAMS 0x0000000080a00000, 0x0000000080900000| Untracked 
|  10|0x0000000080a00000, 0x0000000080b00000, 0x0000000080b00000|100%| O|  |TAMS 0x0000000080b00000, 0x0000000080a00000| Untracked 
|  11|0x0000000080b00000, 0x0000000080c00000, 0x0000000080c00000|100%| O|  |TAMS 0x0000000080c00000, 0x0000000080b00000| Untracked 
|  12|0x0000000080c00000, 0x0000000080d00000, 0x0000000080d00000|100%| O|  |TAMS 0x0000000080d00000, 0x0000000080c00000| Untracked 
|  13|0x0000000080d00000, 0x0000000080e00000, 0x0000000080e00000|100%| O|  |TAMS 0x0000000080e00000, 0x0000000080d00000| Untracked 
|  14|0x0000000080e00000, 0x0000000080f00000, 0x0000000080f00000|100%| O|  |TAMS 0x0000000080f00000, 0x0000000080e00000| Untracked 
|  15|0x0000000080f00000, 0x0000000081000000, 0x0000000081000000|100%| O|  |TAMS 0x0000000081000000, 0x0000000080f00000| Untracked 
|  16|0x0000000081000000, 0x0000000081100000, 0x0000000081100000|100%| O|  |TAMS 0x0000000081100000, 0x0000000081000000| Untracked 
|  17|0x0000000081100000, 0x0000000081200000, 0x0000000081200000|100%|HS|  |TAMS 0x0000000081200000, 0x0000000081100000| Complete 
|  18|0x0000000081200000, 0x0000000081300000, 0x0000000081300000|100%|HC|  |TAMS 0x0000000081300000, 0x0000000081200000| Complete 
|  19|0x0000000081300000, 0x0000000081400000, 0x0000000081400000|100%|HS|  |TAMS 0x0000000081400000, 0x0000000081300000| Complete 
|  20|0x0000000081400000, 0x0000000081500000, 0x0000000081500000|100%|HC|  |TAMS 0x0000000081500000, 0x0000000081400000| Complete 
|  21|0x0000000081500000, 0x0000000081600000, 0x0000000081600000|100%|HC|  |TAMS 0x0000000081600000, 0x0000000081500000| Complete 
|  22|0x0000000081600000, 0x0000000081700000, 0x0000000081700000|100%|HS|  |TAMS 0x0000000081700000, 0x0000000081600000| Complete 
|  23|0x0000000081700000, 0x0000000081800000, 0x0000000081800000|100%|HC|  |TAMS 0x0000000081800000, 0x0000000081700000| Complete 
|  24|0x0000000081800000, 0x0000000081900000, 0x0000000081900000|100%|HC|  |TAMS 0x0000000081900000, 0x0000000081800000| Complete 
|  25|0x0000000081900000, 0x0000000081a00000, 0x0000000081a00000|100%|HS|  |TAMS 0x0000000081a00000, 0x0000000081900000| Complete 
|  26|0x0000000081a00000, 0x0000000081b00000, 0x0000000081b00000|100%|HC|  |TAMS 0x0000000081b00000, 0x0000000081a00000| Complete 
|  27|0x0000000081b00000, 0x0000000081c00000, 0x0000000081c00000|100%|HS|  |TAMS 0x0000000081c00000, 0x0000000081b00000| Complete 
|  28|0x0000000081c00000, 0x0000000081d00000, 0x0000000081d00000|100%|HC|  |TAMS 0x0000000081d00000, 0x0000000081c00000| Complete 
|  29|0x0000000081d00000, 0x0000000081e00000, 0x0000000081e00000|100%|HC|  |TAMS 0x0000000081e00000, 0x0000000081d00000| Complete 
|  30|0x0000000081e00000, 0x0000000081f00000, 0x0000000081f00000|100%|HC|  |TAMS 0x0000000081f00000, 0x0000000081e00000| Complete 
|  31|0x0000000081f00000, 0x0000000082000000, 0x0000000082000000|100%|HC|  |TAMS 0x0000000082000000, 0x0000000081f00000| Complete 
|  32|0x0000000082000000, 0x0000000082100000, 0x0000000082100000|100%| O|  |TAMS 0x0000000082100000, 0x0000000082000000| Untracked 
|  33|0x0000000082100000, 0x0000000082200000, 0x0000000082200000|100%| O|  |TAMS 0x0000000082200000, 0x0000000082100000| Untracked 
|  34|0x0000000082200000, 0x0000000082300000, 0x0000000082300000|100%| O|  |TAMS 0x0000000082300000, 0x0000000082200000| Untracked 
|  35|0x0000000082300000, 0x0000000082400000, 0x0000000082400000|100%| O|  |TAMS 0x0000000082400000, 0x0000000082300000| Untracked 
|  36|0x0000000082400000, 0x0000000082500000, 0x0000000082500000|100%| O|  |TAMS 0x0000000082500000, 0x0000000082400000| Untracked 
|  37|0x0000000082500000, 0x0000000082600000, 0x0000000082600000|100%| O|  |TAMS 0x0000000082600000, 0x0000000082500000| Untracked 
|  38|0x0000000082600000, 0x0000000082700000, 0x0000000082700000|100%| O|  |TAMS 0x0000000082700000, 0x0000000082600000| Untracked 
|  39|0x0000000082700000, 0x0000000082800000, 0x0000000082800000|100%|HS|  |TAMS 0x0000000082800000, 0x0000000082700000| Complete 
|  40|0x0000000082800000, 0x0000000082900000, 0x0000000082900000|100%|HC|  |TAMS 0x0000000082900000, 0x0000000082800000| Complete 
|  41|0x0000000082900000, 0x0000000082a00000, 0x0000000082a00000|100%|HC|  |TAMS 0x0000000082a00000, 0x0000000082900000| Complete 
|  42|0x0000000082a00000, 0x0000000082b00000, 0x0000000082b00000|100%|HC|  |TAMS 0x0000000082b00000, 0x0000000082a00000| Complete 
|  43|0x0000000082b00000, 0x0000000082c00000, 0x0000000082c00000|100%|HC|  |TAMS 0x0000000082c00000, 0x0000000082b00000| Complete 
|  44|0x0000000082c00000, 0x0000000082d00000, 0x0000000082d00000|100%|HC|  |TAMS 0x0000000082d00000, 0x0000000082c00000| Complete 
|  45|0x0000000082d00000, 0x0000000082e00000, 0x0000000082e00000|100%|HC|  |TAMS 0x0000000082e00000, 0x0000000082d00000| Complete 
|  46|0x0000000082e00000, 0x0000000082f00000, 0x0000000082f00000|100%|HC|  |TAMS 0x0000000082f00000, 0x0000000082e00000| Complete 
|  47|0x0000000082f00000, 0x0000000083000000, 0x0000000083000000|100%|HC|  |TAMS 0x0000000083000000, 0x0000000082f00000| Complete 
|  48|0x0000000083000000, 0x0000000083100000, 0x0000000083100000|100%|HC|  |TAMS 0x0000000083100000, 0x0000000083000000| Complete 
|  49|0x0000000083100000, 0x0000000083200000, 0x0000000083200000|100%|HS|  |TAMS 0x0000000083200000, 0x0000000083100000| Complete 
|  50|0x0000000083200000, 0x0000000083300000, 0x0000000083300000|100%|HC|  |TAMS 0x0000000083300000, 0x0000000083200000| Complete 
|  51|0x0000000083300000, 0x0000000083400000, 0x0000000083400000|100%|HS|  |TAMS 0x0000000083400000, 0x0000000083300000| Complete 
|  52|0x0000000083400000, 0x0000000083500000, 0x0000000083500000|100%|HC|  |TAMS 0x0000000083500000, 0x0000000083400000| Complete 
|  53|0x0000000083500000, 0x0000000083600000, 0x0000000083600000|100%|HC|  |TAMS 0x0000000083600000, 0x0000000083500000| Complete 
|  54|0x0000000083600000, 0x0000000083700000, 0x0000000083700000|100%|HS|  |TAMS 0x0000000083700000, 0x0000000083600000| Complete 
|  55|0x0000000083700000, 0x0000000083800000, 0x0000000083800000|100%|HC|  |TAMS 0x0000000083800000, 0x0000000083700000| Complete 
|  56|0x0000000083800000, 0x0000000083900000, 0x0000000083900000|100%| O|  |TAMS 0x0000000083900000, 0x0000000083800000| Untracked 
|  57|0x0000000083900000, 0x0000000083a00000, 0x0000000083a00000|100%| O|  |TAMS 0x0000000083a00000, 0x0000000083900000| Untracked 
|  58|0x0000000083a00000, 0x0000000083b00000, 0x0000000083b00000|100%| O|  |TAMS 0x0000000083b00000, 0x0000000083a00000| Untracked 
|  59|0x0000000083b00000, 0x0000000083c00000, 0x0000000083c00000|100%| O|  |TAMS 0x0000000083c00000, 0x0000000083b00000| Untracked 
|  60|0x0000000083c00000, 0x0000000083d00000, 0x0000000083d00000|100%| O|  |TAMS 0x0000000083d00000, 0x0000000083c00000| Untracked 
|  61|0x0000000083d00000, 0x0000000083e00000, 0x0000000083e00000|100%| O|  |TAMS 0x0000000083e00000, 0x0000000083d00000| Untracked 
|  62|0x0000000083e00000, 0x0000000083f00000, 0x0000000083f00000|100%|HS|  |TAMS 0x0000000083f00000, 0x0000000083e00000| Complete 
|  63|0x0000000083f00000, 0x0000000084000000, 0x0000000084000000|100%|HC|  |TAMS 0x0000000084000000, 0x0000000083f00000| Complete 
|  64|0x0000000084000000, 0x0000000084100000, 0x0000000084100000|100%|HC|  |TAMS 0x0000000084100000, 0x0000000084000000| Complete 
|  65|0x0000000084100000, 0x0000000084200000, 0x0000000084200000|100%| O|  |TAMS 0x0000000084200000, 0x0000000084100000| Untracked 
|  66|0x0000000084200000, 0x0000000084300000, 0x0000000084300000|100%| O|  |TAMS 0x0000000084300000, 0x0000000084200000| Untracked 
|  67|0x0000000084300000, 0x0000000084400000, 0x0000000084400000|100%| O|  |TAMS 0x0000000084400000, 0x0000000084300000| Untracked 
|  68|0x0000000084400000, 0x0000000084500000, 0x0000000084500000|100%| O|  |TAMS 0x0000000084500000, 0x0000000084400000| Untracked 
|  69|0x0000000084500000, 0x0000000084600000, 0x0000000084600000|100%| O|  |TAMS 0x0000000084600000, 0x0000000084500000| Untracked 
|  70|0x0000000084600000, 0x0000000084700000, 0x0000000084700000|100%| O|  |TAMS 0x0000000084700000, 0x0000000084600000| Untracked 
|  71|0x0000000084700000, 0x0000000084800000, 0x0000000084800000|100%| O|  |TAMS 0x0000000084800000, 0x0000000084700000| Untracked 
|  72|0x0000000084800000, 0x0000000084900000, 0x0000000084900000|100%| O|  |TAMS 0x0000000084900000, 0x0000000084800000| Untracked 
|  73|0x0000000084900000, 0x0000000084a00000, 0x0000000084a00000|100%|HS|  |TAMS 0x0000000084a00000, 0x0000000084900000| Complete 
|  74|0x0000000084a00000, 0x0000000084b00000, 0x0000000084b00000|100%|HC|  |TAMS 0x0000000084b00000, 0x0000000084a00000| Complete 
|  75|0x0000000084b00000, 0x0000000084c00000, 0x0000000084c00000|100%|HC|  |TAMS 0x0000000084c00000, 0x0000000084b00000| Complete 
|  76|0x0000000084c00000, 0x0000000084d00000, 0x0000000084d00000|100%|HC|  |TAMS 0x0000000084d00000, 0x0000000084c00000| Complete 
|  77|0x0000000084d00000, 0x0000000084e00000, 0x0000000084e00000|100%|HC|  |TAMS 0x0000000084e00000, 0x0000000084d00000| Complete 
|  78|0x0000000084e00000, 0x0000000084f00000, 0x0000000084f00000|100%| O|  |TAMS 0x0000000084f00000, 0x0000000084e00000| Untracked 
|  79|0x0000000084f00000, 0x0000000085000000, 0x0000000085000000|100%| O|  |TAMS 0x0000000085000000, 0x0000000084f00000| Untracked 
|  80|0x0000000085000000, 0x0000000085100000, 0x0000000085100000|100%|HS|  |TAMS 0x0000000085100000, 0x0000000085000000| Complete 
|  81|0x0000000085100000, 0x0000000085200000, 0x0000000085200000|100%|HS|  |TAMS 0x0000000085200000, 0x0000000085100000| Complete 
|  82|0x0000000085200000, 0x0000000085300000, 0x0000000085300000|100%|HS|  |TAMS 0x0000000085300000, 0x0000000085200000| Complete 
|  83|0x0000000085300000, 0x0000000085400000, 0x0000000085400000|100%| O|  |TAMS 0x0000000085400000, 0x0000000085300000| Untracked 
|  84|0x0000000085400000, 0x0000000085500000, 0x0000000085500000|100%| O|  |TAMS 0x0000000085500000, 0x0000000085400000| Untracked 
|  85|0x0000000085500000, 0x0000000085600000, 0x0000000085600000|100%| O|  |TAMS 0x0000000085600000, 0x0000000085500000| Untracked 
|  86|0x0000000085600000, 0x0000000085700000, 0x0000000085700000|100%| O|  |TAMS 0x0000000085700000, 0x0000000085600000| Untracked 
|  87|0x0000000085700000, 0x0000000085800000, 0x0000000085800000|100%| O|  |TAMS 0x0000000085800000, 0x0000000085700000| Untracked 
|  88|0x0000000085800000, 0x0000000085900000, 0x0000000085900000|100%|HS|  |TAMS 0x0000000085800000, 0x0000000085800000| Complete 
|  89|0x0000000085900000, 0x0000000085a00000, 0x0000000085a00000|100%|HC|  |TAMS 0x0000000085900000, 0x0000000085900000| Complete 
|  90|0x0000000085a00000, 0x0000000085b00000, 0x0000000085b00000|100%|HC|  |TAMS 0x0000000085a00000, 0x0000000085a00000| Complete 
|  91|0x0000000085b00000, 0x0000000085b00000, 0x0000000085c00000|  0%| F|  |TAMS 0x0000000085b00000, 0x0000000085b00000| Untracked 
|  92|0x0000000085c00000, 0x0000000085d00000, 0x0000000085d00000|100%| O|  |TAMS 0x0000000085c00000, 0x0000000085c00000| Untracked 
|  93|0x0000000085d00000, 0x0000000085e00000, 0x0000000085e00000|100%| O|  |TAMS 0x0000000085d00000, 0x0000000085d00000| Untracked 
|  94|0x0000000085e00000, 0x0000000085f00000, 0x0000000085f00000|100%| O|  |TAMS 0x0000000085e00000, 0x0000000085e00000| Untracked 
|  95|0x0000000085f00000, 0x0000000085f8c400, 0x0000000086000000| 54%| O|  |TAMS 0x0000000085f00000, 0x0000000085f00000| Untracked 
|  96|0x0000000086000000, 0x0000000086000000, 0x0000000086100000|  0%| F|  |TAMS 0x0000000086000000, 0x0000000086000000| Untracked 
|  97|0x0000000086100000, 0x0000000086100000, 0x0000000086200000|  0%| F|  |TAMS 0x0000000086100000, 0x0000000086100000| Untracked 
|  98|0x0000000086200000, 0x0000000086200000, 0x0000000086300000|  0%| F|  |TAMS 0x0000000086200000, 0x0000000086200000| Untracked 
|  99|0x0000000086300000, 0x0000000086300000, 0x0000000086400000|  0%| F|  |TAMS 0x0000000086300000, 0x0000000086300000| Untracked 
| 100|0x0000000086400000, 0x0000000086400000, 0x0000000086500000|  0%| F|  |TAMS 0x0000000086400000, 0x0000000086400000| Untracked 
| 101|0x0000000086500000, 0x0000000086500000, 0x0000000086600000|  0%| F|  |TAMS 0x0000000086500000, 0x0000000086500000| Untracked 
| 102|0x0000000086600000, 0x0000000086600000, 0x0000000086700000|  0%| F|  |TAMS 0x0000000086600000, 0x0000000086600000| Untracked 
| 103|0x0000000086700000, 0x0000000086700000, 0x0000000086800000|  0%| F|  |TAMS 0x0000000086700000, 0x0000000086700000| Untracked 
| 104|0x0000000086800000, 0x0000000086800000, 0x0000000086900000|  0%| F|  |TAMS 0x0000000086800000, 0x0000000086800000| Untracked 
| 105|0x0000000086900000, 0x0000000086900000, 0x0000000086a00000|  0%| F|  |TAMS 0x0000000086900000, 0x0000000086900000| Untracked 
| 106|0x0000000086a00000, 0x0000000086a00000, 0x0000000086b00000|  0%| F|  |TAMS 0x0000000086a00000, 0x0000000086a00000| Untracked 
| 107|0x0000000086b00000, 0x0000000086b00000, 0x0000000086c00000|  0%| F|  |TAMS 0x0000000086b00000, 0x0000000086b00000| Untracked 
| 108|0x0000000086c00000, 0x0000000086c00000, 0x0000000086d00000|  0%| F|  |TAMS 0x0000000086c00000, 0x0000000086c00000| Untracked 
| 109|0x0000000086d00000, 0x0000000086d00000, 0x0000000086e00000|  0%| F|  |TAMS 0x0000000086d00000, 0x0000000086d00000| Untracked 
| 110|0x0000000086e00000, 0x0000000086e00000, 0x0000000086f00000|  0%| F|  |TAMS 0x0000000086e00000, 0x0000000086e00000| Untracked 
| 111|0x0000000086f00000, 0x0000000086f00000, 0x0000000087000000|  0%| F|  |TAMS 0x0000000086f00000, 0x0000000086f00000| Untracked 
| 112|0x0000000087000000, 0x0000000087000000, 0x0000000087100000|  0%| F|  |TAMS 0x0000000087000000, 0x0000000087000000| Untracked 
| 113|0x0000000087100000, 0x0000000087100000, 0x0000000087200000|  0%| F|  |TAMS 0x0000000087100000, 0x0000000087100000| Untracked 
| 114|0x0000000087200000, 0x0000000087200000, 0x0000000087300000|  0%| F|  |TAMS 0x0000000087200000, 0x0000000087200000| Untracked 
| 115|0x0000000087300000, 0x0000000087300000, 0x0000000087400000|  0%| F|  |TAMS 0x0000000087300000, 0x0000000087300000| Untracked 
| 116|0x0000000087400000, 0x0000000087400000, 0x0000000087500000|  0%| F|  |TAMS 0x0000000087400000, 0x0000000087400000| Untracked 
| 117|0x0000000087500000, 0x0000000087500000, 0x0000000087600000|  0%| F|  |TAMS 0x0000000087500000, 0x0000000087500000| Untracked 
| 118|0x0000000087600000, 0x0000000087600000, 0x0000000087700000|  0%| F|  |TAMS 0x0000000087600000, 0x0000000087600000| Untracked 
| 119|0x0000000087700000, 0x0000000087700000, 0x0000000087800000|  0%| F|  |TAMS 0x0000000087700000, 0x0000000087700000| Untracked 
| 120|0x0000000087800000, 0x00000000878ee160, 0x0000000087900000| 93%| S|CS|TAMS 0x0000000087800000, 0x0000000087800000| Complete 
| 121|0x0000000087900000, 0x0000000087a00000, 0x0000000087a00000|100%| S|CS|TAMS 0x0000000087900000, 0x0000000087900000| Complete 
| 122|0x0000000087a00000, 0x0000000087b00000, 0x0000000087b00000|100%| S|CS|TAMS 0x0000000087a00000, 0x0000000087a00000| Complete 
| 123|0x0000000087b00000, 0x0000000087c00000, 0x0000000087c00000|100%| S|CS|TAMS 0x0000000087b00000, 0x0000000087b00000| Complete 
| 124|0x0000000087c00000, 0x0000000087c00000, 0x0000000087d00000|  0%| F|  |TAMS 0x0000000087c00000, 0x0000000087c00000| Untracked 
| 125|0x0000000087d00000, 0x0000000087d00000, 0x0000000087e00000|  0%| F|  |TAMS 0x0000000087d00000, 0x0000000087d00000| Untracked 
| 126|0x0000000087e00000, 0x0000000087e00000, 0x0000000087f00000|  0%| F|  |TAMS 0x0000000087e00000, 0x0000000087e00000| Untracked 
| 127|0x0000000087f00000, 0x0000000087f00000, 0x0000000088000000|  0%| F|  |TAMS 0x0000000087f00000, 0x0000000087f00000| Untracked 
| 128|0x0000000088000000, 0x0000000088000000, 0x0000000088100000|  0%| F|  |TAMS 0x0000000088000000, 0x0000000088000000| Untracked 
| 129|0x0000000088100000, 0x0000000088100000, 0x0000000088200000|  0%| F|  |TAMS 0x0000000088100000, 0x0000000088100000| Untracked 
| 130|0x0000000088200000, 0x0000000088200000, 0x0000000088300000|  0%| F|  |TAMS 0x0000000088200000, 0x0000000088200000| Untracked 
| 131|0x0000000088300000, 0x0000000088300000, 0x0000000088400000|  0%| F|  |TAMS 0x0000000088300000, 0x0000000088300000| Untracked 
| 132|0x0000000088400000, 0x0000000088400000, 0x0000000088500000|  0%| F|  |TAMS 0x0000000088400000, 0x0000000088400000| Untracked 
| 133|0x0000000088500000, 0x0000000088500000, 0x0000000088600000|  0%| F|  |TAMS 0x0000000088500000, 0x0000000088500000| Untracked 
| 134|0x0000000088600000, 0x0000000088600000, 0x0000000088700000|  0%| F|  |TAMS 0x0000000088600000, 0x0000000088600000| Untracked 
| 135|0x0000000088700000, 0x0000000088700000, 0x0000000088800000|  0%| F|  |TAMS 0x0000000088700000, 0x0000000088700000| Untracked 
| 136|0x0000000088800000, 0x0000000088800000, 0x0000000088900000|  0%| F|  |TAMS 0x0000000088800000, 0x0000000088800000| Untracked 
| 137|0x0000000088900000, 0x0000000088900000, 0x0000000088a00000|  0%| F|  |TAMS 0x0000000088900000, 0x0000000088900000| Untracked 
| 138|0x0000000088a00000, 0x0000000088a00000, 0x0000000088b00000|  0%| F|  |TAMS 0x0000000088a00000, 0x0000000088a00000| Untracked 
| 139|0x0000000088b00000, 0x0000000088b00000, 0x0000000088c00000|  0%| F|  |TAMS 0x0000000088b00000, 0x0000000088b00000| Untracked 
| 140|0x0000000088c00000, 0x0000000088c00000, 0x0000000088d00000|  0%| F|  |TAMS 0x0000000088c00000, 0x0000000088c00000| Untracked 
| 141|0x0000000088d00000, 0x0000000088d00000, 0x0000000088e00000|  0%| F|  |TAMS 0x0000000088d00000, 0x0000000088d00000| Untracked 
| 142|0x0000000088e00000, 0x0000000088e00000, 0x0000000088f00000|  0%| F|  |TAMS 0x0000000088e00000, 0x0000000088e00000| Untracked 
| 143|0x0000000088f00000, 0x0000000088f00000, 0x0000000089000000|  0%| F|  |TAMS 0x0000000088f00000, 0x0000000088f00000| Untracked 
| 144|0x0000000089000000, 0x0000000089000000, 0x0000000089100000|  0%| F|  |TAMS 0x0000000089000000, 0x0000000089000000| Untracked 
| 145|0x0000000089100000, 0x0000000089100000, 0x0000000089200000|  0%| F|  |TAMS 0x0000000089100000, 0x0000000089100000| Untracked 
| 146|0x0000000089200000, 0x0000000089200000, 0x0000000089300000|  0%| F|  |TAMS 0x0000000089200000, 0x0000000089200000| Untracked 
| 147|0x0000000089300000, 0x0000000089300000, 0x0000000089400000|  0%| F|  |TAMS 0x0000000089300000, 0x0000000089300000| Untracked 
| 148|0x0000000089400000, 0x0000000089400000, 0x0000000089500000|  0%| F|  |TAMS 0x0000000089400000, 0x0000000089400000| Untracked 
| 149|0x0000000089500000, 0x0000000089500000, 0x0000000089600000|  0%| F|  |TAMS 0x0000000089500000, 0x0000000089500000| Untracked 
| 150|0x0000000089600000, 0x0000000089600000, 0x0000000089700000|  0%| F|  |TAMS 0x0000000089600000, 0x0000000089600000| Untracked 
| 151|0x0000000089700000, 0x0000000089700000, 0x0000000089800000|  0%| F|  |TAMS 0x0000000089700000, 0x0000000089700000| Untracked 
| 152|0x0000000089800000, 0x0000000089800000, 0x0000000089900000|  0%| F|  |TAMS 0x0000000089800000, 0x0000000089800000| Untracked 
| 153|0x0000000089900000, 0x0000000089900000, 0x0000000089a00000|  0%| F|  |TAMS 0x0000000089900000, 0x0000000089900000| Untracked 

Card table byte_map: [0x0000028db3890000,0x0000028db3c90000] _byte_map_base: 0x0000028db3490000

Marking Bits (Prev, Next): (CMBitMap*) 0x0000028da066cb38, (CMBitMap*) 0x0000028da066cb70
 Prev Bits: [0x0000028db4090000, 0x0000028db6090000)
 Next Bits: [0x0000028db6090000, 0x0000028db8090000)

Polling page: 0x0000028d9e5f0000

Metaspace:

Usage:
  Non-class:     48.10 MB capacity,    47.04 MB ( 98%) used,   927.32 KB (  2%) free+waste,   159.94 KB ( <1%) overhead. 
      Class:      7.64 MB capacity,     6.94 MB ( 91%) used,   631.35 KB (  8%) free+waste,    77.69 KB ( <1%) overhead. 
       Both:     55.74 MB capacity,    53.98 MB ( 97%) used,     1.52 MB (  3%) free+waste,   237.62 KB ( <1%) overhead. 

Virtual space:
  Non-class space:       50.00 MB reserved,      48.12 MB ( 96%) committed 
      Class space:        1.00 GB reserved,       7.75 MB ( <1%) committed 
             Both:        1.05 GB reserved,      55.87 MB (  5%) committed 

Chunk freelists:
   Non-Class:  22.00 KB
       Class:  20.00 KB
        Both:  42.00 KB

MaxMetaspaceSize: 17179869184.00 GB
CompressedClassSpaceSize: 1.00 GB
Initial GC threshold: 20.80 MB
Current GC threshold: 88.54 MB
CDS: off

CodeHeap 'non-profiled nmethods': size=120000Kb used=3550Kb max_used=3550Kb free=116449Kb
 bounds [0x0000028dabc20000, 0x0000028dabfa0000, 0x0000028db3150000]
CodeHeap 'profiled nmethods': size=120000Kb used=11996Kb max_used=11996Kb free=108003Kb
 bounds [0x0000028da46f0000, 0x0000028da52b0000, 0x0000028dabc20000]
CodeHeap 'non-nmethods': size=5760Kb used=2309Kb max_used=2367Kb free=3451Kb
 bounds [0x0000028da4150000, 0x0000028da43c0000, 0x0000028da46f0000]
 total_blobs=6726 nmethods=5913 adapters=725
 compilation: enabled
              stopped_count=0, restarted_count=0
 full_count=0

Compilation events (20 events):
Event: 7.490 Thread 0x0000028dbb460800 nmethod 5910 0x0000028da529fe90 code [0x0000028da52a00c0, 0x0000028da52a0748]
Event: 7.495 Thread 0x0000028dbd327000 5911       4       java.net.URLStreamHandler::setURL (73 bytes)
Event: 7.495 Thread 0x0000028dbb45d000 5912   !   4       java.net.URL::set (114 bytes)
Event: 7.503 Thread 0x0000028dbb460800 5915       3       org.gradle.internal.event.DefaultListenerManager$EventBroadcast::doStartNotification (48 bytes)
Event: 7.504 Thread 0x0000028dbb460800 nmethod 5915 0x0000028da52a0990 code [0x0000028da52a0c00, 0x0000028da52a17a8]
Event: 7.505 Thread 0x0000028dbb45d000 nmethod 5912 0x0000028dabf8fe90 code [0x0000028dabf90020, 0x0000028dabf908b8]
Event: 7.505 Thread 0x0000028dbb460800 5913       3       org.gradle.internal.event.DefaultListenerManager$EventBroadcast::startNotification (50 bytes)
Event: 7.505 Thread 0x0000028dbb460800 nmethod 5913 0x0000028da52a1a90 code [0x0000028da52a1c80, 0x0000028da52a1f48]
Event: 7.505 Thread 0x0000028dbb460800 5914       3       org.gradle.internal.event.DefaultListenerManager$EventBroadcast::takeOwnership (45 bytes)
Event: 7.507 Thread 0x0000028dbb460800 nmethod 5914 0x0000028da52a2090 code [0x0000028da52a23c0, 0x0000028da52a3688]
Event: 7.507 Thread 0x0000028dbb460800 5917   !   3       org.gradle.internal.event.DefaultListenerManager$EventBroadcast::endNotification (145 bytes)
Event: 7.508 Thread 0x0000028dbb460800 nmethod 5917 0x0000028da52a3d10 code [0x0000028da52a4020, 0x0000028da52a5368]
Event: 7.508 Thread 0x0000028dbb460800 5916       3       org.gradle.internal.instantiation.generator.AsmBackedClassGenerator$ObjectCreationDetails::<init> (26 bytes)
Event: 7.508 Thread 0x0000028dbb460800 nmethod 5916 0x0000028da52a5a90 code [0x0000028da52a5c60, 0x0000028da52a5f38]
Event: 7.508 Thread 0x0000028dbb460800 5918       3       org.gradle.internal.event.DefaultListenerManager$EventBroadcast$ListenerDispatch::dispatch (9 bytes)
Event: 7.509 Thread 0x0000028dbb460800 nmethod 5918 0x0000028da52a6010 code [0x0000028da52a61e0, 0x0000028da52a6408]
Event: 7.516 Thread 0x0000028dbd327000 nmethod 5911 0x0000028dabf90990 code [0x0000028dabf90b40, 0x0000028dabf91668]
Event: 7.516 Thread 0x0000028dbb460800 5919       3       java.lang.String::substring (68 bytes)
Event: 7.516 Thread 0x0000028dbb460800 nmethod 5919 0x0000028da52a6510 code [0x0000028da52a6760, 0x0000028da52a6f38]
Event: 7.540 Thread 0x0000028dbee20000 nmethod 5841 0x0000028dabf91a90 code [0x0000028dabf91d80, 0x0000028dabf95b30]

GC Heap History (20 events):
Event: 2.937 GC heap after
{Heap after GC invocations=6 (full 0):
 garbage-first heap   total 131072K, used 19333K [0x0000000080000000, 0x0000000100000000)
  region size 1024K, 3 young (3072K), 3 survivors (3072K)
 Metaspace       used 25504K, capacity 26112K, committed 26288K, reserved 1073152K
  class space    used 3287K, capacity 3495K, committed 3584K, reserved 1048576K
}
Event: 3.690 GC heap before
{Heap before GC invocations=6 (full 0):
 garbage-first heap   total 131072K, used 86917K [0x0000000080000000, 0x0000000100000000)
  region size 1024K, 54 young (55296K), 3 survivors (3072K)
 Metaspace       used 30259K, capacity 31059K, committed 31280K, reserved 1077248K
  class space    used 4029K, capacity 4355K, committed 4480K, reserved 1048576K
}
Event: 3.694 GC heap after
{Heap after GC invocations=7 (full 0):
 garbage-first heap   total 131072K, used 39377K [0x0000000080000000, 0x0000000100000000)
  region size 1024K, 7 young (7168K), 7 survivors (7168K)
 Metaspace       used 30259K, capacity 31059K, committed 31280K, reserved 1077248K
  class space    used 4029K, capacity 4355K, committed 4480K, reserved 1048576K
}
Event: 4.074 GC heap before
{Heap before GC invocations=7 (full 0):
 garbage-first heap   total 131072K, used 74193K [0x0000000080000000, 0x0000000100000000)
  region size 1024K, 42 young (43008K), 7 survivors (7168K)
 Metaspace       used 34531K, capacity 35590K, committed 35708K, reserved 1079296K
  class space    used 4650K, capacity 5058K, committed 5120K, reserved 1048576K
}
Event: 4.084 GC heap after
{Heap after GC invocations=8 (full 0):
 garbage-first heap   total 131072K, used 41042K [0x0000000080000000, 0x0000000100000000)
  region size 1024K, 2 young (2048K), 2 survivors (2048K)
 Metaspace       used 34531K, capacity 35590K, committed 35708K, reserved 1079296K
  class space    used 4650K, capacity 5058K, committed 5120K, reserved 1048576K
}
Event: 4.708 GC heap before
{Heap before GC invocations=9 (full 0):
 garbage-first heap   total 131072K, used 89170K [0x0000000080000000, 0x0000000100000000)
  region size 1024K, 47 young (48128K), 2 survivors (2048K)
 Metaspace       used 40847K, capacity 42037K, committed 42108K, reserved 1085440K
  class space    used 5192K, capacity 5625K, committed 5632K, reserved 1048576K
}
Event: 4.714 GC heap after
{Heap after GC invocations=10 (full 0):
 garbage-first heap   total 131072K, used 45943K [0x0000000080000000, 0x0000000100000000)
  region size 1024K, 6 young (6144K), 6 survivors (6144K)
 Metaspace       used 40847K, capacity 42037K, committed 42108K, reserved 1085440K
  class space    used 5192K, capacity 5625K, committed 5632K, reserved 1048576K
}
Event: 5.420 GC heap before
{Heap before GC invocations=10 (full 0):
 garbage-first heap   total 131072K, used 106359K [0x0000000080000000, 0x0000000100000000)
  region size 1024K, 50 young (51200K), 6 survivors (6144K)
 Metaspace       used 44183K, capacity 45466K, committed 45692K, reserved 1089536K
  class space    used 5664K, capacity 6121K, committed 6144K, reserved 1048576K
}
Event: 5.432 GC heap after
{Heap after GC invocations=11 (full 0):
 garbage-first heap   total 157696K, used 67435K [0x0000000080000000, 0x0000000100000000)
  region size 1024K, 5 young (5120K), 5 survivors (5120K)
 Metaspace       used 44183K, capacity 45466K, committed 45692K, reserved 1089536K
  class space    used 5664K, capacity 6121K, committed 6144K, reserved 1048576K
}
Event: 5.979 GC heap before
{Heap before GC invocations=12 (full 0):
 garbage-first heap   total 157696K, used 118635K [0x0000000080000000, 0x0000000100000000)
  region size 1024K, 51 young (52224K), 5 survivors (5120K)
 Metaspace       used 46861K, capacity 48246K, committed 48252K, reserved 1091584K
  class space    used 5927K, capacity 6400K, committed 6400K, reserved 1048576K
}
Event: 5.986 GC heap after
{Heap after GC invocations=13 (full 0):
 garbage-first heap   total 157696K, used 74366K [0x0000000080000000, 0x0000000100000000)
  region size 1024K, 5 young (5120K), 5 survivors (5120K)
 Metaspace       used 46861K, capacity 48246K, committed 48252K, reserved 1091584K
  class space    used 5927K, capacity 6400K, committed 6400K, reserved 1048576K
}
Event: 6.201 GC heap before
{Heap before GC invocations=13 (full 0):
 garbage-first heap   total 157696K, used 92798K [0x0000000080000000, 0x0000000100000000)
  region size 1024K, 24 young (24576K), 5 survivors (5120K)
 Metaspace       used 48155K, capacity 49564K, committed 49660K, reserved 1091584K
  class space    used 6139K, capacity 6690K, committed 6784K, reserved 1048576K
}
Event: 6.207 GC heap after
{Heap after GC invocations=14 (full 0):
 garbage-first heap   total 157696K, used 75855K [0x0000000080000000, 0x0000000100000000)
  region size 1024K, 2 young (2048K), 2 survivors (2048K)
 Metaspace       used 48155K, capacity 49564K, committed 49660K, reserved 1091584K
  class space    used 6139K, capacity 6690K, committed 6784K, reserved 1048576K
}
Event: 6.767 GC heap before
{Heap before GC invocations=15 (full 0):
 garbage-first heap   total 157696K, used 128079K [0x0000000080000000, 0x0000000100000000)
  region size 1024K, 48 young (49152K), 2 survivors (2048K)
 Metaspace       used 51278K, capacity 52853K, committed 52988K, reserved 1095680K
  class space    used 6618K, capacity 7254K, committed 7296K, reserved 1048576K
}
Event: 6.771 GC heap after
{Heap after GC invocations=16 (full 0):
 garbage-first heap   total 157696K, used 83870K [0x0000000080000000, 0x0000000100000000)
  region size 1024K, 5 young (5120K), 5 survivors (5120K)
 Metaspace       used 51278K, capacity 52853K, committed 52988K, reserved 1095680K
  class space    used 6618K, capacity 7254K, committed 7296K, reserved 1048576K
}
Event: 7.139 GC heap before
{Heap before GC invocations=16 (full 0):
 garbage-first heap   total 157696K, used 116638K [0x0000000080000000, 0x0000000100000000)
  region size 1024K, 39 young (39936K), 5 survivors (5120K)
 Metaspace       used 52103K, capacity 53750K, committed 53884K, reserved 1095680K
  class space    used 6694K, capacity 7329K, committed 7424K, reserved 1048576K
}
Event: 7.147 GC heap after
{Heap after GC invocations=17 (full 0):
 garbage-first heap   total 157696K, used 87607K [0x0000000080000000, 0x0000000100000000)
  region size 1024K, 6 young (6144K), 6 survivors (6144K)
 Metaspace       used 52103K, capacity 53750K, committed 53884K, reserved 1095680K
  class space    used 6694K, capacity 7329K, committed 7424K, reserved 1048576K
}
Event: 7.249 GC heap before
{Heap before GC invocations=18 (full 0):
 garbage-first heap   total 157696K, used 97847K [0x0000000080000000, 0x0000000100000000)
  region size 1024K, 14 young (14336K), 6 survivors (6144K)
 Metaspace       used 52545K, capacity 54292K, committed 54396K, reserved 1095680K
  class space    used 6761K, capacity 7403K, committed 7424K, reserved 1048576K
}
Event: 7.255 GC heap after
{Heap after GC invocations=19 (full 0):
 garbage-first heap   total 157696K, used 94189K [0x0000000080000000, 0x0000000100000000)
  region size 1024K, 4 young (4096K), 4 survivors (4096K)
 Metaspace       used 52545K, capacity 54292K, committed 54396K, reserved 1095680K
  class space    used 6761K, capacity 7403K, committed 7424K, reserved 1048576K
}
Event: 7.550 GC heap before
{Heap before GC invocations=20 (full 0):
 garbage-first heap   total 157696K, used 123885K [0x0000000080000000, 0x0000000100000000)
  region size 1024K, 30 young (30720K), 4 survivors (4096K)
 Metaspace       used 55277K, capacity 57074K, committed 57212K, reserved 1099776K
  class space    used 7110K, capacity 7820K, committed 7936K, reserved 1048576K
}

Deoptimization events (20 events):
Event: 7.471 Thread 0x0000028dbd40d800 Uncommon trap: trap_request=0xffffff4d fr.pc=0x0000028dabc67c94 relative=0x0000000000000454
Event: 7.471 Thread 0x0000028dbd40d800 Uncommon trap: reason=unstable_if action=reinterpret pc=0x0000028dabc67c94 method=java.lang.String.substring(II)Ljava/lang/String; @ 31 c2
Event: 7.471 Thread 0x0000028dbd40d800 DEOPT PACKING pc=0x0000028dabc67c94 sp=0x0000009b519f4bc0
Event: 7.471 Thread 0x0000028dbd40d800 DEOPT UNPACKING pc=0x0000028da419a1af sp=0x0000009b519f4b90 mode 2
Event: 7.474 Thread 0x0000028dbd40d800 Uncommon trap: trap_request=0xffffff4d fr.pc=0x0000028dabcd74a0 relative=0x0000000000000080
Event: 7.474 Thread 0x0000028dbd40d800 Uncommon trap: reason=unstable_if action=reinterpret pc=0x0000028dabcd74a0 method=java.lang.CharacterDataLatin1.isWhitespace(I)Z @ 14 c2
Event: 7.474 Thread 0x0000028dbd40d800 DEOPT PACKING pc=0x0000028dabcd74a0 sp=0x0000009b519f4e80
Event: 7.474 Thread 0x0000028dbd40d800 DEOPT UNPACKING pc=0x0000028da419a1af sp=0x0000009b519f4df0 mode 2
Event: 7.476 Thread 0x0000028dbd40d800 Uncommon trap: trap_request=0xffffff4d fr.pc=0x0000028dabe0f340 relative=0x0000000000000400
Event: 7.476 Thread 0x0000028dbd40d800 Uncommon trap: reason=unstable_if action=reinterpret pc=0x0000028dabe0f340 method=java.lang.String.substring(I)Ljava/lang/String; @ 43 c2
Event: 7.476 Thread 0x0000028dbd40d800 DEOPT PACKING pc=0x0000028dabe0f340 sp=0x0000009b519f4ef0
Event: 7.476 Thread 0x0000028dbd40d800 DEOPT UNPACKING pc=0x0000028da419a1af sp=0x0000009b519f4ec8 mode 2
Event: 7.476 Thread 0x0000028dbd40d800 Uncommon trap: trap_request=0xffffff4d fr.pc=0x0000028dabc52f08 relative=0x0000000000000448
Event: 7.476 Thread 0x0000028dbd40d800 Uncommon trap: reason=unstable_if action=reinterpret pc=0x0000028dabc52f08 method=java.lang.AbstractStringBuilder.putStringAt(ILjava/lang/String;)V @ 8 c2
Event: 7.476 Thread 0x0000028dbd40d800 DEOPT PACKING pc=0x0000028dabc52f08 sp=0x0000009b519f4c50
Event: 7.476 Thread 0x0000028dbd40d800 DEOPT UNPACKING pc=0x0000028da419a1af sp=0x0000009b519f4b68 mode 2
Event: 7.476 Thread 0x0000028dbd40d800 Uncommon trap: trap_request=0xffffff4d fr.pc=0x0000028dabc539fc relative=0x000000000000043c
Event: 7.476 Thread 0x0000028dbd40d800 Uncommon trap: reason=unstable_if action=reinterpret pc=0x0000028dabc539fc method=java.lang.AbstractStringBuilder.putStringAt(ILjava/lang/String;)V @ 8 c2
Event: 7.476 Thread 0x0000028dbd40d800 DEOPT PACKING pc=0x0000028dabc539fc sp=0x0000009b519f4c70
Event: 7.476 Thread 0x0000028dbd40d800 DEOPT UNPACKING pc=0x0000028da419a1af sp=0x0000009b519f4be0 mode 2

Classes redefined (0 events):
No events

Internal exceptions (20 events):
Event: 7.201 Thread 0x0000028dbd40d800 Exception <a 'java/security/PrivilegedActionException'{0x0000000089604188}> (0x0000000089604188) thrown at [src/hotspot/share/prims/jvm.cpp, line 1306]
Event: 7.201 Thread 0x0000028dbd40d800 Exception <a 'java/security/PrivilegedActionException'{0x0000000089607578}> (0x0000000089607578) thrown at [src/hotspot/share/prims/jvm.cpp, line 1306]
Event: 7.201 Thread 0x0000028dbd40d800 Exception <a 'java/security/PrivilegedActionException'{0x0000000089608ae0}> (0x0000000089608ae0) thrown at [src/hotspot/share/prims/jvm.cpp, line 1306]
Event: 7.242 Thread 0x0000028dbd40d800 Exception <a 'java/security/PrivilegedActionException'{0x00000000893bc798}> (0x00000000893bc798) thrown at [src/hotspot/share/prims/jvm.cpp, line 1306]
Event: 7.242 Thread 0x0000028dbd40d800 Exception <a 'java/security/PrivilegedActionException'{0x00000000893bdd00}> (0x00000000893bdd00) thrown at [src/hotspot/share/prims/jvm.cpp, line 1306]
Event: 7.242 Thread 0x0000028dbd40d800 Exception <a 'java/security/PrivilegedActionException'{0x00000000893c10f0}> (0x00000000893c10f0) thrown at [src/hotspot/share/prims/jvm.cpp, line 1306]
Event: 7.242 Thread 0x0000028dbd40d800 Exception <a 'java/security/PrivilegedActionException'{0x00000000893c2658}> (0x00000000893c2658) thrown at [src/hotspot/share/prims/jvm.cpp, line 1306]
Event: 7.242 Thread 0x0000028dbd40d800 Exception <a 'java/security/PrivilegedActionException'{0x00000000893c5b00}> (0x00000000893c5b00) thrown at [src/hotspot/share/prims/jvm.cpp, line 1306]
Event: 7.242 Thread 0x0000028dbd40d800 Exception <a 'java/security/PrivilegedActionException'{0x00000000893c7068}> (0x00000000893c7068) thrown at [src/hotspot/share/prims/jvm.cpp, line 1306]
Event: 7.242 Thread 0x0000028dbd40d800 Exception <a 'java/security/PrivilegedActionException'{0x00000000893ca460}> (0x00000000893ca460) thrown at [src/hotspot/share/prims/jvm.cpp, line 1306]
Event: 7.242 Thread 0x0000028dbd40d800 Exception <a 'java/security/PrivilegedActionException'{0x00000000893cb9c8}> (0x00000000893cb9c8) thrown at [src/hotspot/share/prims/jvm.cpp, line 1306]
Event: 7.243 Thread 0x0000028dbd40d800 Exception <a 'java/security/PrivilegedActionException'{0x00000000893cee10}> (0x00000000893cee10) thrown at [src/hotspot/share/prims/jvm.cpp, line 1306]
Event: 7.243 Thread 0x0000028dbd40d800 Exception <a 'java/security/PrivilegedActionException'{0x00000000893d0378}> (0x00000000893d0378) thrown at [src/hotspot/share/prims/jvm.cpp, line 1306]
Event: 7.243 Thread 0x0000028dbd40d800 Exception <a 'java/security/PrivilegedActionException'{0x00000000893d3820}> (0x00000000893d3820) thrown at [src/hotspot/share/prims/jvm.cpp, line 1306]
Event: 7.243 Thread 0x0000028dbd40d800 Exception <a 'java/security/PrivilegedActionException'{0x00000000893d4d88}> (0x00000000893d4d88) thrown at [src/hotspot/share/prims/jvm.cpp, line 1306]
Event: 7.371 Thread 0x0000028dbd40d800 Exception <a 'java/lang/NoSuchMethodError'{0x00000000889d0990}: 'java.lang.Object java.lang.invoke.DirectMethodHandle$Holder.invokeStatic(java.lang.Object, java.lang.Object, java.lang.Object, java.lang.Object, int)'> (0x00000000889d0990) thrown at [src/hotspot/share/interpreter/linkResolver.cpp, line 773]
Event: 7.371 Thread 0x0000028dbd40d800 Exception <a 'java/lang/NoSuchMethodError'{0x00000000889d5630}: 'java.lang.Object java.lang.invoke.DirectMethodHandle$Holder.invokeSpecial(java.lang.Object, java.lang.Object, java.lang.Object, java.lang.Object, java.lang.Object, int)'> (0x00000000889d5630) thrown at [src/hotspot/share/interpreter/linkResolver.cpp, line 773]
Event: 7.371 Thread 0x0000028dbd40d800 Exception <a 'java/lang/NoSuchMethodError'{0x00000000889d9f18}: 'java.lang.Object java.lang.invoke.Invokers$Holder.linkToTargetMethod(java.lang.Object, java.lang.Object, java.lang.Object, int, java.lang.Object)'> (0x00000000889d9f18) thrown at [src/hotspot/share/interpreter/linkResolver.cpp, line 773]
Event: 7.384 Thread 0x0000028dbd40d800 Exception <a 'java/lang/NoSuchMethodError'{0x00000000888a5b50}: 'java.lang.Object java.lang.invoke.Invokers$Holder.linkToTargetMethod(java.lang.Object, int, int, java.lang.Object)'> (0x00000000888a5b50) thrown at [src/hotspot/share/interpreter/linkResolver.cpp, line 773]
Event: 7.387 Thread 0x0000028dbd40d800 Exception <a 'java/lang/NoSuchMethodError'{0x00000000888bdda0}: 'java.lang.Object java.lang.invoke.DirectMethodHandle$Holder.invokeStatic(java.lang.Object, java.lang.Object, int, int, java.lang.Object, java.lang.Object)'> (0x00000000888bdda0) thrown at [src/hotspot/share/interpreter/linkResolver.cpp, line 773]

Events (20 events):
Event: 7.547 loading class com/google/gson/internal/bind/NumberTypeAdapter$1 done
Event: 7.548 loading class com/google/gson/Gson$4
Event: 7.548 loading class com/google/gson/Gson$4 done
Event: 7.548 loading class java/util/concurrent/atomic/AtomicLongArray
Event: 7.548 loading class java/util/concurrent/atomic/AtomicLongArray done
Event: 7.548 loading class com/google/gson/Gson$5
Event: 7.548 loading class com/google/gson/Gson$5 done
Event: 7.548 loading class com/google/gson/internal/bind/DateTypeAdapter
Event: 7.548 loading class com/google/gson/internal/bind/DateTypeAdapter done
Event: 7.548 loading class com/google/gson/internal/bind/DateTypeAdapter$1
Event: 7.548 loading class com/google/gson/internal/bind/DateTypeAdapter$1 done
Event: 7.549 loading class com/google/gson/internal/bind/ArrayTypeAdapter
Event: 7.549 loading class com/google/gson/internal/bind/ArrayTypeAdapter done
Event: 7.549 loading class com/google/gson/internal/bind/TypeAdapterRuntimeTypeWrapper
Event: 7.549 loading class com/google/gson/internal/bind/TypeAdapterRuntimeTypeWrapper done
Event: 7.549 loading class com/google/gson/internal/bind/ArrayTypeAdapter$1
Event: 7.549 loading class com/google/gson/internal/bind/ArrayTypeAdapter$1 done
Event: 7.549 loading class com/google/gson/internal/bind/CollectionTypeAdapterFactory
Event: 7.549 loading class com/google/gson/internal/bind/CollectionTypeAdapterFactory done
Event: 7.549 Executing VM operation: G1CollectForAllocation


Dynamic libraries:
0x00007ff68b790000 - 0x00007ff68b79a000 	C:\Program Files\Android\Android Studio\jbr\bin\java.exe
0x00007ffbc9530000 - 0x00007ffbc9728000 	C:\WINDOWS\SYSTEM32\ntdll.dll
0x00007ffbc86b0000 - 0x00007ffbc8772000 	C:\WINDOWS\System32\KERNEL32.DLL
0x00007ffbc6fe0000 - 0x00007ffbc72df000 	C:\WINDOWS\System32\KERNELBASE.dll
0x00007ffbc7350000 - 0x00007ffbc7450000 	C:\WINDOWS\System32\ucrtbase.dll
0x00007ffbc20b0000 - 0x00007ffbc20c7000 	C:\Program Files\Android\Android Studio\jbr\bin\jli.dll
0x00007ffbaab20000 - 0x00007ffbaab3b000 	C:\Program Files\Android\Android Studio\jbr\bin\VCRUNTIME140.dll
0x00007ffbc75c0000 - 0x00007ffbc775d000 	C:\WINDOWS\System32\USER32.dll
0x00007ffbc74e0000 - 0x00007ffbc7502000 	C:\WINDOWS\System32\win32u.dll
0x00007ffba8650000 - 0x00007ffba88ea000 	C:\WINDOWS\WinSxS\amd64_microsoft.windows.common-controls_6595b64144ccf1df_6.0.19041.4355_none_60b8b9eb71f62e16\COMCTL32.dll
0x00007ffbc89d0000 - 0x00007ffbc89fb000 	C:\WINDOWS\System32\GDI32.dll
0x00007ffbc9050000 - 0x00007ffbc90ee000 	C:\WINDOWS\System32\msvcrt.dll
0x00007ffbc6c70000 - 0x00007ffbc6d87000 	C:\WINDOWS\System32\gdi32full.dll
0x00007ffbc6f40000 - 0x00007ffbc6fdd000 	C:\WINDOWS\System32\msvcp_win.dll
0x00007ffbc91d0000 - 0x00007ffbc91ff000 	C:\WINDOWS\System32\IMM32.DLL
0x00007ffbc03e0000 - 0x00007ffbc03ec000 	C:\Program Files\Android\Android Studio\jbr\bin\vcruntime140_1.dll
0x00007ffb8df80000 - 0x00007ffb8e00d000 	C:\Program Files\Android\Android Studio\jbr\bin\msvcp140.dll
0x00007ffb62e80000 - 0x00007ffb63a3c000 	C:\Program Files\Android\Android Studio\jbr\bin\server\jvm.dll
0x00007ffbc9380000 - 0x00007ffbc9431000 	C:\WINDOWS\System32\ADVAPI32.dll
0x00007ffbc92e0000 - 0x00007ffbc937f000 	C:\WINDOWS\System32\sechost.dll
0x00007ffbc8780000 - 0x00007ffbc88a3000 	C:\WINDOWS\System32\RPCRT4.dll
0x00007ffbc7510000 - 0x00007ffbc7537000 	C:\WINDOWS\System32\bcrypt.dll
0x00007ffbc92d0000 - 0x00007ffbc92d8000 	C:\WINDOWS\System32\PSAPI.DLL
0x00007ffbc2a40000 - 0x00007ffbc2a49000 	C:\WINDOWS\SYSTEM32\WSOCK32.dll
0x00007ffbb12c0000 - 0x00007ffbb12e7000 	C:\WINDOWS\SYSTEM32\WINMM.dll
0x00007ffbc8f00000 - 0x00007ffbc8f6b000 	C:\WINDOWS\System32\WS2_32.dll
0x00007ffbbd650000 - 0x00007ffbbd65a000 	C:\WINDOWS\SYSTEM32\VERSION.dll
0x00007ffbc4c20000 - 0x00007ffbc4c32000 	C:\WINDOWS\SYSTEM32\kernel.appcore.dll
0x00007ffbb7630000 - 0x00007ffbb7640000 	C:\Program Files\Android\Android Studio\jbr\bin\verify.dll
0x00007ffbc47f0000 - 0x00007ffbc49d4000 	C:\WINDOWS\SYSTEM32\DBGHELP.DLL
0x00007ffbae000000 - 0x00007ffbae034000 	C:\WINDOWS\SYSTEM32\dbgcore.DLL
0x00007ffbc7450000 - 0x00007ffbc74d2000 	C:\WINDOWS\System32\bcryptPrimitives.dll
0x00007ffbb4280000 - 0x00007ffbb42a8000 	C:\Program Files\Android\Android Studio\jbr\bin\java.dll
0x00007ffbb4270000 - 0x00007ffbb427a000 	C:\Program Files\Android\Android Studio\jbr\bin\jimage.dll
0x00007ffbb4250000 - 0x00007ffbb4268000 	C:\Program Files\Android\Android Studio\jbr\bin\zip.dll
0x00007ffbc78a0000 - 0x00007ffbc800e000 	C:\WINDOWS\System32\SHELL32.dll
0x00007ffbc4c40000 - 0x00007ffbc53e4000 	C:\WINDOWS\SYSTEM32\windows.storage.dll
0x00007ffbc81c0000 - 0x00007ffbc8515000 	C:\WINDOWS\System32\combase.dll
0x00007ffbc65f0000 - 0x00007ffbc661f000 	C:\WINDOWS\SYSTEM32\Wldp.dll
0x00007ffbc9200000 - 0x00007ffbc92cd000 	C:\WINDOWS\System32\OLEAUT32.dll
0x00007ffbc9440000 - 0x00007ffbc94ed000 	C:\WINDOWS\System32\SHCORE.dll
0x00007ffbc9150000 - 0x00007ffbc91a5000 	C:\WINDOWS\System32\shlwapi.dll
0x00007ffbc6af0000 - 0x00007ffbc6b14000 	C:\WINDOWS\SYSTEM32\profapi.dll
0x00007ffba0ec0000 - 0x00007ffba0ed9000 	C:\Program Files\Android\Android Studio\jbr\bin\net.dll
0x00007ffbbe4f0000 - 0x00007ffbbe5fd000 	C:\WINDOWS\SYSTEM32\WINHTTP.dll
0x00007ffbc6350000 - 0x00007ffbc63ba000 	C:\WINDOWS\system32\mswsock.dll
0x00007ffba0ea0000 - 0x00007ffba0eb3000 	C:\Program Files\Android\Android Studio\jbr\bin\nio.dll
0x00007ffbb77c0000 - 0x00007ffbb77e7000 	C:\Users\HP-PC\.gradle\native\e1d6ef7f7dcc3fd88c89a11ec53ec762bb8ba0a96d01ffa2cd45eb1d1d8dd5c5\windows-amd64\native-platform.dll
0x00007ffb83480000 - 0x00007ffb835c4000 	C:\Users\HP-PC\.gradle\native\0d407fdbe67a94daf76414ababcb853783967236a71b16ec16e742cd7a986fd3\windows-amd64\native-platform-file-events.dll
0x00007ffbb35d0000 - 0x00007ffbb35da000 	C:\Program Files\Android\Android Studio\jbr\bin\management.dll
0x00007ffbb34e0000 - 0x00007ffbb34eb000 	C:\Program Files\Android\Android Studio\jbr\bin\management_ext.dll
0x00007ffbc6540000 - 0x00007ffbc6558000 	C:\WINDOWS\SYSTEM32\CRYPTSP.dll
0x00007ffbc5c00000 - 0x00007ffbc5c34000 	C:\WINDOWS\system32\rsaenh.dll
0x00007ffbc6a70000 - 0x00007ffbc6a9e000 	C:\WINDOWS\SYSTEM32\USERENV.dll
0x00007ffbc6560000 - 0x00007ffbc656c000 	C:\WINDOWS\SYSTEM32\CRYPTBASE.dll
0x00007ffbc5fe0000 - 0x00007ffbc601b000 	C:\WINDOWS\SYSTEM32\IPHLPAPI.DLL
0x00007ffbc8a00000 - 0x00007ffbc8a08000 	C:\WINDOWS\System32\NSI.dll
0x00007ffbbf2b0000 - 0x00007ffbbf2c7000 	C:\WINDOWS\SYSTEM32\dhcpcsvc6.DLL
0x00007ffbbf9c0000 - 0x00007ffbbf9dd000 	C:\WINDOWS\SYSTEM32\dhcpcsvc.DLL
0x00007ffbc6020000 - 0x00007ffbc60ea000 	C:\WINDOWS\SYSTEM32\DNSAPI.dll

dbghelp: loaded successfully - version: 4.0.5 - missing functions: none
symbol engine: initialized successfully - sym options: 0x614 - pdb path: .;C:\Program Files\Android\Android Studio\jbr\bin;C:\WINDOWS\SYSTEM32;C:\WINDOWS\WinSxS\amd64_microsoft.windows.common-controls_6595b64144ccf1df_6.0.19041.4355_none_60b8b9eb71f62e16;C:\Program Files\Android\Android Studio\jbr\bin\server;C:\Users\HP-PC\.gradle\native\e1d6ef7f7dcc3fd88c89a11ec53ec762bb8ba0a96d01ffa2cd45eb1d1d8dd5c5\windows-amd64;C:\Users\HP-PC\.gradle\native\0d407fdbe67a94daf76414ababcb853783967236a71b16ec16e742cd7a986fd3\windows-amd64

VM Arguments:
jvm_args: --add-opens=java.base/java.util=ALL-UNNAMED --add-opens=java.base/java.lang=ALL-UNNAMED --add-opens=java.base/java.lang.invoke=ALL-UNNAMED --add-opens=java.base/java.util=ALL-UNNAMED --add-opens=java.prefs/java.util.prefs=ALL-UNNAMED --add-opens=java.prefs/java.util.prefs=ALL-UNNAMED --add-opens=java.base/java.nio.charset=ALL-UNNAMED --add-opens=java.base/java.net=ALL-UNNAMED --add-opens=java.base/java.util.concurrent.atomic=ALL-UNNAMED -Xmx2048m -Dfile.encoding=UTF-8 -Duser.country=US -Duser.language=en -Duser.variant 
java_command: org.gradle.launcher.daemon.bootstrap.GradleDaemon 7.5
java_class_path (initial): C:\Users\HP-PC\.gradle\wrapper\dists\gradle-7.5-bin\f1w0cc9nuo0eivz97x2xlu9sv\gradle-7.5\lib\gradle-launcher-7.5.jar
Launcher Type: SUN_STANDARD

[Global flags]
     intx CICompilerCount                          = 4                                         {product} {ergonomic}
     uint ConcGCThreads                            = 2                                         {product} {ergonomic}
     uint G1ConcRefinementThreads                  = 8                                         {product} {ergonomic}
   size_t G1HeapRegionSize                         = 1048576                                   {product} {ergonomic}
    uintx GCDrainStackTargetSize                   = 64                                        {product} {ergonomic}
   size_t InitialHeapSize                          = 134217728                                 {product} {ergonomic}
   size_t MarkStackSize                            = 4194304                                   {product} {ergonomic}
   size_t MaxHeapSize                              = 2147483648                                {product} {command line}
   size_t MaxNewSize                               = 1287651328                                {product} {ergonomic}
   size_t MinHeapDeltaBytes                        = 1048576                                   {product} {ergonomic}
    uintx NonNMethodCodeHeapSize                   = 5836300                                {pd product} {ergonomic}
    uintx NonProfiledCodeHeapSize                  = 122910970                              {pd product} {ergonomic}
    uintx ProfiledCodeHeapSize                     = 122910970                              {pd product} {ergonomic}
    uintx ReservedCodeCacheSize                    = 251658240                              {pd product} {ergonomic}
     bool SegmentedCodeCache                       = true                                      {product} {ergonomic}
     bool UseCompressedClassPointers               = true                                 {lp64_product} {ergonomic}
     bool UseCompressedOops                        = true                                 {lp64_product} {ergonomic}
     bool UseG1GC                                  = true                                      {product} {ergonomic}
     bool UseLargePagesIndividualAllocation        = false                                  {pd product} {ergonomic}

Logging:
Log output configuration:
 #0: stdout all=warning uptime,level,tags
 #1: stderr all=off uptime,level,tags

Environment Variables:
PATH=C:\ProgramData\Oracle\Java\javapath;C:\Program Files (x86)\Common Files\Oracle\Java\javapath;C:\Windows\system32;C:\Windows;C:\Windows\System32\Wbem;C:\Windows\System32\WindowsPowerShell\v1.0\;C:\Windows\System32\OpenSSH\;C:\Program Files (x86)\NVIDIA Corporation\PhysX\Common;C:\WINDOWS\system32;C:\WINDOWS;C:\WINDOWS\System32\Wbem;C:\WINDOWS\System32\WindowsPowerShell\v1.0\;C:\WINDOWS\System32\OpenSSH\;C:\Program;C:\Program Files\Java\jdk1.8.0_151\bin;C:\Program Files\Git\cmd;C:\MinGW\bin;C:\Program Files\MySQL\MySQL Server 5.5\bin;C:\Users\HP-PC\AppData\Local\Programs\Python\Python311\Scripts\;C:\Users\HP-PC\AppData\Local\Programs\Python\Python311\;C:\Users\HP-PC\AppData\Local\Microsoft\WindowsApps;C:\IntelliJ IDEA 2021.2\bin;C:\Program Files\JetBrains\IntelliJ IDEA 2021.2\bin;C:\xampp\mysql\bin;;C:\Users\HP-PC\AppData\Local\Programs\Microsoft VS Code\bin
USERNAME=HP-PC
OS=Windows_NT
PROCESSOR_IDENTIFIER=Intel64 Family 6 Model 142 Stepping 10, GenuineIntel



---------------  S Y S T E M  ---------------

OS: Windows 10 , 64 bit Build 19041 (10.0.19041.5198)
OS uptime: 27 days 23:58 hours

CPU:total 8 (initial active 8) (4 cores per cpu, 2 threads per core) family 6 model 142 stepping 10 microcode 0xf4, cmov, cx8, fxsr, mmx, sse, sse2, sse3, ssse3, sse4.1, sse4.2, popcnt, avx, avx2, aes, clmul, erms, 3dnowpref, lzcnt, ht, tsc, tscinvbit, bmi1, bmi2, adx, fma

Memory: 4k page, system-wide physical 8094M (635M free)
TotalPageFile size 16880M (AvailPageFile size 16M)
current process WorkingSet (physical memory assigned to process): 348M, peak: 348M
current process commit charge ("private bytes"): 389M, peak: 420M

vm_info: OpenJDK 64-Bit Server VM (11.0.15+0-b2043.56-9505619) for windows-amd64 JRE (11.0.15+0-b2043.56-9505619), built on Jan 19 2023 02:48:00 by "builduser" with unknown MS VC++:1929

END.
