#
# There is insufficient memory for the Java Runtime Environment to continue.
# Native memory allocation (mmap) failed to map 56623104 bytes for Failed to commit area from 0x0000000090d00000 to 0x0000000094300000 of length 56623104.
# Possible reasons:
#   The system is out of physical RAM or swap space
#   The process is running with CompressedOops enabled, and the Java Heap may be blocking the growth of the native heap
# Possible solutions:
#   Reduce memory load on the system
#   Increase physical memory or swap space
#   Check if swap backing store is full
#   Decrease Java heap size (-Xmx/-Xms)
#   Decrease number of Java threads
#   Decrease Java thread stack sizes (-Xss)
#   Set larger code cache with -XX:ReservedCodeCacheSize=
#   JVM is running with Unscaled Compressed Oops mode in which the Java heap is
#     placed in the first 4GB address space. The Java Heap base address is the
#     maximum limit for the native heap growth. Please use -XX:HeapBaseMinAddress
#     to set the Java Heap base and to place the Java Heap above 4GB virtual address.
# This output file may be truncated or incomplete.
#
#  Out of Memory Error (src/hotspot/os/windows/os_windows.cpp:3627), pid=31420, tid=11984
#
# JRE version: OpenJDK Runtime Environment (11.0.15) (build 11.0.15+0-b2043.56-9505619)
# Java VM: OpenJDK 64-Bit Server VM (11.0.15+0-b2043.56-9505619, mixed mode, tiered, compressed oops, g1 gc, windows-amd64)
# No core dump will be written. Minidumps are not enabled by default on client versions of Windows
#

---------------  S U M M A R Y ------------

Command Line: --add-opens=java.base/java.util=ALL-UNNAMED --add-opens=java.base/java.lang=ALL-UNNAMED --add-opens=java.base/java.lang.invoke=ALL-UNNAMED --add-opens=java.base/java.util=ALL-UNNAMED --add-opens=java.prefs/java.util.prefs=ALL-UNNAMED --add-opens=java.prefs/java.util.prefs=ALL-UNNAMED --add-opens=java.base/java.nio.charset=ALL-UNNAMED --add-opens=java.base/java.net=ALL-UNNAMED --add-opens=java.base/java.util.concurrent.atomic=ALL-UNNAMED -Xmx2048m -Dfile.encoding=UTF-8 -Duser.country=US -Duser.language=en -Duser.variant org.gradle.launcher.daemon.bootstrap.GradleDaemon 7.5

Host: Intel(R) Core(TM) i5-8250U CPU @ 1.60GHz, 8 cores, 7G,  Windows 10 , 64 bit Build 19041 (10.0.19041.5198)
Time: Mon Apr 14 20:30:35 2025 India Standard Time elapsed time: 16.231775 seconds (0d 0h 0m 16s)

---------------  T H R E A D  ---------------

Current thread (0x000001826e1c0800):  VMThread "VM Thread" [stack: 0x0000006596800000,0x0000006596900000] [id=11984]

Stack: [0x0000006596800000,0x0000006596900000]
[error occurred during error reporting (printing stack bounds), id 0xc0000005, EXCEPTION_ACCESS_VIOLATION (0xc0000005) at pc=0x000001825783112d]

Native frames: (J=compiled Java code, j=interpreted, Vv=VM code, C=native code)
V  [jvm.dll+0x64135a]
V  [jvm.dll+0x7d39f9]
V  [jvm.dll+0x7d51b9]
V  [jvm.dll+0x7d5805]
V  [jvm.dll+0x7d57bb]
V  [jvm.dll+0x640655]
V  [jvm.dll+0x640d68]
C  [ntdll.dll+0xa28bf]
C  [ntdll.dll+0x52554]
C  [ntdll.dll+0xa13ce]
C  0x000001825783112d

VM_Operation (0x000000659f6fd4d0): G1CollectForAllocation, mode: safepoint, requested by thread 0x0000018273e4c800


---------------  P R O C E S S  ---------------

Threads class SMR info:
_java_thread_list=0x0000018271d860a0, length=140, elements={
0x0000018253d08800, 0x000001826e1c4000, 0x000001826e1c5000, 0x000001826eb35800,
0x000001826eb36800, 0x000001826eb39000, 0x000001826eb3d000, 0x000001826eb42800,
0x000001826e1e0000, 0x000001826ec9b000, 0x00000182704b0000, 0x0000018270fb5000,
0x000001826ed4a000, 0x0000018270d82000, 0x00000182709d3800, 0x000001826fb9a800,
0x000001826f229800, 0x0000018271144800, 0x00000182715b9800, 0x000001826fd51000,
0x000001827139d000, 0x0000018271399800, 0x0000018271397000, 0x0000018271398000,
0x000001827139a800, 0x000001827139d800, 0x000001827139c000, 0x0000018271399000,
0x000001827139b000, 0x000001826fbc9800, 0x000001826fbc3800, 0x000001826fbc8000,
0x000001826fbc8800, 0x000001826fbc5800, 0x000001826fbcc000, 0x000001826fbc6000,
0x000001826fbce800, 0x000001826fbd0000, 0x000001826fbd1800, 0x000001826fbcd800,
0x000001826fbd0800, 0x000001826fbd2800, 0x000001826fbcc800, 0x00000182723a1800,
0x00000182723a4000, 0x00000182723a3000, 0x00000182723a5000, 0x000001827239f000,
0x00000182723a5800, 0x00000182723a0800, 0x00000182723a2800, 0x00000182723a0000,
0x00000182723a9800, 0x00000182723aa800, 0x00000182723ab800, 0x00000182723ac000,
0x00000182723a6800, 0x00000182723ad000, 0x00000182723a7000, 0x00000182723ad800,
0x00000182723a8000, 0x00000182723a9000, 0x00000182703b9800, 0x00000182703b7800,
0x00000182703bb800, 0x00000182703bd800, 0x00000182703ba000, 0x00000182703bb000,
0x00000182703be000, 0x00000182703b8800, 0x00000182703c2000, 0x00000182703c0800,
0x00000182703c1800, 0x00000182703bc800, 0x00000182703c4800, 0x00000182703bf000,
0x00000182703c5800, 0x00000182703c3000, 0x00000182703c4000, 0x00000182703c0000,
0x00000182703c6800, 0x000001826f22d000, 0x000001826f22f800, 0x000001826f22e000,
0x000001826f22f000, 0x000001826f230800, 0x000001826f22b800, 0x000001826f22b000,
0x000001826f232000, 0x000001826f231800, 0x000001826f22c800, 0x000001826f234000,
0x000001826f234800, 0x000001826f238000, 0x000001826f238800, 0x000001826f237000,
0x000001826f233000, 0x000001826f235800, 0x000001826f236000, 0x000001826f239800,
0x00000182742bb800, 0x00000182742b9800, 0x00000182742b7000, 0x00000182742ba800,
0x00000182742bc000, 0x00000182742bd000, 0x00000182742bd800, 0x00000182742b8000,
0x00000182742b9000, 0x00000182742c2800, 0x00000182742c3800, 0x00000182742c2000,
0x00000182742c1000, 0x00000182742c4000, 0x00000182742be800, 0x00000182742c5000,
0x00000182742bf800, 0x00000182742c6000, 0x00000182742c0000, 0x0000018273e43800,
0x0000018273e42800, 0x0000018273e45000, 0x0000018273e46000, 0x0000018273e44800,
0x0000018273e40800, 0x0000018273e41000, 0x0000018273e47000, 0x0000018273e47800,
0x0000018273e42000, 0x0000018273e4b800, 0x0000018273e49800, 0x0000018273e4a000,
0x0000018273e4b000, 0x0000018273e4c800, 0x0000018273e4d800, 0x0000018273e4e000,
0x0000018273e4f000, 0x0000018275e35800, 0x0000018275e32000, 0x0000018275e34800
}

Java Threads: ( => current thread )
  0x0000018253d08800 JavaThread "main" [_thread_blocked, id=7112, stack(0x0000006596200000,0x0000006596300000)]
  0x000001826e1c4000 JavaThread "Reference Handler" daemon [_thread_blocked, id=31212, stack(0x0000006596900000,0x0000006596a00000)]
  0x000001826e1c5000 JavaThread "Finalizer" daemon [_thread_blocked, id=17276, stack(0x0000006596a00000,0x0000006596b00000)]
  0x000001826eb35800 JavaThread "Signal Dispatcher" daemon [_thread_blocked, id=18708, stack(0x0000006596b00000,0x0000006596c00000)]
  0x000001826eb36800 JavaThread "Attach Listener" daemon [_thread_blocked, id=5688, stack(0x0000006596c00000,0x0000006596d00000)]
  0x000001826eb39000 JavaThread "Service Thread" daemon [_thread_blocked, id=23636, stack(0x0000006596d00000,0x0000006596e00000)]
  0x000001826eb3d000 JavaThread "C2 CompilerThread0" daemon [_thread_in_native, id=32964, stack(0x0000006596e00000,0x0000006596f00000)]
  0x000001826eb42800 JavaThread "C1 CompilerThread0" daemon [_thread_blocked, id=11240, stack(0x0000006596f00000,0x0000006597000000)]
  0x000001826e1e0000 JavaThread "Sweeper thread" daemon [_thread_blocked, id=32760, stack(0x0000006597000000,0x0000006597100000)]
  0x000001826ec9b000 JavaThread "Common-Cleaner" daemon [_thread_blocked, id=20932, stack(0x0000006597100000,0x0000006597200000)]
  0x00000182704b0000 JavaThread "Daemon health stats" [_thread_blocked, id=6928, stack(0x0000006597600000,0x0000006597700000)]
  0x0000018270fb5000 JavaThread "Incoming local TCP Connector on port 65129" [_thread_in_native, id=13700, stack(0x0000006597300000,0x0000006597400000)]
  0x000001826ed4a000 JavaThread "Daemon periodic checks" [_thread_blocked, id=10988, stack(0x0000006597700000,0x0000006597800000)]
  0x0000018270d82000 JavaThread "Daemon" [_thread_blocked, id=29624, stack(0x0000006597800000,0x0000006597900000)]
  0x00000182709d3800 JavaThread "Handler for socket connection from /127.0.0.1:65129 to /127.0.0.1:65130" [_thread_in_native, id=1768, stack(0x0000006597900000,0x0000006597a00000)]
  0x000001826fb9a800 JavaThread "Cancel handler" [_thread_blocked, id=31876, stack(0x0000006597a00000,0x0000006597b00000)]
  0x000001826f229800 JavaThread "Daemon worker" [_thread_blocked, id=8772, stack(0x0000006597b00000,0x0000006597c00000)]
  0x0000018271144800 JavaThread "Asynchronous log dispatcher for DefaultDaemonConnection: socket connection from /127.0.0.1:65129 to /127.0.0.1:65130" [_thread_blocked, id=30656, stack(0x0000006597c00000,0x0000006597d00000)]
  0x00000182715b9800 JavaThread "Stdin handler" [_thread_blocked, id=21640, stack(0x0000006597d00000,0x0000006597e00000)]
  0x000001826fd51000 JavaThread "Daemon client event forwarder" [_thread_blocked, id=25028, stack(0x0000006597f00000,0x0000006598000000)]
  0x000001827139d000 JavaThread "Cache worker for journal cache (C:\Users\HP-PC\.gradle\caches\journal-1)" [_thread_blocked, id=21372, stack(0x0000006598000000,0x0000006598100000)]
  0x0000018271399800 JavaThread "File lock request listener" [_thread_in_native, id=3180, stack(0x0000006598600000,0x0000006598700000)]
  0x0000018271397000 JavaThread "Cache worker for file hash cache (C:\Users\HP-PC\.gradle\caches\7.5\fileHashes)" [_thread_blocked, id=32252, stack(0x0000006598700000,0x0000006598800000)]
  0x0000018271398000 JavaThread "File watcher server" daemon [_thread_blocked, id=27728, stack(0x0000006598900000,0x0000006598a00000)]
  0x000001827139a800 JavaThread "File watcher consumer" daemon [_thread_blocked, id=26836, stack(0x0000006598a00000,0x0000006598b00000)]
  0x000001827139d800 JavaThread "Cache worker for checksums cache (C:\Users\HP-PC\AndroidStudioProjects\TalathiAttendance-master\.gradle\7.5\checksums)" [_thread_blocked, id=9748, stack(0x0000006598b00000,0x0000006598c00000)]
  0x000001827139c000 JavaThread "Cache worker for cache directory md-rule (C:\Users\HP-PC\.gradle\caches\7.5\md-rule)" [_thread_blocked, id=22092, stack(0x0000006598c00000,0x0000006598d00000)]
  0x0000018271399000 JavaThread "Cache worker for file content cache (C:\Users\HP-PC\.gradle\caches\7.5\fileContent)" [_thread_blocked, id=12880, stack(0x0000006598d00000,0x0000006598e00000)]
  0x000001827139b000 JavaThread "Cache worker for file hash cache (C:\Users\HP-PC\AndroidStudioProjects\TalathiAttendance-master\.gradle\7.5\fileHashes)" [_thread_blocked, id=20028, stack(0x0000006598e00000,0x0000006598f00000)]
  0x000001826fbc9800 JavaThread "Cache worker for cache directory md-supplier (C:\Users\HP-PC\.gradle\caches\7.5\md-supplier)" [_thread_blocked, id=3192, stack(0x0000006598f00000,0x0000006599000000)]
  0x000001826fbc3800 JavaThread "Cache worker for execution history cache (C:\Users\HP-PC\.gradle\caches\7.5\executionHistory)" [_thread_blocked, id=17224, stack(0x0000006599000000,0x0000006599100000)]
  0x000001826fbc8000 JavaThread "jar transforms" [_thread_blocked, id=7484, stack(0x0000006599100000,0x0000006599200000)]
  0x000001826fbc8800 JavaThread "jar transforms Thread 2" [_thread_blocked, id=13968, stack(0x0000006599200000,0x0000006599300000)]
  0x000001826fbc5800 JavaThread "jar transforms Thread 3" [_thread_blocked, id=27936, stack(0x0000006599300000,0x0000006599400000)]
  0x000001826fbcc000 JavaThread "jar transforms Thread 4" [_thread_blocked, id=15732, stack(0x0000006599400000,0x0000006599500000)]
  0x000001826fbc6000 JavaThread "Cache worker for dependencies-accessors (C:\Users\HP-PC\AndroidStudioProjects\TalathiAttendance-master\.gradle\7.5\dependencies-accessors)" [_thread_blocked, id=32740, stack(0x0000006599500000,0x0000006599600000)]
  0x000001826fbce800 JavaThread "jar transforms Thread 5" [_thread_blocked, id=24524, stack(0x0000006599600000,0x0000006599700000)]
  0x000001826fbd0000 JavaThread "Cache worker for Build Output Cleanup Cache (C:\Users\HP-PC\AndroidStudioProjects\TalathiAttendance-master\.gradle\buildOutputCleanup)" [_thread_blocked, id=33168, stack(0x0000006599700000,0x0000006599800000)]
  0x000001826fbd1800 JavaThread "Unconstrained build operations" [_thread_blocked, id=9412, stack(0x0000006599800000,0x0000006599900000)]
  0x000001826fbcd800 JavaThread "Unconstrained build operations Thread 2" [_thread_blocked, id=2276, stack(0x0000006599900000,0x0000006599a00000)]
  0x000001826fbd0800 JavaThread "Unconstrained build operations Thread 3" [_thread_blocked, id=32228, stack(0x0000006599a00000,0x0000006599b00000)]
  0x000001826fbd2800 JavaThread "Unconstrained build operations Thread 4" [_thread_blocked, id=28008, stack(0x0000006599b00000,0x0000006599c00000)]
  0x000001826fbcc800 JavaThread "Unconstrained build operations Thread 5" [_thread_blocked, id=2448, stack(0x0000006599c00000,0x0000006599d00000)]
  0x00000182723a1800 JavaThread "Unconstrained build operations Thread 6" [_thread_blocked, id=16588, stack(0x0000006599d00000,0x0000006599e00000)]
  0x00000182723a4000 JavaThread "Unconstrained build operations Thread 7" [_thread_blocked, id=16300, stack(0x0000006599e00000,0x0000006599f00000)]
  0x00000182723a3000 JavaThread "Unconstrained build operations Thread 8" [_thread_blocked, id=24168, stack(0x0000006599f00000,0x000000659a000000)]
  0x00000182723a5000 JavaThread "Unconstrained build operations Thread 9" [_thread_blocked, id=11884, stack(0x000000659a000000,0x000000659a100000)]
  0x000001827239f000 JavaThread "Unconstrained build operations Thread 10" [_thread_blocked, id=4092, stack(0x000000659a100000,0x000000659a200000)]
  0x00000182723a5800 JavaThread "Unconstrained build operations Thread 11" [_thread_blocked, id=5708, stack(0x000000659a200000,0x000000659a300000)]
  0x00000182723a0800 JavaThread "Unconstrained build operations Thread 12" [_thread_blocked, id=32920, stack(0x000000659a300000,0x000000659a400000)]
  0x00000182723a2800 JavaThread "Unconstrained build operations Thread 13" [_thread_blocked, id=11624, stack(0x000000659a400000,0x000000659a500000)]
  0x00000182723a0000 JavaThread "Unconstrained build operations Thread 14" [_thread_blocked, id=31088, stack(0x000000659a500000,0x000000659a600000)]
  0x00000182723a9800 JavaThread "Unconstrained build operations Thread 15" [_thread_blocked, id=27640, stack(0x000000659a600000,0x000000659a700000)]
  0x00000182723aa800 JavaThread "Unconstrained build operations Thread 16" [_thread_blocked, id=26096, stack(0x000000659a700000,0x000000659a800000)]
  0x00000182723ab800 JavaThread "Unconstrained build operations Thread 17" [_thread_blocked, id=22160, stack(0x000000659a800000,0x000000659a900000)]
  0x00000182723ac000 JavaThread "Unconstrained build operations Thread 18" [_thread_blocked, id=20284, stack(0x000000659a900000,0x000000659aa00000)]
  0x00000182723a6800 JavaThread "Unconstrained build operations Thread 19" [_thread_blocked, id=440, stack(0x000000659aa00000,0x000000659ab00000)]
  0x00000182723ad000 JavaThread "Unconstrained build operations Thread 20" [_thread_blocked, id=26412, stack(0x000000659ab00000,0x000000659ac00000)]
  0x00000182723a7000 JavaThread "Unconstrained build operations Thread 21" [_thread_blocked, id=32492, stack(0x000000659ac00000,0x000000659ad00000)]
  0x00000182723ad800 JavaThread "Unconstrained build operations Thread 22" [_thread_blocked, id=16584, stack(0x000000659ad00000,0x000000659ae00000)]
  0x00000182723a8000 JavaThread "Unconstrained build operations Thread 23" [_thread_blocked, id=33440, stack(0x000000659ae00000,0x000000659af00000)]
  0x00000182723a9000 JavaThread "Unconstrained build operations Thread 24" [_thread_blocked, id=19620, stack(0x000000659af00000,0x000000659b000000)]
  0x00000182703b9800 JavaThread "Unconstrained build operations Thread 25" [_thread_blocked, id=14132, stack(0x000000659b000000,0x000000659b100000)]
  0x00000182703b7800 JavaThread "Unconstrained build operations Thread 26" [_thread_blocked, id=21876, stack(0x000000659b100000,0x000000659b200000)]
  0x00000182703bb800 JavaThread "Unconstrained build operations Thread 27" [_thread_blocked, id=2664, stack(0x000000659b200000,0x000000659b300000)]
  0x00000182703bd800 JavaThread "Unconstrained build operations Thread 28" [_thread_blocked, id=32204, stack(0x000000659b300000,0x000000659b400000)]
  0x00000182703ba000 JavaThread "Unconstrained build operations Thread 29" [_thread_blocked, id=26368, stack(0x000000659b400000,0x000000659b500000)]
  0x00000182703bb000 JavaThread "Unconstrained build operations Thread 30" [_thread_blocked, id=22792, stack(0x000000659b500000,0x000000659b600000)]
  0x00000182703be000 JavaThread "Unconstrained build operations Thread 31" [_thread_blocked, id=14484, stack(0x000000659b600000,0x000000659b700000)]
  0x00000182703b8800 JavaThread "Unconstrained build operations Thread 32" [_thread_blocked, id=21124, stack(0x000000659b700000,0x000000659b800000)]
  0x00000182703c2000 JavaThread "Unconstrained build operations Thread 33" [_thread_blocked, id=6824, stack(0x000000659b800000,0x000000659b900000)]
  0x00000182703c0800 JavaThread "Unconstrained build operations Thread 34" [_thread_blocked, id=9176, stack(0x000000659b900000,0x000000659ba00000)]
  0x00000182703c1800 JavaThread "Unconstrained build operations Thread 35" [_thread_blocked, id=22428, stack(0x000000659ba00000,0x000000659bb00000)]
  0x00000182703bc800 JavaThread "Unconstrained build operations Thread 36" [_thread_blocked, id=16908, stack(0x000000659bb00000,0x000000659bc00000)]
  0x00000182703c4800 JavaThread "Unconstrained build operations Thread 37" [_thread_blocked, id=14112, stack(0x000000659bc00000,0x000000659bd00000)]
  0x00000182703bf000 JavaThread "Unconstrained build operations Thread 38" [_thread_blocked, id=33556, stack(0x000000659bd00000,0x000000659be00000)]
  0x00000182703c5800 JavaThread "Unconstrained build operations Thread 39" [_thread_blocked, id=8928, stack(0x000000659be00000,0x000000659bf00000)]
  0x00000182703c3000 JavaThread "Unconstrained build operations Thread 40" [_thread_blocked, id=22296, stack(0x000000659bf00000,0x000000659c000000)]
  0x00000182703c4000 JavaThread "Unconstrained build operations Thread 41" [_thread_blocked, id=21512, stack(0x000000659c000000,0x000000659c100000)]
  0x00000182703c0000 JavaThread "Unconstrained build operations Thread 42" [_thread_blocked, id=636, stack(0x000000659c100000,0x000000659c200000)]
  0x00000182703c6800 JavaThread "Unconstrained build operations Thread 43" [_thread_blocked, id=14816, stack(0x000000659c200000,0x000000659c300000)]
  0x000001826f22d000 JavaThread "Unconstrained build operations Thread 44" [_thread_blocked, id=29900, stack(0x000000659c300000,0x000000659c400000)]
  0x000001826f22f800 JavaThread "Unconstrained build operations Thread 45" [_thread_blocked, id=13248, stack(0x000000659c400000,0x000000659c500000)]
  0x000001826f22e000 JavaThread "Unconstrained build operations Thread 46" [_thread_blocked, id=12784, stack(0x000000659c500000,0x000000659c600000)]
  0x000001826f22f000 JavaThread "Unconstrained build operations Thread 47" [_thread_blocked, id=19748, stack(0x000000659c600000,0x000000659c700000)]
  0x000001826f230800 JavaThread "Unconstrained build operations Thread 48" [_thread_blocked, id=29252, stack(0x000000659c700000,0x000000659c800000)]
  0x000001826f22b800 JavaThread "Unconstrained build operations Thread 49" [_thread_blocked, id=30844, stack(0x000000659c800000,0x000000659c900000)]
  0x000001826f22b000 JavaThread "Unconstrained build operations Thread 50" [_thread_blocked, id=21048, stack(0x000000659c900000,0x000000659ca00000)]
  0x000001826f232000 JavaThread "Unconstrained build operations Thread 51" [_thread_blocked, id=33420, stack(0x000000659ca00000,0x000000659cb00000)]
  0x000001826f231800 JavaThread "Unconstrained build operations Thread 52" [_thread_blocked, id=6892, stack(0x000000659cb00000,0x000000659cc00000)]
  0x000001826f22c800 JavaThread "Unconstrained build operations Thread 53" [_thread_blocked, id=2624, stack(0x000000659cc00000,0x000000659cd00000)]
  0x000001826f234000 JavaThread "Unconstrained build operations Thread 54" [_thread_blocked, id=19564, stack(0x000000659cd00000,0x000000659ce00000)]
  0x000001826f234800 JavaThread "Unconstrained build operations Thread 55" [_thread_blocked, id=25796, stack(0x000000659ce00000,0x000000659cf00000)]
  0x000001826f238000 JavaThread "Unconstrained build operations Thread 56" [_thread_blocked, id=15708, stack(0x000000659cf00000,0x000000659d000000)]
  0x000001826f238800 JavaThread "Unconstrained build operations Thread 57" [_thread_blocked, id=24968, stack(0x000000659d000000,0x000000659d100000)]
  0x000001826f237000 JavaThread "Unconstrained build operations Thread 58" [_thread_blocked, id=16356, stack(0x000000659d100000,0x000000659d200000)]
  0x000001826f233000 JavaThread "Unconstrained build operations Thread 59" [_thread_blocked, id=716, stack(0x000000659d200000,0x000000659d300000)]
  0x000001826f235800 JavaThread "Unconstrained build operations Thread 60" [_thread_blocked, id=21196, stack(0x000000659d300000,0x000000659d400000)]
  0x000001826f236000 JavaThread "Unconstrained build operations Thread 61" [_thread_blocked, id=28784, stack(0x000000659d400000,0x000000659d500000)]
  0x000001826f239800 JavaThread "Unconstrained build operations Thread 62" [_thread_blocked, id=32508, stack(0x000000659d500000,0x000000659d600000)]
  0x00000182742bb800 JavaThread "Unconstrained build operations Thread 63" [_thread_blocked, id=1208, stack(0x000000659d600000,0x000000659d700000)]
  0x00000182742b9800 JavaThread "Unconstrained build operations Thread 64" [_thread_blocked, id=13328, stack(0x000000659d700000,0x000000659d800000)]
  0x00000182742b7000 JavaThread "Unconstrained build operations Thread 65" [_thread_blocked, id=26800, stack(0x000000659d800000,0x000000659d900000)]
  0x00000182742ba800 JavaThread "Unconstrained build operations Thread 66" [_thread_blocked, id=27940, stack(0x000000659d900000,0x000000659da00000)]
  0x00000182742bc000 JavaThread "Unconstrained build operations Thread 67" [_thread_blocked, id=11680, stack(0x000000659da00000,0x000000659db00000)]
  0x00000182742bd000 JavaThread "Unconstrained build operations Thread 68" [_thread_blocked, id=20220, stack(0x000000659db00000,0x000000659dc00000)]
  0x00000182742bd800 JavaThread "Unconstrained build operations Thread 69" [_thread_blocked, id=12920, stack(0x000000659dc00000,0x000000659dd00000)]
  0x00000182742b8000 JavaThread "Unconstrained build operations Thread 70" [_thread_blocked, id=23240, stack(0x000000659dd00000,0x000000659de00000)]
  0x00000182742b9000 JavaThread "Unconstrained build operations Thread 71" [_thread_blocked, id=17804, stack(0x000000659de00000,0x000000659df00000)]
  0x00000182742c2800 JavaThread "Unconstrained build operations Thread 72" [_thread_blocked, id=9820, stack(0x000000659df00000,0x000000659e000000)]
  0x00000182742c3800 JavaThread "Unconstrained build operations Thread 73" [_thread_blocked, id=6684, stack(0x000000659e000000,0x000000659e100000)]
  0x00000182742c2000 JavaThread "Unconstrained build operations Thread 74" [_thread_blocked, id=31184, stack(0x000000659e100000,0x000000659e200000)]
  0x00000182742c1000 JavaThread "Unconstrained build operations Thread 75" [_thread_blocked, id=29144, stack(0x000000659e200000,0x000000659e300000)]
  0x00000182742c4000 JavaThread "Unconstrained build operations Thread 76" [_thread_blocked, id=20004, stack(0x000000659e300000,0x000000659e400000)]
  0x00000182742be800 JavaThread "Unconstrained build operations Thread 77" [_thread_blocked, id=4524, stack(0x000000659e400000,0x000000659e500000)]
  0x00000182742c5000 JavaThread "Unconstrained build operations Thread 78" [_thread_blocked, id=5436, stack(0x000000659e500000,0x000000659e600000)]
  0x00000182742bf800 JavaThread "Unconstrained build operations Thread 79" [_thread_blocked, id=23304, stack(0x000000659e600000,0x000000659e700000)]
  0x00000182742c6000 JavaThread "Unconstrained build operations Thread 80" [_thread_blocked, id=4820, stack(0x000000659e700000,0x000000659e800000)]
  0x00000182742c0000 JavaThread "jar transforms Thread 6" [_thread_blocked, id=32468, stack(0x000000659e800000,0x000000659e900000)]
  0x0000018273e43800 JavaThread "jar transforms Thread 7" [_thread_blocked, id=20376, stack(0x000000659e900000,0x000000659ea00000)]
  0x0000018273e42800 JavaThread "jar transforms Thread 8" [_thread_blocked, id=9156, stack(0x000000659ea00000,0x000000659eb00000)]
  0x0000018273e45000 JavaThread "build event listener" [_thread_blocked, id=21924, stack(0x0000006597e00000,0x0000006597f00000)]
  0x0000018273e46000 JavaThread "Memory manager" [_thread_blocked, id=8804, stack(0x000000659eb00000,0x000000659ec00000)]
  0x0000018273e44800 JavaThread "included builds" [_thread_blocked, id=15096, stack(0x000000659ec00000,0x000000659ed00000)]
  0x0000018273e40800 JavaThread "Execution worker" [_thread_blocked, id=19096, stack(0x000000659ed00000,0x000000659ee00000)]
  0x0000018273e41000 JavaThread "Execution worker Thread 2" [_thread_blocked, id=16612, stack(0x000000659ee00000,0x000000659ef00000)]
  0x0000018273e47000 JavaThread "Execution worker Thread 3" [_thread_blocked, id=21560, stack(0x000000659ef00000,0x000000659f000000)]
  0x0000018273e47800 JavaThread "Execution worker Thread 4" [_thread_blocked, id=12152, stack(0x000000659f000000,0x000000659f100000)]
  0x0000018273e42000 JavaThread "Execution worker Thread 5" [_thread_blocked, id=28952, stack(0x000000659f100000,0x000000659f200000)]
  0x0000018273e4b800 JavaThread "Execution worker Thread 6" [_thread_blocked, id=3584, stack(0x000000659f200000,0x000000659f300000)]
  0x0000018273e49800 JavaThread "Execution worker Thread 7" [_thread_blocked, id=32188, stack(0x000000659f300000,0x000000659f400000)]
  0x0000018273e4a000 JavaThread "Cache worker for execution history cache (C:\Users\HP-PC\AndroidStudioProjects\TalathiAttendance-master\.gradle\7.5\executionHistory)" [_thread_blocked, id=31656, stack(0x000000659f400000,0x000000659f500000)]
  0x0000018273e4b000 JavaThread "WorkerExecutor Queue" [_thread_blocked, id=5480, stack(0x000000659f500000,0x000000659f600000)]
  0x0000018273e4c800 JavaThread "WorkerExecutor Queue Thread 2" [_thread_blocked, id=9024, stack(0x000000659f600000,0x000000659f700000)]
  0x0000018273e4d800 JavaThread "WorkerExecutor Queue Thread 3" [_thread_blocked, id=32192, stack(0x000000659f700000,0x000000659f800000)]
  0x0000018273e4e000 JavaThread "WorkerExecutor Queue Thread 4" [_thread_blocked, id=4224, stack(0x000000659f800000,0x000000659f900000)]
  0x0000018273e4f000 JavaThread "WorkerExecutor Queue Thread 5" [_thread_blocked, id=20484, stack(0x000000659f900000,0x000000659fa00000)]
  0x0000018275e35800 JavaThread "pool-3-thread-1" [_thread_blocked, id=23560, stack(0x000000659fa00000,0x000000659fb00000)]
  0x0000018275e32000 JavaThread "stderr" [_thread_in_native, id=32844, stack(0x000000659fb00000,0x000000659fc00000)]
  0x0000018275e34800 JavaThread "stdout" [_thread_in_native, id=17720, stack(0x000000659fc00000,0x000000659fd00000)]

Other Threads:
=>0x000001826e1c0800 VMThread "VM Thread" [stack: 0x0000006596800000,0x0000006596900000] [id=11984]
  0x000001826ec9d800 WatcherThread [stack: 0x0000006597200000,0x0000006597300000] [id=15304]
  0x0000018253d22800 GCTaskThread "GC Thread#0" [stack: 0x0000006596300000,0x0000006596400000] [id=9696]
  0x000001826fe38000 GCTaskThread "GC Thread#1" [stack: 0x0000006597400000,0x0000006597500000] [id=31836]
  0x000001826fb24800 GCTaskThread "GC Thread#2" [stack: 0x0000006597500000,0x0000006597600000] [id=13124]
  0x0000018270495800 GCTaskThread "GC Thread#3" [stack: 0x0000006598100000,0x0000006598200000] [id=10728]
  0x00000182704a5000 GCTaskThread "GC Thread#4" [stack: 0x0000006598200000,0x0000006598300000] [id=16360]
  0x00000182717ef000 GCTaskThread "GC Thread#5" [stack: 0x0000006598300000,0x0000006598400000] [id=8800]
  0x0000018270a1b000 GCTaskThread "GC Thread#6" [stack: 0x0000006598400000,0x0000006598500000] [id=14280]
  0x0000018270bf2800 GCTaskThread "GC Thread#7" [stack: 0x0000006598500000,0x0000006598600000] [id=16016]
  0x0000018253d53000 ConcurrentGCThread "G1 Main Marker" [stack: 0x0000006596400000,0x0000006596500000] [id=26596]
  0x0000018253d56800 ConcurrentGCThread "G1 Conc#0" [stack: 0x0000006596500000,0x0000006596600000] [id=19788]
  0x0000018270a73800 ConcurrentGCThread "G1 Conc#1" [stack: 0x0000006598800000,0x0000006598900000] [id=6616]
  0x0000018253dde000 ConcurrentGCThread "G1 Refine#0" [stack: 0x0000006596600000,0x0000006596700000] [id=1008]
  0x000001826e00c800 ConcurrentGCThread "G1 Young RemSet Sampling" [stack: 0x0000006596700000,0x0000006596800000] [id=14304]

Threads with active compile tasks:
C2 CompilerThread0    16270 12460   !   4       org.gradle.internal.classloader.CachingClassLoader::loadClass (85 bytes)
C1 CompilerThread0    16270 12495       3       com.android.tools.r8.internal.Ju::<init> (7 bytes)

VM state:at safepoint (normal execution)

VM Mutex/Monitor currently owned by a thread:  ([mutex/lock_event])
[0x0000018253cfcea0] Threads_lock - owner thread: 0x000001826e1c0800
[0x0000018253d058b0] Heap_lock - owner thread: 0x0000018273e4c800

Heap address: 0x0000000080000000, size: 2048 MB, Compressed Oops mode: 32-bit
Narrow klass base: 0x0000000000000000, Narrow klass shift: 3
Compressed class space size: 1073741824 Address: 0x0000000100000000

Heap:
 garbage-first heap   total 330752K, used 237790K [0x0000000080000000, 0x0000000100000000)
  region size 1024K, 2 young (2048K), 2 survivors (2048K)
 Metaspace       used 100256K, capacity 102923K, committed 103384K, reserved 1138688K
  class space    used 12944K, capacity 13976K, committed 14080K, reserved 1048576K
Heap Regions: E=young(eden), S=young(survivor), O=old, HS=humongous(starts), HC=humongous(continues), CS=collection set, F=free, A=archive, TAMS=top-at-mark-start (previous, next)
|   0|0x0000000080000000, 0x0000000080100000, 0x0000000080100000|100%| O|  |TAMS 0x0000000080100000, 0x0000000080100000| Untracked 
|   1|0x0000000080100000, 0x0000000080200000, 0x0000000080200000|100%| O|  |TAMS 0x0000000080200000, 0x0000000080200000| Untracked 
|   2|0x0000000080200000, 0x0000000080300000, 0x0000000080300000|100%| O|  |TAMS 0x0000000080300000, 0x0000000080300000| Untracked 
|   3|0x0000000080300000, 0x0000000080400000, 0x0000000080400000|100%|HS|  |TAMS 0x0000000080400000, 0x0000000080400000| Complete 
|   4|0x0000000080400000, 0x0000000080500000, 0x0000000080500000|100%|HC|  |TAMS 0x0000000080500000, 0x0000000080500000| Complete 
|   5|0x0000000080500000, 0x0000000080600000, 0x0000000080600000|100%|HC|  |TAMS 0x0000000080600000, 0x0000000080600000| Complete 
|   6|0x0000000080600000, 0x0000000080700000, 0x0000000080700000|100%| O|  |TAMS 0x0000000080700000, 0x0000000080700000| Untracked 
|   7|0x0000000080700000, 0x0000000080800000, 0x0000000080800000|100%| O|  |TAMS 0x0000000080800000, 0x0000000080800000| Untracked 
|   8|0x0000000080800000, 0x0000000080900000, 0x0000000080900000|100%| O|  |TAMS 0x0000000080900000, 0x0000000080900000| Untracked 
|   9|0x0000000080900000, 0x0000000080a00000, 0x0000000080a00000|100%| O|  |TAMS 0x0000000080a00000, 0x0000000080a00000| Untracked 
|  10|0x0000000080a00000, 0x0000000080b00000, 0x0000000080b00000|100%| O|  |TAMS 0x0000000080b00000, 0x0000000080b00000| Untracked 
|  11|0x0000000080b00000, 0x0000000080c00000, 0x0000000080c00000|100%| O|  |TAMS 0x0000000080c00000, 0x0000000080c00000| Untracked 
|  12|0x0000000080c00000, 0x0000000080d00000, 0x0000000080d00000|100%| O|  |TAMS 0x0000000080d00000, 0x0000000080d00000| Untracked 
|  13|0x0000000080d00000, 0x0000000080e00000, 0x0000000080e00000|100%| O|  |TAMS 0x0000000080e00000, 0x0000000080e00000| Untracked 
|  14|0x0000000080e00000, 0x0000000080f00000, 0x0000000080f00000|100%| O|  |TAMS 0x0000000080f00000, 0x0000000080f00000| Untracked 
|  15|0x0000000080f00000, 0x0000000081000000, 0x0000000081000000|100%| O|  |TAMS 0x0000000081000000, 0x0000000081000000| Untracked 
|  16|0x0000000081000000, 0x0000000081100000, 0x0000000081100000|100%|HS|  |TAMS 0x0000000081100000, 0x0000000081100000| Complete 
|  17|0x0000000081100000, 0x0000000081200000, 0x0000000081200000|100%| O|  |TAMS 0x0000000081200000, 0x0000000081200000| Untracked 
|  18|0x0000000081200000, 0x0000000081300000, 0x0000000081300000|100%| O|  |TAMS 0x0000000081300000, 0x0000000081300000| Untracked 
|  19|0x0000000081300000, 0x0000000081400000, 0x0000000081400000|100%| O|  |TAMS 0x0000000081400000, 0x0000000081400000| Untracked 
|  20|0x0000000081400000, 0x0000000081500000, 0x0000000081500000|100%| O|  |TAMS 0x0000000081500000, 0x0000000081500000| Untracked 
|  21|0x0000000081500000, 0x0000000081600000, 0x0000000081600000|100%| O|  |TAMS 0x0000000081600000, 0x0000000081600000| Untracked 
|  22|0x0000000081600000, 0x0000000081700000, 0x0000000081700000|100%| O|  |TAMS 0x0000000081700000, 0x0000000081700000| Untracked 
|  23|0x0000000081700000, 0x0000000081800000, 0x0000000081800000|100%| O|  |TAMS 0x0000000081800000, 0x0000000081800000| Untracked 
|  24|0x0000000081800000, 0x0000000081900000, 0x0000000081900000|100%| O|  |TAMS 0x0000000081900000, 0x0000000081900000| Untracked 
|  25|0x0000000081900000, 0x0000000081a00000, 0x0000000081a00000|100%| O|  |TAMS 0x0000000081a00000, 0x0000000081a00000| Untracked 
|  26|0x0000000081a00000, 0x0000000081b00000, 0x0000000081b00000|100%| O|  |TAMS 0x0000000081b00000, 0x0000000081b00000| Untracked 
|  27|0x0000000081b00000, 0x0000000081c00000, 0x0000000081c00000|100%| O|  |TAMS 0x0000000081c00000, 0x0000000081c00000| Untracked 
|  28|0x0000000081c00000, 0x0000000081d00000, 0x0000000081d00000|100%|HS|  |TAMS 0x0000000081d00000, 0x0000000081d00000| Complete 
|  29|0x0000000081d00000, 0x0000000081e00000, 0x0000000081e00000|100%|HS|  |TAMS 0x0000000081e00000, 0x0000000081e00000| Complete 
|  30|0x0000000081e00000, 0x0000000081f00000, 0x0000000081f00000|100%|HS|  |TAMS 0x0000000081f00000, 0x0000000081f00000| Complete 
|  31|0x0000000081f00000, 0x0000000082000000, 0x0000000082000000|100%|HC|  |TAMS 0x0000000082000000, 0x0000000082000000| Complete 
|  32|0x0000000082000000, 0x0000000082100000, 0x0000000082100000|100%|HC|  |TAMS 0x0000000082100000, 0x0000000082100000| Complete 
|  33|0x0000000082100000, 0x0000000082200000, 0x0000000082200000|100%| O|  |TAMS 0x0000000082200000, 0x0000000082200000| Untracked 
|  34|0x0000000082200000, 0x0000000082300000, 0x0000000082300000|100%| O|  |TAMS 0x0000000082300000, 0x0000000082300000| Untracked 
|  35|0x0000000082300000, 0x0000000082400000, 0x0000000082400000|100%| O|  |TAMS 0x0000000082400000, 0x0000000082400000| Untracked 
|  36|0x0000000082400000, 0x0000000082500000, 0x0000000082500000|100%| O|  |TAMS 0x0000000082500000, 0x0000000082500000| Untracked 
|  37|0x0000000082500000, 0x0000000082600000, 0x0000000082600000|100%| O|  |TAMS 0x0000000082600000, 0x0000000082600000| Untracked 
|  38|0x0000000082600000, 0x0000000082700000, 0x0000000082700000|100%| O|  |TAMS 0x0000000082700000, 0x0000000082700000| Untracked 
|  39|0x0000000082700000, 0x0000000082800000, 0x0000000082800000|100%| O|  |TAMS 0x0000000082800000, 0x0000000082800000| Untracked 
|  40|0x0000000082800000, 0x0000000082900000, 0x0000000082900000|100%| O|  |TAMS 0x0000000082900000, 0x0000000082900000| Untracked 
|  41|0x0000000082900000, 0x0000000082a00000, 0x0000000082a00000|100%| O|  |TAMS 0x0000000082a00000, 0x0000000082a00000| Untracked 
|  42|0x0000000082a00000, 0x0000000082b00000, 0x0000000082b00000|100%| O|  |TAMS 0x0000000082b00000, 0x0000000082b00000| Untracked 
|  43|0x0000000082b00000, 0x0000000082c00000, 0x0000000082c00000|100%| O|  |TAMS 0x0000000082c00000, 0x0000000082c00000| Untracked 
|  44|0x0000000082c00000, 0x0000000082d00000, 0x0000000082d00000|100%| O|  |TAMS 0x0000000082d00000, 0x0000000082d00000| Untracked 
|  45|0x0000000082d00000, 0x0000000082e00000, 0x0000000082e00000|100%| O|  |TAMS 0x0000000082e00000, 0x0000000082e00000| Untracked 
|  46|0x0000000082e00000, 0x0000000082f00000, 0x0000000082f00000|100%| O|  |TAMS 0x0000000082f00000, 0x0000000082f00000| Untracked 
|  47|0x0000000082f00000, 0x0000000083000000, 0x0000000083000000|100%| O|  |TAMS 0x0000000083000000, 0x0000000083000000| Untracked 
|  48|0x0000000083000000, 0x0000000083100000, 0x0000000083100000|100%| O|  |TAMS 0x0000000083100000, 0x0000000083100000| Untracked 
|  49|0x0000000083100000, 0x0000000083200000, 0x0000000083200000|100%| O|  |TAMS 0x0000000083200000, 0x0000000083200000| Untracked 
|  50|0x0000000083200000, 0x0000000083300000, 0x0000000083300000|100%| O|  |TAMS 0x0000000083300000, 0x0000000083300000| Untracked 
|  51|0x0000000083300000, 0x0000000083400000, 0x0000000083400000|100%| O|  |TAMS 0x0000000083400000, 0x0000000083400000| Untracked 
|  52|0x0000000083400000, 0x0000000083500000, 0x0000000083500000|100%| O|  |TAMS 0x0000000083500000, 0x0000000083500000| Untracked 
|  53|0x0000000083500000, 0x0000000083600000, 0x0000000083600000|100%| O|  |TAMS 0x0000000083600000, 0x0000000083600000| Untracked 
|  54|0x0000000083600000, 0x0000000083700000, 0x0000000083700000|100%| O|  |TAMS 0x0000000083700000, 0x0000000083700000| Untracked 
|  55|0x0000000083700000, 0x0000000083800000, 0x0000000083800000|100%| O|  |TAMS 0x0000000083800000, 0x0000000083800000| Untracked 
|  56|0x0000000083800000, 0x0000000083900000, 0x0000000083900000|100%| O|  |TAMS 0x0000000083900000, 0x0000000083900000| Untracked 
|  57|0x0000000083900000, 0x0000000083a00000, 0x0000000083a00000|100%| O|  |TAMS 0x0000000083a00000, 0x0000000083a00000| Untracked 
|  58|0x0000000083a00000, 0x0000000083b00000, 0x0000000083b00000|100%| O|  |TAMS 0x0000000083b00000, 0x0000000083b00000| Untracked 
|  59|0x0000000083b00000, 0x0000000083c00000, 0x0000000083c00000|100%| O|  |TAMS 0x0000000083c00000, 0x0000000083c00000| Untracked 
|  60|0x0000000083c00000, 0x0000000083d00000, 0x0000000083d00000|100%| O|  |TAMS 0x0000000083d00000, 0x0000000083d00000| Untracked 
|  61|0x0000000083d00000, 0x0000000083e00000, 0x0000000083e00000|100%| O|  |TAMS 0x0000000083e00000, 0x0000000083e00000| Untracked 
|  62|0x0000000083e00000, 0x0000000083f00000, 0x0000000083f00000|100%| O|  |TAMS 0x0000000083f00000, 0x0000000083f00000| Untracked 
|  63|0x0000000083f00000, 0x0000000084000000, 0x0000000084000000|100%| O|  |TAMS 0x0000000084000000, 0x0000000084000000| Untracked 
|  64|0x0000000084000000, 0x0000000084100000, 0x0000000084100000|100%| O|  |TAMS 0x0000000084100000, 0x0000000084100000| Untracked 
|  65|0x0000000084100000, 0x0000000084200000, 0x0000000084200000|100%| O|  |TAMS 0x0000000084200000, 0x0000000084200000| Untracked 
|  66|0x0000000084200000, 0x0000000084300000, 0x0000000084300000|100%| O|  |TAMS 0x0000000084300000, 0x0000000084300000| Untracked 
|  67|0x0000000084300000, 0x0000000084400000, 0x0000000084400000|100%| O|  |TAMS 0x0000000084400000, 0x0000000084400000| Untracked 
|  68|0x0000000084400000, 0x0000000084500000, 0x0000000084500000|100%| O|  |TAMS 0x0000000084500000, 0x0000000084500000| Untracked 
|  69|0x0000000084500000, 0x0000000084600000, 0x0000000084600000|100%| O|  |TAMS 0x0000000084600000, 0x0000000084600000| Untracked 
|  70|0x0000000084600000, 0x0000000084700000, 0x0000000084700000|100%| O|  |TAMS 0x0000000084700000, 0x0000000084700000| Untracked 
|  71|0x0000000084700000, 0x0000000084800000, 0x0000000084800000|100%| O|  |TAMS 0x0000000084800000, 0x0000000084800000| Untracked 
|  72|0x0000000084800000, 0x0000000084900000, 0x0000000084900000|100%| O|  |TAMS 0x0000000084900000, 0x0000000084900000| Untracked 
|  73|0x0000000084900000, 0x0000000084a00000, 0x0000000084a00000|100%| O|  |TAMS 0x0000000084a00000, 0x0000000084a00000| Untracked 
|  74|0x0000000084a00000, 0x0000000084b00000, 0x0000000084b00000|100%| O|  |TAMS 0x0000000084b00000, 0x0000000084b00000| Untracked 
|  75|0x0000000084b00000, 0x0000000084c00000, 0x0000000084c00000|100%| O|  |TAMS 0x0000000084c00000, 0x0000000084c00000| Untracked 
|  76|0x0000000084c00000, 0x0000000084d00000, 0x0000000084d00000|100%| O|  |TAMS 0x0000000084d00000, 0x0000000084d00000| Untracked 
|  77|0x0000000084d00000, 0x0000000084e00000, 0x0000000084e00000|100%| O|  |TAMS 0x0000000084e00000, 0x0000000084e00000| Untracked 
|  78|0x0000000084e00000, 0x0000000084f00000, 0x0000000084f00000|100%| O|  |TAMS 0x0000000084f00000, 0x0000000084f00000| Untracked 
|  79|0x0000000084f00000, 0x0000000085000000, 0x0000000085000000|100%| O|  |TAMS 0x0000000085000000, 0x0000000085000000| Untracked 
|  80|0x0000000085000000, 0x0000000085100000, 0x0000000085100000|100%| O|  |TAMS 0x0000000085100000, 0x0000000085100000| Untracked 
|  81|0x0000000085100000, 0x0000000085200000, 0x0000000085200000|100%| O|  |TAMS 0x0000000085200000, 0x0000000085200000| Untracked 
|  82|0x0000000085200000, 0x0000000085300000, 0x0000000085300000|100%| O|  |TAMS 0x0000000085300000, 0x0000000085300000| Untracked 
|  83|0x0000000085300000, 0x0000000085400000, 0x0000000085400000|100%| O|  |TAMS 0x0000000085400000, 0x0000000085400000| Untracked 
|  84|0x0000000085400000, 0x0000000085500000, 0x0000000085500000|100%| O|  |TAMS 0x0000000085500000, 0x0000000085500000| Untracked 
|  85|0x0000000085500000, 0x0000000085600000, 0x0000000085600000|100%| O|  |TAMS 0x0000000085600000, 0x0000000085600000| Untracked 
|  86|0x0000000085600000, 0x0000000085700000, 0x0000000085700000|100%| O|  |TAMS 0x0000000085700000, 0x0000000085700000| Untracked 
|  87|0x0000000085700000, 0x0000000085800000, 0x0000000085800000|100%| O|  |TAMS 0x0000000085800000, 0x0000000085800000| Untracked 
|  88|0x0000000085800000, 0x0000000085900000, 0x0000000085900000|100%| O|  |TAMS 0x0000000085900000, 0x0000000085900000| Untracked 
|  89|0x0000000085900000, 0x0000000085a00000, 0x0000000085a00000|100%| O|  |TAMS 0x0000000085a00000, 0x0000000085a00000| Untracked 
|  90|0x0000000085a00000, 0x0000000085b00000, 0x0000000085b00000|100%| O|  |TAMS 0x0000000085b00000, 0x0000000085b00000| Untracked 
|  91|0x0000000085b00000, 0x0000000085c00000, 0x0000000085c00000|100%| O|  |TAMS 0x0000000085c00000, 0x0000000085c00000| Untracked 
|  92|0x0000000085c00000, 0x0000000085d00000, 0x0000000085d00000|100%| O|  |TAMS 0x0000000085d00000, 0x0000000085d00000| Untracked 
|  93|0x0000000085d00000, 0x0000000085e00000, 0x0000000085e00000|100%| O|  |TAMS 0x0000000085e00000, 0x0000000085e00000| Untracked 
|  94|0x0000000085e00000, 0x0000000085f00000, 0x0000000085f00000|100%| O|  |TAMS 0x0000000085f00000, 0x0000000085f00000| Untracked 
|  95|0x0000000085f00000, 0x0000000086000000, 0x0000000086000000|100%| O|  |TAMS 0x0000000085f00000, 0x0000000086000000| Untracked 
|  96|0x0000000086000000, 0x0000000086100000, 0x0000000086100000|100%| O|  |TAMS 0x0000000086100000, 0x0000000086100000| Untracked 
|  97|0x0000000086100000, 0x0000000086200000, 0x0000000086200000|100%| O|  |TAMS 0x0000000086200000, 0x0000000086200000| Untracked 
|  98|0x0000000086200000, 0x0000000086300000, 0x0000000086300000|100%| O|  |TAMS 0x0000000086300000, 0x0000000086300000| Untracked 
|  99|0x0000000086300000, 0x0000000086400000, 0x0000000086400000|100%| O|  |TAMS 0x0000000086400000, 0x0000000086400000| Untracked 
| 100|0x0000000086400000, 0x0000000086500000, 0x0000000086500000|100%| O|  |TAMS 0x0000000086500000, 0x0000000086500000| Untracked 
| 101|0x0000000086500000, 0x0000000086600000, 0x0000000086600000|100%| O|  |TAMS 0x0000000086600000, 0x0000000086600000| Untracked 
| 102|0x0000000086600000, 0x0000000086700000, 0x0000000086700000|100%| O|  |TAMS 0x0000000086700000, 0x0000000086700000| Untracked 
| 103|0x0000000086700000, 0x0000000086800000, 0x0000000086800000|100%| O|  |TAMS 0x0000000086800000, 0x0000000086800000| Untracked 
| 104|0x0000000086800000, 0x0000000086900000, 0x0000000086900000|100%| O|  |TAMS 0x0000000086900000, 0x0000000086900000| Untracked 
| 105|0x0000000086900000, 0x0000000086a00000, 0x0000000086a00000|100%| O|  |TAMS 0x0000000086a00000, 0x0000000086a00000| Untracked 
| 106|0x0000000086a00000, 0x0000000086b00000, 0x0000000086b00000|100%| O|  |TAMS 0x0000000086b00000, 0x0000000086b00000| Untracked 
| 107|0x0000000086b00000, 0x0000000086c00000, 0x0000000086c00000|100%| O|  |TAMS 0x0000000086c00000, 0x0000000086c00000| Untracked 
| 108|0x0000000086c00000, 0x0000000086d00000, 0x0000000086d00000|100%| O|  |TAMS 0x0000000086cbde00, 0x0000000086d00000| Untracked 
| 109|0x0000000086d00000, 0x0000000086e00000, 0x0000000086e00000|100%|HS|  |TAMS 0x0000000086e00000, 0x0000000086e00000| Complete 
| 110|0x0000000086e00000, 0x0000000086f00000, 0x0000000086f00000|100%|HC|  |TAMS 0x0000000086f00000, 0x0000000086f00000| Complete 
| 111|0x0000000086f00000, 0x0000000087000000, 0x0000000087000000|100%|HC|  |TAMS 0x0000000087000000, 0x0000000087000000| Complete 
| 112|0x0000000087000000, 0x0000000087100000, 0x0000000087100000|100%|HS|  |TAMS 0x0000000087100000, 0x0000000087100000| Complete 
| 113|0x0000000087100000, 0x0000000087200000, 0x0000000087200000|100%|HC|  |TAMS 0x0000000087200000, 0x0000000087200000| Complete 
| 114|0x0000000087200000, 0x0000000087300000, 0x0000000087300000|100%|HC|  |TAMS 0x0000000087300000, 0x0000000087300000| Complete 
| 115|0x0000000087300000, 0x0000000087400000, 0x0000000087400000|100%|HS|  |TAMS 0x0000000087400000, 0x0000000087400000| Complete 
| 116|0x0000000087400000, 0x0000000087500000, 0x0000000087500000|100%|HS|  |TAMS 0x0000000087500000, 0x0000000087500000| Complete 
| 117|0x0000000087500000, 0x0000000087600000, 0x0000000087600000|100%|HC|  |TAMS 0x0000000087600000, 0x0000000087600000| Complete 
| 118|0x0000000087600000, 0x0000000087700000, 0x0000000087700000|100%|HS|  |TAMS 0x0000000087700000, 0x0000000087700000| Complete 
| 119|0x0000000087700000, 0x0000000087800000, 0x0000000087800000|100%|HC|  |TAMS 0x0000000087800000, 0x0000000087800000| Complete 
| 120|0x0000000087800000, 0x0000000087900000, 0x0000000087900000|100%|HC|  |TAMS 0x0000000087900000, 0x0000000087900000| Complete 
| 121|0x0000000087900000, 0x0000000087a00000, 0x0000000087a00000|100%|HC|  |TAMS 0x0000000087a00000, 0x0000000087a00000| Complete 
| 122|0x0000000087a00000, 0x0000000087b00000, 0x0000000087b00000|100%|HC|  |TAMS 0x0000000087b00000, 0x0000000087b00000| Complete 
| 123|0x0000000087b00000, 0x0000000087c00000, 0x0000000087c00000|100%|HC|  |TAMS 0x0000000087c00000, 0x0000000087c00000| Complete 
| 124|0x0000000087c00000, 0x0000000087d00000, 0x0000000087d00000|100%|HC|  |TAMS 0x0000000087d00000, 0x0000000087d00000| Complete 
| 125|0x0000000087d00000, 0x0000000087e00000, 0x0000000087e00000|100%|HC|  |TAMS 0x0000000087e00000, 0x0000000087e00000| Complete 
| 126|0x0000000087e00000, 0x0000000087f00000, 0x0000000087f00000|100%|HC|  |TAMS 0x0000000087f00000, 0x0000000087f00000| Complete 
| 127|0x0000000087f00000, 0x0000000088000000, 0x0000000088000000|100%|HC|  |TAMS 0x0000000088000000, 0x0000000088000000| Complete 
| 128|0x0000000088000000, 0x0000000088100000, 0x0000000088100000|100%|HC|  |TAMS 0x0000000088100000, 0x0000000088100000| Complete 
| 129|0x0000000088100000, 0x0000000088200000, 0x0000000088200000|100%|HC|  |TAMS 0x0000000088200000, 0x0000000088200000| Complete 
| 130|0x0000000088200000, 0x0000000088300000, 0x0000000088300000|100%|HC|  |TAMS 0x0000000088300000, 0x0000000088300000| Complete 
| 131|0x0000000088300000, 0x0000000088400000, 0x0000000088400000|100%|HC|  |TAMS 0x0000000088400000, 0x0000000088400000| Complete 
| 132|0x0000000088400000, 0x0000000088500000, 0x0000000088500000|100%|HC|  |TAMS 0x0000000088500000, 0x0000000088500000| Complete 
| 133|0x0000000088500000, 0x0000000088600000, 0x0000000088600000|100%|HC|  |TAMS 0x0000000088600000, 0x0000000088600000| Complete 
| 134|0x0000000088600000, 0x0000000088700000, 0x0000000088700000|100%|HC|  |TAMS 0x0000000088700000, 0x0000000088700000| Complete 
| 135|0x0000000088700000, 0x0000000088800000, 0x0000000088800000|100%|HC|  |TAMS 0x0000000088800000, 0x0000000088800000| Complete 
| 136|0x0000000088800000, 0x0000000088900000, 0x0000000088900000|100%|HC|  |TAMS 0x0000000088900000, 0x0000000088900000| Complete 
| 137|0x0000000088900000, 0x0000000088a00000, 0x0000000088a00000|100%|HC|  |TAMS 0x0000000088a00000, 0x0000000088a00000| Complete 
| 138|0x0000000088a00000, 0x0000000088b00000, 0x0000000088b00000|100%|HC|  |TAMS 0x0000000088b00000, 0x0000000088b00000| Complete 
| 139|0x0000000088b00000, 0x0000000088c00000, 0x0000000088c00000|100%|HC|  |TAMS 0x0000000088c00000, 0x0000000088c00000| Complete 
| 140|0x0000000088c00000, 0x0000000088d00000, 0x0000000088d00000|100%|HC|  |TAMS 0x0000000088d00000, 0x0000000088d00000| Complete 
| 141|0x0000000088d00000, 0x0000000088e00000, 0x0000000088e00000|100%|HC|  |TAMS 0x0000000088e00000, 0x0000000088e00000| Complete 
| 142|0x0000000088e00000, 0x0000000088f00000, 0x0000000088f00000|100%|HC|  |TAMS 0x0000000088f00000, 0x0000000088f00000| Complete 
| 143|0x0000000088f00000, 0x0000000089000000, 0x0000000089000000|100%|HC|  |TAMS 0x0000000089000000, 0x0000000089000000| Complete 
| 144|0x0000000089000000, 0x0000000089100000, 0x0000000089100000|100%|HC|  |TAMS 0x0000000089100000, 0x0000000089100000| Complete 
| 145|0x0000000089100000, 0x0000000089200000, 0x0000000089200000|100%|HC|  |TAMS 0x0000000089200000, 0x0000000089200000| Complete 
| 146|0x0000000089200000, 0x0000000089300000, 0x0000000089300000|100%|HS|  |TAMS 0x0000000089200000, 0x0000000089300000| Complete 
| 147|0x0000000089300000, 0x0000000089400000, 0x0000000089400000|100%|HS|  |TAMS 0x0000000089300000, 0x0000000089400000| Complete 
| 148|0x0000000089400000, 0x0000000089500000, 0x0000000089500000|100%|HS|  |TAMS 0x0000000089400000, 0x0000000089500000| Complete 
| 149|0x0000000089500000, 0x0000000089600000, 0x0000000089600000|100%|HS|  |TAMS 0x0000000089500000, 0x0000000089600000| Complete 
| 150|0x0000000089600000, 0x0000000089700000, 0x0000000089700000|100%|HC|  |TAMS 0x0000000089600000, 0x0000000089700000| Complete 
| 151|0x0000000089700000, 0x0000000089800000, 0x0000000089800000|100%|HS|  |TAMS 0x0000000089700000, 0x0000000089800000| Complete 
| 152|0x0000000089800000, 0x0000000089900000, 0x0000000089900000|100%|HC|  |TAMS 0x0000000089800000, 0x0000000089900000| Complete 
| 153|0x0000000089900000, 0x0000000089a00000, 0x0000000089a00000|100%|HS|  |TAMS 0x0000000089900000, 0x0000000089a00000| Complete 
| 154|0x0000000089a00000, 0x0000000089b00000, 0x0000000089b00000|100%|HC|  |TAMS 0x0000000089a00000, 0x0000000089b00000| Complete 
| 155|0x0000000089b00000, 0x0000000089c00000, 0x0000000089c00000|100%|HC|  |TAMS 0x0000000089b00000, 0x0000000089c00000| Complete 
| 156|0x0000000089c00000, 0x0000000089d00000, 0x0000000089d00000|100%|HS|  |TAMS 0x0000000089c00000, 0x0000000089d00000| Complete 
| 157|0x0000000089d00000, 0x0000000089e00000, 0x0000000089e00000|100%|HC|  |TAMS 0x0000000089d00000, 0x0000000089e00000| Complete 
| 158|0x0000000089e00000, 0x0000000089f00000, 0x0000000089f00000|100%|HS|  |TAMS 0x0000000089e00000, 0x0000000089f00000| Complete 
| 159|0x0000000089f00000, 0x000000008a000000, 0x000000008a000000|100%|HS|  |TAMS 0x0000000089f00000, 0x000000008a000000| Complete 
| 160|0x000000008a000000, 0x000000008a100000, 0x000000008a100000|100%|HC|  |TAMS 0x000000008a000000, 0x000000008a100000| Complete 
| 161|0x000000008a100000, 0x000000008a200000, 0x000000008a200000|100%|HC|  |TAMS 0x000000008a100000, 0x000000008a200000| Complete 
| 162|0x000000008a200000, 0x000000008a300000, 0x000000008a300000|100%| O|  |TAMS 0x000000008a200000, 0x000000008a300000| Untracked 
| 163|0x000000008a300000, 0x000000008a400000, 0x000000008a400000|100%| O|  |TAMS 0x000000008a300000, 0x000000008a400000| Untracked 
| 164|0x000000008a400000, 0x000000008a500000, 0x000000008a500000|100%| O|  |TAMS 0x000000008a400000, 0x000000008a500000| Untracked 
| 165|0x000000008a500000, 0x000000008a600000, 0x000000008a600000|100%| O|  |TAMS 0x000000008a500000, 0x000000008a600000| Untracked 
| 166|0x000000008a600000, 0x000000008a700000, 0x000000008a700000|100%| O|  |TAMS 0x000000008a600000, 0x000000008a700000| Untracked 
| 167|0x000000008a700000, 0x000000008a800000, 0x000000008a800000|100%| O|  |TAMS 0x000000008a700000, 0x000000008a800000| Untracked 
| 168|0x000000008a800000, 0x000000008a900000, 0x000000008a900000|100%| O|  |TAMS 0x000000008a800000, 0x000000008a900000| Untracked 
| 169|0x000000008a900000, 0x000000008aa00000, 0x000000008aa00000|100%| O|  |TAMS 0x000000008a900000, 0x000000008aa00000| Untracked 
| 170|0x000000008aa00000, 0x000000008aa00000, 0x000000008ab00000|  0%| F|  |TAMS 0x000000008aa00000, 0x000000008aa00000| Untracked 
| 171|0x000000008ab00000, 0x000000008ac00000, 0x000000008ac00000|100%|HS|  |TAMS 0x000000008ab00000, 0x000000008ab00000| Complete 
| 172|0x000000008ac00000, 0x000000008ad00000, 0x000000008ad00000|100%|HS|  |TAMS 0x000000008ac00000, 0x000000008ac00000| Complete 
| 173|0x000000008ad00000, 0x000000008ad00000, 0x000000008ae00000|  0%| F|  |TAMS 0x000000008ad00000, 0x000000008ad00000| Untracked 
| 174|0x000000008ae00000, 0x000000008ae00000, 0x000000008af00000|  0%| F|  |TAMS 0x000000008ae00000, 0x000000008ae00000| Untracked 
| 175|0x000000008af00000, 0x000000008b000000, 0x000000008b000000|100%|HS|  |TAMS 0x000000008af00000, 0x000000008af00000| Complete 
| 176|0x000000008b000000, 0x000000008b100000, 0x000000008b100000|100%|HC|  |TAMS 0x000000008b000000, 0x000000008b000000| Complete 
| 177|0x000000008b100000, 0x000000008b200000, 0x000000008b200000|100%| O|  |TAMS 0x000000008b100000, 0x000000008b200000| Untracked 
| 178|0x000000008b200000, 0x000000008b300000, 0x000000008b300000|100%| O|  |TAMS 0x000000008b200000, 0x000000008b300000| Untracked 
| 179|0x000000008b300000, 0x000000008b400000, 0x000000008b400000|100%| O|  |TAMS 0x000000008b300000, 0x000000008b400000| Untracked 
| 180|0x000000008b400000, 0x000000008b500000, 0x000000008b500000|100%|HS|  |TAMS 0x000000008b400000, 0x000000008b500000| Complete 
| 181|0x000000008b500000, 0x000000008b600000, 0x000000008b600000|100%|HC|  |TAMS 0x000000008b500000, 0x000000008b600000| Complete 
| 182|0x000000008b600000, 0x000000008b700000, 0x000000008b700000|100%|HC|  |TAMS 0x000000008b600000, 0x000000008b700000| Complete 
| 183|0x000000008b700000, 0x000000008b700000, 0x000000008b800000|  0%| F|  |TAMS 0x000000008b700000, 0x000000008b700000| Untracked 
| 184|0x000000008b800000, 0x000000008b800000, 0x000000008b900000|  0%| F|  |TAMS 0x000000008b800000, 0x000000008b800000| Untracked 
| 185|0x000000008b900000, 0x000000008ba00000, 0x000000008ba00000|100%|HS|  |TAMS 0x000000008b900000, 0x000000008b900000| Complete 
| 186|0x000000008ba00000, 0x000000008bb00000, 0x000000008bb00000|100%|HC|  |TAMS 0x000000008ba00000, 0x000000008ba00000| Complete 
| 187|0x000000008bb00000, 0x000000008bb00000, 0x000000008bc00000|  0%| F|  |TAMS 0x000000008bb00000, 0x000000008bb00000| Untracked 
| 188|0x000000008bc00000, 0x000000008bc00000, 0x000000008bd00000|  0%| F|  |TAMS 0x000000008bc00000, 0x000000008bc00000| Untracked 
| 189|0x000000008bd00000, 0x000000008be00000, 0x000000008be00000|100%|HS|  |TAMS 0x000000008bd00000, 0x000000008bd00000| Complete 
| 190|0x000000008be00000, 0x000000008bf00000, 0x000000008bf00000|100%|HC|  |TAMS 0x000000008be00000, 0x000000008be00000| Complete 
| 191|0x000000008bf00000, 0x000000008bf00000, 0x000000008c000000|  0%| F|  |TAMS 0x000000008bf00000, 0x000000008bf00000| Untracked 
| 192|0x000000008c000000, 0x000000008c000000, 0x000000008c100000|  0%| F|  |TAMS 0x000000008c000000, 0x000000008c000000| Untracked 
| 193|0x000000008c100000, 0x000000008c100000, 0x000000008c200000|  0%| F|  |TAMS 0x000000008c100000, 0x000000008c100000| Untracked 
| 194|0x000000008c200000, 0x000000008c300000, 0x000000008c300000|100%|HS|  |TAMS 0x000000008c200000, 0x000000008c300000| Complete 
| 195|0x000000008c300000, 0x000000008c400000, 0x000000008c400000|100%|HC|  |TAMS 0x000000008c300000, 0x000000008c400000| Complete 
| 196|0x000000008c400000, 0x000000008c500000, 0x000000008c500000|100%|HC|  |TAMS 0x000000008c400000, 0x000000008c500000| Complete 
| 197|0x000000008c500000, 0x000000008c600000, 0x000000008c600000|100%| O|  |TAMS 0x000000008c500000, 0x000000008c600000| Untracked 
| 198|0x000000008c600000, 0x000000008c700000, 0x000000008c700000|100%| O|  |TAMS 0x000000008c600000, 0x000000008c700000| Untracked 
| 199|0x000000008c700000, 0x000000008c800000, 0x000000008c800000|100%| O|  |TAMS 0x000000008c700000, 0x000000008c800000| Untracked 
| 200|0x000000008c800000, 0x000000008c900000, 0x000000008c900000|100%| O|  |TAMS 0x000000008c800000, 0x000000008c900000| Untracked 
| 201|0x000000008c900000, 0x000000008ca00000, 0x000000008ca00000|100%| O|  |TAMS 0x000000008c900000, 0x000000008ca00000| Untracked 
| 202|0x000000008ca00000, 0x000000008cb00000, 0x000000008cb00000|100%| O|  |TAMS 0x000000008ca00000, 0x000000008cb00000| Untracked 
| 203|0x000000008cb00000, 0x000000008cb00000, 0x000000008cc00000|  0%| F|  |TAMS 0x000000008cb00000, 0x000000008cb00000| Untracked 
| 204|0x000000008cc00000, 0x000000008cc00000, 0x000000008cd00000|  0%| F|  |TAMS 0x000000008cc00000, 0x000000008cc00000| Untracked 
| 205|0x000000008cd00000, 0x000000008cd00000, 0x000000008ce00000|  0%| F|  |TAMS 0x000000008cd00000, 0x000000008cd00000| Untracked 
| 206|0x000000008ce00000, 0x000000008cf00000, 0x000000008cf00000|100%|HS|  |TAMS 0x000000008ce00000, 0x000000008ce00000| Complete 
| 207|0x000000008cf00000, 0x000000008d000000, 0x000000008d000000|100%|HC|  |TAMS 0x000000008cf00000, 0x000000008cf00000| Complete 
| 208|0x000000008d000000, 0x000000008d100000, 0x000000008d100000|100%|HC|  |TAMS 0x000000008d000000, 0x000000008d000000| Complete 
| 209|0x000000008d100000, 0x000000008d200000, 0x000000008d200000|100%| O|  |TAMS 0x000000008d100000, 0x000000008d100000| Untracked 
| 210|0x000000008d200000, 0x000000008d300000, 0x000000008d300000|100%| O|  |TAMS 0x000000008d200000, 0x000000008d200000| Untracked 
| 211|0x000000008d300000, 0x000000008d400000, 0x000000008d400000|100%| O|  |TAMS 0x000000008d300000, 0x000000008d300000| Untracked 
| 212|0x000000008d400000, 0x000000008d500000, 0x000000008d500000|100%| O|  |TAMS 0x000000008d400000, 0x000000008d400000| Untracked 
| 213|0x000000008d500000, 0x000000008d600000, 0x000000008d600000|100%|HS|  |TAMS 0x000000008d500000, 0x000000008d500000| Complete 
| 214|0x000000008d600000, 0x000000008d637a00, 0x000000008d700000| 21%| O|  |TAMS 0x000000008d600000, 0x000000008d600000| Untracked 
| 215|0x000000008d700000, 0x000000008d800000, 0x000000008d800000|100%|HS|  |TAMS 0x000000008d700000, 0x000000008d700000| Complete 
| 216|0x000000008d800000, 0x000000008d800000, 0x000000008d900000|  0%| F|  |TAMS 0x000000008d800000, 0x000000008d800000| Untracked 
| 217|0x000000008d900000, 0x000000008d900000, 0x000000008da00000|  0%| F|  |TAMS 0x000000008d900000, 0x000000008d900000| Untracked 
| 218|0x000000008da00000, 0x000000008da00000, 0x000000008db00000|  0%| F|  |TAMS 0x000000008da00000, 0x000000008da00000| Untracked 
| 219|0x000000008db00000, 0x000000008db00000, 0x000000008dc00000|  0%| F|  |TAMS 0x000000008db00000, 0x000000008db00000| Untracked 
| 220|0x000000008dc00000, 0x000000008dc00000, 0x000000008dd00000|  0%| F|  |TAMS 0x000000008dc00000, 0x000000008dc00000| Untracked 
| 221|0x000000008dd00000, 0x000000008dd00000, 0x000000008de00000|  0%| F|  |TAMS 0x000000008dd00000, 0x000000008dd00000| Untracked 
| 222|0x000000008de00000, 0x000000008de00000, 0x000000008df00000|  0%| F|  |TAMS 0x000000008de00000, 0x000000008de00000| Untracked 
| 223|0x000000008df00000, 0x000000008df00000, 0x000000008e000000|  0%| F|  |TAMS 0x000000008df00000, 0x000000008df00000| Untracked 
| 224|0x000000008e000000, 0x000000008e000000, 0x000000008e100000|  0%| F|  |TAMS 0x000000008e000000, 0x000000008e000000| Untracked 
| 225|0x000000008e100000, 0x000000008e200000, 0x000000008e200000|100%| S|CS|TAMS 0x000000008e100000, 0x000000008e100000| Complete 
| 226|0x000000008e200000, 0x000000008e300000, 0x000000008e300000|100%| S|CS|TAMS 0x000000008e200000, 0x000000008e200000| Complete 
| 227|0x000000008e300000, 0x000000008e300000, 0x000000008e400000|  0%| F|  |TAMS 0x000000008e300000, 0x000000008e300000| Untracked 
| 228|0x000000008e400000, 0x000000008e400000, 0x000000008e500000|  0%| F|  |TAMS 0x000000008e400000, 0x000000008e400000| Untracked 
| 229|0x000000008e500000, 0x000000008e500000, 0x000000008e600000|  0%| F|  |TAMS 0x000000008e500000, 0x000000008e500000| Untracked 
| 230|0x000000008e600000, 0x000000008e600000, 0x000000008e700000|  0%| F|  |TAMS 0x000000008e600000, 0x000000008e600000| Untracked 
| 231|0x000000008e700000, 0x000000008e700000, 0x000000008e800000|  0%| F|  |TAMS 0x000000008e700000, 0x000000008e700000| Untracked 
| 232|0x000000008e800000, 0x000000008e800000, 0x000000008e900000|  0%| F|  |TAMS 0x000000008e800000, 0x000000008e800000| Untracked 
| 233|0x000000008e900000, 0x000000008e900000, 0x000000008ea00000|  0%| F|  |TAMS 0x000000008e900000, 0x000000008e900000| Untracked 
| 234|0x000000008ea00000, 0x000000008ea00000, 0x000000008eb00000|  0%| F|  |TAMS 0x000000008ea00000, 0x000000008ea00000| Untracked 
| 235|0x000000008eb00000, 0x000000008eb00000, 0x000000008ec00000|  0%| F|  |TAMS 0x000000008eb00000, 0x000000008eb00000| Untracked 
| 236|0x000000008ec00000, 0x000000008ec00000, 0x000000008ed00000|  0%| F|  |TAMS 0x000000008ec00000, 0x000000008ec00000| Untracked 
| 237|0x000000008ed00000, 0x000000008ed00000, 0x000000008ee00000|  0%| F|  |TAMS 0x000000008ed00000, 0x000000008ed00000| Untracked 
| 238|0x000000008ee00000, 0x000000008ee00000, 0x000000008ef00000|  0%| F|  |TAMS 0x000000008ee00000, 0x000000008ee00000| Untracked 
| 239|0x000000008ef00000, 0x000000008f000000, 0x000000008f000000|100%|HS|  |TAMS 0x000000008ef00000, 0x000000008ef00000| Complete 
| 240|0x000000008f000000, 0x000000008f100000, 0x000000008f100000|100%|HC|  |TAMS 0x000000008f000000, 0x000000008f000000| Complete 
| 241|0x000000008f100000, 0x000000008f200000, 0x000000008f200000|100%|HC|  |TAMS 0x000000008f100000, 0x000000008f100000| Complete 
| 242|0x000000008f200000, 0x000000008f300000, 0x000000008f300000|100%|HC|  |TAMS 0x000000008f200000, 0x000000008f200000| Complete 
| 243|0x000000008f300000, 0x000000008f400000, 0x000000008f400000|100%|HC|  |TAMS 0x000000008f300000, 0x000000008f300000| Complete 
| 244|0x000000008f400000, 0x000000008f500000, 0x000000008f500000|100%|HC|  |TAMS 0x000000008f400000, 0x000000008f400000| Complete 
| 245|0x000000008f500000, 0x000000008f600000, 0x000000008f600000|100%|HC|  |TAMS 0x000000008f500000, 0x000000008f500000| Complete 
| 246|0x000000008f600000, 0x000000008f700000, 0x000000008f700000|100%|HC|  |TAMS 0x000000008f600000, 0x000000008f600000| Complete 
| 247|0x000000008f700000, 0x000000008f800000, 0x000000008f800000|100%|HC|  |TAMS 0x000000008f700000, 0x000000008f700000| Complete 
| 248|0x000000008f800000, 0x000000008f900000, 0x000000008f900000|100%|HC|  |TAMS 0x000000008f800000, 0x000000008f800000| Complete 
| 249|0x000000008f900000, 0x000000008fa00000, 0x000000008fa00000|100%|HC|  |TAMS 0x000000008f900000, 0x000000008f900000| Complete 
| 250|0x000000008fa00000, 0x000000008fb00000, 0x000000008fb00000|100%|HC|  |TAMS 0x000000008fa00000, 0x000000008fa00000| Complete 
| 251|0x000000008fb00000, 0x000000008fc00000, 0x000000008fc00000|100%|HC|  |TAMS 0x000000008fb00000, 0x000000008fb00000| Complete 
| 252|0x000000008fc00000, 0x000000008fd00000, 0x000000008fd00000|100%|HC|  |TAMS 0x000000008fc00000, 0x000000008fc00000| Complete 
| 253|0x000000008fd00000, 0x000000008fe00000, 0x000000008fe00000|100%|HC|  |TAMS 0x000000008fd00000, 0x000000008fd00000| Complete 
| 254|0x000000008fe00000, 0x000000008ff00000, 0x000000008ff00000|100%|HC|  |TAMS 0x000000008fe00000, 0x000000008fe00000| Complete 
| 255|0x000000008ff00000, 0x0000000090000000, 0x0000000090000000|100%|HC|  |TAMS 0x000000008ff00000, 0x000000008ff00000| Complete 
| 256|0x0000000090000000, 0x0000000090100000, 0x0000000090100000|100%|HC|  |TAMS 0x0000000090000000, 0x0000000090000000| Complete 
| 257|0x0000000090100000, 0x0000000090200000, 0x0000000090200000|100%|HC|  |TAMS 0x0000000090100000, 0x0000000090100000| Complete 
| 258|0x0000000090200000, 0x0000000090300000, 0x0000000090300000|100%|HC|  |TAMS 0x0000000090200000, 0x0000000090200000| Complete 
| 259|0x0000000090300000, 0x0000000090400000, 0x0000000090400000|100%|HC|  |TAMS 0x0000000090300000, 0x0000000090300000| Complete 
| 260|0x0000000090400000, 0x0000000090500000, 0x0000000090500000|100%|HC|  |TAMS 0x0000000090400000, 0x0000000090400000| Complete 
| 261|0x0000000090500000, 0x0000000090600000, 0x0000000090600000|100%|HC|  |TAMS 0x0000000090500000, 0x0000000090500000| Complete 
| 262|0x0000000090600000, 0x0000000090700000, 0x0000000090700000|100%|HC|  |TAMS 0x0000000090600000, 0x0000000090600000| Complete 
| 263|0x0000000090700000, 0x0000000090800000, 0x0000000090800000|100%|HC|  |TAMS 0x0000000090700000, 0x0000000090700000| Complete 
| 264|0x0000000090800000, 0x0000000090900000, 0x0000000090900000|100%|HC|  |TAMS 0x0000000090800000, 0x0000000090800000| Complete 
| 265|0x0000000090900000, 0x0000000090a00000, 0x0000000090a00000|100%|HC|  |TAMS 0x0000000090900000, 0x0000000090900000| Complete 
| 266|0x0000000090a00000, 0x0000000090b00000, 0x0000000090b00000|100%|HC|  |TAMS 0x0000000090a00000, 0x0000000090a00000| Complete 
| 267|0x0000000090b00000, 0x0000000090b00000, 0x0000000090c00000|  0%| F|  |TAMS 0x0000000090b00000, 0x0000000090b00000| Untracked 
| 268|0x0000000090c00000, 0x0000000090c00000, 0x0000000090d00000|  0%| F|  |TAMS 0x0000000090c00000, 0x0000000090c00000| Untracked 

Card table byte_map: [0x0000018266f60000,0x0000018267360000] _byte_map_base: 0x0000018266b60000

Marking Bits (Prev, Next): (CMBitMap*) 0x0000018253d4a558, (CMBitMap*) 0x0000018253d4a590
 Prev Bits: [0x0000018267760000, 0x0000018269760000)
 Next Bits: [0x0000018269760000, 0x000001826b760000)

Polling page: 0x0000018251c80000

Metaspace:

Usage:
  Non-class:     86.86 MB capacity,    85.27 MB ( 98%) used,     1.28 MB (  1%) free+waste,   319.88 KB ( <1%) overhead. 
      Class:     13.65 MB capacity,    12.64 MB ( 93%) used,   887.45 KB (  6%) free+waste,   143.81 KB (  1%) overhead. 
       Both:    100.51 MB capacity,    97.91 MB ( 97%) used,     2.15 MB (  2%) free+waste,   463.69 KB ( <1%) overhead. 

Virtual space:
  Non-class space:       88.00 MB reserved,      87.21 MB (>99%) committed 
      Class space:        1.00 GB reserved,      13.75 MB (  1%) committed 
             Both:        1.09 GB reserved,     100.96 MB (  9%) committed 

Chunk freelists:
   Non-Class:  165.00 KB
       Class:  104.00 KB
        Both:  269.00 KB

MaxMetaspaceSize: 17179869184.00 GB
CompressedClassSpaceSize: 1.00 GB
Initial GC threshold: 20.80 MB
Current GC threshold: 162.64 MB
CDS: off

CodeHeap 'non-profiled nmethods': size=120000Kb used=5419Kb max_used=5419Kb free=114580Kb
 bounds [0x000001825f300000, 0x000001825f850000, 0x0000018266830000]
CodeHeap 'profiled nmethods': size=120000Kb used=23100Kb max_used=23100Kb free=96899Kb
 bounds [0x0000018257dd0000, 0x0000018259460000, 0x000001825f300000]
CodeHeap 'non-nmethods': size=5760Kb used=2414Kb max_used=2431Kb free=3345Kb
 bounds [0x0000018257830000, 0x0000018257aa0000, 0x0000018257dd0000]
 total_blobs=13110 nmethods=12168 adapters=854
 compilation: enabled
              stopped_count=0, restarted_count=0
 full_count=0

Compilation events (20 events):
Event: 16.068 Thread 0x000001826eb42800 nmethod 12485% 0x000001825945ba90 code [0x000001825945bcc0, 0x000001825945c488]
Event: 16.069 Thread 0x000001826eb3d000 nmethod 12478 0x000001825f84a690 code [0x000001825f84a820, 0x000001825f84a938]
Event: 16.069 Thread 0x000001826eb3d000 12460   !   4       org.gradle.internal.classloader.CachingClassLoader::loadClass (85 bytes)
Event: 16.166 Thread 0x000001826eb42800 12486       3       com.android.tools.r8.dex.i::j (63 bytes)
Event: 16.167 Thread 0x000001826eb42800 nmethod 12486 0x000001825945c810 code [0x000001825945ca40, 0x000001825945d188]
Event: 16.214 Thread 0x000001826eb42800 12488       3       java.nio.HeapByteBuffer::get (15 bytes)
Event: 16.214 Thread 0x000001826eb42800 nmethod 12488 0x000001825945d510 code [0x000001825945d6e0, 0x000001825945d8b8]
Event: 16.215 Thread 0x000001826eb42800 12489       3       com.android.tools.r8.internal.jd::a (9 bytes)
Event: 16.215 Thread 0x000001826eb42800 nmethod 12489 0x000001825945da10 code [0x000001825945dbc0, 0x000001825945dd88]
Event: 16.216 Thread 0x000001826eb42800 12490       3       java.lang.Math::ceil (5 bytes)
Event: 16.216 Thread 0x000001826eb42800 nmethod 12490 0x000001825945de90 code [0x000001825945e080, 0x000001825945e208]
Event: 16.216 Thread 0x000001826eb42800 12491       3       java.lang.StrictMath::ceil (10 bytes)
Event: 16.216 Thread 0x000001826eb42800 nmethod 12491 0x000001825945e310 code [0x000001825945e500, 0x000001825945e628]
Event: 16.218 Thread 0x000001826eb42800 12493       3       java.lang.StrictMath::floorOrCeil (128 bytes)
Event: 16.219 Thread 0x000001826eb42800 nmethod 12493 0x000001825945e710 code [0x000001825945e8e0, 0x000001825945ed38]
Event: 16.219 Thread 0x000001826eb42800 12494       3       java.lang.Math::getExponent (17 bytes)
Event: 16.219 Thread 0x000001826eb42800 nmethod 12494 0x000001825945ee10 code [0x000001825945efc0, 0x000001825945f0d8]
Event: 16.219 Thread 0x000001826eb42800 12492       1       com.android.tools.r8.dex.b::a (5 bytes)
Event: 16.220 Thread 0x000001826eb42800 nmethod 12492 0x000001825f84ab10 code [0x000001825f84acc0, 0x000001825f84ad58]
Event: 16.222 Thread 0x000001826eb42800 12495       3       com.android.tools.r8.internal.Ju::<init> (7 bytes)

GC Heap History (20 events):
Event: 13.302 GC heap after
{Heap after GC invocations=26 (full 0):
 garbage-first heap   total 227328K, used 100961K [0x0000000080000000, 0x0000000100000000)
  region size 1024K, 7 young (7168K), 7 survivors (7168K)
 Metaspace       used 88434K, capacity 91123K, committed 91224K, reserved 1128448K
  class space    used 11589K, capacity 12644K, committed 12672K, reserved 1048576K
}
Event: 14.035 GC heap before
{Heap before GC invocations=26 (full 0):
 garbage-first heap   total 227328K, used 172641K [0x0000000080000000, 0x0000000100000000)
  region size 1024K, 78 young (79872K), 7 survivors (7168K)
 Metaspace       used 93172K, capacity 95926K, committed 96088K, reserved 1132544K
  class space    used 12111K, capacity 13146K, committed 13184K, reserved 1048576K
}
Event: 14.041 GC heap after
{Heap after GC invocations=27 (full 0):
 garbage-first heap   total 227328K, used 102550K [0x0000000080000000, 0x0000000100000000)
  region size 1024K, 2 young (2048K), 2 survivors (2048K)
 Metaspace       used 93172K, capacity 95926K, committed 96088K, reserved 1132544K
  class space    used 12111K, capacity 13146K, committed 13184K, reserved 1048576K
}
Event: 14.518 GC heap before
{Heap before GC invocations=27 (full 0):
 garbage-first heap   total 227328K, used 177302K [0x0000000080000000, 0x0000000100000000)
  region size 1024K, 76 young (77824K), 2 survivors (2048K)
 Metaspace       used 96138K, capacity 98916K, committed 99032K, reserved 1134592K
  class space    used 12466K, capacity 13532K, committed 13568K, reserved 1048576K
}
Event: 14.527 GC heap after
{Heap after GC invocations=28 (full 0):
 garbage-first heap   total 227328K, used 107795K [0x0000000080000000, 0x0000000100000000)
  region size 1024K, 8 young (8192K), 8 survivors (8192K)
 Metaspace       used 96138K, capacity 98916K, committed 99032K, reserved 1134592K
  class space    used 12466K, capacity 13532K, committed 13568K, reserved 1048576K
}
Event: 14.829 GC heap before
{Heap before GC invocations=28 (full 0):
 garbage-first heap   total 227328K, used 179475K [0x0000000080000000, 0x0000000100000000)
  region size 1024K, 79 young (80896K), 8 survivors (8192K)
 Metaspace       used 96500K, capacity 99248K, committed 99416K, reserved 1134592K
  class space    used 12507K, capacity 13569K, committed 13696K, reserved 1048576K
}
Event: 14.838 GC heap after
{Heap after GC invocations=29 (full 0):
 garbage-first heap   total 227328K, used 112220K [0x0000000080000000, 0x0000000100000000)
  region size 1024K, 6 young (6144K), 6 survivors (6144K)
 Metaspace       used 96500K, capacity 99248K, committed 99416K, reserved 1134592K
  class space    used 12507K, capacity 13569K, committed 13696K, reserved 1048576K
}
Event: 14.924 GC heap before
{Heap before GC invocations=29 (full 0):
 garbage-first heap   total 227328K, used 127580K [0x0000000080000000, 0x0000000100000000)
  region size 1024K, 23 young (23552K), 6 survivors (6144K)
 Metaspace       used 96727K, capacity 99549K, committed 99672K, reserved 1134592K
  class space    used 12528K, capacity 13614K, committed 13696K, reserved 1048576K
}
Event: 14.932 GC heap after
{Heap after GC invocations=30 (full 0):
 garbage-first heap   total 227328K, used 113537K [0x0000000080000000, 0x0000000100000000)
  region size 1024K, 3 young (3072K), 3 survivors (3072K)
 Metaspace       used 96727K, capacity 99549K, committed 99672K, reserved 1134592K
  class space    used 12528K, capacity 13614K, committed 13696K, reserved 1048576K
}
Event: 15.335 GC heap before
{Heap before GC invocations=31 (full 0):
 garbage-first heap   total 227328K, used 191361K [0x0000000080000000, 0x0000000100000000)
  region size 1024K, 44 young (45056K), 3 survivors (3072K)
 Metaspace       used 96504K, capacity 99114K, committed 99672K, reserved 1134592K
  class space    used 12448K, capacity 13462K, committed 13696K, reserved 1048576K
}
Event: 15.342 GC heap after
{Heap after GC invocations=32 (full 0):
 garbage-first heap   total 227328K, used 156731K [0x0000000080000000, 0x0000000100000000)
  region size 1024K, 8 young (8192K), 8 survivors (8192K)
 Metaspace       used 96504K, capacity 99114K, committed 99672K, reserved 1134592K
  class space    used 12448K, capacity 13462K, committed 13696K, reserved 1048576K
}
Event: 16.042 GC heap before
{Heap before GC invocations=33 (full 0):
 garbage-first heap   total 227328K, used 205883K [0x0000000080000000, 0x0000000100000000)
  region size 1024K, 41 young (41984K), 8 survivors (8192K)
 Metaspace       used 100247K, capacity 102923K, committed 103384K, reserved 1138688K
  class space    used 12944K, capacity 13976K, committed 14080K, reserved 1048576K
}
Event: 16.050 GC heap after
{Heap after GC invocations=34 (full 0):
 garbage-first heap   total 227328K, used 181628K [0x0000000080000000, 0x0000000100000000)
  region size 1024K, 6 young (6144K), 6 survivors (6144K)
 Metaspace       used 100247K, capacity 102923K, committed 103384K, reserved 1138688K
  class space    used 12944K, capacity 13976K, committed 14080K, reserved 1048576K
}
Event: 16.057 GC heap before
{Heap before GC invocations=34 (full 0):
 garbage-first heap   total 227328K, used 204156K [0x0000000080000000, 0x0000000100000000)
  region size 1024K, 11 young (11264K), 6 survivors (6144K)
 Metaspace       used 100250K, capacity 102923K, committed 103384K, reserved 1138688K
  class space    used 12944K, capacity 13976K, committed 14080K, reserved 1048576K
}
Event: 16.061 GC heap after
{Heap after GC invocations=35 (full 0):
 garbage-first heap   total 227328K, used 190039K [0x0000000080000000, 0x0000000100000000)
  region size 1024K, 2 young (2048K), 2 survivors (2048K)
 Metaspace       used 100250K, capacity 102923K, committed 103384K, reserved 1138688K
  class space    used 12944K, capacity 13976K, committed 14080K, reserved 1048576K
}
Event: 16.062 GC heap before
{Heap before GC invocations=35 (full 0):
 garbage-first heap   total 227328K, used 190039K [0x0000000080000000, 0x0000000100000000)
  region size 1024K, 3 young (3072K), 2 survivors (2048K)
 Metaspace       used 100250K, capacity 102923K, committed 103384K, reserved 1138688K
  class space    used 12944K, capacity 13976K, committed 14080K, reserved 1048576K
}
Event: 16.064 GC heap after
{Heap after GC invocations=36 (full 0):
 garbage-first heap   total 227328K, used 190068K [0x0000000080000000, 0x0000000100000000)
  region size 1024K, 1 young (1024K), 1 survivors (1024K)
 Metaspace       used 100250K, capacity 102923K, committed 103384K, reserved 1138688K
  class space    used 12944K, capacity 13976K, committed 14080K, reserved 1048576K
}
Event: 16.170 GC heap before
{Heap before GC invocations=36 (full 0):
 garbage-first heap   total 273408K, used 271988K [0x0000000080000000, 0x0000000100000000)
  region size 1024K, 6 young (6144K), 1 survivors (1024K)
 Metaspace       used 100252K, capacity 102923K, committed 103384K, reserved 1138688K
  class space    used 12944K, capacity 13976K, committed 14080K, reserved 1048576K
}
Event: 16.212 GC heap after
{Heap after GC invocations=37 (full 0):
 garbage-first heap   total 275456K, used 225051K [0x0000000080000000, 0x0000000100000000)
  region size 1024K, 2 young (2048K), 2 survivors (2048K)
 Metaspace       used 100252K, capacity 102923K, committed 103384K, reserved 1138688K
  class space    used 12944K, capacity 13976K, committed 14080K, reserved 1048576K
}
Event: 16.222 GC heap before
{Heap before GC invocations=37 (full 0):
 garbage-first heap   total 275456K, used 257819K [0x0000000080000000, 0x0000000100000000)
  region size 1024K, 14 young (14336K), 2 survivors (2048K)
 Metaspace       used 100256K, capacity 102923K, committed 103384K, reserved 1138688K
  class space    used 12944K, capacity 13976K, committed 14080K, reserved 1048576K
}

Deoptimization events (20 events):
Event: 15.583 Thread 0x0000018273e4e000 Uncommon trap: trap_request=0xffffff4d fr.pc=0x000001825f37fa70 relative=0x0000000000000dd0
Event: 15.583 Thread 0x0000018273e4e000 Uncommon trap: reason=unstable_if action=reinterpret pc=0x000001825f37fa70 method=java.io.BufferedReader.readLine(Z)Ljava/lang/String; @ 192 c2
Event: 15.583 Thread 0x0000018273e4e000 DEOPT PACKING pc=0x000001825f37fa70 sp=0x000000659f8fd9d0
Event: 15.583 Thread 0x0000018273e4e000 DEOPT UNPACKING pc=0x000001825787a1af sp=0x000000659f8fd988 mode 2
Event: 15.793 Thread 0x0000018273e4c800 Uncommon trap: trap_request=0xffffff4d fr.pc=0x000001825f74accc relative=0x000000000000016c
Event: 15.794 Thread 0x0000018273e4c800 Uncommon trap: reason=unstable_if action=reinterpret pc=0x000001825f74accc method=com.google.common.collect.MapMakerInternalMap$Segment.getEntry(Ljava/lang/Object;I)Lcom/google/common/collect/MapMakerInternalMap$InternalEntry; @ 63 c2
Event: 15.794 Thread 0x0000018273e4c800 DEOPT PACKING pc=0x000001825f74accc sp=0x000000659f6fac40
Event: 15.794 Thread 0x0000018273e4c800 DEOPT UNPACKING pc=0x000001825787a1af sp=0x000000659f6fabf8 mode 2
Event: 15.794 Thread 0x0000018273e4c800 Uncommon trap: trap_request=0xffffff4d fr.pc=0x000001825f82effc relative=0x000000000000149c
Event: 15.794 Thread 0x0000018273e4c800 Uncommon trap: reason=unstable_if action=reinterpret pc=0x000001825f82effc method=java.util.concurrent.ConcurrentHashMap.putVal(Ljava/lang/Object;Ljava/lang/Object;Z)Ljava/lang/Object; @ 162 c2
Event: 15.794 Thread 0x0000018273e4c800 DEOPT PACKING pc=0x000001825f82effc sp=0x000000659f6fa9f0
Event: 15.794 Thread 0x0000018273e4c800 DEOPT UNPACKING pc=0x000001825787a1af sp=0x000000659f6fa988 mode 2
Event: 15.923 Thread 0x0000018273e4c800 Uncommon trap: trap_request=0xffffff4d fr.pc=0x000001825f79422c relative=0x000000000000038c
Event: 15.924 Thread 0x0000018273e4c800 Uncommon trap: reason=unstable_if action=reinterpret pc=0x000001825f79422c method=java.util.stream.StreamOpFlag.getMask(I)I @ 1 c2
Event: 15.924 Thread 0x0000018273e4c800 DEOPT PACKING pc=0x000001825f79422c sp=0x000000659f6fd580
Event: 15.924 Thread 0x0000018273e4c800 DEOPT UNPACKING pc=0x000001825787a1af sp=0x000000659f6fd470 mode 2
Event: 16.041 Thread 0x0000018273e4c800 Uncommon trap: trap_request=0xffffff4d fr.pc=0x000001825f6c8e5c relative=0x00000000000000bc
Event: 16.041 Thread 0x0000018273e4c800 Uncommon trap: reason=unstable_if action=reinterpret pc=0x000001825f6c8e5c method=jdk.internal.misc.Unsafe.convEndian(ZS)S @ 4 c2
Event: 16.041 Thread 0x0000018273e4c800 DEOPT PACKING pc=0x000001825f6c8e5c sp=0x000000659f6fd830
Event: 16.041 Thread 0x0000018273e4c800 DEOPT UNPACKING pc=0x000001825787a1af sp=0x000000659f6fd6f0 mode 2

Classes redefined (0 events):
No events

Internal exceptions (20 events):
Event: 13.770 Thread 0x0000018273e41000 Implicit null exception at 0x000001825f645974 to 0x000001825f645f8c
Event: 13.885 Thread 0x0000018273e41000 Exception <a 'java/lang/NoSuchMethodError'{0x000000008a9dc4a8}: 'java.lang.Object java.lang.invoke.DirectMethodHandle$Holder.newInvokeSpecial(java.lang.Object, java.lang.Object, java.lang.Object, java.lang.Object)'> (0x000000008a9dc4a8) thrown at [src/hotspot/share/interpreter/linkResolver.cpp, line 773]
Event: 13.892 Thread 0x000001826fd51000 Exception <a 'java/lang/NoSuchMethodError'{0x000000008a8af440}: <clinit>> (0x000000008a8af440) thrown at [src/hotspot/share/prims/jni.cpp, line 1367]
Event: 14.610 Thread 0x0000018273e42000 Implicit null exception at 0x000001825f7f64a1 to 0x000001825f7f6a78
Event: 14.918 Thread 0x0000018273e40800 Exception <a 'java/lang/NoSuchMethodError'{0x000000008ceca7b0}: <clinit>> (0x000000008ceca7b0) thrown at [src/hotspot/share/prims/jni.cpp, line 1367]
Event: 14.918 Thread 0x0000018273e40800 Exception <a 'java/lang/NoSuchMethodError'{0x000000008cecbf50}: <clinit>> (0x000000008cecbf50) thrown at [src/hotspot/share/prims/jni.cpp, line 1367]
Event: 14.918 Thread 0x0000018273e40800 Exception <a 'java/lang/NoSuchMethodError'{0x000000008cecf438}: <clinit>> (0x000000008cecf438) thrown at [src/hotspot/share/prims/jni.cpp, line 1367]
Event: 14.919 Thread 0x0000018273e40800 Exception <a 'java/lang/NoSuchMethodError'{0x000000008cee6838}: <clinit>> (0x000000008cee6838) thrown at [src/hotspot/share/prims/jni.cpp, line 1367]
Event: 14.919 Thread 0x0000018273e40800 Exception <a 'java/lang/NoSuchMethodError'{0x000000008cee7a70}: <clinit>> (0x000000008cee7a70) thrown at [src/hotspot/share/prims/jni.cpp, line 1367]
Event: 15.531 Thread 0x0000018273e40800 Exception <a 'java/lang/NoSuchMethodError'{0x000000008cd836d8}: <clinit>> (0x000000008cd836d8) thrown at [src/hotspot/share/prims/jni.cpp, line 1367]
Event: 15.535 Thread 0x0000018273e40800 Exception <a 'java/lang/NoSuchMethodError'{0x000000008cc07710}: <clinit>> (0x000000008cc07710) thrown at [src/hotspot/share/prims/jni.cpp, line 1367]
Event: 15.536 Thread 0x0000018273e40800 Exception <a 'java/lang/NoSuchMethodError'{0x000000008cc1a0f8}: <clinit>> (0x000000008cc1a0f8) thrown at [src/hotspot/share/prims/jni.cpp, line 1367]
Event: 15.593 Thread 0x0000018273e4c800 Exception <a 'sun/nio/fs/WindowsException'{0x000000008c9d8540}> (0x000000008c9d8540) thrown at [src/hotspot/share/prims/jni.cpp, line 617]
Event: 15.635 Thread 0x0000018273e4e000 Exception <a 'java/lang/NoSuchMethodError'{0x000000008c6761e8}: 'void java.lang.invoke.DirectMethodHandle$Holder.invokeStatic(java.lang.Object, long)'> (0x000000008c6761e8) thrown at [src/hotspot/share/interpreter/linkResolver.cpp, line 773]
Event: 15.635 Thread 0x0000018273e4e000 Exception <a 'java/lang/NoSuchMethodError'{0x000000008c67bdd8}: 'java.lang.Object java.lang.invoke.DirectMethodHandle$Holder.invokeStatic(java.lang.Object, long)'> (0x000000008c67bdd8) thrown at [src/hotspot/share/interpreter/linkResolver.cpp, line 773]
Event: 15.636 Thread 0x0000018273e4e000 Exception <a 'java/lang/NoSuchMethodError'{0x000000008c67f870}: 'java.lang.Object java.lang.invoke.DirectMethodHandle$Holder.invokeSpecial(java.lang.Object, java.lang.Object, long)'> (0x000000008c67f870) thrown at [src/hotspot/share/interpreter/linkResolver.cpp, line 773]
Event: 15.639 Thread 0x0000018273e4e000 Exception <a 'java/lang/NoSuchMethodError'{0x000000008c6c25a8}: 'java.lang.Object java.lang.invoke.DirectMethodHandle$Holder.invokeStaticInit(java.lang.Object, java.lang.Object, long, java.lang.Object)'> (0x000000008c6c25a8) thrown at [src/hotspot/share/interpreter/linkResolver.cpp, line 773]
Event: 15.816 Thread 0x0000018273e4c800 Exception <a 'java/lang/NoSuchMethodError'{0x000000008c53e7c0}: 'java.lang.Object java.lang.invoke.DirectMethodHandle$Holder.newInvokeSpecial(java.lang.Object, int)'> (0x000000008c53e7c0) thrown at [src/hotspot/share/interpreter/linkResolver.cpp, line 773]
Event: 15.983 Thread 0x0000018273e4e000 Exception <a 'java/lang/NoSuchMethodError'{0x000000008c0672b0}: 'int java.lang.invoke.DirectMethodHandle$Holder.invokeSpecialIFC(java.lang.Object, java.lang.Object, java.lang.Object)'> (0x000000008c0672b0) thrown at [src/hotspot/share/interpreter/linkResolver.cpp, line 773]
Event: 16.036 Thread 0x0000018273e4c800 Exception <a 'java/lang/NoSuchMethodError'{0x000000008bd66a30}: 'java.lang.Object java.lang.invoke.DirectMethodHandle$Holder.invokeStaticInit(java.lang.Object, java.lang.Object, java.lang.Object, java.lang.Object, java.lang.Object, java.lang.Object, java.lang.Object, java.lang.Object, java.lang.Object, java.lang.Object, java.lang.Object, java.lang.Object, java.lang.Object, java.lang.Object, java.lang.Object, java.lang.Object, java.lang.Object, java.lang.Object, java.lang.Object, int, java.lang.Object, java

Events (20 events):
Event: 16.039 loading class com/android/tools/r8/internal/cD done
Event: 16.040 loading class com/android/tools/r8/graph/f1
Event: 16.040 loading class com/android/tools/r8/graph/f1 done
Event: 16.040 loading class com/android/tools/r8/graph/r
Event: 16.040 loading class com/android/tools/r8/graph/r done
Event: 16.040 loading class com/android/tools/r8/internal/OM
Event: 16.040 loading class com/android/tools/r8/internal/OM done
Event: 16.041 loading class com/android/tools/r8/dex/k
Event: 16.041 loading class com/android/tools/r8/dex/k done
Event: 16.042 loading class com/android/tools/r8/internal/qE
Event: 16.042 loading class com/android/tools/r8/internal/qE done
Event: 16.042 Executing VM operation: G1CollectForAllocation
Event: 16.050 Executing VM operation: G1CollectForAllocation done
Event: 16.057 Executing VM operation: G1CollectForAllocation
Event: 16.061 Executing VM operation: G1CollectForAllocation done
Event: 16.062 Executing VM operation: G1CollectForAllocation
Event: 16.064 Executing VM operation: G1CollectForAllocation done
Event: 16.170 Executing VM operation: G1CollectForAllocation
Event: 16.213 Executing VM operation: G1CollectForAllocation done
Event: 16.222 Executing VM operation: G1CollectForAllocation


Dynamic libraries:
0x00007ff68b790000 - 0x00007ff68b79a000 	C:\Program Files\Android\Android Studio\jbr\bin\java.exe
0x00007ffbc9530000 - 0x00007ffbc9728000 	C:\WINDOWS\SYSTEM32\ntdll.dll
0x00007ffbc86b0000 - 0x00007ffbc8772000 	C:\WINDOWS\System32\KERNEL32.DLL
0x00007ffbc6fe0000 - 0x00007ffbc72df000 	C:\WINDOWS\System32\KERNELBASE.dll
0x00007ffbc7350000 - 0x00007ffbc7450000 	C:\WINDOWS\System32\ucrtbase.dll
0x00007ffbc20b0000 - 0x00007ffbc20c7000 	C:\Program Files\Android\Android Studio\jbr\bin\jli.dll
0x00007ffbaab20000 - 0x00007ffbaab3b000 	C:\Program Files\Android\Android Studio\jbr\bin\VCRUNTIME140.dll
0x00007ffbc75c0000 - 0x00007ffbc775d000 	C:\WINDOWS\System32\USER32.dll
0x00007ffba8650000 - 0x00007ffba88ea000 	C:\WINDOWS\WinSxS\amd64_microsoft.windows.common-controls_6595b64144ccf1df_6.0.19041.4355_none_60b8b9eb71f62e16\COMCTL32.dll
0x00007ffbc74e0000 - 0x00007ffbc7502000 	C:\WINDOWS\System32\win32u.dll
0x00007ffbc9050000 - 0x00007ffbc90ee000 	C:\WINDOWS\System32\msvcrt.dll
0x00007ffbc89d0000 - 0x00007ffbc89fb000 	C:\WINDOWS\System32\GDI32.dll
0x00007ffbc6c70000 - 0x00007ffbc6d87000 	C:\WINDOWS\System32\gdi32full.dll
0x00007ffbc6f40000 - 0x00007ffbc6fdd000 	C:\WINDOWS\System32\msvcp_win.dll
0x00007ffbc91d0000 - 0x00007ffbc91ff000 	C:\WINDOWS\System32\IMM32.DLL
0x00007ffbc03e0000 - 0x00007ffbc03ec000 	C:\Program Files\Android\Android Studio\jbr\bin\vcruntime140_1.dll
0x00007ffb8df80000 - 0x00007ffb8e00d000 	C:\Program Files\Android\Android Studio\jbr\bin\msvcp140.dll
0x00007ffb62e80000 - 0x00007ffb63a3c000 	C:\Program Files\Android\Android Studio\jbr\bin\server\jvm.dll
0x00007ffbc9380000 - 0x00007ffbc9431000 	C:\WINDOWS\System32\ADVAPI32.dll
0x00007ffbc92e0000 - 0x00007ffbc937f000 	C:\WINDOWS\System32\sechost.dll
0x00007ffbc8780000 - 0x00007ffbc88a3000 	C:\WINDOWS\System32\RPCRT4.dll
0x00007ffbc7510000 - 0x00007ffbc7537000 	C:\WINDOWS\System32\bcrypt.dll
0x00007ffbc92d0000 - 0x00007ffbc92d8000 	C:\WINDOWS\System32\PSAPI.DLL
0x00007ffbc2a40000 - 0x00007ffbc2a49000 	C:\WINDOWS\SYSTEM32\WSOCK32.dll
0x00007ffbb12c0000 - 0x00007ffbb12e7000 	C:\WINDOWS\SYSTEM32\WINMM.dll
0x00007ffbbd650000 - 0x00007ffbbd65a000 	C:\WINDOWS\SYSTEM32\VERSION.dll
0x00007ffbc8f00000 - 0x00007ffbc8f6b000 	C:\WINDOWS\System32\WS2_32.dll
0x00007ffbc4c20000 - 0x00007ffbc4c32000 	C:\WINDOWS\SYSTEM32\kernel.appcore.dll
0x00007ffbb7630000 - 0x00007ffbb7640000 	C:\Program Files\Android\Android Studio\jbr\bin\verify.dll
0x00007ffbc47f0000 - 0x00007ffbc49d4000 	C:\WINDOWS\SYSTEM32\DBGHELP.DLL
0x00007ffbae000000 - 0x00007ffbae034000 	C:\WINDOWS\SYSTEM32\dbgcore.DLL
0x00007ffbc7450000 - 0x00007ffbc74d2000 	C:\WINDOWS\System32\bcryptPrimitives.dll
0x00007ffbb4280000 - 0x00007ffbb42a8000 	C:\Program Files\Android\Android Studio\jbr\bin\java.dll
0x00007ffbb4270000 - 0x00007ffbb427a000 	C:\Program Files\Android\Android Studio\jbr\bin\jimage.dll
0x00007ffbb4250000 - 0x00007ffbb4268000 	C:\Program Files\Android\Android Studio\jbr\bin\zip.dll
0x00007ffbc78a0000 - 0x00007ffbc800e000 	C:\WINDOWS\System32\SHELL32.dll
0x00007ffbc4c40000 - 0x00007ffbc53e4000 	C:\WINDOWS\SYSTEM32\windows.storage.dll
0x00007ffbc81c0000 - 0x00007ffbc8515000 	C:\WINDOWS\System32\combase.dll
0x00007ffbc65f0000 - 0x00007ffbc661f000 	C:\WINDOWS\SYSTEM32\Wldp.dll
0x00007ffbc9200000 - 0x00007ffbc92cd000 	C:\WINDOWS\System32\OLEAUT32.dll
0x00007ffbc9440000 - 0x00007ffbc94ed000 	C:\WINDOWS\System32\SHCORE.dll
0x00007ffbc9150000 - 0x00007ffbc91a5000 	C:\WINDOWS\System32\shlwapi.dll
0x00007ffbc6af0000 - 0x00007ffbc6b14000 	C:\WINDOWS\SYSTEM32\profapi.dll
0x00007ffba0ec0000 - 0x00007ffba0ed9000 	C:\Program Files\Android\Android Studio\jbr\bin\net.dll
0x00007ffbbe4f0000 - 0x00007ffbbe5fd000 	C:\WINDOWS\SYSTEM32\WINHTTP.dll
0x00007ffbc6350000 - 0x00007ffbc63ba000 	C:\WINDOWS\system32\mswsock.dll
0x00007ffba0ea0000 - 0x00007ffba0eb3000 	C:\Program Files\Android\Android Studio\jbr\bin\nio.dll
0x00007ffbb77c0000 - 0x00007ffbb77e7000 	C:\Users\HP-PC\.gradle\native\e1d6ef7f7dcc3fd88c89a11ec53ec762bb8ba0a96d01ffa2cd45eb1d1d8dd5c5\windows-amd64\native-platform.dll
0x00007ffb86e10000 - 0x00007ffb86f54000 	C:\Users\HP-PC\.gradle\native\0d407fdbe67a94daf76414ababcb853783967236a71b16ec16e742cd7a986fd3\windows-amd64\native-platform-file-events.dll
0x00007ffbb35d0000 - 0x00007ffbb35da000 	C:\Program Files\Android\Android Studio\jbr\bin\management.dll
0x00007ffbb34e0000 - 0x00007ffbb34eb000 	C:\Program Files\Android\Android Studio\jbr\bin\management_ext.dll
0x00007ffbc6540000 - 0x00007ffbc6558000 	C:\WINDOWS\SYSTEM32\CRYPTSP.dll
0x00007ffbc5c00000 - 0x00007ffbc5c34000 	C:\WINDOWS\system32\rsaenh.dll
0x00007ffbc6a70000 - 0x00007ffbc6a9e000 	C:\WINDOWS\SYSTEM32\USERENV.dll
0x00007ffbc6560000 - 0x00007ffbc656c000 	C:\WINDOWS\SYSTEM32\CRYPTBASE.dll
0x00007ffbc5fe0000 - 0x00007ffbc601b000 	C:\WINDOWS\SYSTEM32\IPHLPAPI.DLL
0x00007ffbc8a00000 - 0x00007ffbc8a08000 	C:\WINDOWS\System32\NSI.dll
0x00007ffbbf2b0000 - 0x00007ffbbf2c7000 	C:\WINDOWS\SYSTEM32\dhcpcsvc6.DLL
0x00007ffbbf9c0000 - 0x00007ffbbf9dd000 	C:\WINDOWS\SYSTEM32\dhcpcsvc.DLL
0x00007ffbc6020000 - 0x00007ffbc60ea000 	C:\WINDOWS\SYSTEM32\DNSAPI.dll

dbghelp: loaded successfully - version: 4.0.5 - missing functions: none
symbol engine: initialized successfully - sym options: 0x614 - pdb path: .;C:\Program Files\Android\Android Studio\jbr\bin;C:\WINDOWS\SYSTEM32;C:\WINDOWS\WinSxS\amd64_microsoft.windows.common-controls_6595b64144ccf1df_6.0.19041.4355_none_60b8b9eb71f62e16;C:\Program Files\Android\Android Studio\jbr\bin\server;C:\Users\HP-PC\.gradle\native\e1d6ef7f7dcc3fd88c89a11ec53ec762bb8ba0a96d01ffa2cd45eb1d1d8dd5c5\windows-amd64;C:\Users\HP-PC\.gradle\native\0d407fdbe67a94daf76414ababcb853783967236a71b16ec16e742cd7a986fd3\windows-amd64

VM Arguments:
jvm_args: --add-opens=java.base/java.util=ALL-UNNAMED --add-opens=java.base/java.lang=ALL-UNNAMED --add-opens=java.base/java.lang.invoke=ALL-UNNAMED --add-opens=java.base/java.util=ALL-UNNAMED --add-opens=java.prefs/java.util.prefs=ALL-UNNAMED --add-opens=java.prefs/java.util.prefs=ALL-UNNAMED --add-opens=java.base/java.nio.charset=ALL-UNNAMED --add-opens=java.base/java.net=ALL-UNNAMED --add-opens=java.base/java.util.concurrent.atomic=ALL-UNNAMED -Xmx2048m -Dfile.encoding=UTF-8 -Duser.country=US -Duser.language=en -Duser.variant 
java_command: org.gradle.launcher.daemon.bootstrap.GradleDaemon 7.5
java_class_path (initial): C:\Users\HP-PC\.gradle\wrapper\dists\gradle-7.5-bin\f1w0cc9nuo0eivz97x2xlu9sv\gradle-7.5\lib\gradle-launcher-7.5.jar
Launcher Type: SUN_STANDARD

[Global flags]
     intx CICompilerCount                          = 4                                         {product} {ergonomic}
     uint ConcGCThreads                            = 2                                         {product} {ergonomic}
     uint G1ConcRefinementThreads                  = 8                                         {product} {ergonomic}
   size_t G1HeapRegionSize                         = 1048576                                   {product} {ergonomic}
    uintx GCDrainStackTargetSize                   = 64                                        {product} {ergonomic}
   size_t InitialHeapSize                          = 134217728                                 {product} {ergonomic}
   size_t MarkStackSize                            = 4194304                                   {product} {ergonomic}
   size_t MaxHeapSize                              = 2147483648                                {product} {command line}
   size_t MaxNewSize                               = 1287651328                                {product} {ergonomic}
   size_t MinHeapDeltaBytes                        = 1048576                                   {product} {ergonomic}
    uintx NonNMethodCodeHeapSize                   = 5836300                                {pd product} {ergonomic}
    uintx NonProfiledCodeHeapSize                  = 122910970                              {pd product} {ergonomic}
    uintx ProfiledCodeHeapSize                     = 122910970                              {pd product} {ergonomic}
    uintx ReservedCodeCacheSize                    = 251658240                              {pd product} {ergonomic}
     bool SegmentedCodeCache                       = true                                      {product} {ergonomic}
     bool UseCompressedClassPointers               = true                                 {lp64_product} {ergonomic}
     bool UseCompressedOops                        = true                                 {lp64_product} {ergonomic}
     bool UseG1GC                                  = true                                      {product} {ergonomic}
     bool UseLargePagesIndividualAllocation        = false                                  {pd product} {ergonomic}

Logging:
Log output configuration:
 #0: stdout all=warning uptime,level,tags
 #1: stderr all=off uptime,level,tags

Environment Variables:
PATH=C:\ProgramData\Oracle\Java\javapath;C:\Program Files (x86)\Common Files\Oracle\Java\javapath;C:\Windows\system32;C:\Windows;C:\Windows\System32\Wbem;C:\Windows\System32\WindowsPowerShell\v1.0\;C:\Windows\System32\OpenSSH\;C:\Program Files (x86)\NVIDIA Corporation\PhysX\Common;C:\WINDOWS\system32;C:\WINDOWS;C:\WINDOWS\System32\Wbem;C:\WINDOWS\System32\WindowsPowerShell\v1.0\;C:\WINDOWS\System32\OpenSSH\;C:\Program;C:\Program Files\Java\jdk1.8.0_151\bin;C:\Program Files\Git\cmd;C:\MinGW\bin;C:\Program Files\MySQL\MySQL Server 5.5\bin;C:\Users\HP-PC\AppData\Local\Programs\Python\Python311\Scripts\;C:\Users\HP-PC\AppData\Local\Programs\Python\Python311\;C:\Users\HP-PC\AppData\Local\Microsoft\WindowsApps;C:\IntelliJ IDEA 2021.2\bin;C:\Program Files\JetBrains\IntelliJ IDEA 2021.2\bin;C:\xampp\mysql\bin;;C:\Users\HP-PC\AppData\Local\Programs\Microsoft VS Code\bin
USERNAME=HP-PC
OS=Windows_NT
PROCESSOR_IDENTIFIER=Intel64 Family 6 Model 142 Stepping 10, GenuineIntel



---------------  S Y S T E M  ---------------

OS: Windows 10 , 64 bit Build 19041 (10.0.19041.5198)
OS uptime: 27 days 23:43 hours

CPU:total 8 (initial active 8) (4 cores per cpu, 2 threads per core) family 6 model 142 stepping 10 microcode 0xf4, cmov, cx8, fxsr, mmx, sse, sse2, sse3, ssse3, sse4.1, sse4.2, popcnt, avx, avx2, aes, clmul, erms, 3dnowpref, lzcnt, ht, tsc, tscinvbit, bmi1, bmi2, adx, fma

Memory: 4k page, system-wide physical 8094M (316M free)
TotalPageFile size 16880M (AvailPageFile size 4M)
current process WorkingSet (physical memory assigned to process): 467M, peak: 472M
current process commit charge ("private bytes"): 578M, peak: 635M

vm_info: OpenJDK 64-Bit Server VM (11.0.15+0-b2043.56-9505619) for windows-amd64 JRE (11.0.15+0-b2043.56-9505619), built on Jan 19 2023 02:48:00 by "builduser" with unknown MS VC++:1929

END.
