#
# There is insufficient memory for the Java Runtime Environment to continue.
# Native memory allocation (malloc) failed to allocate 1191376 bytes for Chunk::new
# Possible reasons:
#   The system is out of physical RAM or swap space
#   The process is running with CompressedOops enabled, and the Java Heap may be blocking the growth of the native heap
# Possible solutions:
#   Reduce memory load on the system
#   Increase physical memory or swap space
#   Check if swap backing store is full
#   Decrease Java heap size (-Xmx/-Xms)
#   Decrease number of Java threads
#   Decrease Java thread stack sizes (-Xss)
#   Set larger code cache with -XX:ReservedCodeCacheSize=
#   JVM is running with Unscaled Compressed Oops mode in which the Java heap is
#     placed in the first 4GB address space. The Java Heap base address is the
#     maximum limit for the native heap growth. Please use -XX:HeapBaseMinAddress
#     to set the Java Heap base and to place the Java Heap above 4GB virtual address.
# This output file may be truncated or incomplete.
#
#  Out of Memory Error (src/hotspot/share/memory/arena.cpp:197), pid=19544, tid=8128
#
# JRE version: OpenJDK Runtime Environment (11.0.15) (build 11.0.15+0-b2043.56-9505619)
# Java VM: OpenJDK 64-Bit Server VM (11.0.15+0-b2043.56-9505619, mixed mode, tiered, compressed oops, g1 gc, windows-amd64)
# No core dump will be written. Minidumps are not enabled by default on client versions of Windows
#

---------------  S U M M A R Y ------------

Command Line: --add-opens=java.base/java.util=ALL-UNNAMED --add-opens=java.base/java.lang=ALL-UNNAMED --add-opens=java.base/java.lang.invoke=ALL-UNNAMED --add-opens=java.base/java.util=ALL-UNNAMED --add-opens=java.prefs/java.util.prefs=ALL-UNNAMED --add-opens=java.prefs/java.util.prefs=ALL-UNNAMED --add-opens=java.base/java.nio.charset=ALL-UNNAMED --add-opens=java.base/java.net=ALL-UNNAMED --add-opens=java.base/java.util.concurrent.atomic=ALL-UNNAMED -Xmx2048m -Dfile.encoding=UTF-8 -Duser.country=US -Duser.language=en -Duser.variant org.gradle.launcher.daemon.bootstrap.GradleDaemon 7.5

Host: Intel(R) Core(TM) i5-8250U CPU @ 1.60GHz, 8 cores, 7G,  Windows 10 , 64 bit Build 19041 (10.0.19041.5198)
Time: Mon Apr 14 20:49:08 2025 India Standard Time elapsed time: 13.074723 seconds (0d 0h 0m 13s)

---------------  T H R E A D  ---------------

Current thread (0x0000029cc7e50800):  JavaThread "C2 CompilerThread1" daemon [_thread_in_native, id=8128, stack(0x000000a7abe00000,0x000000a7abf00000)]


Current CompileTask:
C2:  13074 7917 %     4       org.gradle.internal.instantiation.generator.AbstractClassGenerator::inspectType @ 107 (560 bytes)

Stack: [0x000000a7abe00000,0x000000a7abf00000]
Native frames: (J=compiled Java code, j=interpreted, Vv=VM code, C=native code)
V  [jvm.dll+0x64135a]
V  [jvm.dll+0x7d39f9]
V  [jvm.dll+0x7d51b9]
V  [jvm.dll+0x7d58a3]
V  [jvm.dll+0x2691c5]
V  [jvm.dll+0xc1a5c]
V  [jvm.dll+0xc200c]
V  [jvm.dll+0x2da2c2]
V  [jvm.dll+0x54cad9]
V  [jvm.dll+0x22a011]
V  [jvm.dll+0x223809]
V  [jvm.dll+0x220384]
V  [jvm.dll+0x19e851]
V  [jvm.dll+0x230479]
V  [jvm.dll+0x22e5ef]
V  [jvm.dll+0x794de1]
V  [jvm.dll+0x78dc24]
V  [jvm.dll+0x6400f6]
C  [ucrtbase.dll+0x21bb2]
C  [KERNEL32.DLL+0x17374]
C  [ntdll.dll+0x4cc91]


---------------  P R O C E S S  ---------------

Threads class SMR info:
_java_thread_list=0x0000029cca9b6120, length=133, elements={
0x0000029caa0c0000, 0x0000029cc4583000, 0x0000029cc458c800, 0x0000029cc4ef5800,
0x0000029cc4ef6800, 0x0000029cc4ef9000, 0x0000029cc4efc000, 0x0000029cc4f00800,
0x0000029cc4f01800, 0x0000029cc5053000, 0x0000029cc64e6000, 0x0000029cc52a1800,
0x0000029cc5579800, 0x0000029cc5fa2000, 0x0000029cc64c1000, 0x0000029cc729f800,
0x0000029cc71c5800, 0x0000029cc7e50800, 0x0000029cc64b5800, 0x0000029cc63ab800,
0x0000029cc7a25000, 0x0000029cc7a26800, 0x0000029cc7a2b800, 0x0000029cc7a29000,
0x0000029cc7a2a000, 0x0000029cc7a26000, 0x0000029cc7a28800, 0x0000029cc7a2b000,
0x0000029cc7a27800, 0x0000029cc8651000, 0x0000029cc8653800, 0x0000029cc864e800,
0x0000029cc864f800, 0x0000029cc8651800, 0x0000029cc8650000, 0x0000029cc8652800,
0x0000029cc864d800, 0x0000029cc8654000, 0x0000029cc8656000, 0x0000029cc8655000,
0x0000029cc8657800, 0x0000029cc865a000, 0x0000029cc8658000, 0x0000029cc865b800,
0x0000029cc865c800, 0x0000029cc8659000, 0x0000029ccf85d800, 0x0000029ccf860000,
0x0000029ccf85f000, 0x0000029ccf85a800, 0x0000029ccf85b000, 0x0000029ccf85c000,
0x0000029ccf861800, 0x0000029ccf861000, 0x0000029ccf85e800, 0x0000029ccf862800,
0x0000029ccf85c800, 0x0000029ccf865800, 0x0000029ccf864000, 0x0000029ccf869000,
0x0000029ccf863000, 0x0000029ccf865000, 0x0000029ccf868000, 0x0000029ccf866800,
0x0000029ccf867800, 0x0000029ccfafe000, 0x0000029ccfaff800, 0x0000029ccfb00000,
0x0000029ccfb02000, 0x0000029ccfafe800, 0x0000029ccfafd000, 0x0000029ccfafc000,
0x0000029ccfb04800, 0x0000029ccfb05000, 0x0000029ccfb07000, 0x0000029ccfb02800,
0x0000029ccfb01000, 0x0000029ccfb06000, 0x0000029ccfb03800, 0x0000029ccfb07800,
0x0000029ccfb0a000, 0x0000029ccfb08800, 0x0000029ccfb0b000, 0x0000029ccfb09000,
0x0000029ccabc5000, 0x0000029ccabc6000, 0x0000029ccabcb800, 0x0000029ccabca000,
0x0000029ccabc7000, 0x0000029ccabcd800, 0x0000029ccabcc800, 0x0000029ccabcb000,
0x0000029ccabc7800, 0x0000029ccabce000, 0x0000029ccabc8800, 0x0000029ccabcf000,
0x0000029ccabc9000, 0x0000029ccabd2000, 0x0000029ccabd0800, 0x0000029ccabd3000,
0x0000029ccabd4000, 0x0000029ccabd1800, 0x0000029ccabd0000, 0x0000029ccf72b000,
0x0000029ccf730000, 0x0000029ccf72e800, 0x0000029ccf72f000, 0x0000029ccf72c000,
0x0000029ccf72a800, 0x0000029ccf72d800, 0x0000029ccf731000, 0x0000029ccf731800,
0x0000029ccf732800, 0x0000029ccf72d000, 0x0000029ccf738000, 0x0000029ccf733800,
0x0000029ccf734000, 0x0000029ccf736800, 0x0000029ccf735000, 0x0000029ccf735800,
0x0000029ccf737800, 0x0000029ccf739000, 0x0000029cc84e2000, 0x0000029cc84e6000,
0x0000029cc84e0000, 0x0000029cc84e1000, 0x0000029cc84e7800, 0x0000029cc84e6800,
0x0000029cc84e8800, 0x0000029cc84e2800, 0x0000029cc84e9000, 0x0000029cc84e4800,
0x0000029cc84e3800
}

Java Threads: ( => current thread )
  0x0000029caa0c0000 JavaThread "main" [_thread_blocked, id=11172, stack(0x000000a7aa400000,0x000000a7aa500000)]
  0x0000029cc4583000 JavaThread "Reference Handler" daemon [_thread_blocked, id=24792, stack(0x000000a7aab00000,0x000000a7aac00000)]
  0x0000029cc458c800 JavaThread "Finalizer" daemon [_thread_blocked, id=3980, stack(0x000000a7aac00000,0x000000a7aad00000)]
  0x0000029cc4ef5800 JavaThread "Signal Dispatcher" daemon [_thread_blocked, id=15192, stack(0x000000a7aad00000,0x000000a7aae00000)]
  0x0000029cc4ef6800 JavaThread "Attach Listener" daemon [_thread_blocked, id=21332, stack(0x000000a7aae00000,0x000000a7aaf00000)]
  0x0000029cc4ef9000 JavaThread "Service Thread" daemon [_thread_blocked, id=13060, stack(0x000000a7aaf00000,0x000000a7ab000000)]
  0x0000029cc4efc000 JavaThread "C2 CompilerThread0" daemon [_thread_in_native, id=2116, stack(0x000000a7ab000000,0x000000a7ab100000)]
  0x0000029cc4f00800 JavaThread "C1 CompilerThread0" daemon [_thread_blocked, id=29056, stack(0x000000a7ab100000,0x000000a7ab200000)]
  0x0000029cc4f01800 JavaThread "Sweeper thread" daemon [_thread_blocked, id=29840, stack(0x000000a7ab200000,0x000000a7ab300000)]
  0x0000029cc5053000 JavaThread "Common-Cleaner" daemon [_thread_blocked, id=7628, stack(0x000000a7ab300000,0x000000a7ab400000)]
  0x0000029cc64e6000 JavaThread "Daemon health stats" [_thread_blocked, id=11588, stack(0x000000a7ab900000,0x000000a7aba00000)]
  0x0000029cc52a1800 JavaThread "Incoming local TCP Connector on port 49512" [_thread_in_native, id=27848, stack(0x000000a7ab500000,0x000000a7ab600000)]
  0x0000029cc5579800 JavaThread "Daemon periodic checks" [_thread_blocked, id=1332, stack(0x000000a7ab600000,0x000000a7ab700000)]
  0x0000029cc5fa2000 JavaThread "Daemon" [_thread_blocked, id=28520, stack(0x000000a7aba00000,0x000000a7abb00000)]
  0x0000029cc64c1000 JavaThread "Handler for socket connection from /127.0.0.1:49512 to /127.0.0.1:49513" [_thread_in_native, id=4676, stack(0x000000a7abb00000,0x000000a7abc00000)]
  0x0000029cc729f800 JavaThread "Cancel handler" [_thread_blocked, id=32792, stack(0x000000a7abc00000,0x000000a7abd00000)]
  0x0000029cc71c5800 JavaThread "Daemon worker" [_thread_in_Java, id=21148, stack(0x000000a7abd00000,0x000000a7abe00000)]
=>0x0000029cc7e50800 JavaThread "C2 CompilerThread1" daemon [_thread_in_native, id=8128, stack(0x000000a7abe00000,0x000000a7abf00000)]
  0x0000029cc64b5800 JavaThread "Asynchronous log dispatcher for DefaultDaemonConnection: socket connection from /127.0.0.1:49512 to /127.0.0.1:49513" [_thread_blocked, id=15920, stack(0x000000a7abf00000,0x000000a7ac000000)]
  0x0000029cc63ab800 JavaThread "Stdin handler" [_thread_blocked, id=31152, stack(0x000000a7ac000000,0x000000a7ac100000)]
  0x0000029cc7a25000 JavaThread "Daemon client event forwarder" [_thread_blocked, id=10024, stack(0x000000a7ac100000,0x000000a7ac200000)]
  0x0000029cc7a26800 JavaThread "Cache worker for journal cache (C:\Users\HP-PC\.gradle\caches\journal-1)" [_thread_blocked, id=10232, stack(0x000000a7ac200000,0x000000a7ac300000)]
  0x0000029cc7a2b800 JavaThread "File lock request listener" [_thread_in_native, id=1152, stack(0x000000a7ac800000,0x000000a7ac900000)]
  0x0000029cc7a29000 JavaThread "Cache worker for file hash cache (C:\Users\HP-PC\.gradle\caches\7.5\fileHashes)" [_thread_blocked, id=19660, stack(0x000000a7aca00000,0x000000a7acb00000)]
  0x0000029cc7a2a000 JavaThread "File watcher server" daemon [_thread_in_native, id=31960, stack(0x000000a7acc00000,0x000000a7acd00000)]
  0x0000029cc7a26000 JavaThread "File watcher consumer" daemon [_thread_blocked, id=17844, stack(0x000000a7acd00000,0x000000a7ace00000)]
  0x0000029cc7a28800 JavaThread "jar transforms" [_thread_blocked, id=14468, stack(0x000000a7ace00000,0x000000a7acf00000)]
  0x0000029cc7a2b000 JavaThread "jar transforms Thread 2" [_thread_blocked, id=32412, stack(0x000000a7acf00000,0x000000a7ad000000)]
  0x0000029cc7a27800 JavaThread "jar transforms Thread 3" [_thread_blocked, id=16656, stack(0x000000a7ad000000,0x000000a7ad100000)]
  0x0000029cc8651000 JavaThread "jar transforms Thread 4" [_thread_blocked, id=31452, stack(0x000000a7ad100000,0x000000a7ad200000)]
  0x0000029cc8653800 JavaThread "jar transforms Thread 5" [_thread_blocked, id=9132, stack(0x000000a7ad200000,0x000000a7ad300000)]
  0x0000029cc864e800 JavaThread "jar transforms Thread 6" [_thread_blocked, id=20164, stack(0x000000a7ad300000,0x000000a7ad400000)]
  0x0000029cc864f800 JavaThread "jar transforms Thread 7" [_thread_blocked, id=7300, stack(0x000000a7ad400000,0x000000a7ad500000)]
  0x0000029cc8651800 JavaThread "jar transforms Thread 8" [_thread_blocked, id=29976, stack(0x000000a7ad500000,0x000000a7ad600000)]
  0x0000029cc8650000 JavaThread "Cache worker for checksums cache (C:\Users\HP-PC\AndroidStudioProjects\TalathiAttendance-master\.gradle\7.5\checksums)" [_thread_blocked, id=13436, stack(0x000000a7ad600000,0x000000a7ad700000)]
  0x0000029cc8652800 JavaThread "Cache worker for cache directory md-rule (C:\Users\HP-PC\.gradle\caches\7.5\md-rule)" [_thread_blocked, id=21016, stack(0x000000a7ad700000,0x000000a7ad800000)]
  0x0000029cc864d800 JavaThread "Cache worker for file content cache (C:\Users\HP-PC\.gradle\caches\7.5\fileContent)" [_thread_blocked, id=16392, stack(0x000000a7ad800000,0x000000a7ad900000)]
  0x0000029cc8654000 JavaThread "Cache worker for file hash cache (C:\Users\HP-PC\AndroidStudioProjects\TalathiAttendance-master\.gradle\7.5\fileHashes)" [_thread_blocked, id=18792, stack(0x000000a7ad900000,0x000000a7ada00000)]
  0x0000029cc8656000 JavaThread "Cache worker for cache directory md-supplier (C:\Users\HP-PC\.gradle\caches\7.5\md-supplier)" [_thread_blocked, id=32868, stack(0x000000a7ada00000,0x000000a7adb00000)]
  0x0000029cc8655000 JavaThread "Cache worker for execution history cache (C:\Users\HP-PC\.gradle\caches\7.5\executionHistory)" [_thread_blocked, id=23880, stack(0x000000a7adb00000,0x000000a7adc00000)]
  0x0000029cc8657800 JavaThread "Cache worker for dependencies-accessors (C:\Users\HP-PC\AndroidStudioProjects\TalathiAttendance-master\.gradle\7.5\dependencies-accessors)" [_thread_blocked, id=16936, stack(0x000000a7adc00000,0x000000a7add00000)]
  0x0000029cc865a000 JavaThread "Cache worker for Build Output Cleanup Cache (C:\Users\HP-PC\AndroidStudioProjects\TalathiAttendance-master\.gradle\buildOutputCleanup)" [_thread_blocked, id=32024, stack(0x000000a7add00000,0x000000a7ade00000)]
  0x0000029cc8658000 JavaThread "Unconstrained build operations" [_thread_blocked, id=11460, stack(0x000000a7ade00000,0x000000a7adf00000)]
  0x0000029cc865b800 JavaThread "Unconstrained build operations Thread 2" [_thread_blocked, id=21824, stack(0x000000a7adf00000,0x000000a7ae000000)]
  0x0000029cc865c800 JavaThread "Unconstrained build operations Thread 3" [_thread_blocked, id=24664, stack(0x000000a7ae000000,0x000000a7ae100000)]
  0x0000029cc8659000 JavaThread "Unconstrained build operations Thread 4" [_thread_blocked, id=16844, stack(0x000000a7ae100000,0x000000a7ae200000)]
  0x0000029ccf85d800 JavaThread "Unconstrained build operations Thread 5" [_thread_blocked, id=7812, stack(0x000000a7ae200000,0x000000a7ae300000)]
  0x0000029ccf860000 JavaThread "Unconstrained build operations Thread 6" [_thread_blocked, id=1496, stack(0x000000a7ae300000,0x000000a7ae400000)]
  0x0000029ccf85f000 JavaThread "Unconstrained build operations Thread 7" [_thread_blocked, id=8176, stack(0x000000a7ae400000,0x000000a7ae500000)]
  0x0000029ccf85a800 JavaThread "Unconstrained build operations Thread 8" [_thread_blocked, id=27316, stack(0x000000a7ae500000,0x000000a7ae600000)]
  0x0000029ccf85b000 JavaThread "Unconstrained build operations Thread 9" [_thread_blocked, id=33140, stack(0x000000a7ae600000,0x000000a7ae700000)]
  0x0000029ccf85c000 JavaThread "Unconstrained build operations Thread 10" [_thread_blocked, id=23996, stack(0x000000a7ae700000,0x000000a7ae800000)]
  0x0000029ccf861800 JavaThread "Unconstrained build operations Thread 11" [_thread_blocked, id=27968, stack(0x000000a7ae800000,0x000000a7ae900000)]
  0x0000029ccf861000 JavaThread "Unconstrained build operations Thread 12" [_thread_blocked, id=7160, stack(0x000000a7ae900000,0x000000a7aea00000)]
  0x0000029ccf85e800 JavaThread "Unconstrained build operations Thread 13" [_thread_blocked, id=5880, stack(0x000000a7aea00000,0x000000a7aeb00000)]
  0x0000029ccf862800 JavaThread "Unconstrained build operations Thread 14" [_thread_blocked, id=28444, stack(0x000000a7aeb00000,0x000000a7aec00000)]
  0x0000029ccf85c800 JavaThread "Unconstrained build operations Thread 15" [_thread_blocked, id=23172, stack(0x000000a7aec00000,0x000000a7aed00000)]
  0x0000029ccf865800 JavaThread "Unconstrained build operations Thread 16" [_thread_blocked, id=4000, stack(0x000000a7aed00000,0x000000a7aee00000)]
  0x0000029ccf864000 JavaThread "Unconstrained build operations Thread 17" [_thread_blocked, id=21448, stack(0x000000a7aee00000,0x000000a7aef00000)]
  0x0000029ccf869000 JavaThread "Unconstrained build operations Thread 18" [_thread_blocked, id=19776, stack(0x000000a7aef00000,0x000000a7af000000)]
  0x0000029ccf863000 JavaThread "Unconstrained build operations Thread 19" [_thread_blocked, id=24660, stack(0x000000a7af000000,0x000000a7af100000)]
  0x0000029ccf865000 JavaThread "Unconstrained build operations Thread 20" [_thread_blocked, id=12960, stack(0x000000a7af100000,0x000000a7af200000)]
  0x0000029ccf868000 JavaThread "Unconstrained build operations Thread 21" [_thread_blocked, id=6956, stack(0x000000a7af200000,0x000000a7af300000)]
  0x0000029ccf866800 JavaThread "Unconstrained build operations Thread 22" [_thread_blocked, id=22284, stack(0x000000a7af300000,0x000000a7af400000)]
  0x0000029ccf867800 JavaThread "Unconstrained build operations Thread 23" [_thread_blocked, id=24644, stack(0x000000a7af400000,0x000000a7af500000)]
  0x0000029ccfafe000 JavaThread "Unconstrained build operations Thread 24" [_thread_blocked, id=19588, stack(0x000000a7af500000,0x000000a7af600000)]
  0x0000029ccfaff800 JavaThread "Unconstrained build operations Thread 25" [_thread_blocked, id=532, stack(0x000000a7af600000,0x000000a7af700000)]
  0x0000029ccfb00000 JavaThread "Unconstrained build operations Thread 26" [_thread_blocked, id=2200, stack(0x000000a7af700000,0x000000a7af800000)]
  0x0000029ccfb02000 JavaThread "Unconstrained build operations Thread 27" [_thread_blocked, id=26404, stack(0x000000a7af800000,0x000000a7af900000)]
  0x0000029ccfafe800 JavaThread "Unconstrained build operations Thread 28" [_thread_blocked, id=20852, stack(0x000000a7af900000,0x000000a7afa00000)]
  0x0000029ccfafd000 JavaThread "Unconstrained build operations Thread 29" [_thread_blocked, id=7688, stack(0x000000a7afa00000,0x000000a7afb00000)]
  0x0000029ccfafc000 JavaThread "Unconstrained build operations Thread 30" [_thread_blocked, id=32116, stack(0x000000a7afb00000,0x000000a7afc00000)]
  0x0000029ccfb04800 JavaThread "Unconstrained build operations Thread 31" [_thread_blocked, id=8720, stack(0x000000a7afc00000,0x000000a7afd00000)]
  0x0000029ccfb05000 JavaThread "Unconstrained build operations Thread 32" [_thread_blocked, id=8632, stack(0x000000a7afd00000,0x000000a7afe00000)]
  0x0000029ccfb07000 JavaThread "Unconstrained build operations Thread 33" [_thread_blocked, id=328, stack(0x000000a7afe00000,0x000000a7aff00000)]
  0x0000029ccfb02800 JavaThread "Unconstrained build operations Thread 34" [_thread_blocked, id=21300, stack(0x000000a7aff00000,0x000000a7b0000000)]
  0x0000029ccfb01000 JavaThread "Unconstrained build operations Thread 35" [_thread_blocked, id=10828, stack(0x000000a7b0000000,0x000000a7b0100000)]
  0x0000029ccfb06000 JavaThread "Unconstrained build operations Thread 36" [_thread_blocked, id=29000, stack(0x000000a7b0100000,0x000000a7b0200000)]
  0x0000029ccfb03800 JavaThread "Unconstrained build operations Thread 37" [_thread_blocked, id=19172, stack(0x000000a7b0200000,0x000000a7b0300000)]
  0x0000029ccfb07800 JavaThread "Unconstrained build operations Thread 38" [_thread_blocked, id=28384, stack(0x000000a7b0300000,0x000000a7b0400000)]
  0x0000029ccfb0a000 JavaThread "Unconstrained build operations Thread 39" [_thread_blocked, id=30928, stack(0x000000a7b0400000,0x000000a7b0500000)]
  0x0000029ccfb08800 JavaThread "Unconstrained build operations Thread 40" [_thread_blocked, id=12700, stack(0x000000a7b0500000,0x000000a7b0600000)]
  0x0000029ccfb0b000 JavaThread "Unconstrained build operations Thread 41" [_thread_blocked, id=6636, stack(0x000000a7b0600000,0x000000a7b0700000)]
  0x0000029ccfb09000 JavaThread "Unconstrained build operations Thread 42" [_thread_blocked, id=22768, stack(0x000000a7b0700000,0x000000a7b0800000)]
  0x0000029ccabc5000 JavaThread "Unconstrained build operations Thread 43" [_thread_blocked, id=8980, stack(0x000000a7b0800000,0x000000a7b0900000)]
  0x0000029ccabc6000 JavaThread "Unconstrained build operations Thread 44" [_thread_blocked, id=16740, stack(0x000000a7b0900000,0x000000a7b0a00000)]
  0x0000029ccabcb800 JavaThread "Unconstrained build operations Thread 45" [_thread_blocked, id=13692, stack(0x000000a7b0a00000,0x000000a7b0b00000)]
  0x0000029ccabca000 JavaThread "Unconstrained build operations Thread 46" [_thread_blocked, id=8652, stack(0x000000a7b0b00000,0x000000a7b0c00000)]
  0x0000029ccabc7000 JavaThread "Unconstrained build operations Thread 47" [_thread_blocked, id=336, stack(0x000000a7b0c00000,0x000000a7b0d00000)]
  0x0000029ccabcd800 JavaThread "Unconstrained build operations Thread 48" [_thread_blocked, id=16068, stack(0x000000a7b0d00000,0x000000a7b0e00000)]
  0x0000029ccabcc800 JavaThread "Unconstrained build operations Thread 49" [_thread_blocked, id=25384, stack(0x000000a7b0e00000,0x000000a7b0f00000)]
  0x0000029ccabcb000 JavaThread "Unconstrained build operations Thread 50" [_thread_blocked, id=25364, stack(0x000000a7b0f00000,0x000000a7b1000000)]
  0x0000029ccabc7800 JavaThread "Unconstrained build operations Thread 51" [_thread_blocked, id=23436, stack(0x000000a7b1000000,0x000000a7b1100000)]
  0x0000029ccabce000 JavaThread "Unconstrained build operations Thread 52" [_thread_blocked, id=32664, stack(0x000000a7b1100000,0x000000a7b1200000)]
  0x0000029ccabc8800 JavaThread "Unconstrained build operations Thread 53" [_thread_blocked, id=27276, stack(0x000000a7b1200000,0x000000a7b1300000)]
  0x0000029ccabcf000 JavaThread "Unconstrained build operations Thread 54" [_thread_blocked, id=25544, stack(0x000000a7b1300000,0x000000a7b1400000)]
  0x0000029ccabc9000 JavaThread "Unconstrained build operations Thread 55" [_thread_blocked, id=1952, stack(0x000000a7b1400000,0x000000a7b1500000)]
  0x0000029ccabd2000 JavaThread "Unconstrained build operations Thread 56" [_thread_blocked, id=21736, stack(0x000000a7b1500000,0x000000a7b1600000)]
  0x0000029ccabd0800 JavaThread "Unconstrained build operations Thread 57" [_thread_blocked, id=31564, stack(0x000000a7b1600000,0x000000a7b1700000)]
  0x0000029ccabd3000 JavaThread "Unconstrained build operations Thread 58" [_thread_blocked, id=32248, stack(0x000000a7b1700000,0x000000a7b1800000)]
  0x0000029ccabd4000 JavaThread "Unconstrained build operations Thread 59" [_thread_blocked, id=22252, stack(0x000000a7b1800000,0x000000a7b1900000)]
  0x0000029ccabd1800 JavaThread "Unconstrained build operations Thread 60" [_thread_blocked, id=30500, stack(0x000000a7b1900000,0x000000a7b1a00000)]
  0x0000029ccabd0000 JavaThread "Unconstrained build operations Thread 61" [_thread_blocked, id=33056, stack(0x000000a7b1a00000,0x000000a7b1b00000)]
  0x0000029ccf72b000 JavaThread "Unconstrained build operations Thread 62" [_thread_blocked, id=15264, stack(0x000000a7b1b00000,0x000000a7b1c00000)]
  0x0000029ccf730000 JavaThread "Unconstrained build operations Thread 63" [_thread_blocked, id=19024, stack(0x000000a7b1c00000,0x000000a7b1d00000)]
  0x0000029ccf72e800 JavaThread "Unconstrained build operations Thread 64" [_thread_blocked, id=9628, stack(0x000000a7b1d00000,0x000000a7b1e00000)]
  0x0000029ccf72f000 JavaThread "Unconstrained build operations Thread 65" [_thread_blocked, id=8528, stack(0x000000a7b1e00000,0x000000a7b1f00000)]
  0x0000029ccf72c000 JavaThread "Unconstrained build operations Thread 66" [_thread_blocked, id=2972, stack(0x000000a7b1f00000,0x000000a7b2000000)]
  0x0000029ccf72a800 JavaThread "Unconstrained build operations Thread 67" [_thread_blocked, id=5952, stack(0x000000a7b2000000,0x000000a7b2100000)]
  0x0000029ccf72d800 JavaThread "Unconstrained build operations Thread 68" [_thread_blocked, id=31968, stack(0x000000a7b2100000,0x000000a7b2200000)]
  0x0000029ccf731000 JavaThread "Unconstrained build operations Thread 69" [_thread_blocked, id=15188, stack(0x000000a7b2200000,0x000000a7b2300000)]
  0x0000029ccf731800 JavaThread "Unconstrained build operations Thread 70" [_thread_blocked, id=33500, stack(0x000000a7b2300000,0x000000a7b2400000)]
  0x0000029ccf732800 JavaThread "Unconstrained build operations Thread 71" [_thread_blocked, id=22960, stack(0x000000a7b2400000,0x000000a7b2500000)]
  0x0000029ccf72d000 JavaThread "Unconstrained build operations Thread 72" [_thread_blocked, id=30160, stack(0x000000a7b2500000,0x000000a7b2600000)]
  0x0000029ccf738000 JavaThread "Unconstrained build operations Thread 73" [_thread_blocked, id=29432, stack(0x000000a7b2600000,0x000000a7b2700000)]
  0x0000029ccf733800 JavaThread "Unconstrained build operations Thread 74" [_thread_blocked, id=32112, stack(0x000000a7b2700000,0x000000a7b2800000)]
  0x0000029ccf734000 JavaThread "Unconstrained build operations Thread 75" [_thread_blocked, id=12676, stack(0x000000a7b2800000,0x000000a7b2900000)]
  0x0000029ccf736800 JavaThread "Unconstrained build operations Thread 76" [_thread_blocked, id=25032, stack(0x000000a7b2900000,0x000000a7b2a00000)]
  0x0000029ccf735000 JavaThread "Unconstrained build operations Thread 77" [_thread_blocked, id=30860, stack(0x000000a7b2a00000,0x000000a7b2b00000)]
  0x0000029ccf735800 JavaThread "Unconstrained build operations Thread 78" [_thread_blocked, id=604, stack(0x000000a7b2b00000,0x000000a7b2c00000)]
  0x0000029ccf737800 JavaThread "Unconstrained build operations Thread 79" [_thread_blocked, id=4104, stack(0x000000a7b2c00000,0x000000a7b2d00000)]
  0x0000029ccf739000 JavaThread "Unconstrained build operations Thread 80" [_thread_blocked, id=16172, stack(0x000000a7b2d00000,0x000000a7b2e00000)]
  0x0000029cc84e2000 JavaThread "Memory manager" [_thread_blocked, id=9696, stack(0x000000a7b2e00000,0x000000a7b2f00000)]
  0x0000029cc84e6000 JavaThread "included builds" [_thread_blocked, id=31212, stack(0x000000a7acb00000,0x000000a7acc00000)]
  0x0000029cc84e0000 JavaThread "Execution worker" [_thread_blocked, id=17276, stack(0x000000a7b2f00000,0x000000a7b3000000)]
  0x0000029cc84e1000 JavaThread "Execution worker Thread 2" [_thread_blocked, id=18708, stack(0x000000a7b3000000,0x000000a7b3100000)]
  0x0000029cc84e7800 JavaThread "Execution worker Thread 3" [_thread_blocked, id=5688, stack(0x000000a7b3100000,0x000000a7b3200000)]
  0x0000029cc84e6800 JavaThread "Execution worker Thread 4" [_thread_blocked, id=23636, stack(0x000000a7b3200000,0x000000a7b3300000)]
  0x0000029cc84e8800 JavaThread "Execution worker Thread 5" [_thread_blocked, id=32964, stack(0x000000a7b3300000,0x000000a7b3400000)]
  0x0000029cc84e2800 JavaThread "Execution worker Thread 6" [_thread_blocked, id=11240, stack(0x000000a7b3400000,0x000000a7b3500000)]
  0x0000029cc84e9000 JavaThread "Execution worker Thread 7" [_thread_blocked, id=32760, stack(0x000000a7b3500000,0x000000a7b3600000)]
  0x0000029cc84e4800 JavaThread "Cache worker for execution history cache (C:\Users\HP-PC\AndroidStudioProjects\TalathiAttendance-master\.gradle\7.5\executionHistory)" [_thread_blocked, id=20932, stack(0x000000a7b3600000,0x000000a7b3700000)]
  0x0000029cc84e3800 JavaThread "idea-tooling-model-converter" [_thread_in_Java, id=1768, stack(0x000000a7b3700000,0x000000a7b3800000)]

Other Threads:
  0x0000029cc457e000 VMThread "VM Thread" [stack: 0x000000a7aaa00000,0x000000a7aab00000] [id=18208]
  0x0000029cc5074800 WatcherThread [stack: 0x000000a7ab400000,0x000000a7ab500000] [id=16572]
  0x0000029caa0d3000 GCTaskThread "GC Thread#0" [stack: 0x000000a7aa500000,0x000000a7aa600000] [id=24164]
  0x0000029cc58a1000 GCTaskThread "GC Thread#1" [stack: 0x000000a7ab700000,0x000000a7ab800000] [id=25524]
  0x0000029cc573e000 GCTaskThread "GC Thread#2" [stack: 0x000000a7ab800000,0x000000a7ab900000] [id=24392]
  0x0000029cc6810800 GCTaskThread "GC Thread#3" [stack: 0x000000a7ac300000,0x000000a7ac400000] [id=18668]
  0x0000029cc723f800 GCTaskThread "GC Thread#4" [stack: 0x000000a7ac400000,0x000000a7ac500000] [id=22932]
  0x0000029cc6d0d000 GCTaskThread "GC Thread#5" [stack: 0x000000a7ac500000,0x000000a7ac600000] [id=3676]
  0x0000029cc7377000 GCTaskThread "GC Thread#6" [stack: 0x000000a7ac600000,0x000000a7ac700000] [id=23428]
  0x0000029cc6dd5800 GCTaskThread "GC Thread#7" [stack: 0x000000a7ac700000,0x000000a7ac800000] [id=29420]
  0x0000029caa105800 ConcurrentGCThread "G1 Main Marker" [stack: 0x000000a7aa600000,0x000000a7aa700000] [id=16308]
  0x0000029caa107800 ConcurrentGCThread "G1 Conc#0" [stack: 0x000000a7aa700000,0x000000a7aa800000] [id=11424]
  0x0000029cc58b7800 ConcurrentGCThread "G1 Conc#1" [stack: 0x000000a7ac900000,0x000000a7aca00000] [id=808]
  0x0000029cc43d2800 ConcurrentGCThread "G1 Refine#0" [stack: 0x000000a7aa800000,0x000000a7aa900000] [id=30828]
  0x0000029caa189000 ConcurrentGCThread "G1 Young RemSet Sampling" [stack: 0x000000a7aa900000,0x000000a7aaa00000] [id=32416]

Threads with active compile tasks:
C2 CompilerThread0    13128 8087       4       org.gradle.util.internal.SimpleMapInterner::intern (9 bytes)
C2 CompilerThread1    13128 7917 %     4       org.gradle.internal.instantiation.generator.AbstractClassGenerator::inspectType @ 107 (560 bytes)

VM state:not at safepoint (normal execution)

VM Mutex/Monitor currently owned by a thread: None

Heap address: 0x0000000080000000, size: 2048 MB, Compressed Oops mode: 32-bit
Narrow klass base: 0x0000000000000000, Narrow klass shift: 3
Compressed class space size: 1073741824 Address: 0x0000000100000000

Heap:
 garbage-first heap   total 273408K, used 189969K [0x0000000080000000, 0x0000000100000000)
  region size 1024K, 26 young (26624K), 5 survivors (5120K)
 Metaspace       used 80981K, capacity 83361K, committed 83580K, reserved 1122304K
  class space    used 10620K, capacity 11457K, committed 11520K, reserved 1048576K
Heap Regions: E=young(eden), S=young(survivor), O=old, HS=humongous(starts), HC=humongous(continues), CS=collection set, F=free, A=archive, TAMS=top-at-mark-start (previous, next)
|   0|0x0000000080000000, 0x0000000080100000, 0x0000000080100000|100%| O|  |TAMS 0x0000000080100000, 0x0000000080000000| Untracked 
|   1|0x0000000080100000, 0x0000000080200000, 0x0000000080200000|100%| O|  |TAMS 0x0000000080200000, 0x0000000080100000| Untracked 
|   2|0x0000000080200000, 0x0000000080300000, 0x0000000080300000|100%| O|  |TAMS 0x0000000080300000, 0x0000000080200000| Untracked 
|   3|0x0000000080300000, 0x0000000080400000, 0x0000000080400000|100%|HS|  |TAMS 0x0000000080400000, 0x0000000080300000| Complete 
|   4|0x0000000080400000, 0x0000000080500000, 0x0000000080500000|100%|HC|  |TAMS 0x0000000080500000, 0x0000000080400000| Complete 
|   5|0x0000000080500000, 0x0000000080600000, 0x0000000080600000|100%|HC|  |TAMS 0x0000000080600000, 0x0000000080500000| Complete 
|   6|0x0000000080600000, 0x0000000080700000, 0x0000000080700000|100%| O|  |TAMS 0x0000000080700000, 0x0000000080600000| Untracked 
|   7|0x0000000080700000, 0x0000000080800000, 0x0000000080800000|100%| O|  |TAMS 0x0000000080800000, 0x0000000080700000| Untracked 
|   8|0x0000000080800000, 0x0000000080900000, 0x0000000080900000|100%| O|  |TAMS 0x0000000080900000, 0x0000000080800000| Untracked 
|   9|0x0000000080900000, 0x0000000080a00000, 0x0000000080a00000|100%| O|  |TAMS 0x0000000080a00000, 0x0000000080900000| Untracked 
|  10|0x0000000080a00000, 0x0000000080b00000, 0x0000000080b00000|100%| O|  |TAMS 0x0000000080b00000, 0x0000000080a00000| Untracked 
|  11|0x0000000080b00000, 0x0000000080c00000, 0x0000000080c00000|100%| O|  |TAMS 0x0000000080c00000, 0x0000000080b00000| Untracked 
|  12|0x0000000080c00000, 0x0000000080d00000, 0x0000000080d00000|100%| O|  |TAMS 0x0000000080d00000, 0x0000000080c00000| Untracked 
|  13|0x0000000080d00000, 0x0000000080e00000, 0x0000000080e00000|100%| O|  |TAMS 0x0000000080e00000, 0x0000000080d00000| Untracked 
|  14|0x0000000080e00000, 0x0000000080f00000, 0x0000000080f00000|100%| O|  |TAMS 0x0000000080f00000, 0x0000000080e00000| Untracked 
|  15|0x0000000080f00000, 0x0000000081000000, 0x0000000081000000|100%| O|  |TAMS 0x0000000081000000, 0x0000000080f00000| Untracked 
|  16|0x0000000081000000, 0x0000000081100000, 0x0000000081100000|100%|HS|  |TAMS 0x0000000081100000, 0x0000000081000000| Complete 
|  17|0x0000000081100000, 0x0000000081200000, 0x0000000081200000|100%|HC|  |TAMS 0x0000000081200000, 0x0000000081100000| Complete 
|  18|0x0000000081200000, 0x0000000081300000, 0x0000000081300000|100%|HS|  |TAMS 0x0000000081300000, 0x0000000081200000| Complete 
|  19|0x0000000081300000, 0x0000000081400000, 0x0000000081400000|100%|HC|  |TAMS 0x0000000081400000, 0x0000000081300000| Complete 
|  20|0x0000000081400000, 0x0000000081500000, 0x0000000081500000|100%|HC|  |TAMS 0x0000000081500000, 0x0000000081400000| Complete 
|  21|0x0000000081500000, 0x0000000081600000, 0x0000000081600000|100%|HS|  |TAMS 0x0000000081600000, 0x0000000081500000| Complete 
|  22|0x0000000081600000, 0x0000000081700000, 0x0000000081700000|100%|HC|  |TAMS 0x0000000081700000, 0x0000000081600000| Complete 
|  23|0x0000000081700000, 0x0000000081800000, 0x0000000081800000|100%|HC|  |TAMS 0x0000000081800000, 0x0000000081700000| Complete 
|  24|0x0000000081800000, 0x0000000081900000, 0x0000000081900000|100%|HS|  |TAMS 0x0000000081900000, 0x0000000081800000| Complete 
|  25|0x0000000081900000, 0x0000000081a00000, 0x0000000081a00000|100%|HC|  |TAMS 0x0000000081a00000, 0x0000000081900000| Complete 
|  26|0x0000000081a00000, 0x0000000081b00000, 0x0000000081b00000|100%|HC|  |TAMS 0x0000000081b00000, 0x0000000081a00000| Complete 
|  27|0x0000000081b00000, 0x0000000081c00000, 0x0000000081c00000|100%|HC|  |TAMS 0x0000000081c00000, 0x0000000081b00000| Complete 
|  28|0x0000000081c00000, 0x0000000081d00000, 0x0000000081d00000|100%|HC|  |TAMS 0x0000000081d00000, 0x0000000081c00000| Complete 
|  29|0x0000000081d00000, 0x0000000081e00000, 0x0000000081e00000|100%| O|  |TAMS 0x0000000081e00000, 0x0000000081d00000| Untracked 
|  30|0x0000000081e00000, 0x0000000081f00000, 0x0000000081f00000|100%| O|  |TAMS 0x0000000081f00000, 0x0000000081e00000| Untracked 
|  31|0x0000000081f00000, 0x0000000082000000, 0x0000000082000000|100%| O|  |TAMS 0x0000000082000000, 0x0000000081f00000| Untracked 
|  32|0x0000000082000000, 0x0000000082100000, 0x0000000082100000|100%| O|  |TAMS 0x0000000082100000, 0x0000000082000000| Untracked 
|  33|0x0000000082100000, 0x0000000082200000, 0x0000000082200000|100%| O|  |TAMS 0x0000000082200000, 0x0000000082100000| Untracked 
|  34|0x0000000082200000, 0x0000000082300000, 0x0000000082300000|100%| O|  |TAMS 0x0000000082300000, 0x0000000082200000| Untracked 
|  35|0x0000000082300000, 0x0000000082400000, 0x0000000082400000|100%| O|  |TAMS 0x0000000082400000, 0x0000000082300000| Untracked 
|  36|0x0000000082400000, 0x0000000082500000, 0x0000000082500000|100%|HS|  |TAMS 0x0000000082500000, 0x0000000082400000| Complete 
|  37|0x0000000082500000, 0x0000000082600000, 0x0000000082600000|100%|HC|  |TAMS 0x0000000082600000, 0x0000000082500000| Complete 
|  38|0x0000000082600000, 0x0000000082700000, 0x0000000082700000|100%| O|  |TAMS 0x0000000082700000, 0x0000000082600000| Untracked 
|  39|0x0000000082700000, 0x0000000082800000, 0x0000000082800000|100%| O|  |TAMS 0x0000000082800000, 0x0000000082700000| Untracked 
|  40|0x0000000082800000, 0x0000000082900000, 0x0000000082900000|100%|HS|  |TAMS 0x0000000082900000, 0x0000000082800000| Complete 
|  41|0x0000000082900000, 0x0000000082a00000, 0x0000000082a00000|100%|HC|  |TAMS 0x0000000082a00000, 0x0000000082900000| Complete 
|  42|0x0000000082a00000, 0x0000000082b00000, 0x0000000082b00000|100%|HC|  |TAMS 0x0000000082b00000, 0x0000000082a00000| Complete 
|  43|0x0000000082b00000, 0x0000000082c00000, 0x0000000082c00000|100%|HC|  |TAMS 0x0000000082c00000, 0x0000000082b00000| Complete 
|  44|0x0000000082c00000, 0x0000000082d00000, 0x0000000082d00000|100%|HC|  |TAMS 0x0000000082d00000, 0x0000000082c00000| Complete 
|  45|0x0000000082d00000, 0x0000000082e00000, 0x0000000082e00000|100%|HC|  |TAMS 0x0000000082e00000, 0x0000000082d00000| Complete 
|  46|0x0000000082e00000, 0x0000000082f00000, 0x0000000082f00000|100%|HC|  |TAMS 0x0000000082f00000, 0x0000000082e00000| Complete 
|  47|0x0000000082f00000, 0x0000000083000000, 0x0000000083000000|100%|HC|  |TAMS 0x0000000083000000, 0x0000000082f00000| Complete 
|  48|0x0000000083000000, 0x0000000083100000, 0x0000000083100000|100%|HC|  |TAMS 0x0000000083100000, 0x0000000083000000| Complete 
|  49|0x0000000083100000, 0x0000000083200000, 0x0000000083200000|100%|HC|  |TAMS 0x0000000083200000, 0x0000000083100000| Complete 
|  50|0x0000000083200000, 0x0000000083300000, 0x0000000083300000|100%|HS|  |TAMS 0x0000000083300000, 0x0000000083200000| Complete 
|  51|0x0000000083300000, 0x0000000083400000, 0x0000000083400000|100%|HC|  |TAMS 0x0000000083400000, 0x0000000083300000| Complete 
|  52|0x0000000083400000, 0x0000000083500000, 0x0000000083500000|100%|HC|  |TAMS 0x0000000083500000, 0x0000000083400000| Complete 
|  53|0x0000000083500000, 0x0000000083600000, 0x0000000083600000|100%|HS|  |TAMS 0x0000000083600000, 0x0000000083500000| Complete 
|  54|0x0000000083600000, 0x0000000083700000, 0x0000000083700000|100%|HC|  |TAMS 0x0000000083700000, 0x0000000083600000| Complete 
|  55|0x0000000083700000, 0x0000000083800000, 0x0000000083800000|100%|HS|  |TAMS 0x0000000083800000, 0x0000000083700000| Complete 
|  56|0x0000000083800000, 0x0000000083900000, 0x0000000083900000|100%|HC|  |TAMS 0x0000000083900000, 0x0000000083800000| Complete 
|  57|0x0000000083900000, 0x0000000083a00000, 0x0000000083a00000|100%|HC|  |TAMS 0x0000000083a00000, 0x0000000083900000| Complete 
|  58|0x0000000083a00000, 0x0000000083b00000, 0x0000000083b00000|100%| O|  |TAMS 0x0000000083b00000, 0x0000000083a00000| Untracked 
|  59|0x0000000083b00000, 0x0000000083c00000, 0x0000000083c00000|100%| O|  |TAMS 0x0000000083c00000, 0x0000000083b00000| Untracked 
|  60|0x0000000083c00000, 0x0000000083d00000, 0x0000000083d00000|100%| O|  |TAMS 0x0000000083d00000, 0x0000000083c00000| Untracked 
|  61|0x0000000083d00000, 0x0000000083e00000, 0x0000000083e00000|100%| O|  |TAMS 0x0000000083e00000, 0x0000000083d00000| Untracked 
|  62|0x0000000083e00000, 0x0000000083f00000, 0x0000000083f00000|100%| O|  |TAMS 0x0000000083f00000, 0x0000000083e00000| Untracked 
|  63|0x0000000083f00000, 0x0000000084000000, 0x0000000084000000|100%| O|  |TAMS 0x0000000084000000, 0x0000000083f00000| Untracked 
|  64|0x0000000084000000, 0x0000000084100000, 0x0000000084100000|100%| O|  |TAMS 0x0000000084100000, 0x0000000084000000| Untracked 
|  65|0x0000000084100000, 0x0000000084200000, 0x0000000084200000|100%| O|  |TAMS 0x0000000084200000, 0x0000000084100000| Untracked 
|  66|0x0000000084200000, 0x0000000084300000, 0x0000000084300000|100%| O|  |TAMS 0x0000000084300000, 0x0000000084200000| Untracked 
|  67|0x0000000084300000, 0x0000000084400000, 0x0000000084400000|100%| O|  |TAMS 0x0000000084400000, 0x0000000084300000| Untracked 
|  68|0x0000000084400000, 0x0000000084500000, 0x0000000084500000|100%| O|  |TAMS 0x0000000084500000, 0x0000000084400000| Untracked 
|  69|0x0000000084500000, 0x0000000084600000, 0x0000000084600000|100%| O|  |TAMS 0x0000000084600000, 0x0000000084500000| Untracked 
|  70|0x0000000084600000, 0x0000000084700000, 0x0000000084700000|100%| O|  |TAMS 0x0000000084700000, 0x0000000084600000| Untracked 
|  71|0x0000000084700000, 0x0000000084800000, 0x0000000084800000|100%|HS|  |TAMS 0x0000000084800000, 0x0000000084700000| Complete 
|  72|0x0000000084800000, 0x0000000084900000, 0x0000000084900000|100%|HC|  |TAMS 0x0000000084900000, 0x0000000084800000| Complete 
|  73|0x0000000084900000, 0x0000000084a00000, 0x0000000084a00000|100%|HC|  |TAMS 0x0000000084a00000, 0x0000000084900000| Complete 
|  74|0x0000000084a00000, 0x0000000084b00000, 0x0000000084b00000|100%|HC|  |TAMS 0x0000000084b00000, 0x0000000084a00000| Complete 
|  75|0x0000000084b00000, 0x0000000084c00000, 0x0000000084c00000|100%|HC|  |TAMS 0x0000000084c00000, 0x0000000084b00000| Complete 
|  76|0x0000000084c00000, 0x0000000084d00000, 0x0000000084d00000|100%| O|  |TAMS 0x0000000084d00000, 0x0000000084c00000| Untracked 
|  77|0x0000000084d00000, 0x0000000084e00000, 0x0000000084e00000|100%|HS|  |TAMS 0x0000000084e00000, 0x0000000084d00000| Complete 
|  78|0x0000000084e00000, 0x0000000084f00000, 0x0000000084f00000|100%| O|  |TAMS 0x0000000084f00000, 0x0000000084e00000| Untracked 
|  79|0x0000000084f00000, 0x0000000085000000, 0x0000000085000000|100%| O|  |TAMS 0x0000000085000000, 0x0000000084f00000| Untracked 
|  80|0x0000000085000000, 0x0000000085100000, 0x0000000085100000|100%| O|  |TAMS 0x0000000085100000, 0x0000000085000000| Untracked 
|  81|0x0000000085100000, 0x0000000085200000, 0x0000000085200000|100%| O|  |TAMS 0x0000000085200000, 0x0000000085100000| Untracked 
|  82|0x0000000085200000, 0x0000000085300000, 0x0000000085300000|100%| O|  |TAMS 0x0000000085300000, 0x0000000085200000| Untracked 
|  83|0x0000000085300000, 0x0000000085400000, 0x0000000085400000|100%|HS|  |TAMS 0x0000000085400000, 0x0000000085300000| Complete 
|  84|0x0000000085400000, 0x0000000085500000, 0x0000000085500000|100%|HS|  |TAMS 0x0000000085500000, 0x0000000085400000| Complete 
|  85|0x0000000085500000, 0x0000000085600000, 0x0000000085600000|100%| O|  |TAMS 0x0000000085600000, 0x0000000085500000| Untracked 
|  86|0x0000000085600000, 0x0000000085700000, 0x0000000085700000|100%|HS|  |TAMS 0x0000000085700000, 0x0000000085600000| Complete 
|  87|0x0000000085700000, 0x0000000085800000, 0x0000000085800000|100%|HC|  |TAMS 0x0000000085800000, 0x0000000085700000| Complete 
|  88|0x0000000085800000, 0x0000000085900000, 0x0000000085900000|100%|HC|  |TAMS 0x0000000085900000, 0x0000000085800000| Complete 
|  89|0x0000000085900000, 0x0000000085a00000, 0x0000000085a00000|100%| O|  |TAMS 0x0000000085a00000, 0x0000000085900000| Untracked 
|  90|0x0000000085a00000, 0x0000000085b00000, 0x0000000085b00000|100%| O|  |TAMS 0x0000000085b00000, 0x0000000085a00000| Untracked 
|  91|0x0000000085b00000, 0x0000000085c00000, 0x0000000085c00000|100%| O|  |TAMS 0x0000000085c00000, 0x0000000085b00000| Untracked 
|  92|0x0000000085c00000, 0x0000000085d00000, 0x0000000085d00000|100%| O|  |TAMS 0x0000000085d00000, 0x0000000085c00000| Untracked 
|  93|0x0000000085d00000, 0x0000000085e00000, 0x0000000085e00000|100%| O|  |TAMS 0x0000000085e00000, 0x0000000085d00000| Untracked 
|  94|0x0000000085e00000, 0x0000000085f00000, 0x0000000085f00000|100%| O|  |TAMS 0x0000000085f00000, 0x0000000085e00000| Untracked 
|  95|0x0000000085f00000, 0x0000000086000000, 0x0000000086000000|100%| O|  |TAMS 0x0000000086000000, 0x0000000085f00000| Untracked 
|  96|0x0000000086000000, 0x0000000086100000, 0x0000000086100000|100%| O|  |TAMS 0x0000000086100000, 0x0000000086000000| Untracked 
|  97|0x0000000086100000, 0x0000000086200000, 0x0000000086200000|100%| O|  |TAMS 0x0000000086200000, 0x0000000086100000| Untracked 
|  98|0x0000000086200000, 0x0000000086300000, 0x0000000086300000|100%| O|  |TAMS 0x0000000086300000, 0x0000000086200000| Untracked 
|  99|0x0000000086300000, 0x0000000086400000, 0x0000000086400000|100%| O|  |TAMS 0x0000000086400000, 0x0000000086300000| Untracked 
| 100|0x0000000086400000, 0x0000000086500000, 0x0000000086500000|100%| O|  |TAMS 0x0000000086500000, 0x0000000086400000| Untracked 
| 101|0x0000000086500000, 0x0000000086600000, 0x0000000086600000|100%| O|  |TAMS 0x0000000086600000, 0x0000000086500000| Untracked 
| 102|0x0000000086600000, 0x0000000086700000, 0x0000000086700000|100%| O|  |TAMS 0x0000000086700000, 0x0000000086600000| Untracked 
| 103|0x0000000086700000, 0x0000000086800000, 0x0000000086800000|100%| O|  |TAMS 0x0000000086800000, 0x0000000086700000| Untracked 
| 104|0x0000000086800000, 0x0000000086900000, 0x0000000086900000|100%| O|  |TAMS 0x0000000086900000, 0x0000000086800000| Untracked 
| 105|0x0000000086900000, 0x0000000086a00000, 0x0000000086a00000|100%| O|  |TAMS 0x0000000086a00000, 0x0000000086900000| Untracked 
| 106|0x0000000086a00000, 0x0000000086b00000, 0x0000000086b00000|100%| O|  |TAMS 0x0000000086b00000, 0x0000000086a00000| Untracked 
| 107|0x0000000086b00000, 0x0000000086c00000, 0x0000000086c00000|100%| O|  |TAMS 0x0000000086c00000, 0x0000000086b00000| Untracked 
| 108|0x0000000086c00000, 0x0000000086d00000, 0x0000000086d00000|100%| O|  |TAMS 0x0000000086d00000, 0x0000000086c00000| Untracked 
| 109|0x0000000086d00000, 0x0000000086e00000, 0x0000000086e00000|100%| O|  |TAMS 0x0000000086e00000, 0x0000000086d00000| Untracked 
| 110|0x0000000086e00000, 0x0000000086f00000, 0x0000000086f00000|100%| O|  |TAMS 0x0000000086f00000, 0x0000000086e00000| Untracked 
| 111|0x0000000086f00000, 0x0000000087000000, 0x0000000087000000|100%|HS|  |TAMS 0x0000000087000000, 0x0000000086f00000| Complete 
| 112|0x0000000087000000, 0x0000000087100000, 0x0000000087100000|100%|HC|  |TAMS 0x0000000087100000, 0x0000000087000000| Complete 
| 113|0x0000000087100000, 0x0000000087200000, 0x0000000087200000|100%|HS|  |TAMS 0x0000000087200000, 0x0000000087100000| Complete 
| 114|0x0000000087200000, 0x0000000087300000, 0x0000000087300000|100%|HC|  |TAMS 0x0000000087300000, 0x0000000087200000| Complete 
| 115|0x0000000087300000, 0x0000000087400000, 0x0000000087400000|100%|HC|  |TAMS 0x0000000087400000, 0x0000000087300000| Complete 
| 116|0x0000000087400000, 0x0000000087500000, 0x0000000087500000|100%|HC|  |TAMS 0x0000000087500000, 0x0000000087400000| Complete 
| 117|0x0000000087500000, 0x0000000087600000, 0x0000000087600000|100%|HC|  |TAMS 0x0000000087600000, 0x0000000087500000| Complete 
| 118|0x0000000087600000, 0x0000000087700000, 0x0000000087700000|100%|HC|  |TAMS 0x0000000087700000, 0x0000000087600000| Complete 
| 119|0x0000000087700000, 0x0000000087800000, 0x0000000087800000|100%|HC|  |TAMS 0x0000000087800000, 0x0000000087700000| Complete 
| 120|0x0000000087800000, 0x0000000087900000, 0x0000000087900000|100%|HC|  |TAMS 0x0000000087900000, 0x0000000087800000| Complete 
| 121|0x0000000087900000, 0x0000000087a00000, 0x0000000087a00000|100%|HC|  |TAMS 0x0000000087a00000, 0x0000000087900000| Complete 
| 122|0x0000000087a00000, 0x0000000087b00000, 0x0000000087b00000|100%|HC|  |TAMS 0x0000000087b00000, 0x0000000087a00000| Complete 
| 123|0x0000000087b00000, 0x0000000087c00000, 0x0000000087c00000|100%| O|  |TAMS 0x0000000087c00000, 0x0000000087b00000| Untracked 
| 124|0x0000000087c00000, 0x0000000087d00000, 0x0000000087d00000|100%| O|  |TAMS 0x0000000087d00000, 0x0000000087c00000| Untracked 
| 125|0x0000000087d00000, 0x0000000087e00000, 0x0000000087e00000|100%|HS|  |TAMS 0x0000000087e00000, 0x0000000087d00000| Complete 
| 126|0x0000000087e00000, 0x0000000087f00000, 0x0000000087f00000|100%|HC|  |TAMS 0x0000000087f00000, 0x0000000087e00000| Complete 
| 127|0x0000000087f00000, 0x0000000088000000, 0x0000000088000000|100%|HS|  |TAMS 0x0000000088000000, 0x0000000087f00000| Complete 
| 128|0x0000000088000000, 0x0000000088100000, 0x0000000088100000|100%|HC|  |TAMS 0x0000000088100000, 0x0000000088000000| Complete 
| 129|0x0000000088100000, 0x0000000088200000, 0x0000000088200000|100%|HS|  |TAMS 0x0000000088200000, 0x0000000088100000| Complete 
| 130|0x0000000088200000, 0x0000000088300000, 0x0000000088300000|100%|HC|  |TAMS 0x0000000088300000, 0x0000000088200000| Complete 
| 131|0x0000000088300000, 0x0000000088400000, 0x0000000088400000|100%|HC|  |TAMS 0x0000000088400000, 0x0000000088300000| Complete 
| 132|0x0000000088400000, 0x0000000088500000, 0x0000000088500000|100%|HS|  |TAMS 0x0000000088500000, 0x0000000088400000| Complete 
| 133|0x0000000088500000, 0x0000000088600000, 0x0000000088600000|100%|HC|  |TAMS 0x0000000088600000, 0x0000000088500000| Complete 
| 134|0x0000000088600000, 0x0000000088700000, 0x0000000088700000|100%|HC|  |TAMS 0x0000000088700000, 0x0000000088600000| Complete 
| 135|0x0000000088700000, 0x0000000088800000, 0x0000000088800000|100%|HS|  |TAMS 0x0000000088800000, 0x0000000088700000| Complete 
| 136|0x0000000088800000, 0x0000000088900000, 0x0000000088900000|100%|HC|  |TAMS 0x0000000088900000, 0x0000000088800000| Complete 
| 137|0x0000000088900000, 0x0000000088a00000, 0x0000000088a00000|100%|HC|  |TAMS 0x0000000088a00000, 0x0000000088900000| Complete 
| 138|0x0000000088a00000, 0x0000000088b00000, 0x0000000088b00000|100%|HC|  |TAMS 0x0000000088b00000, 0x0000000088a00000| Complete 
| 139|0x0000000088b00000, 0x0000000088c00000, 0x0000000088c00000|100%|HC|  |TAMS 0x0000000088c00000, 0x0000000088b00000| Complete 
| 140|0x0000000088c00000, 0x0000000088d00000, 0x0000000088d00000|100%| O|  |TAMS 0x0000000088d00000, 0x0000000088c00000| Untracked 
| 141|0x0000000088d00000, 0x0000000088e00000, 0x0000000088e00000|100%| O|  |TAMS 0x0000000088e00000, 0x0000000088d00000| Untracked 
| 142|0x0000000088e00000, 0x0000000088f00000, 0x0000000088f00000|100%| O|  |TAMS 0x0000000088f00000, 0x0000000088e00000| Untracked 
| 143|0x0000000088f00000, 0x0000000089000000, 0x0000000089000000|100%| O|  |TAMS 0x0000000088fd6e00, 0x0000000088f00000| Untracked 
| 144|0x0000000089000000, 0x0000000089100000, 0x0000000089100000|100%|HS|  |TAMS 0x0000000089000000, 0x0000000089000000| Complete 
| 145|0x0000000089100000, 0x0000000089200000, 0x0000000089200000|100%|HC|  |TAMS 0x0000000089100000, 0x0000000089100000| Complete 
| 146|0x0000000089200000, 0x0000000089300000, 0x0000000089300000|100%|HS|  |TAMS 0x0000000089200000, 0x0000000089200000| Complete 
| 147|0x0000000089300000, 0x0000000089400000, 0x0000000089400000|100%|HC|  |TAMS 0x0000000089300000, 0x0000000089300000| Complete 
| 148|0x0000000089400000, 0x0000000089500000, 0x0000000089500000|100%|HC|  |TAMS 0x0000000089400000, 0x0000000089400000| Complete 
| 149|0x0000000089500000, 0x0000000089600000, 0x0000000089600000|100%|HC|  |TAMS 0x0000000089500000, 0x0000000089500000| Complete 
| 150|0x0000000089600000, 0x0000000089700000, 0x0000000089700000|100%|HC|  |TAMS 0x0000000089600000, 0x0000000089600000| Complete 
| 151|0x0000000089700000, 0x0000000089800000, 0x0000000089800000|100%|HC|  |TAMS 0x0000000089700000, 0x0000000089700000| Complete 
| 152|0x0000000089800000, 0x0000000089900000, 0x0000000089900000|100%|HC|  |TAMS 0x0000000089800000, 0x0000000089800000| Complete 
| 153|0x0000000089900000, 0x0000000089a00000, 0x0000000089a00000|100%|HC|  |TAMS 0x0000000089900000, 0x0000000089900000| Complete 
| 154|0x0000000089a00000, 0x0000000089b00000, 0x0000000089b00000|100%|HC|  |TAMS 0x0000000089a00000, 0x0000000089a00000| Complete 
| 155|0x0000000089b00000, 0x0000000089c00000, 0x0000000089c00000|100%|HC|  |TAMS 0x0000000089b00000, 0x0000000089b00000| Complete 
| 156|0x0000000089c00000, 0x0000000089d00000, 0x0000000089d00000|100%|HS|  |TAMS 0x0000000089c00000, 0x0000000089c00000| Complete 
| 157|0x0000000089d00000, 0x0000000089e00000, 0x0000000089e00000|100%|HC|  |TAMS 0x0000000089d00000, 0x0000000089d00000| Complete 
| 158|0x0000000089e00000, 0x0000000089f00000, 0x0000000089f00000|100%| O|  |TAMS 0x0000000089e00000, 0x0000000089e00000| Untracked 
| 159|0x0000000089f00000, 0x000000008a000000, 0x000000008a000000|100%| O|  |TAMS 0x0000000089f00000, 0x0000000089f00000| Untracked 
| 160|0x000000008a000000, 0x000000008a100000, 0x000000008a100000|100%| O|  |TAMS 0x000000008a000000, 0x000000008a000000| Untracked 
| 161|0x000000008a100000, 0x000000008a184600, 0x000000008a200000| 51%| O|  |TAMS 0x000000008a100000, 0x000000008a100000| Untracked 
| 162|0x000000008a200000, 0x000000008a200000, 0x000000008a300000|  0%| F|  |TAMS 0x000000008a200000, 0x000000008a200000| Untracked 
| 163|0x000000008a300000, 0x000000008a300000, 0x000000008a400000|  0%| F|  |TAMS 0x000000008a300000, 0x000000008a300000| Untracked 
| 164|0x000000008a400000, 0x000000008a400000, 0x000000008a500000|  0%| F|  |TAMS 0x000000008a400000, 0x000000008a400000| Untracked 
| 165|0x000000008a500000, 0x000000008a500000, 0x000000008a600000|  0%| F|  |TAMS 0x000000008a500000, 0x000000008a500000| Untracked 
| 166|0x000000008a600000, 0x000000008a600000, 0x000000008a700000|  0%| F|  |TAMS 0x000000008a600000, 0x000000008a600000| Untracked 
| 167|0x000000008a700000, 0x000000008a700000, 0x000000008a800000|  0%| F|  |TAMS 0x000000008a700000, 0x000000008a700000| Untracked 
| 168|0x000000008a800000, 0x000000008a800000, 0x000000008a900000|  0%| F|  |TAMS 0x000000008a800000, 0x000000008a800000| Untracked 
| 169|0x000000008a900000, 0x000000008a900000, 0x000000008aa00000|  0%| F|  |TAMS 0x000000008a900000, 0x000000008a900000| Untracked 
| 170|0x000000008aa00000, 0x000000008aa00000, 0x000000008ab00000|  0%| F|  |TAMS 0x000000008aa00000, 0x000000008aa00000| Untracked 
| 171|0x000000008ab00000, 0x000000008ab00000, 0x000000008ac00000|  0%| F|  |TAMS 0x000000008ab00000, 0x000000008ab00000| Untracked 
| 172|0x000000008ac00000, 0x000000008ac00000, 0x000000008ad00000|  0%| F|  |TAMS 0x000000008ac00000, 0x000000008ac00000| Untracked 
| 173|0x000000008ad00000, 0x000000008ad00000, 0x000000008ae00000|  0%| F|  |TAMS 0x000000008ad00000, 0x000000008ad00000| Untracked 
| 174|0x000000008ae00000, 0x000000008ae00000, 0x000000008af00000|  0%| F|  |TAMS 0x000000008ae00000, 0x000000008ae00000| Untracked 
| 175|0x000000008af00000, 0x000000008af00000, 0x000000008b000000|  0%| F|  |TAMS 0x000000008af00000, 0x000000008af00000| Untracked 
| 176|0x000000008b000000, 0x000000008b000000, 0x000000008b100000|  0%| F|  |TAMS 0x000000008b000000, 0x000000008b000000| Untracked 
| 177|0x000000008b100000, 0x000000008b100000, 0x000000008b200000|  0%| F|  |TAMS 0x000000008b100000, 0x000000008b100000| Untracked 
| 178|0x000000008b200000, 0x000000008b200000, 0x000000008b300000|  0%| F|  |TAMS 0x000000008b200000, 0x000000008b200000| Untracked 
| 179|0x000000008b300000, 0x000000008b300000, 0x000000008b400000|  0%| F|  |TAMS 0x000000008b300000, 0x000000008b300000| Untracked 
| 180|0x000000008b400000, 0x000000008b400000, 0x000000008b500000|  0%| F|  |TAMS 0x000000008b400000, 0x000000008b400000| Untracked 
| 181|0x000000008b500000, 0x000000008b600000, 0x000000008b600000|100%| S|CS|TAMS 0x000000008b500000, 0x000000008b500000| Complete 
| 182|0x000000008b600000, 0x000000008b700000, 0x000000008b700000|100%| S|CS|TAMS 0x000000008b600000, 0x000000008b600000| Complete 
| 183|0x000000008b700000, 0x000000008b800000, 0x000000008b800000|100%| S|CS|TAMS 0x000000008b700000, 0x000000008b700000| Complete 
| 184|0x000000008b800000, 0x000000008b900000, 0x000000008b900000|100%| S|CS|TAMS 0x000000008b800000, 0x000000008b800000| Complete 
| 185|0x000000008b900000, 0x000000008ba00000, 0x000000008ba00000|100%| S|CS|TAMS 0x000000008b900000, 0x000000008b900000| Complete 
| 186|0x000000008ba00000, 0x000000008ba00000, 0x000000008bb00000|  0%| F|  |TAMS 0x000000008ba00000, 0x000000008ba00000| Untracked 
| 187|0x000000008bb00000, 0x000000008bb00000, 0x000000008bc00000|  0%| F|  |TAMS 0x000000008bb00000, 0x000000008bb00000| Untracked 
| 188|0x000000008bc00000, 0x000000008bc00000, 0x000000008bd00000|  0%| F|  |TAMS 0x000000008bc00000, 0x000000008bc00000| Untracked 
| 189|0x000000008bd00000, 0x000000008bd00000, 0x000000008be00000|  0%| F|  |TAMS 0x000000008bd00000, 0x000000008bd00000| Untracked 
| 190|0x000000008be00000, 0x000000008be00000, 0x000000008bf00000|  0%| F|  |TAMS 0x000000008be00000, 0x000000008be00000| Untracked 
| 191|0x000000008bf00000, 0x000000008bf00000, 0x000000008c000000|  0%| F|  |TAMS 0x000000008bf00000, 0x000000008bf00000| Untracked 
| 192|0x000000008c000000, 0x000000008c000000, 0x000000008c100000|  0%| F|  |TAMS 0x000000008c000000, 0x000000008c000000| Untracked 
| 193|0x000000008c100000, 0x000000008c100000, 0x000000008c200000|  0%| F|  |TAMS 0x000000008c100000, 0x000000008c100000| Untracked 
| 194|0x000000008c200000, 0x000000008c200000, 0x000000008c300000|  0%| F|  |TAMS 0x000000008c200000, 0x000000008c200000| Untracked 
| 195|0x000000008c300000, 0x000000008c300000, 0x000000008c400000|  0%| F|  |TAMS 0x000000008c300000, 0x000000008c300000| Untracked 
| 196|0x000000008c400000, 0x000000008c400000, 0x000000008c500000|  0%| F|  |TAMS 0x000000008c400000, 0x000000008c400000| Untracked 
| 197|0x000000008c500000, 0x000000008c500000, 0x000000008c600000|  0%| F|  |TAMS 0x000000008c500000, 0x000000008c500000| Untracked 
| 198|0x000000008c600000, 0x000000008c600000, 0x000000008c700000|  0%| F|  |TAMS 0x000000008c600000, 0x000000008c600000| Untracked 
| 199|0x000000008c700000, 0x000000008c700000, 0x000000008c800000|  0%| F|  |TAMS 0x000000008c700000, 0x000000008c700000| Untracked 
| 200|0x000000008c800000, 0x000000008c800000, 0x000000008c900000|  0%| F|  |TAMS 0x000000008c800000, 0x000000008c800000| Untracked 
| 201|0x000000008c900000, 0x000000008c900000, 0x000000008ca00000|  0%| F|  |TAMS 0x000000008c900000, 0x000000008c900000| Untracked 
| 202|0x000000008ca00000, 0x000000008ca00000, 0x000000008cb00000|  0%| F|  |TAMS 0x000000008ca00000, 0x000000008ca00000| Untracked 
| 203|0x000000008cb00000, 0x000000008cb00000, 0x000000008cc00000|  0%| F|  |TAMS 0x000000008cb00000, 0x000000008cb00000| Untracked 
| 204|0x000000008cc00000, 0x000000008cc00000, 0x000000008cd00000|  0%| F|  |TAMS 0x000000008cc00000, 0x000000008cc00000| Untracked 
| 205|0x000000008cd00000, 0x000000008cd00000, 0x000000008ce00000|  0%| F|  |TAMS 0x000000008cd00000, 0x000000008cd00000| Untracked 
| 206|0x000000008ce00000, 0x000000008ce00000, 0x000000008cf00000|  0%| F|  |TAMS 0x000000008ce00000, 0x000000008ce00000| Untracked 
| 207|0x000000008cf00000, 0x000000008cf00000, 0x000000008d000000|  0%| F|  |TAMS 0x000000008cf00000, 0x000000008cf00000| Untracked 
| 208|0x000000008d000000, 0x000000008d000000, 0x000000008d100000|  0%| F|  |TAMS 0x000000008d000000, 0x000000008d000000| Untracked 
| 209|0x000000008d100000, 0x000000008d100000, 0x000000008d200000|  0%| F|  |TAMS 0x000000008d100000, 0x000000008d100000| Untracked 
| 210|0x000000008d200000, 0x000000008d200000, 0x000000008d300000|  0%| F|  |TAMS 0x000000008d200000, 0x000000008d200000| Untracked 
| 211|0x000000008d300000, 0x000000008d300000, 0x000000008d400000|  0%| F|  |TAMS 0x000000008d300000, 0x000000008d300000| Untracked 
| 212|0x000000008d400000, 0x000000008d400000, 0x000000008d500000|  0%| F|  |TAMS 0x000000008d400000, 0x000000008d400000| Untracked 
| 213|0x000000008d500000, 0x000000008d500000, 0x000000008d600000|  0%| F|  |TAMS 0x000000008d500000, 0x000000008d500000| Untracked 
| 214|0x000000008d600000, 0x000000008d600000, 0x000000008d700000|  0%| F|  |TAMS 0x000000008d600000, 0x000000008d600000| Untracked 
| 215|0x000000008d700000, 0x000000008d700000, 0x000000008d800000|  0%| F|  |TAMS 0x000000008d700000, 0x000000008d700000| Untracked 
| 216|0x000000008d800000, 0x000000008d800000, 0x000000008d900000|  0%| F|  |TAMS 0x000000008d800000, 0x000000008d800000| Untracked 
| 217|0x000000008d900000, 0x000000008d900000, 0x000000008da00000|  0%| F|  |TAMS 0x000000008d900000, 0x000000008d900000| Untracked 
| 218|0x000000008da00000, 0x000000008da00000, 0x000000008db00000|  0%| F|  |TAMS 0x000000008da00000, 0x000000008da00000| Untracked 
| 219|0x000000008db00000, 0x000000008db00000, 0x000000008dc00000|  0%| F|  |TAMS 0x000000008db00000, 0x000000008db00000| Untracked 
| 220|0x000000008dc00000, 0x000000008dc00000, 0x000000008dd00000|  0%| F|  |TAMS 0x000000008dc00000, 0x000000008dc00000| Untracked 
| 221|0x000000008dd00000, 0x000000008dd00000, 0x000000008de00000|  0%| F|  |TAMS 0x000000008dd00000, 0x000000008dd00000| Untracked 
| 222|0x000000008de00000, 0x000000008de00000, 0x000000008df00000|  0%| F|  |TAMS 0x000000008de00000, 0x000000008de00000| Untracked 
| 223|0x000000008df00000, 0x000000008df00000, 0x000000008e000000|  0%| F|  |TAMS 0x000000008df00000, 0x000000008df00000| Untracked 
| 224|0x000000008e000000, 0x000000008e000000, 0x000000008e100000|  0%| F|  |TAMS 0x000000008e000000, 0x000000008e000000| Untracked 
| 225|0x000000008e100000, 0x000000008e100000, 0x000000008e200000|  0%| F|  |TAMS 0x000000008e100000, 0x000000008e100000| Untracked 
| 226|0x000000008e200000, 0x000000008e200000, 0x000000008e300000|  0%| F|  |TAMS 0x000000008e200000, 0x000000008e200000| Untracked 
| 227|0x000000008e300000, 0x000000008e300000, 0x000000008e400000|  0%| F|  |TAMS 0x000000008e300000, 0x000000008e300000| Untracked 
| 228|0x000000008e400000, 0x000000008e400000, 0x000000008e500000|  0%| F|  |TAMS 0x000000008e400000, 0x000000008e400000| Untracked 
| 229|0x000000008e500000, 0x000000008e500000, 0x000000008e600000|  0%| F|  |TAMS 0x000000008e500000, 0x000000008e500000| Untracked 
| 230|0x000000008e600000, 0x000000008e600000, 0x000000008e700000|  0%| F|  |TAMS 0x000000008e600000, 0x000000008e600000| Untracked 
| 231|0x000000008e700000, 0x000000008e700000, 0x000000008e800000|  0%| F|  |TAMS 0x000000008e700000, 0x000000008e700000| Untracked 
| 232|0x000000008e800000, 0x000000008e800000, 0x000000008e900000|  0%| F|  |TAMS 0x000000008e800000, 0x000000008e800000| Untracked 
| 233|0x000000008e900000, 0x000000008e900000, 0x000000008ea00000|  0%| F|  |TAMS 0x000000008e900000, 0x000000008e900000| Untracked 
| 234|0x000000008ea00000, 0x000000008ea00000, 0x000000008eb00000|  0%| F|  |TAMS 0x000000008ea00000, 0x000000008ea00000| Untracked 
| 235|0x000000008eb00000, 0x000000008eb00000, 0x000000008ec00000|  0%| F|  |TAMS 0x000000008eb00000, 0x000000008eb00000| Untracked 
| 236|0x000000008ec00000, 0x000000008ec00000, 0x000000008ed00000|  0%| F|  |TAMS 0x000000008ec00000, 0x000000008ec00000| Untracked 
| 237|0x000000008ed00000, 0x000000008ed00000, 0x000000008ee00000|  0%| F|  |TAMS 0x000000008ed00000, 0x000000008ed00000| Untracked 
| 238|0x000000008ee00000, 0x000000008ee00000, 0x000000008ef00000|  0%| F|  |TAMS 0x000000008ee00000, 0x000000008ee00000| Untracked 
| 239|0x000000008ef00000, 0x000000008ef00000, 0x000000008f000000|  0%| F|  |TAMS 0x000000008ef00000, 0x000000008ef00000| Untracked 
| 240|0x000000008f000000, 0x000000008f000000, 0x000000008f100000|  0%| F|  |TAMS 0x000000008f000000, 0x000000008f000000| Untracked 
| 241|0x000000008f100000, 0x000000008f100000, 0x000000008f200000|  0%| F|  |TAMS 0x000000008f100000, 0x000000008f100000| Untracked 
| 242|0x000000008f200000, 0x000000008f200000, 0x000000008f300000|  0%| F|  |TAMS 0x000000008f200000, 0x000000008f200000| Untracked 
| 243|0x000000008f300000, 0x000000008f3382e8, 0x000000008f400000| 21%| E|  |TAMS 0x000000008f300000, 0x000000008f300000| Complete 
| 244|0x000000008f400000, 0x000000008f500000, 0x000000008f500000|100%| E|CS|TAMS 0x000000008f400000, 0x000000008f400000| Complete 
| 245|0x000000008f500000, 0x000000008f600000, 0x000000008f600000|100%| E|CS|TAMS 0x000000008f500000, 0x000000008f500000| Complete 
| 246|0x000000008f600000, 0x000000008f700000, 0x000000008f700000|100%| E|CS|TAMS 0x000000008f600000, 0x000000008f600000| Complete 
| 247|0x000000008f700000, 0x000000008f800000, 0x000000008f800000|100%| E|CS|TAMS 0x000000008f700000, 0x000000008f700000| Complete 
| 248|0x000000008f800000, 0x000000008f900000, 0x000000008f900000|100%| E|CS|TAMS 0x000000008f800000, 0x000000008f800000| Complete 
| 249|0x000000008f900000, 0x000000008fa00000, 0x000000008fa00000|100%| E|CS|TAMS 0x000000008f900000, 0x000000008f900000| Complete 
| 250|0x000000008fa00000, 0x000000008fb00000, 0x000000008fb00000|100%| E|CS|TAMS 0x000000008fa00000, 0x000000008fa00000| Complete 
| 251|0x000000008fb00000, 0x000000008fc00000, 0x000000008fc00000|100%| E|CS|TAMS 0x000000008fb00000, 0x000000008fb00000| Complete 
| 252|0x000000008fc00000, 0x000000008fd00000, 0x000000008fd00000|100%| E|CS|TAMS 0x000000008fc00000, 0x000000008fc00000| Complete 
| 253|0x000000008fd00000, 0x000000008fe00000, 0x000000008fe00000|100%| E|CS|TAMS 0x000000008fd00000, 0x000000008fd00000| Complete 
| 254|0x000000008fe00000, 0x000000008ff00000, 0x000000008ff00000|100%| E|CS|TAMS 0x000000008fe00000, 0x000000008fe00000| Complete 
| 255|0x000000008ff00000, 0x0000000090000000, 0x0000000090000000|100%| E|CS|TAMS 0x000000008ff00000, 0x000000008ff00000| Complete 
| 256|0x0000000090000000, 0x0000000090100000, 0x0000000090100000|100%| E|CS|TAMS 0x0000000090000000, 0x0000000090000000| Complete 
| 257|0x0000000090100000, 0x0000000090200000, 0x0000000090200000|100%| E|CS|TAMS 0x0000000090100000, 0x0000000090100000| Complete 
| 258|0x0000000090200000, 0x0000000090300000, 0x0000000090300000|100%| E|CS|TAMS 0x0000000090200000, 0x0000000090200000| Complete 
| 259|0x0000000090300000, 0x0000000090400000, 0x0000000090400000|100%| E|CS|TAMS 0x0000000090300000, 0x0000000090300000| Complete 
| 260|0x0000000090400000, 0x0000000090500000, 0x0000000090500000|100%| E|CS|TAMS 0x0000000090400000, 0x0000000090400000| Complete 
| 261|0x0000000090500000, 0x0000000090600000, 0x0000000090600000|100%| E|CS|TAMS 0x0000000090500000, 0x0000000090500000| Complete 
| 262|0x0000000090600000, 0x0000000090700000, 0x0000000090700000|100%| E|CS|TAMS 0x0000000090600000, 0x0000000090600000| Complete 
| 263|0x0000000090700000, 0x0000000090800000, 0x0000000090800000|100%| E|CS|TAMS 0x0000000090700000, 0x0000000090700000| Complete 
| 264|0x0000000090800000, 0x0000000090900000, 0x0000000090900000|100%| E|CS|TAMS 0x0000000090800000, 0x0000000090800000| Complete 
| 265|0x0000000090900000, 0x0000000090a00000, 0x0000000090a00000|100%| E|CS|TAMS 0x0000000090900000, 0x0000000090900000| Complete 
| 266|0x0000000090a00000, 0x0000000090b00000, 0x0000000090b00000|100%| E|CS|TAMS 0x0000000090a00000, 0x0000000090a00000| Complete 

Card table byte_map: [0x0000029cbd320000,0x0000029cbd720000] _byte_map_base: 0x0000029cbcf20000

Marking Bits (Prev, Next): (CMBitMap*) 0x0000029caa0fcaf8, (CMBitMap*) 0x0000029caa0fcb30
 Prev Bits: [0x0000029cbdb20000, 0x0000029cbfb20000)
 Next Bits: [0x0000029cbfb20000, 0x0000029cc1b20000)

Polling page: 0x0000029ca8080000

Metaspace:

Usage:
  Non-class:     70.22 MB capacity,    68.74 MB ( 98%) used,     1.25 MB (  2%) free+waste,   230.25 KB ( <1%) overhead. 
      Class:     11.19 MB capacity,    10.38 MB ( 93%) used,   721.45 KB (  6%) free+waste,   110.06 KB ( <1%) overhead. 
       Both:     81.41 MB capacity,    79.12 MB ( 97%) used,     1.96 MB (  2%) free+waste,   340.31 KB ( <1%) overhead. 

Virtual space:
  Non-class space:       72.00 MB reserved,      70.37 MB ( 98%) committed 
      Class space:        1.00 GB reserved,      11.25 MB (  1%) committed 
             Both:        1.07 GB reserved,      81.62 MB (  7%) committed 

Chunk freelists:
   Non-Class:  28.00 KB
       Class:  0 bytes
        Both:  28.00 KB

MaxMetaspaceSize: 17179869184.00 GB
CompressedClassSpaceSize: 1.00 GB
Initial GC threshold: 20.80 MB
Current GC threshold: 131.66 MB
CDS: off

CodeHeap 'non-profiled nmethods': size=120000Kb used=5367Kb max_used=5367Kb free=114632Kb
 bounds [0x0000029cb56b0000, 0x0000029cb5bf0000, 0x0000029cbcbe0000]
CodeHeap 'profiled nmethods': size=120000Kb used=17273Kb max_used=17273Kb free=102726Kb
 bounds [0x0000029cae180000, 0x0000029caf260000, 0x0000029cb56b0000]
CodeHeap 'non-nmethods': size=5760Kb used=2370Kb max_used=2415Kb free=3389Kb
 bounds [0x0000029cadbe0000, 0x0000029cade50000, 0x0000029cae180000]
 total_blobs=8962 nmethods=8070 adapters=804
 compilation: enabled
              stopped_count=0, restarted_count=0
 full_count=0

Compilation events (20 events):
Event: 13.038 Thread 0x0000029cc4f00800 8038   !   3       org.gradle.internal.lazy.LockingLazy::get (62 bytes)
Event: 13.039 Thread 0x0000029cc4f00800 nmethod 8038 0x0000029caf22ba10 code [0x0000029caf22bbe0, 0x0000029caf22c0e8]
Event: 13.039 Thread 0x0000029cc4f00800 8039       3       java.lang.reflect.Method::equals (69 bytes)
Event: 13.039 Thread 0x0000029cc4f00800 nmethod 8039 0x0000029caf22c210 code [0x0000029caf22c400, 0x0000029caf22caa8]
Event: 13.039 Thread 0x0000029cc4f00800 8040       3       org.codehaus.groovy.runtime.MetaClassHelper::sameClasses (22 bytes)
Event: 13.039 Thread 0x0000029cc4f00800 nmethod 8040 0x0000029caf22cc10 code [0x0000029caf22ce00, 0x0000029caf22d368]
Event: 13.042 Thread 0x0000029cc4f00800 8041       3       org.gradle.internal.model.StateTransitionController$InState::hasSeenStateAndNotTransitioning (28 bytes)
Event: 13.043 Thread 0x0000029cc4f00800 nmethod 8041 0x0000029caf22d510 code [0x0000029caf22d6e0, 0x0000029caf22d9e8]
Event: 13.046 Thread 0x0000029cc4f00800 8043       3       java.util.HashSet::iterator (13 bytes)
Event: 13.046 Thread 0x0000029cc4f00800 nmethod 8043 0x0000029caf22db10 code [0x0000029caf22dce0, 0x0000029caf22df58]
Event: 13.047 Thread 0x0000029cc4f00800 8044       1       org.codehaus.groovy.reflection.CachedMethod::getTransformedMethod (5 bytes)
Event: 13.047 Thread 0x0000029cc4f00800 nmethod 8044 0x0000029cb5be4790 code [0x0000029cb5be4940, 0x0000029cb5be49f8]
Event: 13.050 Thread 0x0000029cc4efc000 nmethod 8033 0x0000029cb5be4a90 code [0x0000029cb5be4c40, 0x0000029cb5be54d8]
Event: 13.051 Thread 0x0000029cc4efc000 8045   !   4       java.lang.StringCoding::decode (362 bytes)
Event: 13.068 Thread 0x0000029cc4efc000 nmethod 8045 0x0000029cb5be5690 code [0x0000029cb5be58c0, 0x0000029cb5be63a0]
Event: 13.069 Thread 0x0000029cc4efc000 8037       4       java.util.concurrent.ConcurrentHashMap$BaseIterator::hasNext (13 bytes)
Event: 13.069 Thread 0x0000029cc4efc000 nmethod 8037 0x0000029cb5be6990 code [0x0000029cb5be6b20, 0x0000029cb5be6b98]
Event: 13.069 Thread 0x0000029cc4efc000 8021       4       java.lang.reflect.ProxyGenerator$ConstantPool$ValueEntry::write (190 bytes)
Event: 13.071 Thread 0x0000029cc4efc000 nmethod 8021 0x0000029cb5be6c90 code [0x0000029cb5be6e40, 0x0000029cb5be6f88]
Event: 13.071 Thread 0x0000029cc4efc000 8031       4       org.gradle.internal.time.MonotonicClock::getCurrentTime (70 bytes)

GC Heap History (20 events):
Event: 9.601 GC heap before
{Heap before GC invocations=25 (full 0):
 garbage-first heap   total 157696K, used 132387K [0x0000000080000000, 0x0000000100000000)
  region size 1024K, 27 young (27648K), 4 survivors (4096K)
 Metaspace       used 63430K, capacity 65342K, committed 65660K, reserved 1105920K
  class space    used 8112K, capacity 8868K, committed 8960K, reserved 1048576K
}
Event: 9.607 GC heap after
{Heap after GC invocations=26 (full 0):
 garbage-first heap   total 189440K, used 104057K [0x0000000080000000, 0x0000000100000000)
  region size 1024K, 4 young (4096K), 4 survivors (4096K)
 Metaspace       used 63430K, capacity 65342K, committed 65660K, reserved 1105920K
  class space    used 8112K, capacity 8868K, committed 8960K, reserved 1048576K
}
Event: 10.010 GC heap before
{Heap before GC invocations=26 (full 0):
 garbage-first heap   total 189440K, used 139897K [0x0000000080000000, 0x0000000100000000)
  region size 1024K, 39 young (39936K), 4 survivors (4096K)
 Metaspace       used 66160K, capacity 68135K, committed 68348K, reserved 1107968K
  class space    used 8460K, capacity 9235K, committed 9344K, reserved 1048576K
}
Event: 10.013 GC heap after
{Heap after GC invocations=27 (full 0):
 garbage-first heap   total 189440K, used 106060K [0x0000000080000000, 0x0000000100000000)
  region size 1024K, 3 young (3072K), 3 survivors (3072K)
 Metaspace       used 66160K, capacity 68135K, committed 68348K, reserved 1107968K
  class space    used 8460K, capacity 9235K, committed 9344K, reserved 1048576K
}
Event: 10.486 GC heap before
{Heap before GC invocations=28 (full 0):
 garbage-first heap   total 189440K, used 143948K [0x0000000080000000, 0x0000000100000000)
  region size 1024K, 40 young (40960K), 3 survivors (3072K)
 Metaspace       used 69351K, capacity 71268K, committed 71548K, reserved 1112064K
  class space    used 8862K, capacity 9654K, committed 9728K, reserved 1048576K
}
Event: 10.491 GC heap after
{Heap after GC invocations=29 (full 0):
 garbage-first heap   total 189440K, used 108016K [0x0000000080000000, 0x0000000100000000)
  region size 1024K, 5 young (5120K), 5 survivors (5120K)
 Metaspace       used 69351K, capacity 71268K, committed 71548K, reserved 1112064K
  class space    used 8862K, capacity 9654K, committed 9728K, reserved 1048576K
}
Event: 10.702 GC heap before
{Heap before GC invocations=29 (full 0):
 garbage-first heap   total 189440K, used 146928K [0x0000000080000000, 0x0000000100000000)
  region size 1024K, 43 young (44032K), 5 survivors (5120K)
 Metaspace       used 69577K, capacity 71599K, committed 71804K, reserved 1112064K
  class space    used 8901K, capacity 9700K, committed 9728K, reserved 1048576K
}
Event: 10.711 GC heap after
{Heap after GC invocations=30 (full 0):
 garbage-first heap   total 189440K, used 110690K [0x0000000080000000, 0x0000000100000000)
  region size 1024K, 5 young (5120K), 5 survivors (5120K)
 Metaspace       used 69577K, capacity 71599K, committed 71804K, reserved 1112064K
  class space    used 8901K, capacity 9700K, committed 9728K, reserved 1048576K
}
Event: 11.066 GC heap before
{Heap before GC invocations=31 (full 0):
 garbage-first heap   total 189440K, used 150626K [0x0000000080000000, 0x0000000100000000)
  region size 1024K, 44 young (45056K), 5 survivors (5120K)
 Metaspace       used 71315K, capacity 73271K, committed 73596K, reserved 1114112K
  class space    used 9116K, capacity 9893K, committed 9984K, reserved 1048576K
}
Event: 11.074 GC heap after
{Heap after GC invocations=32 (full 0):
 garbage-first heap   total 189440K, used 113407K [0x0000000080000000, 0x0000000100000000)
  region size 1024K, 6 young (6144K), 6 survivors (6144K)
 Metaspace       used 71315K, capacity 73271K, committed 73596K, reserved 1114112K
  class space    used 9116K, capacity 9893K, committed 9984K, reserved 1048576K
}
Event: 11.647 GC heap before
{Heap before GC invocations=32 (full 0):
 garbage-first heap   total 189440K, used 152319K [0x0000000080000000, 0x0000000100000000)
  region size 1024K, 44 young (45056K), 6 survivors (6144K)
 Metaspace       used 75687K, capacity 77733K, committed 77948K, reserved 1116160K
  class space    used 9872K, capacity 10664K, committed 10752K, reserved 1048576K
}
Event: 11.658 GC heap after
{Heap after GC invocations=33 (full 0):
 garbage-first heap   total 227328K, used 115849K [0x0000000080000000, 0x0000000100000000)
  region size 1024K, 5 young (5120K), 5 survivors (5120K)
 Metaspace       used 75687K, capacity 77733K, committed 77948K, reserved 1116160K
  class space    used 9872K, capacity 10664K, committed 10752K, reserved 1048576K
}
Event: 12.312 GC heap before
{Heap before GC invocations=34 (full 0):
 garbage-first heap   total 227328K, used 169097K [0x0000000080000000, 0x0000000100000000)
  region size 1024K, 58 young (59392K), 5 survivors (5120K)
 Metaspace       used 78253K, capacity 80382K, committed 80636K, reserved 1118208K
  class space    used 10233K, capacity 11073K, committed 11136K, reserved 1048576K
}
Event: 12.322 GC heap after
{Heap after GC invocations=35 (full 0):
 garbage-first heap   total 227328K, used 119842K [0x0000000080000000, 0x0000000100000000)
  region size 1024K, 7 young (7168K), 7 survivors (7168K)
 Metaspace       used 78253K, capacity 80382K, committed 80636K, reserved 1118208K
  class space    used 10233K, capacity 11073K, committed 11136K, reserved 1048576K
}
Event: 12.498 GC heap before
{Heap before GC invocations=36 (full 0):
 garbage-first heap   total 227328K, used 133154K [0x0000000080000000, 0x0000000100000000)
  region size 1024K, 10 young (10240K), 7 survivors (7168K)
 Metaspace       used 78470K, capacity 80606K, committed 80892K, reserved 1120256K
  class space    used 10261K, capacity 11105K, committed 11136K, reserved 1048576K
}
Event: 12.508 GC heap after
{Heap after GC invocations=37 (full 0):
 garbage-first heap   total 227328K, used 134575K [0x0000000080000000, 0x0000000100000000)
  region size 1024K, 7 young (7168K), 7 survivors (7168K)
 Metaspace       used 78470K, capacity 80606K, committed 80892K, reserved 1120256K
  class space    used 10261K, capacity 11105K, committed 11136K, reserved 1048576K
}
Event: 12.703 GC heap before
{Heap before GC invocations=38 (full 0):
 garbage-first heap   total 227328K, used 150959K [0x0000000080000000, 0x0000000100000000)
  region size 1024K, 10 young (10240K), 7 survivors (7168K)
 Metaspace       used 78470K, capacity 80606K, committed 80892K, reserved 1120256K
  class space    used 10261K, capacity 11105K, committed 11136K, reserved 1048576K
}
Event: 12.710 GC heap after
{Heap after GC invocations=39 (full 0):
 garbage-first heap   total 227328K, used 152164K [0x0000000080000000, 0x0000000100000000)
  region size 1024K, 5 young (5120K), 5 survivors (5120K)
 Metaspace       used 78470K, capacity 80606K, committed 80892K, reserved 1120256K
  class space    used 10261K, capacity 11105K, committed 11136K, reserved 1048576K
}
Event: 13.062 GC heap before
{Heap before GC invocations=40 (full 0):
 garbage-first heap   total 227328K, used 197220K [0x0000000080000000, 0x0000000100000000)
  region size 1024K, 36 young (36864K), 5 survivors (5120K)
 Metaspace       used 80338K, capacity 82738K, committed 83068K, reserved 1120256K
  class space    used 10551K, capacity 11420K, committed 11520K, reserved 1048576K
}
Event: 13.067 GC heap after
{Heap after GC invocations=41 (full 0):
 garbage-first heap   total 273408K, used 170513K [0x0000000080000000, 0x0000000100000000)
  region size 1024K, 5 young (5120K), 5 survivors (5120K)
 Metaspace       used 80338K, capacity 82738K, committed 83068K, reserved 1120256K
  class space    used 10551K, capacity 11420K, committed 11520K, reserved 1048576K
}

Deoptimization events (20 events):
Event: 12.927 Thread 0x0000029cc84e8800 Uncommon trap: trap_request=0xffffff4d fr.pc=0x0000029cb5993ce4 relative=0x0000000000000664
Event: 12.927 Thread 0x0000029cc84e8800 Uncommon trap: reason=unstable_if action=reinterpret pc=0x0000029cb5993ce4 method=java.util.HashMap$HashIterator.<init>(Ljava/util/HashMap;)V @ 45 c2
Event: 12.927 Thread 0x0000029cc84e8800 DEOPT PACKING pc=0x0000029cb5993ce4 sp=0x000000a7b33fe9e0
Event: 12.927 Thread 0x0000029cc84e8800 DEOPT UNPACKING pc=0x0000029cadc2a1af sp=0x000000a7b33fe868 mode 2
Event: 12.940 Thread 0x0000029cc84e0000 Uncommon trap: trap_request=0xffffffde fr.pc=0x0000029cb57a58e0 relative=0x0000000000000320
Event: 12.940 Thread 0x0000029cc84e0000 Uncommon trap: reason=class_check action=maybe_recompile pc=0x0000029cb57a58e0 method=java.util.Collections$SetFromMap.remove(Ljava/lang/Object;)Z @ 5 c2
Event: 12.940 Thread 0x0000029cc84e0000 DEOPT PACKING pc=0x0000029cb57a58e0 sp=0x000000a7b2ffea10
Event: 12.940 Thread 0x0000029cc84e0000 DEOPT UNPACKING pc=0x0000029cadc2a1af sp=0x000000a7b2ffe9f8 mode 2
Event: 12.963 Thread 0x0000029cc84e6000 Uncommon trap: trap_request=0xffffffde fr.pc=0x0000029cb594256c relative=0x000000000000022c
Event: 12.963 Thread 0x0000029cc84e6000 Uncommon trap: reason=class_check action=maybe_recompile pc=0x0000029cb594256c method=java.util.stream.StreamOpFlag.fromCharacteristics(Ljava/util/Spliterator;)I @ 14 c2
Event: 12.963 Thread 0x0000029cc84e6000 DEOPT PACKING pc=0x0000029cb594256c sp=0x000000a7acbfcdc0
Event: 12.963 Thread 0x0000029cc84e6000 DEOPT UNPACKING pc=0x0000029cadc2a1af sp=0x000000a7acbfcca8 mode 2
Event: 12.974 Thread 0x0000029cc84e6000 Uncommon trap: trap_request=0xffffffde fr.pc=0x0000029cb57a58e0 relative=0x0000000000000320
Event: 12.974 Thread 0x0000029cc84e6000 Uncommon trap: reason=class_check action=maybe_recompile pc=0x0000029cb57a58e0 method=java.util.Collections$SetFromMap.remove(Ljava/lang/Object;)Z @ 5 c2
Event: 12.974 Thread 0x0000029cc84e6000 DEOPT PACKING pc=0x0000029cb57a58e0 sp=0x000000a7acbfd490
Event: 12.974 Thread 0x0000029cc84e6000 DEOPT UNPACKING pc=0x0000029cadc2a1af sp=0x000000a7acbfd478 mode 2
Event: 13.018 Thread 0x0000029cc84e3800 Uncommon trap: trap_request=0xffffff4d fr.pc=0x0000029cb5943a74 relative=0x0000000000000754
Event: 13.018 Thread 0x0000029cc84e3800 Uncommon trap: reason=unstable_if action=reinterpret pc=0x0000029cb5943a74 method=java.lang.ThreadLocal.get()Ljava/lang/Object; @ 11 c2
Event: 13.018 Thread 0x0000029cc84e3800 DEOPT PACKING pc=0x0000029cb5943a74 sp=0x000000a7b37fc980
Event: 13.018 Thread 0x0000029cc84e3800 DEOPT UNPACKING pc=0x0000029cadc2a1af sp=0x000000a7b37fc808 mode 2

Classes redefined (0 events):
No events

Internal exceptions (20 events):
Event: 12.899 Thread 0x0000029cc71c5800 Exception <a 'java/lang/ClassNotFoundException'{0x000000008cc5ab40}: org/gradle/api/internal/ConventionTaskCustomizer> (0x000000008cc5ab40) thrown at [src/hotspot/share/classfile/systemDictionary.cpp, line 230]
Event: 12.900 Thread 0x0000029cc71c5800 Exception <a 'java/lang/ClassNotFoundException'{0x000000008cc91cf8}: org/gradle/api/tasks/testing/AbstractTestTaskCustomizer> (0x000000008cc91cf8) thrown at [src/hotspot/share/classfile/systemDictionary.cpp, line 230]
Event: 12.968 Thread 0x0000029cc7a25000 Exception <a 'java/lang/NoSuchMethodError'{0x000000008c7affb8}: <clinit>> (0x000000008c7affb8) thrown at [src/hotspot/share/prims/jni.cpp, line 1367]
Event: 12.968 Thread 0x0000029cc7a25000 Exception <a 'java/lang/NoSuchMethodError'{0x000000008c7b1820}: <clinit>> (0x000000008c7b1820) thrown at [src/hotspot/share/prims/jni.cpp, line 1367]
Event: 12.970 Thread 0x0000029cc7a25000 Exception <a 'java/lang/NoSuchMethodError'{0x000000008c7be818}: <clinit>> (0x000000008c7be818) thrown at [src/hotspot/share/prims/jni.cpp, line 1367]
Event: 12.972 Thread 0x0000029cc7a25000 Exception <a 'java/lang/NoSuchMethodError'{0x000000008c7c9f80}: <clinit>> (0x000000008c7c9f80) thrown at [src/hotspot/share/prims/jni.cpp, line 1367]
Event: 12.975 Thread 0x0000029cc7a25000 Exception <a 'java/lang/NoSuchMethodError'{0x000000008c7fcc78}: <clinit>> (0x000000008c7fcc78) thrown at [src/hotspot/share/prims/jni.cpp, line 1367]
Event: 12.977 Thread 0x0000029cc7a25000 Exception <a 'java/lang/NoSuchMethodError'{0x000000008c618450}: <clinit>> (0x000000008c618450) thrown at [src/hotspot/share/prims/jni.cpp, line 1367]
Event: 12.977 Thread 0x0000029cc7a25000 Exception <a 'java/lang/NoSuchMethodError'{0x000000008c619bc0}: <clinit>> (0x000000008c619bc0) thrown at [src/hotspot/share/prims/jni.cpp, line 1367]
Event: 12.977 Thread 0x0000029cc7a25000 Exception <a 'java/lang/NoSuchMethodError'{0x000000008c61b770}: <clinit>> (0x000000008c61b770) thrown at [src/hotspot/share/prims/jni.cpp, line 1367]
Event: 13.017 Thread 0x0000029cc84e3800 Exception <a 'java/lang/NoSuchMethodError'{0x000000008c387dc8}: <clinit>> (0x000000008c387dc8) thrown at [src/hotspot/share/prims/jni.cpp, line 1367]
Event: 13.018 Thread 0x0000029cc84e3800 Implicit null exception at 0x0000029cb5943441 to 0x0000029cb5943a54
Event: 13.026 Thread 0x0000029cc84e3800 Exception <a 'java/lang/NoSuchMethodError'{0x000000008c3a0e08}: <clinit>> (0x000000008c3a0e08) thrown at [src/hotspot/share/prims/jni.cpp, line 1367]
Event: 13.030 Thread 0x0000029cc84e3800 Exception <a 'java/lang/NoSuchMethodError'{0x000000008c287900}: <clinit>> (0x000000008c287900) thrown at [src/hotspot/share/prims/jni.cpp, line 1367]
Event: 13.059 Thread 0x0000029cc71c5800 Exception <a 'java/lang/ClassNotFoundException'{0x000000008bba4898}: org/jetbrains/plugins/gradle/tooling/util/SourceSetCachedFinder$1BeanInfo> (0x000000008bba4898) thrown at [src/hotspot/share/classfile/systemDictionary.cpp, line 230]
Event: 13.059 Thread 0x0000029cc71c5800 Exception <a 'java/lang/ClassNotFoundException'{0x000000008bbb5e10}: org/jetbrains/plugins/gradle/tooling/util/SourceSetCachedFinder$1Customizer> (0x000000008bbb5e10) thrown at [src/hotspot/share/classfile/systemDictionary.cpp, line 230]
Event: 13.062 Thread 0x0000029cc71c5800 Exception <a 'java/lang/ClassNotFoundException'{0x000000008bbf17b0}: org/jetbrains/plugins/gradle/tooling/util/SourceSetCachedFinder$2BeanInfo> (0x000000008bbf17b0) thrown at [src/hotspot/share/classfile/systemDictionary.cpp, line 230]
Event: 13.062 Thread 0x0000029cc71c5800 Exception <a 'java/lang/ClassNotFoundException'{0x000000008bafae48}: org/jetbrains/plugins/gradle/tooling/util/SourceSetCachedFinder$2Customizer> (0x000000008bafae48) thrown at [src/hotspot/share/classfile/systemDictionary.cpp, line 230]
Event: 13.071 Thread 0x0000029cc71c5800 Exception <a 'java/lang/ClassNotFoundException'{0x0000000090a78ef8}: org/jetbrains/plugins/gradle/tooling/util/SourceSetCachedFinderBeanInfo> (0x0000000090a78ef8) thrown at [src/hotspot/share/classfile/systemDictionary.cpp, line 230]
Event: 13.071 Thread 0x0000029cc71c5800 Exception <a 'java/lang/ClassNotFoundException'{0x0000000090a89b68}: org/jetbrains/plugins/gradle/tooling/util/SourceSetCachedFinderCustomizer> (0x0000000090a89b68) thrown at [src/hotspot/share/classfile/systemDictionary.cpp, line 230]

Events (20 events):
Event: 13.070 loading class com/amazon/ion/Decimal
Event: 13.070 loading class com/amazon/ion/Decimal done
Event: 13.070 loading class org/jetbrains/plugins/gradle/tooling/util/SourceSetCachedFinderBeanInfo
Event: 13.070 loading class org/jetbrains/plugins/gradle/tooling/util/SourceSetCachedFinderBeanInfo done
Event: 13.071 loading class org/jetbrains/plugins/gradle/tooling/util/SourceSetCachedFinderBeanInfo
Event: 13.071 loading class org/jetbrains/plugins/gradle/tooling/util/SourceSetCachedFinderBeanInfo done
Event: 13.071 loading class org/jetbrains/plugins/gradle/tooling/util/SourceSetCachedFinderBeanInfo
Event: 13.071 loading class org/jetbrains/plugins/gradle/tooling/util/SourceSetCachedFinderBeanInfo done
Event: 13.071 loading class org/jetbrains/plugins/gradle/tooling/util/SourceSetCachedFinderCustomizer
Event: 13.071 loading class org/jetbrains/plugins/gradle/tooling/util/SourceSetCachedFinderCustomizer done
Event: 13.071 loading class org/jetbrains/plugins/gradle/tooling/util/SourceSetCachedFinderCustomizer
Event: 13.071 loading class org/jetbrains/plugins/gradle/tooling/util/SourceSetCachedFinderCustomizer done
Event: 13.071 loading class com/amazon/ion/UnknownSymbolException
Event: 13.071 loading class com/amazon/ion/UnknownSymbolException done
Event: 13.071 loading class org/jetbrains/plugins/gradle/tooling/util/SourceSetCachedFinderCustomizer
Event: 13.071 loading class org/jetbrains/plugins/gradle/tooling/util/SourceSetCachedFinderCustomizer done
Event: 13.072 loading class com/amazon/ion/impl/bin/_Private_IonRawWriter
Event: 13.072 loading class com/amazon/ion/impl/bin/_Private_IonRawWriter done
Event: 13.073 loading class com/amazon/ion/impl/bin/IonManagedBinaryWriter$ImportedSymbolContext
Event: 13.073 loading class com/amazon/ion/impl/bin/IonManagedBinaryWriter$ImportedSymbolContext done


Dynamic libraries:
0x00007ff68b790000 - 0x00007ff68b79a000 	C:\Program Files\Android\Android Studio\jbr\bin\java.exe
0x00007ffbc9530000 - 0x00007ffbc9728000 	C:\WINDOWS\SYSTEM32\ntdll.dll
0x00007ffbc86b0000 - 0x00007ffbc8772000 	C:\WINDOWS\System32\KERNEL32.DLL
0x00007ffbc6fe0000 - 0x00007ffbc72df000 	C:\WINDOWS\System32\KERNELBASE.dll
0x00007ffbc7350000 - 0x00007ffbc7450000 	C:\WINDOWS\System32\ucrtbase.dll
0x00007ffbc20b0000 - 0x00007ffbc20c7000 	C:\Program Files\Android\Android Studio\jbr\bin\jli.dll
0x00007ffbaab20000 - 0x00007ffbaab3b000 	C:\Program Files\Android\Android Studio\jbr\bin\VCRUNTIME140.dll
0x00007ffbc75c0000 - 0x00007ffbc775d000 	C:\WINDOWS\System32\USER32.dll
0x00007ffbc74e0000 - 0x00007ffbc7502000 	C:\WINDOWS\System32\win32u.dll
0x00007ffbc89d0000 - 0x00007ffbc89fb000 	C:\WINDOWS\System32\GDI32.dll
0x00007ffba8650000 - 0x00007ffba88ea000 	C:\WINDOWS\WinSxS\amd64_microsoft.windows.common-controls_6595b64144ccf1df_6.0.19041.4355_none_60b8b9eb71f62e16\COMCTL32.dll
0x00007ffbc6c70000 - 0x00007ffbc6d87000 	C:\WINDOWS\System32\gdi32full.dll
0x00007ffbc9050000 - 0x00007ffbc90ee000 	C:\WINDOWS\System32\msvcrt.dll
0x00007ffbc6f40000 - 0x00007ffbc6fdd000 	C:\WINDOWS\System32\msvcp_win.dll
0x00007ffbc91d0000 - 0x00007ffbc91ff000 	C:\WINDOWS\System32\IMM32.DLL
0x00007ffbc03e0000 - 0x00007ffbc03ec000 	C:\Program Files\Android\Android Studio\jbr\bin\vcruntime140_1.dll
0x00007ffb8df80000 - 0x00007ffb8e00d000 	C:\Program Files\Android\Android Studio\jbr\bin\msvcp140.dll
0x00007ffb62e80000 - 0x00007ffb63a3c000 	C:\Program Files\Android\Android Studio\jbr\bin\server\jvm.dll
0x00007ffbc9380000 - 0x00007ffbc9431000 	C:\WINDOWS\System32\ADVAPI32.dll
0x00007ffbc92e0000 - 0x00007ffbc937f000 	C:\WINDOWS\System32\sechost.dll
0x00007ffbc8780000 - 0x00007ffbc88a3000 	C:\WINDOWS\System32\RPCRT4.dll
0x00007ffbc7510000 - 0x00007ffbc7537000 	C:\WINDOWS\System32\bcrypt.dll
0x00007ffbc92d0000 - 0x00007ffbc92d8000 	C:\WINDOWS\System32\PSAPI.DLL
0x00007ffbc2a40000 - 0x00007ffbc2a49000 	C:\WINDOWS\SYSTEM32\WSOCK32.dll
0x00007ffbc8f00000 - 0x00007ffbc8f6b000 	C:\WINDOWS\System32\WS2_32.dll
0x00007ffbbd650000 - 0x00007ffbbd65a000 	C:\WINDOWS\SYSTEM32\VERSION.dll
0x00007ffbb12c0000 - 0x00007ffbb12e7000 	C:\WINDOWS\SYSTEM32\WINMM.dll
0x00007ffbc4c20000 - 0x00007ffbc4c32000 	C:\WINDOWS\SYSTEM32\kernel.appcore.dll
0x00007ffbb7630000 - 0x00007ffbb7640000 	C:\Program Files\Android\Android Studio\jbr\bin\verify.dll
0x00007ffbc47f0000 - 0x00007ffbc49d4000 	C:\WINDOWS\SYSTEM32\DBGHELP.DLL
0x00007ffbae000000 - 0x00007ffbae034000 	C:\WINDOWS\SYSTEM32\dbgcore.DLL
0x00007ffbc7450000 - 0x00007ffbc74d2000 	C:\WINDOWS\System32\bcryptPrimitives.dll
0x00007ffbb4280000 - 0x00007ffbb42a8000 	C:\Program Files\Android\Android Studio\jbr\bin\java.dll
0x00007ffbb4270000 - 0x00007ffbb427a000 	C:\Program Files\Android\Android Studio\jbr\bin\jimage.dll
0x00007ffbb4250000 - 0x00007ffbb4268000 	C:\Program Files\Android\Android Studio\jbr\bin\zip.dll
0x00007ffbc78a0000 - 0x00007ffbc800e000 	C:\WINDOWS\System32\SHELL32.dll
0x00007ffbc4c40000 - 0x00007ffbc53e4000 	C:\WINDOWS\SYSTEM32\windows.storage.dll
0x00007ffbc81c0000 - 0x00007ffbc8515000 	C:\WINDOWS\System32\combase.dll
0x00007ffbc65f0000 - 0x00007ffbc661f000 	C:\WINDOWS\SYSTEM32\Wldp.dll
0x00007ffbc9200000 - 0x00007ffbc92cd000 	C:\WINDOWS\System32\OLEAUT32.dll
0x00007ffbc9440000 - 0x00007ffbc94ed000 	C:\WINDOWS\System32\SHCORE.dll
0x00007ffbc9150000 - 0x00007ffbc91a5000 	C:\WINDOWS\System32\shlwapi.dll
0x00007ffbc6af0000 - 0x00007ffbc6b14000 	C:\WINDOWS\SYSTEM32\profapi.dll
0x00007ffba0ec0000 - 0x00007ffba0ed9000 	C:\Program Files\Android\Android Studio\jbr\bin\net.dll
0x00007ffbbe4f0000 - 0x00007ffbbe5fd000 	C:\WINDOWS\SYSTEM32\WINHTTP.dll
0x00007ffbc6350000 - 0x00007ffbc63ba000 	C:\WINDOWS\system32\mswsock.dll
0x00007ffba0ea0000 - 0x00007ffba0eb3000 	C:\Program Files\Android\Android Studio\jbr\bin\nio.dll
0x00007ffbb77c0000 - 0x00007ffbb77e7000 	C:\Users\HP-PC\.gradle\native\e1d6ef7f7dcc3fd88c89a11ec53ec762bb8ba0a96d01ffa2cd45eb1d1d8dd5c5\windows-amd64\native-platform.dll
0x00007ffb86fd0000 - 0x00007ffb87114000 	C:\Users\HP-PC\.gradle\native\0d407fdbe67a94daf76414ababcb853783967236a71b16ec16e742cd7a986fd3\windows-amd64\native-platform-file-events.dll
0x00007ffbb35d0000 - 0x00007ffbb35da000 	C:\Program Files\Android\Android Studio\jbr\bin\management.dll
0x00007ffbb34e0000 - 0x00007ffbb34eb000 	C:\Program Files\Android\Android Studio\jbr\bin\management_ext.dll
0x00007ffbc6540000 - 0x00007ffbc6558000 	C:\WINDOWS\SYSTEM32\CRYPTSP.dll
0x00007ffbc5c00000 - 0x00007ffbc5c34000 	C:\WINDOWS\system32\rsaenh.dll
0x00007ffbc6a70000 - 0x00007ffbc6a9e000 	C:\WINDOWS\SYSTEM32\USERENV.dll
0x00007ffbc6560000 - 0x00007ffbc656c000 	C:\WINDOWS\SYSTEM32\CRYPTBASE.dll
0x00007ffbc5fe0000 - 0x00007ffbc601b000 	C:\WINDOWS\SYSTEM32\IPHLPAPI.DLL
0x00007ffbc8a00000 - 0x00007ffbc8a08000 	C:\WINDOWS\System32\NSI.dll
0x00007ffbbf2b0000 - 0x00007ffbbf2c7000 	C:\WINDOWS\SYSTEM32\dhcpcsvc6.DLL
0x00007ffbbf9c0000 - 0x00007ffbbf9dd000 	C:\WINDOWS\SYSTEM32\dhcpcsvc.DLL
0x00007ffbc6020000 - 0x00007ffbc60ea000 	C:\WINDOWS\SYSTEM32\DNSAPI.dll

dbghelp: loaded successfully - version: 4.0.5 - missing functions: none
symbol engine: initialized successfully - sym options: 0x614 - pdb path: .;C:\Program Files\Android\Android Studio\jbr\bin;C:\WINDOWS\SYSTEM32;C:\WINDOWS\WinSxS\amd64_microsoft.windows.common-controls_6595b64144ccf1df_6.0.19041.4355_none_60b8b9eb71f62e16;C:\Program Files\Android\Android Studio\jbr\bin\server;C:\Users\HP-PC\.gradle\native\e1d6ef7f7dcc3fd88c89a11ec53ec762bb8ba0a96d01ffa2cd45eb1d1d8dd5c5\windows-amd64;C:\Users\HP-PC\.gradle\native\0d407fdbe67a94daf76414ababcb853783967236a71b16ec16e742cd7a986fd3\windows-amd64

VM Arguments:
jvm_args: --add-opens=java.base/java.util=ALL-UNNAMED --add-opens=java.base/java.lang=ALL-UNNAMED --add-opens=java.base/java.lang.invoke=ALL-UNNAMED --add-opens=java.base/java.util=ALL-UNNAMED --add-opens=java.prefs/java.util.prefs=ALL-UNNAMED --add-opens=java.prefs/java.util.prefs=ALL-UNNAMED --add-opens=java.base/java.nio.charset=ALL-UNNAMED --add-opens=java.base/java.net=ALL-UNNAMED --add-opens=java.base/java.util.concurrent.atomic=ALL-UNNAMED -Xmx2048m -Dfile.encoding=UTF-8 -Duser.country=US -Duser.language=en -Duser.variant 
java_command: org.gradle.launcher.daemon.bootstrap.GradleDaemon 7.5
java_class_path (initial): C:\Users\HP-PC\.gradle\wrapper\dists\gradle-7.5-bin\f1w0cc9nuo0eivz97x2xlu9sv\gradle-7.5\lib\gradle-launcher-7.5.jar
Launcher Type: SUN_STANDARD

[Global flags]
     intx CICompilerCount                          = 4                                         {product} {ergonomic}
     uint ConcGCThreads                            = 2                                         {product} {ergonomic}
     uint G1ConcRefinementThreads                  = 8                                         {product} {ergonomic}
   size_t G1HeapRegionSize                         = 1048576                                   {product} {ergonomic}
    uintx GCDrainStackTargetSize                   = 64                                        {product} {ergonomic}
   size_t InitialHeapSize                          = 134217728                                 {product} {ergonomic}
   size_t MarkStackSize                            = 4194304                                   {product} {ergonomic}
   size_t MaxHeapSize                              = 2147483648                                {product} {command line}
   size_t MaxNewSize                               = 1287651328                                {product} {ergonomic}
   size_t MinHeapDeltaBytes                        = 1048576                                   {product} {ergonomic}
    uintx NonNMethodCodeHeapSize                   = 5836300                                {pd product} {ergonomic}
    uintx NonProfiledCodeHeapSize                  = 122910970                              {pd product} {ergonomic}
    uintx ProfiledCodeHeapSize                     = 122910970                              {pd product} {ergonomic}
    uintx ReservedCodeCacheSize                    = 251658240                              {pd product} {ergonomic}
     bool SegmentedCodeCache                       = true                                      {product} {ergonomic}
     bool UseCompressedClassPointers               = true                                 {lp64_product} {ergonomic}
     bool UseCompressedOops                        = true                                 {lp64_product} {ergonomic}
     bool UseG1GC                                  = true                                      {product} {ergonomic}
     bool UseLargePagesIndividualAllocation        = false                                  {pd product} {ergonomic}

Logging:
Log output configuration:
 #0: stdout all=warning uptime,level,tags
 #1: stderr all=off uptime,level,tags

Environment Variables:
PATH=C:\ProgramData\Oracle\Java\javapath;C:\Program Files (x86)\Common Files\Oracle\Java\javapath;C:\Windows\system32;C:\Windows;C:\Windows\System32\Wbem;C:\Windows\System32\WindowsPowerShell\v1.0\;C:\Windows\System32\OpenSSH\;C:\Program Files (x86)\NVIDIA Corporation\PhysX\Common;C:\WINDOWS\system32;C:\WINDOWS;C:\WINDOWS\System32\Wbem;C:\WINDOWS\System32\WindowsPowerShell\v1.0\;C:\WINDOWS\System32\OpenSSH\;C:\Program;C:\Program Files\Java\jdk1.8.0_151\bin;C:\Program Files\Git\cmd;C:\MinGW\bin;C:\Program Files\MySQL\MySQL Server 5.5\bin;C:\Users\HP-PC\AppData\Local\Programs\Python\Python311\Scripts\;C:\Users\HP-PC\AppData\Local\Programs\Python\Python311\;C:\Users\HP-PC\AppData\Local\Microsoft\WindowsApps;C:\IntelliJ IDEA 2021.2\bin;C:\Program Files\JetBrains\IntelliJ IDEA 2021.2\bin;C:\xampp\mysql\bin;;C:\Users\HP-PC\AppData\Local\Programs\Microsoft VS Code\bin
USERNAME=HP-PC
OS=Windows_NT
PROCESSOR_IDENTIFIER=Intel64 Family 6 Model 142 Stepping 10, GenuineIntel



---------------  S Y S T E M  ---------------

OS: Windows 10 , 64 bit Build 19041 (10.0.19041.5198)
OS uptime: 28 days 0:02 hours

CPU:total 8 (initial active 8) (4 cores per cpu, 2 threads per core) family 6 model 142 stepping 10 microcode 0xf4, cmov, cx8, fxsr, mmx, sse, sse2, sse3, ssse3, sse4.1, sse4.2, popcnt, avx, avx2, aes, clmul, erms, 3dnowpref, lzcnt, ht, tsc, tscinvbit, bmi1, bmi2, adx, fma

Memory: 4k page, system-wide physical 8094M (518M free)
TotalPageFile size 16880M (AvailPageFile size 4M)
current process WorkingSet (physical memory assigned to process): 516M, peak: 516M
current process commit charge ("private bytes"): 573M, peak: 573M

vm_info: OpenJDK 64-Bit Server VM (11.0.15+0-b2043.56-9505619) for windows-amd64 JRE (11.0.15+0-b2043.56-9505619), built on Jan 19 2023 02:48:00 by "builduser" with unknown MS VC++:1929

END.
