#
# There is insufficient memory for the Java Runtime Environment to continue.
# Native memory allocation (mmap) failed to map 32505856 bytes for Failed to commit area from 0x0000000089a00000 to 0x000000008b900000 of length 32505856.
# Possible reasons:
#   The system is out of physical RAM or swap space
#   The process is running with CompressedOops enabled, and the Java Heap may be blocking the growth of the native heap
# Possible solutions:
#   Reduce memory load on the system
#   Increase physical memory or swap space
#   Check if swap backing store is full
#   Decrease Java heap size (-Xmx/-Xms)
#   Decrease number of Java threads
#   Decrease Java thread stack sizes (-Xss)
#   Set larger code cache with -XX:ReservedCodeCacheSize=
#   JVM is running with Unscaled Compressed Oops mode in which the Java heap is
#     placed in the first 4GB address space. The Java Heap base address is the
#     maximum limit for the native heap growth. Please use -XX:HeapBaseMinAddress
#     to set the Java Heap base and to place the Java Heap above 4GB virtual address.
# This output file may be truncated or incomplete.
#
#  Out of Memory Error (src/hotspot/os/windows/os_windows.cpp:3627), pid=20996, tid=5644
#
# JRE version: OpenJDK Runtime Environment (11.0.15) (build 11.0.15+0-b2043.56-9505619)
# Java VM: OpenJDK 64-Bit Server VM (11.0.15+0-b2043.56-9505619, mixed mode, tiered, compressed oops, g1 gc, windows-amd64)
# No core dump will be written. Minidumps are not enabled by default on client versions of Windows
#

---------------  S U M M A R Y ------------

Command Line: --add-opens=java.base/java.util=ALL-UNNAMED --add-opens=java.base/java.lang=ALL-UNNAMED --add-opens=java.base/java.lang.invoke=ALL-UNNAMED --add-opens=java.base/java.util=ALL-UNNAMED --add-opens=java.prefs/java.util.prefs=ALL-UNNAMED --add-opens=java.prefs/java.util.prefs=ALL-UNNAMED --add-opens=java.base/java.nio.charset=ALL-UNNAMED --add-opens=java.base/java.net=ALL-UNNAMED --add-opens=java.base/java.util.concurrent.atomic=ALL-UNNAMED -Xmx2048m -Dfile.encoding=UTF-8 -Duser.country=US -Duser.language=en -Duser.variant org.gradle.launcher.daemon.bootstrap.GradleDaemon 7.5

Host: Intel(R) Core(TM) i5-8250U CPU @ 1.60GHz, 8 cores, 7G,  Windows 10 , 64 bit Build 19041 (10.0.19041.5198)
Time: Mon Apr 14 20:44:38 2025 India Standard Time elapsed time: 8.328631 seconds (0d 0h 0m 8s)

---------------  T H R E A D  ---------------

Current thread (0x00000258fc242800):  VMThread "VM Thread" [stack: 0x000000a885400000,0x000000a885500000] [id=5644]

Stack: [0x000000a885400000,0x000000a885500000]
[error occurred during error reporting (printing stack bounds), id 0xc0000005, EXCEPTION_ACCESS_VIOLATION (0xc0000005) at pc=0x00000258e50b112d]

Native frames: (J=compiled Java code, j=interpreted, Vv=VM code, C=native code)
V  [jvm.dll+0x64135a]
V  [jvm.dll+0x7d39f9]
V  [jvm.dll+0x7d51b9]
V  [jvm.dll+0x7d5805]
V  [jvm.dll+0x7d57bb]
V  [jvm.dll+0x640655]
V  [jvm.dll+0x640d68]
C  [ntdll.dll+0xa28bf]
C  [ntdll.dll+0x52554]
C  [ntdll.dll+0xa13ce]
C  0x00000258e50b112d

VM_Operation (0x000000a8867f1a70): G1CollectForAllocation, mode: safepoint, requested by thread 0x00000258fddc3800


---------------  P R O C E S S  ---------------

Threads class SMR info:
_java_thread_list=0x00000258fea9b7f0, length=125, elements={
0x00000258dfdbc800, 0x00000258fc246800, 0x00000258fca5a800, 0x00000258fcaa8800,
0x00000258fcaab000, 0x00000258fcaac000, 0x00000258fcaaf800, 0x00000258fcaba800,
0x00000258fcac1000, 0x00000258fcc24800, 0x00000258fefa5000, 0x00000258fcf9d800,
0x00000258fea67800, 0x00000258fdce2000, 0x00000258801e5800, 0x00000258ff5a9000,
0x00000258fddc3800, 0x00000258ff239800, 0x00000258804f0800, 0x00000258804f1000,
0x00000258ff6c4800, 0x00000258fe2eb800, 0x00000258fe2ee000, 0x00000258fe2ef800,
0x00000258ff29a800, 0x00000258fe2ea000, 0x00000258fe2ee800, 0x00000258fe2f0800,
0x00000258fe2ec000, 0x00000258fe2ed000, 0x00000258fe2ea800, 0x00000258ff887000,
0x00000258ff88b800, 0x00000258ff886000, 0x00000258ff888800, 0x00000258ff88f000,
0x00000258ff889800, 0x00000258ff890800, 0x00000258ff890000, 0x00000258ff894800,
0x00000258ff893000, 0x00000258ff894000, 0x0000025882222800, 0x0000025882225800,
0x0000025882221000, 0x0000025882224000, 0x0000025882226800, 0x0000025882225000,
0x0000025882221800, 0x0000025882223800, 0x000002588222a000, 0x0000025882228000,
0x000002588222a800, 0x000002588222c000, 0x0000025882227800, 0x000002588222e000,
0x000002588222b800, 0x000002588222e800, 0x000002588222d000, 0x0000025882229000,
0x000002588222f800, 0x00000258fcdef000, 0x00000258fcdf2800, 0x00000258fcdf1800,
0x00000258fcdf0000, 0x00000258fcded800, 0x00000258fcdee000, 0x00000258fcdf0800,
0x00000258fcdec800, 0x00000258fcdf6800, 0x00000258fcdf4000, 0x00000258fcdf7000,
0x00000258fcdf4800, 0x00000258fcdf3000, 0x00000258fcdfa800, 0x00000258fcdf5800,
0x00000258fcdf9000, 0x00000258fcdf8000, 0x00000258fcdfb800, 0x00000258fcdf9800,
0x0000025881eaf800, 0x0000025881ead000, 0x0000025881eb1000, 0x0000025881eb0800,
0x0000025881eb2000, 0x0000025881eae000, 0x0000025881eac800, 0x0000025881eb3000,
0x0000025881eb3800, 0x0000025881eb4800, 0x0000025881eaf000, 0x0000025881eb8000,
0x0000025881eba000, 0x0000025881ebb000, 0x0000025881eb5800, 0x0000025881eb6000,
0x0000025881eb7000, 0x0000025881eb8800, 0x0000025881eb9800, 0x0000025880da3000,
0x0000025880da4000, 0x0000025880da5800, 0x0000025880da4800, 0x0000025880da8000,
0x0000025880da2000, 0x0000025880da9800, 0x0000025880da6800, 0x0000025880dab000,
0x0000025880dad000, 0x0000025880dac000, 0x0000025880da7000, 0x0000025880dad800,
0x0000025880dae800, 0x0000025880da9000, 0x0000025880daf800, 0x0000025880db0000,
0x0000025880daa800, 0x0000025880db1000, 0x0000025882bd1800, 0x0000025882bd3800,
0x0000025882bd4000, 0x0000025882bd1000, 0x0000025882bd2800, 0x0000025882bd5000,
0x0000025882bcf000
}

Java Threads: ( => current thread )
  0x00000258dfdbc800 JavaThread "main" [_thread_blocked, id=22332, stack(0x000000a884e00000,0x000000a884f00000)]
  0x00000258fc246800 JavaThread "Reference Handler" daemon [_thread_blocked, id=23572, stack(0x000000a885500000,0x000000a885600000)]
  0x00000258fca5a800 JavaThread "Finalizer" daemon [_thread_blocked, id=28580, stack(0x000000a885600000,0x000000a885700000)]
  0x00000258fcaa8800 JavaThread "Signal Dispatcher" daemon [_thread_blocked, id=16592, stack(0x000000a885700000,0x000000a885800000)]
  0x00000258fcaab000 JavaThread "Attach Listener" daemon [_thread_blocked, id=31192, stack(0x000000a885800000,0x000000a885900000)]
  0x00000258fcaac000 JavaThread "Service Thread" daemon [_thread_blocked, id=30220, stack(0x000000a885900000,0x000000a885a00000)]
  0x00000258fcaaf800 JavaThread "C2 CompilerThread0" daemon [_thread_blocked, id=2312, stack(0x000000a885a00000,0x000000a885b00000)]
  0x00000258fcaba800 JavaThread "C1 CompilerThread0" daemon [_thread_blocked, id=21336, stack(0x000000a885b00000,0x000000a885c00000)]
  0x00000258fcac1000 JavaThread "Sweeper thread" daemon [_thread_blocked, id=9716, stack(0x000000a885c00000,0x000000a885d00000)]
  0x00000258fcc24800 JavaThread "Common-Cleaner" daemon [_thread_blocked, id=23484, stack(0x000000a885d00000,0x000000a885e00000)]
  0x00000258fefa5000 JavaThread "Daemon health stats" [_thread_blocked, id=30640, stack(0x000000a886300000,0x000000a886400000)]
  0x00000258fcf9d800 JavaThread "Incoming local TCP Connector on port 49310" [_thread_in_native, id=27704, stack(0x000000a885f00000,0x000000a886000000)]
  0x00000258fea67800 JavaThread "Daemon periodic checks" [_thread_blocked, id=9552, stack(0x000000a886000000,0x000000a886100000)]
  0x00000258fdce2000 JavaThread "Daemon" [_thread_blocked, id=31396, stack(0x000000a886400000,0x000000a886500000)]
  0x00000258801e5800 JavaThread "Handler for socket connection from /127.0.0.1:49310 to /127.0.0.1:49311" [_thread_in_native, id=8020, stack(0x000000a886500000,0x000000a886600000)]
  0x00000258ff5a9000 JavaThread "Cancel handler" [_thread_blocked, id=10452, stack(0x000000a886600000,0x000000a886700000)]
  0x00000258fddc3800 JavaThread "Daemon worker" [_thread_blocked, id=8656, stack(0x000000a886700000,0x000000a886800000)]
  0x00000258ff239800 JavaThread "C2 CompilerThread1" daemon [_thread_blocked, id=31980, stack(0x000000a886800000,0x000000a886900000)]
  0x00000258804f0800 JavaThread "Asynchronous log dispatcher for DefaultDaemonConnection: socket connection from /127.0.0.1:49310 to /127.0.0.1:49311" [_thread_blocked, id=20356, stack(0x000000a886900000,0x000000a886a00000)]
  0x00000258804f1000 JavaThread "Stdin handler" [_thread_blocked, id=13280, stack(0x000000a886a00000,0x000000a886b00000)]
  0x00000258ff6c4800 JavaThread "Daemon client event forwarder" [_thread_blocked, id=25916, stack(0x000000a886b00000,0x000000a886c00000)]
  0x00000258fe2eb800 JavaThread "Cache worker for journal cache (C:\Users\HP-PC\.gradle\caches\journal-1)" [_thread_blocked, id=2740, stack(0x000000a886c00000,0x000000a886d00000)]
  0x00000258fe2ee000 JavaThread "File lock request listener" [_thread_in_native, id=18588, stack(0x000000a887200000,0x000000a887300000)]
  0x00000258fe2ef800 JavaThread "Cache worker for file hash cache (C:\Users\HP-PC\.gradle\caches\7.5\fileHashes)" [_thread_blocked, id=4612, stack(0x000000a887300000,0x000000a887400000)]
  0x00000258ff29a800 JavaThread "C2 CompilerThread2" daemon [_thread_blocked, id=19156, stack(0x000000a887500000,0x000000a887600000)]
  0x00000258fe2ea000 JavaThread "File watcher server" daemon [_thread_in_native, id=13616, stack(0x000000a887600000,0x000000a887700000)]
  0x00000258fe2ee800 JavaThread "File watcher consumer" daemon [_thread_blocked, id=12696, stack(0x000000a887700000,0x000000a887800000)]
  0x00000258fe2f0800 JavaThread "Cache worker for checksums cache (C:\Users\HP-PC\AndroidStudioProjects\TalathiAttendance-master\.gradle\7.5\checksums)" [_thread_blocked, id=32784, stack(0x000000a887800000,0x000000a887900000)]
  0x00000258fe2ec000 JavaThread "Cache worker for cache directory md-rule (C:\Users\HP-PC\.gradle\caches\7.5\md-rule)" [_thread_blocked, id=33268, stack(0x000000a887900000,0x000000a887a00000)]
  0x00000258fe2ed000 JavaThread "Cache worker for file content cache (C:\Users\HP-PC\.gradle\caches\7.5\fileContent)" [_thread_blocked, id=24332, stack(0x000000a887a00000,0x000000a887b00000)]
  0x00000258fe2ea800 JavaThread "Cache worker for file hash cache (C:\Users\HP-PC\AndroidStudioProjects\TalathiAttendance-master\.gradle\7.5\fileHashes)" [_thread_blocked, id=7104, stack(0x000000a887b00000,0x000000a887c00000)]
  0x00000258ff887000 JavaThread "Cache worker for cache directory md-supplier (C:\Users\HP-PC\.gradle\caches\7.5\md-supplier)" [_thread_blocked, id=5276, stack(0x000000a887c00000,0x000000a887d00000)]
  0x00000258ff88b800 JavaThread "Cache worker for execution history cache (C:\Users\HP-PC\.gradle\caches\7.5\executionHistory)" [_thread_blocked, id=28484, stack(0x000000a887d00000,0x000000a887e00000)]
  0x00000258ff886000 JavaThread "jar transforms" [_thread_blocked, id=22684, stack(0x000000a887e00000,0x000000a887f00000)]
  0x00000258ff888800 JavaThread "jar transforms Thread 2" [_thread_blocked, id=18900, stack(0x000000a887f00000,0x000000a888000000)]
  0x00000258ff88f000 JavaThread "jar transforms Thread 3" [_thread_blocked, id=16748, stack(0x000000a888000000,0x000000a888100000)]
  0x00000258ff889800 JavaThread "jar transforms Thread 4" [_thread_blocked, id=17544, stack(0x000000a888100000,0x000000a888200000)]
  0x00000258ff890800 JavaThread "Cache worker for dependencies-accessors (C:\Users\HP-PC\AndroidStudioProjects\TalathiAttendance-master\.gradle\7.5\dependencies-accessors)" [_thread_blocked, id=25312, stack(0x000000a888200000,0x000000a888300000)]
  0x00000258ff890000 JavaThread "jar transforms Thread 5" [_thread_blocked, id=31884, stack(0x000000a888300000,0x000000a888400000)]
  0x00000258ff894800 JavaThread "Cache worker for Build Output Cleanup Cache (C:\Users\HP-PC\AndroidStudioProjects\TalathiAttendance-master\.gradle\buildOutputCleanup)" [_thread_blocked, id=24320, stack(0x000000a888400000,0x000000a888500000)]
  0x00000258ff893000 JavaThread "Unconstrained build operations" [_thread_blocked, id=20920, stack(0x000000a888500000,0x000000a888600000)]
  0x00000258ff894000 JavaThread "Unconstrained build operations Thread 2" [_thread_blocked, id=3828, stack(0x000000a888600000,0x000000a888700000)]
  0x0000025882222800 JavaThread "Unconstrained build operations Thread 3" [_thread_blocked, id=11956, stack(0x000000a888700000,0x000000a888800000)]
  0x0000025882225800 JavaThread "Unconstrained build operations Thread 4" [_thread_blocked, id=17940, stack(0x000000a888800000,0x000000a888900000)]
  0x0000025882221000 JavaThread "Unconstrained build operations Thread 5" [_thread_blocked, id=17936, stack(0x000000a888900000,0x000000a888a00000)]
  0x0000025882224000 JavaThread "Unconstrained build operations Thread 6" [_thread_blocked, id=3196, stack(0x000000a888a00000,0x000000a888b00000)]
  0x0000025882226800 JavaThread "Unconstrained build operations Thread 7" [_thread_blocked, id=29060, stack(0x000000a888b00000,0x000000a888c00000)]
  0x0000025882225000 JavaThread "Unconstrained build operations Thread 8" [_thread_blocked, id=9000, stack(0x000000a888c00000,0x000000a888d00000)]
  0x0000025882221800 JavaThread "Unconstrained build operations Thread 9" [_thread_blocked, id=16788, stack(0x000000a888d00000,0x000000a888e00000)]
  0x0000025882223800 JavaThread "Unconstrained build operations Thread 10" [_thread_blocked, id=32580, stack(0x000000a888e00000,0x000000a888f00000)]
  0x000002588222a000 JavaThread "Unconstrained build operations Thread 11" [_thread_blocked, id=24000, stack(0x000000a888f00000,0x000000a889000000)]
  0x0000025882228000 JavaThread "Unconstrained build operations Thread 12" [_thread_blocked, id=18260, stack(0x000000a889000000,0x000000a889100000)]
  0x000002588222a800 JavaThread "Unconstrained build operations Thread 13" [_thread_blocked, id=13648, stack(0x000000a889100000,0x000000a889200000)]
  0x000002588222c000 JavaThread "Unconstrained build operations Thread 14" [_thread_blocked, id=31600, stack(0x000000a889200000,0x000000a889300000)]
  0x0000025882227800 JavaThread "Unconstrained build operations Thread 15" [_thread_blocked, id=15868, stack(0x000000a889300000,0x000000a889400000)]
  0x000002588222e000 JavaThread "Unconstrained build operations Thread 16" [_thread_blocked, id=32016, stack(0x000000a889400000,0x000000a889500000)]
  0x000002588222b800 JavaThread "Unconstrained build operations Thread 17" [_thread_blocked, id=25556, stack(0x000000a889500000,0x000000a889600000)]
  0x000002588222e800 JavaThread "Unconstrained build operations Thread 18" [_thread_blocked, id=17216, stack(0x000000a889600000,0x000000a889700000)]
  0x000002588222d000 JavaThread "Unconstrained build operations Thread 19" [_thread_blocked, id=13292, stack(0x000000a889700000,0x000000a889800000)]
  0x0000025882229000 JavaThread "Unconstrained build operations Thread 20" [_thread_blocked, id=29712, stack(0x000000a889800000,0x000000a889900000)]
  0x000002588222f800 JavaThread "Unconstrained build operations Thread 21" [_thread_blocked, id=25504, stack(0x000000a889900000,0x000000a889a00000)]
  0x00000258fcdef000 JavaThread "Unconstrained build operations Thread 22" [_thread_blocked, id=22400, stack(0x000000a889a00000,0x000000a889b00000)]
  0x00000258fcdf2800 JavaThread "Unconstrained build operations Thread 23" [_thread_blocked, id=21984, stack(0x000000a889b00000,0x000000a889c00000)]
  0x00000258fcdf1800 JavaThread "Unconstrained build operations Thread 24" [_thread_blocked, id=7396, stack(0x000000a889c00000,0x000000a889d00000)]
  0x00000258fcdf0000 JavaThread "Unconstrained build operations Thread 25" [_thread_blocked, id=12008, stack(0x000000a889d00000,0x000000a889e00000)]
  0x00000258fcded800 JavaThread "Unconstrained build operations Thread 26" [_thread_blocked, id=30416, stack(0x000000a889e00000,0x000000a889f00000)]
  0x00000258fcdee000 JavaThread "Unconstrained build operations Thread 27" [_thread_blocked, id=32504, stack(0x000000a889f00000,0x000000a88a000000)]
  0x00000258fcdf0800 JavaThread "Unconstrained build operations Thread 28" [_thread_blocked, id=24592, stack(0x000000a88a000000,0x000000a88a100000)]
  0x00000258fcdec800 JavaThread "Unconstrained build operations Thread 29" [_thread_blocked, id=5260, stack(0x000000a88a100000,0x000000a88a200000)]
  0x00000258fcdf6800 JavaThread "Unconstrained build operations Thread 30" [_thread_blocked, id=18652, stack(0x000000a88a200000,0x000000a88a300000)]
  0x00000258fcdf4000 JavaThread "Unconstrained build operations Thread 31" [_thread_blocked, id=13548, stack(0x000000a88a300000,0x000000a88a400000)]
  0x00000258fcdf7000 JavaThread "Unconstrained build operations Thread 32" [_thread_blocked, id=28188, stack(0x000000a88a400000,0x000000a88a500000)]
  0x00000258fcdf4800 JavaThread "Unconstrained build operations Thread 33" [_thread_blocked, id=31068, stack(0x000000a88a500000,0x000000a88a600000)]
  0x00000258fcdf3000 JavaThread "Unconstrained build operations Thread 34" [_thread_blocked, id=6336, stack(0x000000a88a600000,0x000000a88a700000)]
  0x00000258fcdfa800 JavaThread "Unconstrained build operations Thread 35" [_thread_blocked, id=3956, stack(0x000000a88a700000,0x000000a88a800000)]
  0x00000258fcdf5800 JavaThread "Unconstrained build operations Thread 36" [_thread_blocked, id=22800, stack(0x000000a88a800000,0x000000a88a900000)]
  0x00000258fcdf9000 JavaThread "Unconstrained build operations Thread 37" [_thread_blocked, id=32516, stack(0x000000a88a900000,0x000000a88aa00000)]
  0x00000258fcdf8000 JavaThread "Unconstrained build operations Thread 38" [_thread_blocked, id=21044, stack(0x000000a88aa00000,0x000000a88ab00000)]
  0x00000258fcdfb800 JavaThread "Unconstrained build operations Thread 39" [_thread_blocked, id=17700, stack(0x000000a88ab00000,0x000000a88ac00000)]
  0x00000258fcdf9800 JavaThread "Unconstrained build operations Thread 40" [_thread_blocked, id=15524, stack(0x000000a88ac00000,0x000000a88ad00000)]
  0x0000025881eaf800 JavaThread "Unconstrained build operations Thread 41" [_thread_blocked, id=29660, stack(0x000000a88ad00000,0x000000a88ae00000)]
  0x0000025881ead000 JavaThread "Unconstrained build operations Thread 42" [_thread_blocked, id=12100, stack(0x000000a88ae00000,0x000000a88af00000)]
  0x0000025881eb1000 JavaThread "Unconstrained build operations Thread 43" [_thread_blocked, id=30476, stack(0x000000a88af00000,0x000000a88b000000)]
  0x0000025881eb0800 JavaThread "Unconstrained build operations Thread 44" [_thread_blocked, id=9456, stack(0x000000a88b000000,0x000000a88b100000)]
  0x0000025881eb2000 JavaThread "Unconstrained build operations Thread 45" [_thread_blocked, id=6752, stack(0x000000a88b100000,0x000000a88b200000)]
  0x0000025881eae000 JavaThread "Unconstrained build operations Thread 46" [_thread_blocked, id=26164, stack(0x000000a88b200000,0x000000a88b300000)]
  0x0000025881eac800 JavaThread "Unconstrained build operations Thread 47" [_thread_blocked, id=20752, stack(0x000000a88b300000,0x000000a88b400000)]
  0x0000025881eb3000 JavaThread "Unconstrained build operations Thread 48" [_thread_blocked, id=26740, stack(0x000000a88b400000,0x000000a88b500000)]
  0x0000025881eb3800 JavaThread "Unconstrained build operations Thread 49" [_thread_blocked, id=27176, stack(0x000000a88b500000,0x000000a88b600000)]
  0x0000025881eb4800 JavaThread "Unconstrained build operations Thread 50" [_thread_blocked, id=13452, stack(0x000000a88b600000,0x000000a88b700000)]
  0x0000025881eaf000 JavaThread "Unconstrained build operations Thread 51" [_thread_blocked, id=30864, stack(0x000000a88b700000,0x000000a88b800000)]
  0x0000025881eb8000 JavaThread "Unconstrained build operations Thread 52" [_thread_blocked, id=19260, stack(0x000000a88b800000,0x000000a88b900000)]
  0x0000025881eba000 JavaThread "Unconstrained build operations Thread 53" [_thread_blocked, id=2960, stack(0x000000a88b900000,0x000000a88ba00000)]
  0x0000025881ebb000 JavaThread "Unconstrained build operations Thread 54" [_thread_blocked, id=21112, stack(0x000000a88ba00000,0x000000a88bb00000)]
  0x0000025881eb5800 JavaThread "Unconstrained build operations Thread 55" [_thread_blocked, id=22040, stack(0x000000a88bb00000,0x000000a88bc00000)]
  0x0000025881eb6000 JavaThread "Unconstrained build operations Thread 56" [_thread_blocked, id=3760, stack(0x000000a88bc00000,0x000000a88bd00000)]
  0x0000025881eb7000 JavaThread "Unconstrained build operations Thread 57" [_thread_blocked, id=8460, stack(0x000000a88bd00000,0x000000a88be00000)]
  0x0000025881eb8800 JavaThread "Unconstrained build operations Thread 58" [_thread_blocked, id=14740, stack(0x000000a88be00000,0x000000a88bf00000)]
  0x0000025881eb9800 JavaThread "Unconstrained build operations Thread 59" [_thread_blocked, id=26504, stack(0x000000a88bf00000,0x000000a88c000000)]
  0x0000025880da3000 JavaThread "Unconstrained build operations Thread 60" [_thread_blocked, id=15168, stack(0x000000a88c000000,0x000000a88c100000)]
  0x0000025880da4000 JavaThread "Unconstrained build operations Thread 61" [_thread_blocked, id=14160, stack(0x000000a88c100000,0x000000a88c200000)]
  0x0000025880da5800 JavaThread "Unconstrained build operations Thread 62" [_thread_blocked, id=13032, stack(0x000000a88c200000,0x000000a88c300000)]
  0x0000025880da4800 JavaThread "Unconstrained build operations Thread 63" [_thread_blocked, id=21032, stack(0x000000a88c300000,0x000000a88c400000)]
  0x0000025880da8000 JavaThread "Unconstrained build operations Thread 64" [_thread_blocked, id=18540, stack(0x000000a88c400000,0x000000a88c500000)]
  0x0000025880da2000 JavaThread "Unconstrained build operations Thread 65" [_thread_blocked, id=12488, stack(0x000000a88c500000,0x000000a88c600000)]
  0x0000025880da9800 JavaThread "Unconstrained build operations Thread 66" [_thread_blocked, id=11132, stack(0x000000a88c600000,0x000000a88c700000)]
  0x0000025880da6800 JavaThread "Unconstrained build operations Thread 67" [_thread_blocked, id=13460, stack(0x000000a88c700000,0x000000a88c800000)]
  0x0000025880dab000 JavaThread "Unconstrained build operations Thread 68" [_thread_blocked, id=32172, stack(0x000000a88c800000,0x000000a88c900000)]
  0x0000025880dad000 JavaThread "Unconstrained build operations Thread 69" [_thread_blocked, id=31472, stack(0x000000a88c900000,0x000000a88ca00000)]
  0x0000025880dac000 JavaThread "Unconstrained build operations Thread 70" [_thread_blocked, id=10680, stack(0x000000a88ca00000,0x000000a88cb00000)]
  0x0000025880da7000 JavaThread "Unconstrained build operations Thread 71" [_thread_blocked, id=11252, stack(0x000000a88cb00000,0x000000a88cc00000)]
  0x0000025880dad800 JavaThread "Unconstrained build operations Thread 72" [_thread_blocked, id=33072, stack(0x000000a88cc00000,0x000000a88cd00000)]
  0x0000025880dae800 JavaThread "Unconstrained build operations Thread 73" [_thread_blocked, id=11120, stack(0x000000a88cd00000,0x000000a88ce00000)]
  0x0000025880da9000 JavaThread "Unconstrained build operations Thread 74" [_thread_blocked, id=6140, stack(0x000000a88ce00000,0x000000a88cf00000)]
  0x0000025880daf800 JavaThread "Unconstrained build operations Thread 75" [_thread_blocked, id=31140, stack(0x000000a88cf00000,0x000000a88d000000)]
  0x0000025880db0000 JavaThread "Unconstrained build operations Thread 76" [_thread_blocked, id=27472, stack(0x000000a88d000000,0x000000a88d100000)]
  0x0000025880daa800 JavaThread "Unconstrained build operations Thread 77" [_thread_blocked, id=32388, stack(0x000000a88d100000,0x000000a88d200000)]
  0x0000025880db1000 JavaThread "Unconstrained build operations Thread 78" [_thread_blocked, id=1516, stack(0x000000a88d200000,0x000000a88d300000)]
  0x0000025882bd1800 JavaThread "Unconstrained build operations Thread 79" [_thread_blocked, id=9908, stack(0x000000a88d300000,0x000000a88d400000)]
  0x0000025882bd3800 JavaThread "Unconstrained build operations Thread 80" [_thread_blocked, id=13936, stack(0x000000a88d400000,0x000000a88d500000)]
  0x0000025882bd4000 JavaThread "jar transforms Thread 6" [_thread_blocked, id=22492, stack(0x000000a88d500000,0x000000a88d600000)]
  0x0000025882bd1000 JavaThread "jar transforms Thread 7" [_thread_blocked, id=7056, stack(0x000000a88d600000,0x000000a88d700000)]
  0x0000025882bd2800 JavaThread "jar transforms Thread 8" [_thread_blocked, id=27384, stack(0x000000a88d700000,0x000000a88d800000)]
  0x0000025882bd5000 JavaThread "build event listener" [_thread_blocked, id=29448, stack(0x000000a88d800000,0x000000a88d900000)]
  0x0000025882bcf000 JavaThread "Memory manager" [_thread_blocked, id=28916, stack(0x000000a88d900000,0x000000a88da00000)]

Other Threads:
=>0x00000258fc242800 VMThread "VM Thread" [stack: 0x000000a885400000,0x000000a885500000] [id=5644]
  0x00000258fcc2c000 WatcherThread [stack: 0x000000a885e00000,0x000000a885f00000] [id=31344]
  0x00000258dfdd5800 GCTaskThread "GC Thread#0" [stack: 0x000000a884f00000,0x000000a885000000] [id=33644]
  0x00000258fddda800 GCTaskThread "GC Thread#1" [stack: 0x000000a886100000,0x000000a886200000] [id=11296]
  0x00000258fd523800 GCTaskThread "GC Thread#2" [stack: 0x000000a886200000,0x000000a886300000] [id=23764]
  0x00000258fe98d800 GCTaskThread "GC Thread#3" [stack: 0x000000a886d00000,0x000000a886e00000] [id=27068]
  0x00000258fe727800 GCTaskThread "GC Thread#4" [stack: 0x000000a886e00000,0x000000a886f00000] [id=30052]
  0x00000258fece4000 GCTaskThread "GC Thread#5" [stack: 0x000000a886f00000,0x000000a887000000] [id=15772]
  0x00000258ff44b000 GCTaskThread "GC Thread#6" [stack: 0x000000a887000000,0x000000a887100000] [id=8332]
  0x00000258fe511800 GCTaskThread "GC Thread#7" [stack: 0x000000a887100000,0x000000a887200000] [id=19852]
  0x00000258dfe06000 ConcurrentGCThread "G1 Main Marker" [stack: 0x000000a885000000,0x000000a885100000] [id=11044]
  0x00000258dfe08800 ConcurrentGCThread "G1 Conc#0" [stack: 0x000000a885100000,0x000000a885200000] [id=27256]
  0x00000258ff0a8800 ConcurrentGCThread "G1 Conc#1" [stack: 0x000000a887400000,0x000000a887500000] [id=32396]
  0x00000258fc08f800 ConcurrentGCThread "G1 Refine#0" [stack: 0x000000a885200000,0x000000a885300000] [id=20432]
  0x00000258fc090000 ConcurrentGCThread "G1 Young RemSet Sampling" [stack: 0x000000a885300000,0x000000a885400000] [id=14588]

Threads with active compile tasks:
C2 CompilerThread0     8349 7026       4       groovy.lang.MetaClassImpl$1MOPIter::methodNameAction (325 bytes)
C2 CompilerThread1     8349 7022       4       java.lang.Class::getMethodsRecursive (99 bytes)
C2 CompilerThread2     8349 7025       4       org.codehaus.groovy.reflection.CachedMethod::compareTo (25 bytes)

VM state:at safepoint (normal execution)

VM Mutex/Monitor currently owned by a thread:  ([mutex/lock_event])
[0x00000258dfdb8390] Threads_lock - owner thread: 0x00000258fc242800
[0x00000258dfdb7850] Heap_lock - owner thread: 0x00000258fddc3800

Heap address: 0x0000000080000000, size: 2048 MB, Compressed Oops mode: 32-bit
Narrow klass base: 0x0000000000000000, Narrow klass shift: 3
Compressed class space size: 1073741824 Address: 0x0000000100000000

Heap:
 garbage-first heap   total 189440K, used 62625K [0x0000000080000000, 0x0000000100000000)
  region size 1024K, 4 young (4096K), 4 survivors (4096K)
 Metaspace       used 67695K, capacity 69458K, committed 69660K, reserved 1110016K
  class space    used 8608K, capacity 9294K, committed 9344K, reserved 1048576K
Heap Regions: E=young(eden), S=young(survivor), O=old, HS=humongous(starts), HC=humongous(continues), CS=collection set, F=free, A=archive, TAMS=top-at-mark-start (previous, next)
|   0|0x0000000080000000, 0x0000000080100000, 0x0000000080100000|100%| O|  |TAMS 0x0000000080100000, 0x0000000080000000| Untracked 
|   1|0x0000000080100000, 0x0000000080200000, 0x0000000080200000|100%| O|  |TAMS 0x0000000080200000, 0x0000000080100000| Untracked 
|   2|0x0000000080200000, 0x0000000080300000, 0x0000000080300000|100%| O|  |TAMS 0x0000000080300000, 0x0000000080200000| Untracked 
|   3|0x0000000080300000, 0x0000000080400000, 0x0000000080400000|100%|HS|  |TAMS 0x0000000080400000, 0x0000000080300000| Complete 
|   4|0x0000000080400000, 0x0000000080500000, 0x0000000080500000|100%|HC|  |TAMS 0x0000000080500000, 0x0000000080400000| Complete 
|   5|0x0000000080500000, 0x0000000080600000, 0x0000000080600000|100%|HC|  |TAMS 0x0000000080600000, 0x0000000080500000| Complete 
|   6|0x0000000080600000, 0x0000000080700000, 0x0000000080700000|100%| O|  |TAMS 0x0000000080700000, 0x0000000080600000| Untracked 
|   7|0x0000000080700000, 0x0000000080800000, 0x0000000080800000|100%| O|  |TAMS 0x0000000080800000, 0x0000000080700000| Untracked 
|   8|0x0000000080800000, 0x0000000080900000, 0x0000000080900000|100%| O|  |TAMS 0x0000000080900000, 0x0000000080800000| Untracked 
|   9|0x0000000080900000, 0x0000000080a00000, 0x0000000080a00000|100%| O|  |TAMS 0x0000000080a00000, 0x0000000080900000| Untracked 
|  10|0x0000000080a00000, 0x0000000080b00000, 0x0000000080b00000|100%| O|  |TAMS 0x0000000080b00000, 0x0000000080a00000| Untracked 
|  11|0x0000000080b00000, 0x0000000080c00000, 0x0000000080c00000|100%| O|  |TAMS 0x0000000080c00000, 0x0000000080b00000| Untracked 
|  12|0x0000000080c00000, 0x0000000080d00000, 0x0000000080d00000|100%| O|  |TAMS 0x0000000080d00000, 0x0000000080c00000| Untracked 
|  13|0x0000000080d00000, 0x0000000080e00000, 0x0000000080e00000|100%| O|  |TAMS 0x0000000080e00000, 0x0000000080d00000| Untracked 
|  14|0x0000000080e00000, 0x0000000080f00000, 0x0000000080f00000|100%| O|  |TAMS 0x0000000080f00000, 0x0000000080e00000| Untracked 
|  15|0x0000000080f00000, 0x0000000081000000, 0x0000000081000000|100%| O|  |TAMS 0x0000000081000000, 0x0000000080f00000| Untracked 
|  16|0x0000000081000000, 0x0000000081100000, 0x0000000081100000|100%| O|  |TAMS 0x0000000081100000, 0x0000000081000000| Untracked 
|  17|0x0000000081100000, 0x0000000081200000, 0x0000000081200000|100%|HS|  |TAMS 0x0000000081100000, 0x0000000081100000| Complete 
|  18|0x0000000081200000, 0x0000000081300000, 0x0000000081300000|100%| O|  |TAMS 0x0000000081200000, 0x0000000081200000| Untracked 
|  19|0x0000000081300000, 0x0000000081400000, 0x0000000081400000|100%| O|  |TAMS 0x0000000081300000, 0x0000000081300000| Untracked 
|  20|0x0000000081400000, 0x0000000081500000, 0x0000000081500000|100%| O|  |TAMS 0x0000000081500000, 0x0000000081400000| Untracked 
|  21|0x0000000081500000, 0x0000000081600000, 0x0000000081600000|100%| O|  |TAMS 0x0000000081600000, 0x0000000081500000| Untracked 
|  22|0x0000000081600000, 0x0000000081700000, 0x0000000081700000|100%| O|  |TAMS 0x0000000081676000, 0x0000000081600000| Untracked 
|  23|0x0000000081700000, 0x0000000081800000, 0x0000000081800000|100%| O|  |TAMS 0x0000000081700000, 0x0000000081700000| Untracked 
|  24|0x0000000081800000, 0x0000000081900000, 0x0000000081900000|100%| O|  |TAMS 0x0000000081800000, 0x0000000081800000| Untracked 
|  25|0x0000000081900000, 0x0000000081a00000, 0x0000000081a00000|100%| O|  |TAMS 0x0000000081900000, 0x0000000081900000| Untracked 
|  26|0x0000000081a00000, 0x0000000081b00000, 0x0000000081b00000|100%| O|  |TAMS 0x0000000081a00000, 0x0000000081a00000| Untracked 
|  27|0x0000000081b00000, 0x0000000081c00000, 0x0000000081c00000|100%| O|  |TAMS 0x0000000081b00000, 0x0000000081b00000| Untracked 
|  28|0x0000000081c00000, 0x0000000081d00000, 0x0000000081d00000|100%| O|  |TAMS 0x0000000081c00000, 0x0000000081c00000| Untracked 
|  29|0x0000000081d00000, 0x0000000081e00000, 0x0000000081e00000|100%|HS|  |TAMS 0x0000000081d00000, 0x0000000081d00000| Complete 
|  30|0x0000000081e00000, 0x0000000081f00000, 0x0000000081f00000|100%|HS|  |TAMS 0x0000000081e00000, 0x0000000081e00000| Complete 
|  31|0x0000000081f00000, 0x0000000082000000, 0x0000000082000000|100%|HS|  |TAMS 0x0000000081f00000, 0x0000000081f00000| Complete 
|  32|0x0000000082000000, 0x0000000082100000, 0x0000000082100000|100%|HC|  |TAMS 0x0000000082000000, 0x0000000082000000| Complete 
|  33|0x0000000082100000, 0x0000000082200000, 0x0000000082200000|100%|HC|  |TAMS 0x0000000082100000, 0x0000000082100000| Complete 
|  34|0x0000000082200000, 0x0000000082200000, 0x0000000082300000|  0%| F|  |TAMS 0x0000000082200000, 0x0000000082200000| Untracked 
|  35|0x0000000082300000, 0x0000000082400000, 0x0000000082400000|100%| O|  |TAMS 0x0000000082300000, 0x0000000082300000| Untracked 
|  36|0x0000000082400000, 0x0000000082500000, 0x0000000082500000|100%| O|  |TAMS 0x0000000082400000, 0x0000000082400000| Untracked 
|  37|0x0000000082500000, 0x0000000082600000, 0x0000000082600000|100%| O|  |TAMS 0x0000000082500000, 0x0000000082500000| Untracked 
|  38|0x0000000082600000, 0x0000000082700000, 0x0000000082700000|100%| O|  |TAMS 0x0000000082600000, 0x0000000082600000| Untracked 
|  39|0x0000000082700000, 0x0000000082800000, 0x0000000082800000|100%| O|  |TAMS 0x0000000082700000, 0x0000000082700000| Untracked 
|  40|0x0000000082800000, 0x0000000082900000, 0x0000000082900000|100%| O|  |TAMS 0x0000000082800000, 0x0000000082800000| Untracked 
|  41|0x0000000082900000, 0x0000000082a00000, 0x0000000082a00000|100%| O|  |TAMS 0x0000000082900000, 0x0000000082900000| Untracked 
|  42|0x0000000082a00000, 0x0000000082b00000, 0x0000000082b00000|100%| O|  |TAMS 0x0000000082a00000, 0x0000000082a00000| Untracked 
|  43|0x0000000082b00000, 0x0000000082c00000, 0x0000000082c00000|100%| O|  |TAMS 0x0000000082b00000, 0x0000000082b00000| Untracked 
|  44|0x0000000082c00000, 0x0000000082d00000, 0x0000000082d00000|100%| O|  |TAMS 0x0000000082c00000, 0x0000000082c00000| Untracked 
|  45|0x0000000082d00000, 0x0000000082e00000, 0x0000000082e00000|100%| O|  |TAMS 0x0000000082d00000, 0x0000000082d00000| Untracked 
|  46|0x0000000082e00000, 0x0000000082e6e000, 0x0000000082f00000| 42%| O|  |TAMS 0x0000000082e00000, 0x0000000082e00000| Untracked 
|  47|0x0000000082f00000, 0x0000000083000000, 0x0000000083000000|100%| O|  |TAMS 0x0000000082f00000, 0x0000000082f00000| Untracked 
|  48|0x0000000083000000, 0x0000000083100000, 0x0000000083100000|100%| O|  |TAMS 0x0000000083000000, 0x0000000083000000| Untracked 
|  49|0x0000000083100000, 0x0000000083200000, 0x0000000083200000|100%| O|  |TAMS 0x0000000083100000, 0x0000000083100000| Untracked 
|  50|0x0000000083200000, 0x0000000083300000, 0x0000000083300000|100%| O|  |TAMS 0x0000000083200000, 0x0000000083200000| Untracked 
|  51|0x0000000083300000, 0x0000000083400000, 0x0000000083400000|100%| O|  |TAMS 0x0000000083300000, 0x0000000083300000| Untracked 
|  52|0x0000000083400000, 0x0000000083500000, 0x0000000083500000|100%| O|  |TAMS 0x0000000083400000, 0x0000000083400000| Untracked 
|  53|0x0000000083500000, 0x0000000083600000, 0x0000000083600000|100%| O|  |TAMS 0x0000000083500000, 0x0000000083500000| Untracked 
|  54|0x0000000083600000, 0x0000000083700000, 0x0000000083700000|100%| O|  |TAMS 0x0000000083600000, 0x0000000083600000| Untracked 
|  55|0x0000000083700000, 0x0000000083800000, 0x0000000083800000|100%| O|  |TAMS 0x0000000083700000, 0x0000000083700000| Untracked 
|  56|0x0000000083800000, 0x0000000083900000, 0x0000000083900000|100%| O|  |TAMS 0x0000000083800000, 0x0000000083800000| Untracked 
|  57|0x0000000083900000, 0x0000000083a00000, 0x0000000083a00000|100%| O|  |TAMS 0x0000000083900000, 0x0000000083900000| Untracked 
|  58|0x0000000083a00000, 0x0000000083b00000, 0x0000000083b00000|100%| O|  |TAMS 0x0000000083a00000, 0x0000000083a00000| Untracked 
|  59|0x0000000083b00000, 0x0000000083b00000, 0x0000000083c00000|  0%| F|  |TAMS 0x0000000083b00000, 0x0000000083b00000| Untracked 
|  60|0x0000000083c00000, 0x0000000083c00000, 0x0000000083d00000|  0%| F|  |TAMS 0x0000000083c00000, 0x0000000083c00000| Untracked 
|  61|0x0000000083d00000, 0x0000000083d00000, 0x0000000083e00000|  0%| F|  |TAMS 0x0000000083d00000, 0x0000000083d00000| Untracked 
|  62|0x0000000083e00000, 0x0000000083e00000, 0x0000000083f00000|  0%| F|  |TAMS 0x0000000083e00000, 0x0000000083e00000| Untracked 
|  63|0x0000000083f00000, 0x0000000083f00000, 0x0000000084000000|  0%| F|  |TAMS 0x0000000083f00000, 0x0000000083f00000| Untracked 
|  64|0x0000000084000000, 0x0000000084000000, 0x0000000084100000|  0%| F|  |TAMS 0x0000000084000000, 0x0000000084000000| Untracked 
|  65|0x0000000084100000, 0x0000000084100000, 0x0000000084200000|  0%| F|  |TAMS 0x0000000084100000, 0x0000000084100000| Untracked 
|  66|0x0000000084200000, 0x0000000084200000, 0x0000000084300000|  0%| F|  |TAMS 0x0000000084200000, 0x0000000084200000| Untracked 
|  67|0x0000000084300000, 0x0000000084300000, 0x0000000084400000|  0%| F|  |TAMS 0x0000000084300000, 0x0000000084300000| Untracked 
|  68|0x0000000084400000, 0x0000000084400000, 0x0000000084500000|  0%| F|  |TAMS 0x0000000084400000, 0x0000000084400000| Untracked 
|  69|0x0000000084500000, 0x0000000084500000, 0x0000000084600000|  0%| F|  |TAMS 0x0000000084500000, 0x0000000084500000| Untracked 
|  70|0x0000000084600000, 0x0000000084600000, 0x0000000084700000|  0%| F|  |TAMS 0x0000000084600000, 0x0000000084600000| Untracked 
|  71|0x0000000084700000, 0x0000000084700000, 0x0000000084800000|  0%| F|  |TAMS 0x0000000084700000, 0x0000000084700000| Untracked 
|  72|0x0000000084800000, 0x0000000084800000, 0x0000000084900000|  0%| F|  |TAMS 0x0000000084800000, 0x0000000084800000| Untracked 
|  73|0x0000000084900000, 0x0000000084900000, 0x0000000084a00000|  0%| F|  |TAMS 0x0000000084900000, 0x0000000084900000| Untracked 
|  74|0x0000000084a00000, 0x0000000084a00000, 0x0000000084b00000|  0%| F|  |TAMS 0x0000000084a00000, 0x0000000084a00000| Untracked 
|  75|0x0000000084b00000, 0x0000000084b00000, 0x0000000084c00000|  0%| F|  |TAMS 0x0000000084b00000, 0x0000000084b00000| Untracked 
|  76|0x0000000084c00000, 0x0000000084c00000, 0x0000000084d00000|  0%| F|  |TAMS 0x0000000084c00000, 0x0000000084c00000| Untracked 
|  77|0x0000000084d00000, 0x0000000084d00000, 0x0000000084e00000|  0%| F|  |TAMS 0x0000000084d00000, 0x0000000084d00000| Untracked 
|  78|0x0000000084e00000, 0x0000000084e00000, 0x0000000084f00000|  0%| F|  |TAMS 0x0000000084e00000, 0x0000000084e00000| Untracked 
|  79|0x0000000084f00000, 0x0000000084f00000, 0x0000000085000000|  0%| F|  |TAMS 0x0000000084f00000, 0x0000000084f00000| Untracked 
|  80|0x0000000085000000, 0x0000000085000000, 0x0000000085100000|  0%| F|  |TAMS 0x0000000085000000, 0x0000000085000000| Untracked 
|  81|0x0000000085100000, 0x0000000085100000, 0x0000000085200000|  0%| F|  |TAMS 0x0000000085100000, 0x0000000085100000| Untracked 
|  82|0x0000000085200000, 0x0000000085200000, 0x0000000085300000|  0%| F|  |TAMS 0x0000000085200000, 0x0000000085200000| Untracked 
|  83|0x0000000085300000, 0x0000000085300000, 0x0000000085400000|  0%| F|  |TAMS 0x0000000085300000, 0x0000000085300000| Untracked 
|  84|0x0000000085400000, 0x0000000085400000, 0x0000000085500000|  0%| F|  |TAMS 0x0000000085400000, 0x0000000085400000| Untracked 
|  85|0x0000000085500000, 0x0000000085500000, 0x0000000085600000|  0%| F|  |TAMS 0x0000000085500000, 0x0000000085500000| Untracked 
|  86|0x0000000085600000, 0x0000000085600000, 0x0000000085700000|  0%| F|  |TAMS 0x0000000085600000, 0x0000000085600000| Untracked 
|  87|0x0000000085700000, 0x0000000085700000, 0x0000000085800000|  0%| F|  |TAMS 0x0000000085700000, 0x0000000085700000| Untracked 
|  88|0x0000000085800000, 0x0000000085800000, 0x0000000085900000|  0%| F|  |TAMS 0x0000000085800000, 0x0000000085800000| Untracked 
|  89|0x0000000085900000, 0x0000000085900000, 0x0000000085a00000|  0%| F|  |TAMS 0x0000000085900000, 0x0000000085900000| Untracked 
|  90|0x0000000085a00000, 0x0000000085a00000, 0x0000000085b00000|  0%| F|  |TAMS 0x0000000085a00000, 0x0000000085a00000| Untracked 
|  91|0x0000000085b00000, 0x0000000085b00000, 0x0000000085c00000|  0%| F|  |TAMS 0x0000000085b00000, 0x0000000085b00000| Untracked 
|  92|0x0000000085c00000, 0x0000000085cba630, 0x0000000085d00000| 72%| S|CS|TAMS 0x0000000085c00000, 0x0000000085c00000| Complete 
|  93|0x0000000085d00000, 0x0000000085e00000, 0x0000000085e00000|100%| S|CS|TAMS 0x0000000085d00000, 0x0000000085d00000| Complete 
|  94|0x0000000085e00000, 0x0000000085f00000, 0x0000000085f00000|100%| S|CS|TAMS 0x0000000085e00000, 0x0000000085e00000| Complete 
|  95|0x0000000085f00000, 0x0000000086000000, 0x0000000086000000|100%| S|CS|TAMS 0x0000000085f00000, 0x0000000085f00000| Complete 
|  96|0x0000000086000000, 0x0000000086000000, 0x0000000086100000|  0%| F|  |TAMS 0x0000000086000000, 0x0000000086000000| Untracked 
|  97|0x0000000086100000, 0x0000000086100000, 0x0000000086200000|  0%| F|  |TAMS 0x0000000086100000, 0x0000000086100000| Untracked 
|  98|0x0000000086200000, 0x0000000086200000, 0x0000000086300000|  0%| F|  |TAMS 0x0000000086200000, 0x0000000086200000| Untracked 
|  99|0x0000000086300000, 0x0000000086300000, 0x0000000086400000|  0%| F|  |TAMS 0x0000000086300000, 0x0000000086300000| Untracked 
| 100|0x0000000086400000, 0x0000000086400000, 0x0000000086500000|  0%| F|  |TAMS 0x0000000086400000, 0x0000000086400000| Untracked 
| 101|0x0000000086500000, 0x0000000086500000, 0x0000000086600000|  0%| F|  |TAMS 0x0000000086500000, 0x0000000086500000| Untracked 
| 102|0x0000000086600000, 0x0000000086600000, 0x0000000086700000|  0%| F|  |TAMS 0x0000000086600000, 0x0000000086600000| Untracked 
| 103|0x0000000086700000, 0x0000000086700000, 0x0000000086800000|  0%| F|  |TAMS 0x0000000086700000, 0x0000000086700000| Untracked 
| 104|0x0000000086800000, 0x0000000086800000, 0x0000000086900000|  0%| F|  |TAMS 0x0000000086800000, 0x0000000086800000| Untracked 
| 105|0x0000000086900000, 0x0000000086900000, 0x0000000086a00000|  0%| F|  |TAMS 0x0000000086900000, 0x0000000086900000| Untracked 
| 106|0x0000000086a00000, 0x0000000086a00000, 0x0000000086b00000|  0%| F|  |TAMS 0x0000000086a00000, 0x0000000086a00000| Untracked 
| 107|0x0000000086b00000, 0x0000000086b00000, 0x0000000086c00000|  0%| F|  |TAMS 0x0000000086b00000, 0x0000000086b00000| Untracked 
| 108|0x0000000086c00000, 0x0000000086c00000, 0x0000000086d00000|  0%| F|  |TAMS 0x0000000086c00000, 0x0000000086c00000| Untracked 
| 109|0x0000000086d00000, 0x0000000086d00000, 0x0000000086e00000|  0%| F|  |TAMS 0x0000000086d00000, 0x0000000086d00000| Untracked 
| 110|0x0000000086e00000, 0x0000000086e00000, 0x0000000086f00000|  0%| F|  |TAMS 0x0000000086e00000, 0x0000000086e00000| Untracked 
| 111|0x0000000086f00000, 0x0000000086f00000, 0x0000000087000000|  0%| F|  |TAMS 0x0000000086f00000, 0x0000000086f00000| Untracked 
| 112|0x0000000087000000, 0x0000000087000000, 0x0000000087100000|  0%| F|  |TAMS 0x0000000087000000, 0x0000000087000000| Untracked 
| 113|0x0000000087100000, 0x0000000087100000, 0x0000000087200000|  0%| F|  |TAMS 0x0000000087100000, 0x0000000087100000| Untracked 
| 114|0x0000000087200000, 0x0000000087200000, 0x0000000087300000|  0%| F|  |TAMS 0x0000000087200000, 0x0000000087200000| Untracked 
| 115|0x0000000087300000, 0x0000000087300000, 0x0000000087400000|  0%| F|  |TAMS 0x0000000087300000, 0x0000000087300000| Untracked 
| 116|0x0000000087400000, 0x0000000087400000, 0x0000000087500000|  0%| F|  |TAMS 0x0000000087400000, 0x0000000087400000| Untracked 
| 117|0x0000000087500000, 0x0000000087500000, 0x0000000087600000|  0%| F|  |TAMS 0x0000000087500000, 0x0000000087500000| Untracked 
| 118|0x0000000087600000, 0x0000000087600000, 0x0000000087700000|  0%| F|  |TAMS 0x0000000087600000, 0x0000000087600000| Untracked 
| 119|0x0000000087700000, 0x0000000087700000, 0x0000000087800000|  0%| F|  |TAMS 0x0000000087700000, 0x0000000087700000| Untracked 
| 120|0x0000000087800000, 0x0000000087800000, 0x0000000087900000|  0%| F|  |TAMS 0x0000000087800000, 0x0000000087800000| Untracked 
| 121|0x0000000087900000, 0x0000000087900000, 0x0000000087a00000|  0%| F|  |TAMS 0x0000000087900000, 0x0000000087900000| Untracked 
| 122|0x0000000087a00000, 0x0000000087a00000, 0x0000000087b00000|  0%| F|  |TAMS 0x0000000087a00000, 0x0000000087a00000| Untracked 
| 123|0x0000000087b00000, 0x0000000087b00000, 0x0000000087c00000|  0%| F|  |TAMS 0x0000000087b00000, 0x0000000087b00000| Untracked 
| 124|0x0000000087c00000, 0x0000000087c00000, 0x0000000087d00000|  0%| F|  |TAMS 0x0000000087c00000, 0x0000000087c00000| Untracked 
| 125|0x0000000087d00000, 0x0000000087d00000, 0x0000000087e00000|  0%| F|  |TAMS 0x0000000087d00000, 0x0000000087d00000| Untracked 
| 126|0x0000000087e00000, 0x0000000087e00000, 0x0000000087f00000|  0%| F|  |TAMS 0x0000000087e00000, 0x0000000087e00000| Untracked 
| 127|0x0000000087f00000, 0x0000000087f00000, 0x0000000088000000|  0%| F|  |TAMS 0x0000000087f00000, 0x0000000087f00000| Untracked 
| 128|0x0000000088000000, 0x0000000088000000, 0x0000000088100000|  0%| F|  |TAMS 0x0000000088000000, 0x0000000088000000| Untracked 
| 129|0x0000000088100000, 0x0000000088100000, 0x0000000088200000|  0%| F|  |TAMS 0x0000000088100000, 0x0000000088100000| Untracked 
| 130|0x0000000088200000, 0x0000000088200000, 0x0000000088300000|  0%| F|  |TAMS 0x0000000088200000, 0x0000000088200000| Untracked 
| 131|0x0000000088300000, 0x0000000088300000, 0x0000000088400000|  0%| F|  |TAMS 0x0000000088300000, 0x0000000088300000| Untracked 
| 132|0x0000000088400000, 0x0000000088400000, 0x0000000088500000|  0%| F|  |TAMS 0x0000000088400000, 0x0000000088400000| Untracked 
| 133|0x0000000088500000, 0x0000000088500000, 0x0000000088600000|  0%| F|  |TAMS 0x0000000088500000, 0x0000000088500000| Untracked 
| 134|0x0000000088600000, 0x0000000088600000, 0x0000000088700000|  0%| F|  |TAMS 0x0000000088600000, 0x0000000088600000| Untracked 
| 135|0x0000000088700000, 0x0000000088700000, 0x0000000088800000|  0%| F|  |TAMS 0x0000000088700000, 0x0000000088700000| Untracked 
| 136|0x0000000088800000, 0x0000000088800000, 0x0000000088900000|  0%| F|  |TAMS 0x0000000088800000, 0x0000000088800000| Untracked 
| 137|0x0000000088900000, 0x0000000088900000, 0x0000000088a00000|  0%| F|  |TAMS 0x0000000088900000, 0x0000000088900000| Untracked 
| 138|0x0000000088a00000, 0x0000000088a00000, 0x0000000088b00000|  0%| F|  |TAMS 0x0000000088a00000, 0x0000000088a00000| Untracked 
| 139|0x0000000088b00000, 0x0000000088b00000, 0x0000000088c00000|  0%| F|  |TAMS 0x0000000088b00000, 0x0000000088b00000| Untracked 
| 140|0x0000000088c00000, 0x0000000088c00000, 0x0000000088d00000|  0%| F|  |TAMS 0x0000000088c00000, 0x0000000088c00000| Untracked 
| 141|0x0000000088d00000, 0x0000000088d00000, 0x0000000088e00000|  0%| F|  |TAMS 0x0000000088d00000, 0x0000000088d00000| Untracked 
| 142|0x0000000088e00000, 0x0000000088e00000, 0x0000000088f00000|  0%| F|  |TAMS 0x0000000088e00000, 0x0000000088e00000| Untracked 
| 143|0x0000000088f00000, 0x0000000088f00000, 0x0000000089000000|  0%| F|  |TAMS 0x0000000088f00000, 0x0000000088f00000| Untracked 
| 144|0x0000000089000000, 0x0000000089000000, 0x0000000089100000|  0%| F|  |TAMS 0x0000000089000000, 0x0000000089000000| Untracked 
| 145|0x0000000089100000, 0x0000000089100000, 0x0000000089200000|  0%| F|  |TAMS 0x0000000089100000, 0x0000000089100000| Untracked 
| 146|0x0000000089200000, 0x0000000089200000, 0x0000000089300000|  0%| F|  |TAMS 0x0000000089200000, 0x0000000089200000| Untracked 
| 147|0x0000000089300000, 0x0000000089300000, 0x0000000089400000|  0%| F|  |TAMS 0x0000000089300000, 0x0000000089300000| Untracked 
| 148|0x0000000089400000, 0x0000000089400000, 0x0000000089500000|  0%| F|  |TAMS 0x0000000089400000, 0x0000000089400000| Untracked 
| 149|0x0000000089500000, 0x0000000089500000, 0x0000000089600000|  0%| F|  |TAMS 0x0000000089500000, 0x0000000089500000| Untracked 
| 150|0x0000000089600000, 0x0000000089600000, 0x0000000089700000|  0%| F|  |TAMS 0x0000000089600000, 0x0000000089600000| Untracked 
| 151|0x0000000089700000, 0x0000000089700000, 0x0000000089800000|  0%| F|  |TAMS 0x0000000089700000, 0x0000000089700000| Untracked 
| 152|0x0000000089800000, 0x0000000089800000, 0x0000000089900000|  0%| F|  |TAMS 0x0000000089800000, 0x0000000089800000| Untracked 
| 153|0x0000000089900000, 0x0000000089900000, 0x0000000089a00000|  0%| F|  |TAMS 0x0000000089900000, 0x0000000089900000| Untracked 

Card table byte_map: [0x00000258f4f30000,0x00000258f5330000] _byte_map_base: 0x00000258f4b30000

Marking Bits (Prev, Next): (CMBitMap*) 0x00000258dfdfd6d0, (CMBitMap*) 0x00000258dfdfd698
 Prev Bits: [0x00000258f7730000, 0x00000258f9730000)
 Next Bits: [0x00000258f5730000, 0x00000258f7730000)

Polling page: 0x00000258dfe90000

Metaspace:

Usage:
  Non-class:     58.75 MB capacity,    57.70 MB ( 98%) used,   885.55 KB (  1%) free+waste,   191.19 KB ( <1%) overhead. 
      Class:      9.08 MB capacity,     8.41 MB ( 93%) used,   594.95 KB (  6%) free+waste,    90.50 KB ( <1%) overhead. 
       Both:     67.83 MB capacity,    66.11 MB ( 97%) used,     1.45 MB (  2%) free+waste,   281.69 KB ( <1%) overhead. 

Virtual space:
  Non-class space:       60.00 MB reserved,      58.90 MB ( 98%) committed 
      Class space:        1.00 GB reserved,       9.12 MB ( <1%) committed 
             Both:        1.06 GB reserved,      68.03 MB (  6%) committed 

Chunk freelists:
   Non-Class:  24.00 KB
       Class:  18.00 KB
        Both:  42.00 KB

MaxMetaspaceSize: 17179869184.00 GB
CompressedClassSpaceSize: 1.00 GB
Initial GC threshold: 20.80 MB
Current GC threshold: 68.17 MB
CDS: off

CodeHeap 'non-profiled nmethods': size=120000Kb used=4308Kb max_used=4308Kb free=115691Kb
 bounds [0x00000258ecb80000, 0x00000258ecfc0000, 0x00000258f40b0000]
CodeHeap 'profiled nmethods': size=120000Kb used=14504Kb max_used=14504Kb free=105495Kb
 bounds [0x00000258e5650000, 0x00000258e6480000, 0x00000258ecb80000]
CodeHeap 'non-nmethods': size=5760Kb used=2354Kb max_used=2408Kb free=3405Kb
 bounds [0x00000258e50b0000, 0x00000258e5320000, 0x00000258e5650000]
 total_blobs=7880 nmethods=7009 adapters=783
 compilation: enabled
              stopped_count=0, restarted_count=0
 full_count=0

Compilation events (20 events):
Event: 8.288 Thread 0x00000258fcaba800 7017       3       java.util.LinkedList$ListItr::set (28 bytes)
Event: 8.289 Thread 0x00000258fcaba800 nmethod 7017 0x00000258e6478890 code [0x00000258e6478a80, 0x00000258e6478e78]
Event: 8.289 Thread 0x00000258fcaba800 7019       3       groovyjarjarasm.asm.SymbolTable::addConstantUtf8 (98 bytes)
Event: 8.289 Thread 0x00000258fcaba800 nmethod 7019 0x00000258e6479090 code [0x00000258e64792e0, 0x00000258e6479978]
Event: 8.289 Thread 0x00000258fcaba800 7020       1       groovyjarjarasm.asm.SymbolTable::getMajorVersion (5 bytes)
Event: 8.289 Thread 0x00000258fcaba800 nmethod 7020 0x00000258ecfb1210 code [0x00000258ecfb13c0, 0x00000258ecfb1478]
Event: 8.289 Thread 0x00000258fcaba800 7018       3       java.security.ProtectionDomain$Key::<init> (10 bytes)
Event: 8.290 Thread 0x00000258fcaba800 nmethod 7018 0x00000258e6479d10 code [0x00000258e6479ec0, 0x00000258e647a078]
Event: 8.293 Thread 0x00000258fcaaf800 nmethod 7016 0x00000258ecfb1510 code [0x00000258ecfb1700, 0x00000258ecfb1ac0]
Event: 8.293 Thread 0x00000258fcaaf800 7021       4       jdk.internal.reflect.ReflectionFactory::copyMethod (10 bytes)
Event: 8.298 Thread 0x00000258ff239800 nmethod 7008 0x00000258ecfb1d90 code [0x00000258ecfb1fa0, 0x00000258ecfb3188]
Event: 8.299 Thread 0x00000258ff239800 7022       4       java.lang.Class::getMethodsRecursive (99 bytes)
Event: 8.299 Thread 0x00000258fcaaf800 nmethod 7021 0x00000258ecfb3910 code [0x00000258ecfb3ac0, 0x00000258ecfb3df8]
Event: 8.300 Thread 0x00000258fcaaf800 7023       4       java.lang.PublicMethods$MethodList::merge (192 bytes)
Event: 8.301 Thread 0x00000258ff29a800 

Event: 8.302 Thread 0x00000258ff29a800 7024       4       java.util.LinkedList::add (7 bytes)
Event: 8.309 Thread 0x00000258ff29a800 nmethod 7024 0x00000258ecfb3f90 code [0x00000258ecfb4120, 0x00000258ecfb4618]
Event: 8.311 Thread 0x00000258fcaaf800 nmethod 7023 0x00000258ecfb4710 code [0x00000258ecfb48c0, 0x00000258ecfb4e38]
Event: 8.318 Thread 0x00000258ff29a800 7025       4       org.codehaus.groovy.reflection.CachedMethod::compareTo (25 bytes)
Event: 8.318 Thread 0x00000258fcaaf800 7026       4       groovy.lang.MetaClassImpl$1MOPIter::methodNameAction (325 bytes)

GC Heap History (20 events):
Event: 2.236 GC heap after
{Heap after GC invocations=2 (full 0):
 garbage-first heap   total 131072K, used 16571K [0x0000000080000000, 0x0000000100000000)
  region size 1024K, 10 young (10240K), 10 survivors (10240K)
 Metaspace       used 18322K, capacity 18731K, committed 19072K, reserved 1067008K
  class space    used 2160K, capacity 2315K, committed 2432K, reserved 1048576K
}
Event: 2.434 GC heap before
{Heap before GC invocations=2 (full 0):
 garbage-first heap   total 131072K, used 39099K [0x0000000080000000, 0x0000000100000000)
  region size 1024K, 33 young (33792K), 10 survivors (10240K)
 Metaspace       used 20802K, capacity 21189K, committed 21296K, reserved 1069056K
  class space    used 2524K, capacity 2687K, committed 2688K, reserved 1048576K
}
Event: 2.443 GC heap after
{Heap after GC invocations=3 (full 0):
 garbage-first heap   total 131072K, used 17718K [0x0000000080000000, 0x0000000100000000)
  region size 1024K, 2 young (2048K), 2 survivors (2048K)
 Metaspace       used 20802K, capacity 21189K, committed 21296K, reserved 1069056K
  class space    used 2524K, capacity 2687K, committed 2688K, reserved 1048576K
}
Event: 2.930 GC heap before
{Heap before GC invocations=4 (full 0):
 garbage-first heap   total 131072K, used 64822K [0x0000000080000000, 0x0000000100000000)
  region size 1024K, 49 young (50176K), 2 survivors (2048K)
 Metaspace       used 25734K, capacity 26363K, committed 26624K, reserved 1073152K
  class space    used 3334K, capacity 3547K, committed 3584K, reserved 1048576K
}
Event: 2.933 GC heap after
{Heap after GC invocations=5 (full 0):
 garbage-first heap   total 131072K, used 19279K [0x0000000080000000, 0x0000000100000000)
  region size 1024K, 3 young (3072K), 3 survivors (3072K)
 Metaspace       used 25734K, capacity 26363K, committed 26624K, reserved 1073152K
  class space    used 3334K, capacity 3547K, committed 3584K, reserved 1048576K
}
Event: 3.488 GC heap before
{Heap before GC invocations=5 (full 0):
 garbage-first heap   total 131072K, used 74575K [0x0000000080000000, 0x0000000100000000)
  region size 1024K, 57 young (58368K), 3 survivors (3072K)
 Metaspace       used 30873K, capacity 31657K, committed 31872K, reserved 1077248K
  class space    used 4130K, capacity 4423K, committed 4480K, reserved 1048576K
}
Event: 3.492 GC heap after
{Heap after GC invocations=6 (full 0):
 garbage-first heap   total 131072K, used 20751K [0x0000000080000000, 0x0000000100000000)
  region size 1024K, 5 young (5120K), 5 survivors (5120K)
 Metaspace       used 30873K, capacity 31657K, committed 31872K, reserved 1077248K
  class space    used 4130K, capacity 4423K, committed 4480K, reserved 1048576K
}
Event: 3.843 GC heap before
{Heap before GC invocations=6 (full 0):
 garbage-first heap   total 131072K, used 39183K [0x0000000080000000, 0x0000000100000000)
  region size 1024K, 24 young (24576K), 5 survivors (5120K)
 Metaspace       used 34999K, capacity 35897K, committed 35968K, reserved 1081344K
  class space    used 4568K, capacity 4923K, committed 4992K, reserved 1048576K
}
Event: 3.852 GC heap after
{Heap after GC invocations=7 (full 0):
 garbage-first heap   total 131072K, used 23002K [0x0000000080000000, 0x0000000100000000)
  region size 1024K, 7 young (7168K), 7 survivors (7168K)
 Metaspace       used 34999K, capacity 35897K, committed 35968K, reserved 1081344K
  class space    used 4568K, capacity 4923K, committed 4992K, reserved 1048576K
}
Event: 4.512 GC heap before
{Heap before GC invocations=8 (full 0):
 garbage-first heap   total 131072K, used 86490K [0x0000000080000000, 0x0000000100000000)
  region size 1024K, 67 young (68608K), 7 survivors (7168K)
 Metaspace       used 40664K, capacity 41622K, committed 41884K, reserved 1085440K
  class space    used 5145K, capacity 5523K, committed 5632K, reserved 1048576K
}
Event: 4.528 GC heap after
{Heap after GC invocations=9 (full 0):
 garbage-first heap   total 131072K, used 29144K [0x0000000080000000, 0x0000000100000000)
  region size 1024K, 9 young (9216K), 9 survivors (9216K)
 Metaspace       used 40664K, capacity 41622K, committed 41884K, reserved 1085440K
  class space    used 5145K, capacity 5523K, committed 5632K, reserved 1048576K
}
Event: 5.148 GC heap before
{Heap before GC invocations=10 (full 0):
 garbage-first heap   total 131072K, used 90584K [0x0000000080000000, 0x0000000100000000)
  region size 1024K, 68 young (69632K), 9 survivors (9216K)
 Metaspace       used 45726K, capacity 46850K, committed 47004K, reserved 1089536K
  class space    used 5824K, capacity 6296K, committed 6400K, reserved 1048576K
}
Event: 5.158 GC heap after
{Heap after GC invocations=11 (full 0):
 garbage-first heap   total 157696K, used 32516K [0x0000000080000000, 0x0000000100000000)
  region size 1024K, 4 young (4096K), 4 survivors (4096K)
 Metaspace       used 45726K, capacity 46850K, committed 47004K, reserved 1089536K
  class space    used 5824K, capacity 6296K, committed 6400K, reserved 1048576K
}
Event: 5.877 GC heap before
{Heap before GC invocations=11 (full 0):
 garbage-first heap   total 157696K, used 106244K [0x0000000080000000, 0x0000000100000000)
  region size 1024K, 76 young (77824K), 4 survivors (4096K)
 Metaspace       used 49392K, capacity 50823K, committed 51100K, reserved 1093632K
  class space    used 6303K, capacity 6852K, committed 6912K, reserved 1048576K
}
Event: 5.885 GC heap after
{Heap after GC invocations=12 (full 0):
 garbage-first heap   total 157696K, used 36833K [0x0000000080000000, 0x0000000100000000)
  region size 1024K, 9 young (9216K), 9 survivors (9216K)
 Metaspace       used 49392K, capacity 50823K, committed 51100K, reserved 1093632K
  class space    used 6303K, capacity 6852K, committed 6912K, reserved 1048576K
}
Event: 6.762 GC heap before
{Heap before GC invocations=12 (full 0):
 garbage-first heap   total 157696K, used 116705K [0x0000000080000000, 0x0000000100000000)
  region size 1024K, 81 young (82944K), 9 survivors (9216K)
 Metaspace       used 56802K, capacity 58348K, committed 58524K, reserved 1099776K
  class space    used 7224K, capacity 7875K, committed 7936K, reserved 1048576K
}
Event: 6.774 GC heap after
{Heap after GC invocations=13 (full 0):
 garbage-first heap   total 157696K, used 51967K [0x0000000080000000, 0x0000000100000000)
  region size 1024K, 11 young (11264K), 11 survivors (11264K)
 Metaspace       used 56802K, capacity 58348K, committed 58524K, reserved 1099776K
  class space    used 7224K, capacity 7875K, committed 7936K, reserved 1048576K
}
Event: 7.620 GC heap before
{Heap before GC invocations=13 (full 0):
 garbage-first heap   total 157696K, used 123647K [0x0000000080000000, 0x0000000100000000)
  region size 1024K, 74 young (75776K), 11 survivors (11264K)
 Metaspace       used 63185K, capacity 64897K, committed 64924K, reserved 1105920K
  class space    used 8008K, capacity 8702K, committed 8704K, reserved 1048576K
}
Event: 7.631 GC heap after
{Heap after GC invocations=14 (full 0):
 garbage-first heap   total 157696K, used 59060K [0x0000000080000000, 0x0000000100000000)
  region size 1024K, 7 young (7168K), 7 survivors (7168K)
 Metaspace       used 63185K, capacity 64897K, committed 64924K, reserved 1105920K
  class space    used 8008K, capacity 8702K, committed 8704K, reserved 1048576K
}
Event: 8.320 GC heap before
{Heap before GC invocations=14 (full 0):
 garbage-first heap   total 157696K, used 118452K [0x0000000080000000, 0x0000000100000000)
  region size 1024K, 65 young (66560K), 7 survivors (7168K)
 Metaspace       used 67695K, capacity 69458K, committed 69660K, reserved 1110016K
  class space    used 8608K, capacity 9294K, committed 9344K, reserved 1048576K
}

Deoptimization events (20 events):
Event: 8.272 Thread 0x00000258fddc3800 Uncommon trap: trap_request=0xffffffde fr.pc=0x00000258ecceb228 relative=0x00000000000009c8
Event: 8.272 Thread 0x00000258fddc3800 Uncommon trap: reason=class_check action=maybe_recompile pc=0x00000258ecceb228 method=java.util.WeakHashMap.eq(Ljava/lang/Object;Ljava/lang/Object;)Z @ 7 c2
Event: 8.272 Thread 0x00000258fddc3800 DEOPT PACKING pc=0x00000258ecceb228 sp=0x000000a8867f69d0
Event: 8.272 Thread 0x00000258fddc3800 DEOPT UNPACKING pc=0x00000258e50fa1af sp=0x000000a8867f6940 mode 2
Event: 8.274 Thread 0x00000258fddc3800 Uncommon trap: trap_request=0xffffff4d fr.pc=0x00000258ecf25428 relative=0x0000000000001128
Event: 8.274 Thread 0x00000258fddc3800 Uncommon trap: reason=unstable_if action=reinterpret pc=0x00000258ecf25428 method=java.lang.ClassLoader.checkCerts(Ljava/lang/String;Ljava/security/CodeSource;)V @ 29 c2
Event: 8.274 Thread 0x00000258fddc3800 DEOPT PACKING pc=0x00000258ecf25428 sp=0x000000a8867f6e20
Event: 8.274 Thread 0x00000258fddc3800 DEOPT UNPACKING pc=0x00000258e50fa1af sp=0x000000a8867f6de8 mode 2
Event: 8.275 Thread 0x00000258fddc3800 Uncommon trap: trap_request=0xffffff4d fr.pc=0x00000258ecf9f344 relative=0x0000000000001a84
Event: 8.275 Thread 0x00000258fddc3800 Uncommon trap: reason=unstable_if action=reinterpret pc=0x00000258ecf9f344 method=java.lang.ClassLoader.postDefineClass(Ljava/lang/Class;Ljava/security/ProtectionDomain;)V @ 17 c2
Event: 8.275 Thread 0x00000258fddc3800 DEOPT PACKING pc=0x00000258ecf9f344 sp=0x000000a8867f6e70
Event: 8.275 Thread 0x00000258fddc3800 DEOPT UNPACKING pc=0x00000258e50fa1af sp=0x000000a8867f6e60 mode 2
Event: 8.275 Thread 0x00000258fddc3800 Uncommon trap: trap_request=0xffffff4d fr.pc=0x00000258ece7a868 relative=0x0000000000000ba8
Event: 8.275 Thread 0x00000258fddc3800 Uncommon trap: reason=unstable_if action=reinterpret pc=0x00000258ece7a868 method=java.lang.ClassLoader.loadClass(Ljava/lang/String;Z)Ljava/lang/Class; @ 29 c2
Event: 8.275 Thread 0x00000258fddc3800 DEOPT PACKING pc=0x00000258ece7a868 sp=0x000000a8867f6750
Event: 8.275 Thread 0x00000258fddc3800 DEOPT UNPACKING pc=0x00000258e50fa1af sp=0x000000a8867f6718 mode 2
Event: 8.286 Thread 0x00000258fddc3800 Uncommon trap: trap_request=0xffffffde fr.pc=0x00000258ecceb228 relative=0x00000000000009c8
Event: 8.286 Thread 0x00000258fddc3800 Uncommon trap: reason=class_check action=maybe_recompile pc=0x00000258ecceb228 method=java.util.WeakHashMap.eq(Ljava/lang/Object;Ljava/lang/Object;)Z @ 7 c2
Event: 8.286 Thread 0x00000258fddc3800 DEOPT PACKING pc=0x00000258ecceb228 sp=0x000000a8867f6820
Event: 8.286 Thread 0x00000258fddc3800 DEOPT UNPACKING pc=0x00000258e50fa1af sp=0x000000a8867f6790 mode 2

Classes redefined (0 events):
No events

Internal exceptions (20 events):
Event: 8.266 Thread 0x00000258fddc3800 Exception <a 'java/lang/ClassNotFoundException'{0x0000000086893968}: [Lcom/google/gms/googleservices/GoogleServicesPlugin$PluginType;BeanInfo> (0x0000000086893968) thrown at [src/hotspot/share/prims/jni.cpp, line 638]
Event: 8.266 Thread 0x00000258fddc3800 Exception <a 'java/lang/ClassNotFoundException'{0x0000000086894c98}: [Lcom/google/gms/googleservices/GoogleServicesPlugin$PluginType;BeanInfo> (0x0000000086894c98) thrown at [src/hotspot/share/prims/jni.cpp, line 638]
Event: 8.266 Thread 0x00000258fddc3800 Exception <a 'java/lang/ClassNotFoundException'{0x00000000868960d8}: [Lcom/google/gms/googleservices/GoogleServicesPlugin$PluginType;Customizer> (0x00000000868960d8) thrown at [src/hotspot/share/prims/jni.cpp, line 638]
Event: 8.266 Thread 0x00000258fddc3800 Exception <a 'java/lang/ClassNotFoundException'{0x0000000086897410}: [Lcom/google/gms/googleservices/GoogleServicesPlugin$PluginType;Customizer> (0x0000000086897410) thrown at [src/hotspot/share/prims/jni.cpp, line 638]
Event: 8.266 Thread 0x00000258fddc3800 Exception <a 'java/lang/ClassNotFoundException'{0x0000000086898748}: [Lcom/google/gms/googleservices/GoogleServicesPlugin$PluginType;Customizer> (0x0000000086898748) thrown at [src/hotspot/share/prims/jni.cpp, line 638]
Event: 8.271 Thread 0x00000258fddc3800 Exception <a 'java/lang/ClassNotFoundException'{0x00000000867cac00}: java/util/ArrayListBeanInfo> (0x00000000867cac00) thrown at [src/hotspot/share/classfile/systemDictionary.cpp, line 230]
Event: 8.271 Thread 0x00000258fddc3800 Exception <a 'java/lang/ClassNotFoundException'{0x00000000867d8560}: java/util/AbstractListBeanInfo> (0x00000000867d8560) thrown at [src/hotspot/share/classfile/systemDictionary.cpp, line 230]
Event: 8.272 Thread 0x00000258fddc3800 Exception <a 'java/lang/ClassNotFoundException'{0x00000000867e5f00}: java/util/AbstractListCustomizer> (0x00000000867e5f00) thrown at [src/hotspot/share/classfile/systemDictionary.cpp, line 230]
Event: 8.272 Thread 0x00000258fddc3800 Exception <a 'java/lang/ClassNotFoundException'{0x00000000867fe208}: java/util/ArrayListCustomizer> (0x00000000867fe208) thrown at [src/hotspot/share/classfile/systemDictionary.cpp, line 230]
Event: 8.274 Thread 0x00000258fddc3800 Implicit null exception at 0x00000258ecf2462d to 0x00000258ecf25414
Event: 8.275 Thread 0x00000258fddc3800 Implicit null exception at 0x00000258ecf9e255 to 0x00000258ecf9f32c
Event: 8.282 Thread 0x00000258fddc3800 Exception <a 'java/lang/ClassNotFoundException'{0x000000008659dc00}: org/gradle/api/internal/plugins/DefaultPluginContainerBeanInfo> (0x000000008659dc00) thrown at [src/hotspot/share/classfile/systemDictionary.cpp, line 230]
Event: 8.283 Thread 0x00000258fddc3800 Exception <a 'java/lang/ClassNotFoundException'{0x00000000865d6570}: org/gradle/api/internal/plugins/DefaultPluginCollectionBeanInfo> (0x00000000865d6570) thrown at [src/hotspot/share/classfile/systemDictionary.cpp, line 230]
Event: 8.284 Thread 0x00000258fddc3800 Exception <a 'java/lang/ClassNotFoundException'{0x000000008640ca90}: org/gradle/api/internal/DefaultDomainObjectSetBeanInfo> (0x000000008640ca90) thrown at [src/hotspot/share/classfile/systemDictionary.cpp, line 230]
Event: 8.285 Thread 0x00000258fddc3800 Exception <a 'java/lang/ClassNotFoundException'{0x00000000864427f8}: org/gradle/api/internal/DefaultDomainObjectSetCustomizer> (0x00000000864427f8) thrown at [src/hotspot/share/classfile/systemDictionary.cpp, line 230]
Event: 8.286 Thread 0x00000258fddc3800 Exception <a 'java/lang/ClassNotFoundException'{0x00000000864883d0}: org/gradle/api/internal/plugins/DefaultPluginCollectionCustomizer> (0x00000000864883d0) thrown at [src/hotspot/share/classfile/systemDictionary.cpp, line 230]
Event: 8.288 Thread 0x00000258fddc3800 Exception <a 'java/lang/ClassNotFoundException'{0x00000000864e9ed0}: org/gradle/api/internal/plugins/DefaultPluginContainerCustomizer> (0x00000000864e9ed0) thrown at [src/hotspot/share/classfile/systemDictionary.cpp, line 230]
Event: 8.319 Thread 0x00000258fddc3800 Exception <a 'java/lang/ClassNotFoundException'{0x00000000860a9088}: com/android/build/gradle/internal/dsl/BaseAppModuleExtension_DecoratedBeanInfo> (0x00000000860a9088) thrown at [src/hotspot/share/classfile/systemDictionary.cpp, line 230]
Event: 8.319 Thread 0x00000258fddc3800 Exception <a 'java/lang/ClassNotFoundException'{0x00000000860c9028}: com/android/build/gradle/internal/dsl/BaseAppModuleExtensionBeanInfo> (0x00000000860c9028) thrown at [src/hotspot/share/classfile/systemDictionary.cpp, line 230]
Event: 8.320 Thread 0x00000258fddc3800 Exception <a 'java/lang/ClassNotFoundException'{0x00000000860e4600}: com/android/build/gradle/AppExtensionBeanInfo> (0x00000000860e4600) thrown at [src/hotspot/share/classfile/systemDictionary.cpp, line 230]

Events (20 events):
Event: 8.315 loading class com/android/build/gradle/internal/tasks/NdkTask done
Event: 8.316 loading class com/android/build/gradle/tasks/GenerateBuildConfig
Event: 8.316 loading class com/android/build/gradle/tasks/GenerateBuildConfig done
Event: 8.317 loading class org/gradle/api/tasks/AbstractCopyTask
Event: 8.317 loading class org/gradle/api/tasks/AbstractCopyTask done
Event: 8.318 loading class com/android/build/gradle/internal/dsl/BaseAppModuleExtension_DecoratedBeanInfo
Event: 8.318 loading class com/android/build/gradle/internal/dsl/BaseAppModuleExtension_DecoratedBeanInfo done
Event: 8.319 loading class com/android/build/gradle/internal/dsl/BaseAppModuleExtension_DecoratedBeanInfo
Event: 8.319 loading class com/android/build/gradle/internal/dsl/BaseAppModuleExtension_DecoratedBeanInfo done
Event: 8.319 loading class com/android/build/gradle/internal/dsl/BaseAppModuleExtensionBeanInfo
Event: 8.319 loading class com/android/build/gradle/internal/dsl/BaseAppModuleExtensionBeanInfo done
Event: 8.319 loading class com/android/build/gradle/internal/dsl/BaseAppModuleExtensionBeanInfo
Event: 8.319 loading class com/android/build/gradle/internal/dsl/BaseAppModuleExtensionBeanInfo done
Event: 8.319 loading class com/android/build/gradle/AppExtensionBeanInfo
Event: 8.319 loading class com/android/build/gradle/AppExtensionBeanInfo done
Event: 8.320 loading class com/android/build/gradle/AppExtensionBeanInfo
Event: 8.320 loading class com/android/build/gradle/AppExtensionBeanInfo done
Event: 8.320 loading class com/android/build/gradle/AbstractAppExtensionBeanInfo
Event: 8.320 loading class com/android/build/gradle/AbstractAppExtensionBeanInfo done
Event: 8.320 Executing VM operation: G1CollectForAllocation


Dynamic libraries:
0x00007ff68b790000 - 0x00007ff68b79a000 	C:\Program Files\Android\Android Studio\jbr\bin\java.exe
0x00007ffbc9530000 - 0x00007ffbc9728000 	C:\WINDOWS\SYSTEM32\ntdll.dll
0x00007ffbc86b0000 - 0x00007ffbc8772000 	C:\WINDOWS\System32\KERNEL32.DLL
0x00007ffbc6fe0000 - 0x00007ffbc72df000 	C:\WINDOWS\System32\KERNELBASE.dll
0x00007ffbc7350000 - 0x00007ffbc7450000 	C:\WINDOWS\System32\ucrtbase.dll
0x00007ffbc20b0000 - 0x00007ffbc20c7000 	C:\Program Files\Android\Android Studio\jbr\bin\jli.dll
0x00007ffbaab20000 - 0x00007ffbaab3b000 	C:\Program Files\Android\Android Studio\jbr\bin\VCRUNTIME140.dll
0x00007ffbc75c0000 - 0x00007ffbc775d000 	C:\WINDOWS\System32\USER32.dll
0x00007ffba8650000 - 0x00007ffba88ea000 	C:\WINDOWS\WinSxS\amd64_microsoft.windows.common-controls_6595b64144ccf1df_6.0.19041.4355_none_60b8b9eb71f62e16\COMCTL32.dll
0x00007ffbc74e0000 - 0x00007ffbc7502000 	C:\WINDOWS\System32\win32u.dll
0x00007ffbc9050000 - 0x00007ffbc90ee000 	C:\WINDOWS\System32\msvcrt.dll
0x00007ffbc89d0000 - 0x00007ffbc89fb000 	C:\WINDOWS\System32\GDI32.dll
0x00007ffbc6c70000 - 0x00007ffbc6d87000 	C:\WINDOWS\System32\gdi32full.dll
0x00007ffbc6f40000 - 0x00007ffbc6fdd000 	C:\WINDOWS\System32\msvcp_win.dll
0x00007ffbc91d0000 - 0x00007ffbc91ff000 	C:\WINDOWS\System32\IMM32.DLL
0x00007ffbc03e0000 - 0x00007ffbc03ec000 	C:\Program Files\Android\Android Studio\jbr\bin\vcruntime140_1.dll
0x00007ffb8df80000 - 0x00007ffb8e00d000 	C:\Program Files\Android\Android Studio\jbr\bin\msvcp140.dll
0x00007ffb62e80000 - 0x00007ffb63a3c000 	C:\Program Files\Android\Android Studio\jbr\bin\server\jvm.dll
0x00007ffbc9380000 - 0x00007ffbc9431000 	C:\WINDOWS\System32\ADVAPI32.dll
0x00007ffbc92e0000 - 0x00007ffbc937f000 	C:\WINDOWS\System32\sechost.dll
0x00007ffbc8780000 - 0x00007ffbc88a3000 	C:\WINDOWS\System32\RPCRT4.dll
0x00007ffbc7510000 - 0x00007ffbc7537000 	C:\WINDOWS\System32\bcrypt.dll
0x00007ffbc92d0000 - 0x00007ffbc92d8000 	C:\WINDOWS\System32\PSAPI.DLL
0x00007ffbb12c0000 - 0x00007ffbb12e7000 	C:\WINDOWS\SYSTEM32\WINMM.dll
0x00007ffbbd650000 - 0x00007ffbbd65a000 	C:\WINDOWS\SYSTEM32\VERSION.dll
0x00007ffbc2a40000 - 0x00007ffbc2a49000 	C:\WINDOWS\SYSTEM32\WSOCK32.dll
0x00007ffbc8f00000 - 0x00007ffbc8f6b000 	C:\WINDOWS\System32\WS2_32.dll
0x00007ffbc4c20000 - 0x00007ffbc4c32000 	C:\WINDOWS\SYSTEM32\kernel.appcore.dll
0x00007ffbb7630000 - 0x00007ffbb7640000 	C:\Program Files\Android\Android Studio\jbr\bin\verify.dll
0x00007ffbc47f0000 - 0x00007ffbc49d4000 	C:\WINDOWS\SYSTEM32\DBGHELP.DLL
0x00007ffbae000000 - 0x00007ffbae034000 	C:\WINDOWS\SYSTEM32\dbgcore.DLL
0x00007ffbc7450000 - 0x00007ffbc74d2000 	C:\WINDOWS\System32\bcryptPrimitives.dll
0x00007ffbb4280000 - 0x00007ffbb42a8000 	C:\Program Files\Android\Android Studio\jbr\bin\java.dll
0x00007ffbb4270000 - 0x00007ffbb427a000 	C:\Program Files\Android\Android Studio\jbr\bin\jimage.dll
0x00007ffbb4250000 - 0x00007ffbb4268000 	C:\Program Files\Android\Android Studio\jbr\bin\zip.dll
0x00007ffbc78a0000 - 0x00007ffbc800e000 	C:\WINDOWS\System32\SHELL32.dll
0x00007ffbc4c40000 - 0x00007ffbc53e4000 	C:\WINDOWS\SYSTEM32\windows.storage.dll
0x00007ffbc81c0000 - 0x00007ffbc8515000 	C:\WINDOWS\System32\combase.dll
0x00007ffbc65f0000 - 0x00007ffbc661f000 	C:\WINDOWS\SYSTEM32\Wldp.dll
0x00007ffbc9200000 - 0x00007ffbc92cd000 	C:\WINDOWS\System32\OLEAUT32.dll
0x00007ffbc9440000 - 0x00007ffbc94ed000 	C:\WINDOWS\System32\SHCORE.dll
0x00007ffbc9150000 - 0x00007ffbc91a5000 	C:\WINDOWS\System32\shlwapi.dll
0x00007ffbc6af0000 - 0x00007ffbc6b14000 	C:\WINDOWS\SYSTEM32\profapi.dll
0x00007ffba0ec0000 - 0x00007ffba0ed9000 	C:\Program Files\Android\Android Studio\jbr\bin\net.dll
0x00007ffbbe4f0000 - 0x00007ffbbe5fd000 	C:\WINDOWS\SYSTEM32\WINHTTP.dll
0x00007ffbc6350000 - 0x00007ffbc63ba000 	C:\WINDOWS\system32\mswsock.dll
0x00007ffba0ea0000 - 0x00007ffba0eb3000 	C:\Program Files\Android\Android Studio\jbr\bin\nio.dll
0x00007ffbb77c0000 - 0x00007ffbb77e7000 	C:\Users\HP-PC\.gradle\native\e1d6ef7f7dcc3fd88c89a11ec53ec762bb8ba0a96d01ffa2cd45eb1d1d8dd5c5\windows-amd64\native-platform.dll
0x00007ffb86e10000 - 0x00007ffb86f54000 	C:\Users\HP-PC\.gradle\native\0d407fdbe67a94daf76414ababcb853783967236a71b16ec16e742cd7a986fd3\windows-amd64\native-platform-file-events.dll
0x00007ffbb35d0000 - 0x00007ffbb35da000 	C:\Program Files\Android\Android Studio\jbr\bin\management.dll
0x00007ffbb34e0000 - 0x00007ffbb34eb000 	C:\Program Files\Android\Android Studio\jbr\bin\management_ext.dll
0x00007ffbc6540000 - 0x00007ffbc6558000 	C:\WINDOWS\SYSTEM32\CRYPTSP.dll
0x00007ffbc5c00000 - 0x00007ffbc5c34000 	C:\WINDOWS\system32\rsaenh.dll
0x00007ffbc6a70000 - 0x00007ffbc6a9e000 	C:\WINDOWS\SYSTEM32\USERENV.dll
0x00007ffbc6560000 - 0x00007ffbc656c000 	C:\WINDOWS\SYSTEM32\CRYPTBASE.dll
0x00007ffbc5fe0000 - 0x00007ffbc601b000 	C:\WINDOWS\SYSTEM32\IPHLPAPI.DLL
0x00007ffbc8a00000 - 0x00007ffbc8a08000 	C:\WINDOWS\System32\NSI.dll
0x00007ffbbf2b0000 - 0x00007ffbbf2c7000 	C:\WINDOWS\SYSTEM32\dhcpcsvc6.DLL
0x00007ffbbf9c0000 - 0x00007ffbbf9dd000 	C:\WINDOWS\SYSTEM32\dhcpcsvc.DLL
0x00007ffbc6020000 - 0x00007ffbc60ea000 	C:\WINDOWS\SYSTEM32\DNSAPI.dll

dbghelp: loaded successfully - version: 4.0.5 - missing functions: none
symbol engine: initialized successfully - sym options: 0x614 - pdb path: .;C:\Program Files\Android\Android Studio\jbr\bin;C:\WINDOWS\SYSTEM32;C:\WINDOWS\WinSxS\amd64_microsoft.windows.common-controls_6595b64144ccf1df_6.0.19041.4355_none_60b8b9eb71f62e16;C:\Program Files\Android\Android Studio\jbr\bin\server;C:\Users\HP-PC\.gradle\native\e1d6ef7f7dcc3fd88c89a11ec53ec762bb8ba0a96d01ffa2cd45eb1d1d8dd5c5\windows-amd64;C:\Users\HP-PC\.gradle\native\0d407fdbe67a94daf76414ababcb853783967236a71b16ec16e742cd7a986fd3\windows-amd64

VM Arguments:
jvm_args: --add-opens=java.base/java.util=ALL-UNNAMED --add-opens=java.base/java.lang=ALL-UNNAMED --add-opens=java.base/java.lang.invoke=ALL-UNNAMED --add-opens=java.base/java.util=ALL-UNNAMED --add-opens=java.prefs/java.util.prefs=ALL-UNNAMED --add-opens=java.prefs/java.util.prefs=ALL-UNNAMED --add-opens=java.base/java.nio.charset=ALL-UNNAMED --add-opens=java.base/java.net=ALL-UNNAMED --add-opens=java.base/java.util.concurrent.atomic=ALL-UNNAMED -Xmx2048m -Dfile.encoding=UTF-8 -Duser.country=US -Duser.language=en -Duser.variant 
java_command: org.gradle.launcher.daemon.bootstrap.GradleDaemon 7.5
java_class_path (initial): C:\Users\HP-PC\.gradle\wrapper\dists\gradle-7.5-bin\f1w0cc9nuo0eivz97x2xlu9sv\gradle-7.5\lib\gradle-launcher-7.5.jar
Launcher Type: SUN_STANDARD

[Global flags]
     intx CICompilerCount                          = 4                                         {product} {ergonomic}
     uint ConcGCThreads                            = 2                                         {product} {ergonomic}
     uint G1ConcRefinementThreads                  = 8                                         {product} {ergonomic}
   size_t G1HeapRegionSize                         = 1048576                                   {product} {ergonomic}
    uintx GCDrainStackTargetSize                   = 64                                        {product} {ergonomic}
   size_t InitialHeapSize                          = 134217728                                 {product} {ergonomic}
   size_t MarkStackSize                            = 4194304                                   {product} {ergonomic}
   size_t MaxHeapSize                              = 2147483648                                {product} {command line}
   size_t MaxNewSize                               = 1287651328                                {product} {ergonomic}
   size_t MinHeapDeltaBytes                        = 1048576                                   {product} {ergonomic}
    uintx NonNMethodCodeHeapSize                   = 5836300                                {pd product} {ergonomic}
    uintx NonProfiledCodeHeapSize                  = 122910970                              {pd product} {ergonomic}
    uintx ProfiledCodeHeapSize                     = 122910970                              {pd product} {ergonomic}
    uintx ReservedCodeCacheSize                    = 251658240                              {pd product} {ergonomic}
     bool SegmentedCodeCache                       = true                                      {product} {ergonomic}
     bool UseCompressedClassPointers               = true                                 {lp64_product} {ergonomic}
     bool UseCompressedOops                        = true                                 {lp64_product} {ergonomic}
     bool UseG1GC                                  = true                                      {product} {ergonomic}
     bool UseLargePagesIndividualAllocation        = false                                  {pd product} {ergonomic}

Logging:
Log output configuration:
 #0: stdout all=warning uptime,level,tags
 #1: stderr all=off uptime,level,tags

Environment Variables:
PATH=C:\ProgramData\Oracle\Java\javapath;C:\Program Files (x86)\Common Files\Oracle\Java\javapath;C:\Windows\system32;C:\Windows;C:\Windows\System32\Wbem;C:\Windows\System32\WindowsPowerShell\v1.0\;C:\Windows\System32\OpenSSH\;C:\Program Files (x86)\NVIDIA Corporation\PhysX\Common;C:\WINDOWS\system32;C:\WINDOWS;C:\WINDOWS\System32\Wbem;C:\WINDOWS\System32\WindowsPowerShell\v1.0\;C:\WINDOWS\System32\OpenSSH\;C:\Program;C:\Program Files\Java\jdk1.8.0_151\bin;C:\Program Files\Git\cmd;C:\MinGW\bin;C:\Program Files\MySQL\MySQL Server 5.5\bin;C:\Users\HP-PC\AppData\Local\Programs\Python\Python311\Scripts\;C:\Users\HP-PC\AppData\Local\Programs\Python\Python311\;C:\Users\HP-PC\AppData\Local\Microsoft\WindowsApps;C:\IntelliJ IDEA 2021.2\bin;C:\Program Files\JetBrains\IntelliJ IDEA 2021.2\bin;C:\xampp\mysql\bin;;C:\Users\HP-PC\AppData\Local\Programs\Microsoft VS Code\bin
USERNAME=HP-PC
OS=Windows_NT
PROCESSOR_IDENTIFIER=Intel64 Family 6 Model 142 Stepping 10, GenuineIntel



---------------  S Y S T E M  ---------------

OS: Windows 10 , 64 bit Build 19041 (10.0.19041.5198)
OS uptime: 27 days 23:57 hours

CPU:total 8 (initial active 8) (4 cores per cpu, 2 threads per core) family 6 model 142 stepping 10 microcode 0xf4, cmov, cx8, fxsr, mmx, sse, sse2, sse3, ssse3, sse4.1, sse4.2, popcnt, avx, avx2, aes, clmul, erms, 3dnowpref, lzcnt, ht, tsc, tscinvbit, bmi1, bmi2, adx, fma

Memory: 4k page, system-wide physical 8094M (712M free)
TotalPageFile size 16880M (AvailPageFile size 23M)
current process WorkingSet (physical memory assigned to process): 376M, peak: 376M
current process commit charge ("private bytes"): 412M, peak: 443M

vm_info: OpenJDK 64-Bit Server VM (11.0.15+0-b2043.56-9505619) for windows-amd64 JRE (11.0.15+0-b2043.56-9505619), built on Jan 19 2023 02:48:00 by "builduser" with unknown MS VC++:1929

END.
