#
# There is insufficient memory for the Java Runtime Environment to continue.
# Native memory allocation (mmap) failed to map 47185920 bytes for Failed to commit area from 0x000000008de00000 to 0x0000000090b00000 of length 47185920.
# Possible reasons:
#   The system is out of physical RAM or swap space
#   The process is running with CompressedOops enabled, and the Java Heap may be blocking the growth of the native heap
# Possible solutions:
#   Reduce memory load on the system
#   Increase physical memory or swap space
#   Check if swap backing store is full
#   Decrease Java heap size (-Xmx/-Xms)
#   Decrease number of Java threads
#   Decrease Java thread stack sizes (-Xss)
#   Set larger code cache with -XX:ReservedCodeCacheSize=
#   JVM is running with Unscaled Compressed Oops mode in which the Java heap is
#     placed in the first 4GB address space. The Java Heap base address is the
#     maximum limit for the native heap growth. Please use -XX:HeapBaseMinAddress
#     to set the Java Heap base and to place the Java Heap above 4GB virtual address.
# This output file may be truncated or incomplete.
#
#  Out of Memory Error (src/hotspot/os/windows/os_windows.cpp:3627), pid=19748, tid=12920
#
# JRE version: OpenJDK Runtime Environment (11.0.15) (build 11.0.15+0-b2043.56-9505619)
# Java VM: OpenJDK 64-Bit Server VM (11.0.15+0-b2043.56-9505619, mixed mode, tiered, compressed oops, g1 gc, windows-amd64)
# No core dump will be written. Minidumps are not enabled by default on client versions of Windows
#

---------------  S U M M A R Y ------------

Command Line: --add-opens=java.base/java.util=ALL-UNNAMED --add-opens=java.base/java.lang=ALL-UNNAMED --add-opens=java.base/java.lang.invoke=ALL-UNNAMED --add-opens=java.base/java.util=ALL-UNNAMED --add-opens=java.prefs/java.util.prefs=ALL-UNNAMED --add-opens=java.prefs/java.util.prefs=ALL-UNNAMED --add-opens=java.base/java.nio.charset=ALL-UNNAMED --add-opens=java.base/java.net=ALL-UNNAMED --add-opens=java.base/java.util.concurrent.atomic=ALL-UNNAMED -Xmx2048m -Dfile.encoding=UTF-8 -Duser.country=US -Duser.language=en -Duser.variant org.gradle.launcher.daemon.bootstrap.GradleDaemon 7.5

Host: Intel(R) Core(TM) i5-8250U CPU @ 1.60GHz, 8 cores, 7G,  Windows 10 , 64 bit Build 19041 (10.0.19041.5198)
Time: Mon Apr 14 20:50:06 2025 India Standard Time elapsed time: 12.319440 seconds (0d 0h 0m 12s)

---------------  T H R E A D  ---------------

Current thread (0x0000025ba0fba000):  VMThread "VM Thread" [stack: 0x0000007243a00000,0x0000007243b00000] [id=12920]

Stack: [0x0000007243a00000,0x0000007243b00000]
[error occurred during error reporting (printing stack bounds), id 0xc0000005, EXCEPTION_ACCESS_VIOLATION (0xc0000005) at pc=0x0000025b8a62112d]

Native frames: (J=compiled Java code, j=interpreted, Vv=VM code, C=native code)
V  [jvm.dll+0x64135a]
V  [jvm.dll+0x7d39f9]
V  [jvm.dll+0x7d51b9]
V  [jvm.dll+0x7d5805]
V  [jvm.dll+0x7d57bb]
V  [jvm.dll+0x640655]
V  [jvm.dll+0x640d68]
C  [ntdll.dll+0xa28bf]
C  [ntdll.dll+0x52554]
C  [ntdll.dll+0xa13ce]
C  0x0000025b8a62112d

VM_Operation (0x000000724c8f1f90): G1CollectForAllocation, mode: safepoint, requested by thread 0x0000025ba56e9000


---------------  P R O C E S S  ---------------

Threads class SMR info:
_java_thread_list=0x0000025baa019cc0, length=134, elements={
0x0000025b86af9000, 0x0000025ba0fc0800, 0x0000025ba0fca000, 0x0000025ba1935800,
0x0000025ba1937800, 0x0000025ba1939000, 0x0000025ba193d000, 0x0000025ba193f800,
0x0000025ba1943000, 0x0000025ba1aa8800, 0x0000025ba4e55800, 0x0000025ba1d10800,
0x0000025ba1b58000, 0x0000025ba2f48000, 0x0000025ba2f53000, 0x0000025ba3ceb800,
0x0000025ba3720000, 0x0000025ba3e20800, 0x0000025ba3cb3800, 0x0000025ba4070000,
0x0000025ba3e51000, 0x0000025ba3e4d800, 0x0000025ba3e52800, 0x0000025ba401d800,
0x0000025ba3e4e800, 0x0000025ba3e51800, 0x0000025ba3e4f000, 0x0000025ba3e4c800,
0x0000025ba3e53000, 0x0000025ba3e50000, 0x0000025ba6b2b800, 0x0000025ba6b28000,
0x0000025ba6b2c800, 0x0000025ba6b26800, 0x0000025ba6b2d000, 0x0000025ba6b29000,
0x0000025ba6b2a000, 0x0000025ba6b27800, 0x0000025ba6b2f000, 0x0000025ba6b2f800,
0x0000025ba6b2a800, 0x0000025ba6b31000, 0x0000025ba6b32000, 0x0000025ba6b33800,
0x0000025ba6b33000, 0x0000025ba6b2e000, 0x0000025ba6b34800, 0x0000025ba6b35800,
0x0000025ba78fd800, 0x0000025ba78fd000, 0x0000025ba78fe800, 0x0000025ba7900000,
0x0000025ba7901000, 0x0000025ba78fc000, 0x0000025ba78fb800, 0x0000025ba7903800,
0x0000025ba7904000, 0x0000025ba7905000, 0x0000025ba7902800, 0x0000025ba78ff800,
0x0000025ba7906800, 0x0000025ba7906000, 0x0000025ba7907800, 0x0000025ba7902000,
0x0000025ba790a000, 0x0000025ba7908800, 0x0000025ba7909000, 0x0000025ba4d5a000,
0x0000025ba4d5d800, 0x0000025ba4d57800, 0x0000025ba4d58800, 0x0000025ba4d5c800,
0x0000025ba4d5e000, 0x0000025ba4d5b000, 0x0000025ba4d5f000, 0x0000025ba4d59000,
0x0000025ba4d5f800, 0x0000025ba4d61800, 0x0000025ba4d5b800, 0x0000025ba4d62000,
0x0000025ba4d65800, 0x0000025ba4d63000, 0x0000025ba4d66000, 0x0000025ba4d64000,
0x0000025ba4d64800, 0x0000025ba4d60800, 0x0000025ba5362800, 0x0000025ba5360000,
0x0000025ba5363800, 0x0000025ba5364000, 0x0000025ba535e800, 0x0000025ba5365000,
0x0000025ba535f000, 0x0000025ba5365800, 0x0000025ba5366800, 0x0000025ba5361000,
0x0000025ba5367800, 0x0000025ba5361800, 0x0000025ba5369000, 0x0000025ba5368000,
0x0000025ba536a000, 0x0000025ba536b800, 0x0000025ba536a800, 0x0000025ba536d000,
0x0000025ba536c800, 0x0000025ba6f76800, 0x0000025ba6f75000, 0x0000025ba6f7b800,
0x0000025ba6f75800, 0x0000025ba6f78000, 0x0000025ba6f7c000, 0x0000025ba6f79000,
0x0000025ba6f7a000, 0x0000025ba6f7d000, 0x0000025ba6f77800, 0x0000025ba6f7e000,
0x0000025ba6f7e800, 0x0000025ba6f80800, 0x0000025ba6f7f800, 0x0000025ba6f7a800,
0x0000025ba6f83800, 0x0000025ba6f81000, 0x0000025ba5335800, 0x0000025ba6f82000,
0x0000025ba6f83000, 0x0000025ba56e4800, 0x0000025ba56e5800, 0x0000025ba56e7000,
0x0000025ba56e6800, 0x0000025ba56e8000, 0x0000025ba56e3000, 0x0000025ba56e2800,
0x0000025ba56e9800, 0x0000025ba56e9000
}

Java Threads: ( => current thread )
  0x0000025b86af9000 JavaThread "main" [_thread_blocked, id=1208, stack(0x0000007243400000,0x0000007243500000)]
  0x0000025ba0fc0800 JavaThread "Reference Handler" daemon [_thread_blocked, id=23240, stack(0x0000007243b00000,0x0000007243c00000)]
  0x0000025ba0fca000 JavaThread "Finalizer" daemon [_thread_blocked, id=17804, stack(0x0000007243c00000,0x0000007243d00000)]
  0x0000025ba1935800 JavaThread "Signal Dispatcher" daemon [_thread_blocked, id=9820, stack(0x0000007243d00000,0x0000007243e00000)]
  0x0000025ba1937800 JavaThread "Attach Listener" daemon [_thread_blocked, id=6684, stack(0x0000007243e00000,0x0000007243f00000)]
  0x0000025ba1939000 JavaThread "Service Thread" daemon [_thread_blocked, id=31184, stack(0x0000007243f00000,0x0000007244000000)]
  0x0000025ba193d000 JavaThread "C2 CompilerThread0" daemon [_thread_in_native, id=29144, stack(0x0000007244000000,0x0000007244100000)]
  0x0000025ba193f800 JavaThread "C1 CompilerThread0" daemon [_thread_blocked, id=20004, stack(0x0000007244100000,0x0000007244200000)]
  0x0000025ba1943000 JavaThread "Sweeper thread" daemon [_thread_blocked, id=4524, stack(0x0000007244200000,0x0000007244300000)]
  0x0000025ba1aa8800 JavaThread "Common-Cleaner" daemon [_thread_blocked, id=5436, stack(0x0000007244300000,0x0000007244400000)]
  0x0000025ba4e55800 JavaThread "Daemon health stats" [_thread_blocked, id=8804, stack(0x0000007244900000,0x0000007244a00000)]
  0x0000025ba1d10800 JavaThread "Incoming local TCP Connector on port 49553" [_thread_in_native, id=15096, stack(0x0000007244500000,0x0000007244600000)]
  0x0000025ba1b58000 JavaThread "Daemon periodic checks" [_thread_blocked, id=19096, stack(0x0000007244600000,0x0000007244700000)]
  0x0000025ba2f48000 JavaThread "Daemon" [_thread_blocked, id=16612, stack(0x0000007244a00000,0x0000007244b00000)]
  0x0000025ba2f53000 JavaThread "Handler for socket connection from /127.0.0.1:49553 to /127.0.0.1:49554" [_thread_in_native, id=21560, stack(0x0000007244b00000,0x0000007244c00000)]
  0x0000025ba3ceb800 JavaThread "Cancel handler" [_thread_blocked, id=12152, stack(0x0000007244c00000,0x0000007244d00000)]
  0x0000025ba3720000 JavaThread "Daemon worker" [_thread_blocked, id=28952, stack(0x0000007244d00000,0x0000007244e00000)]
  0x0000025ba3e20800 JavaThread "Asynchronous log dispatcher for DefaultDaemonConnection: socket connection from /127.0.0.1:49553 to /127.0.0.1:49554" [_thread_blocked, id=31656, stack(0x0000007244e00000,0x0000007244f00000)]
  0x0000025ba3cb3800 JavaThread "Stdin handler" [_thread_blocked, id=4224, stack(0x0000007244f00000,0x0000007245000000)]
  0x0000025ba4070000 JavaThread "Daemon client event forwarder" [_thread_blocked, id=32192, stack(0x0000007245000000,0x0000007245100000)]
  0x0000025ba3e51000 JavaThread "Cache worker for journal cache (C:\Users\HP-PC\.gradle\caches\journal-1)" [_thread_blocked, id=20484, stack(0x0000007245100000,0x0000007245200000)]
  0x0000025ba3e4d800 JavaThread "File lock request listener" [_thread_in_native, id=11984, stack(0x0000007245700000,0x0000007245800000)]
  0x0000025ba3e52800 JavaThread "Cache worker for file hash cache (C:\Users\HP-PC\.gradle\caches\7.5\fileHashes)" [_thread_blocked, id=30412, stack(0x0000007245900000,0x0000007245a00000)]
  0x0000025ba401d800 JavaThread "C2 CompilerThread1" daemon [_thread_in_native, id=3656, stack(0x0000007245a00000,0x0000007245b00000)]
  0x0000025ba3e4e800 JavaThread "File watcher server" daemon [_thread_in_native, id=19016, stack(0x0000007245c00000,0x0000007245d00000)]
  0x0000025ba3e51800 JavaThread "File watcher consumer" daemon [_thread_blocked, id=22124, stack(0x0000007245d00000,0x0000007245e00000)]
  0x0000025ba3e4f000 JavaThread "jar transforms" [_thread_blocked, id=22556, stack(0x0000007245e00000,0x0000007245f00000)]
  0x0000025ba3e4c800 JavaThread "jar transforms Thread 2" [_thread_blocked, id=9524, stack(0x0000007245f00000,0x0000007246000000)]
  0x0000025ba3e53000 JavaThread "jar transforms Thread 3" [_thread_blocked, id=5700, stack(0x0000007246000000,0x0000007246100000)]
  0x0000025ba3e50000 JavaThread "jar transforms Thread 4" [_thread_blocked, id=23664, stack(0x0000007246100000,0x0000007246200000)]
  0x0000025ba6b2b800 JavaThread "jar transforms Thread 5" [_thread_blocked, id=18128, stack(0x0000007246200000,0x0000007246300000)]
  0x0000025ba6b28000 JavaThread "jar transforms Thread 6" [_thread_blocked, id=29236, stack(0x0000007246300000,0x0000007246400000)]
  0x0000025ba6b2c800 JavaThread "jar transforms Thread 7" [_thread_blocked, id=23612, stack(0x0000007246400000,0x0000007246500000)]
  0x0000025ba6b26800 JavaThread "jar transforms Thread 8" [_thread_blocked, id=27872, stack(0x0000007246500000,0x0000007246600000)]
  0x0000025ba6b2d000 JavaThread "Cache worker for checksums cache (C:\Users\HP-PC\AndroidStudioProjects\TalathiAttendance-master\.gradle\7.5\checksums)" [_thread_blocked, id=33504, stack(0x0000007246600000,0x0000007246700000)]
  0x0000025ba6b29000 JavaThread "Cache worker for cache directory md-rule (C:\Users\HP-PC\.gradle\caches\7.5\md-rule)" [_thread_blocked, id=15636, stack(0x0000007246700000,0x0000007246800000)]
  0x0000025ba6b2a000 JavaThread "Cache worker for file content cache (C:\Users\HP-PC\.gradle\caches\7.5\fileContent)" [_thread_blocked, id=17948, stack(0x0000007246800000,0x0000007246900000)]
  0x0000025ba6b27800 JavaThread "Cache worker for file hash cache (C:\Users\HP-PC\AndroidStudioProjects\TalathiAttendance-master\.gradle\7.5\fileHashes)" [_thread_blocked, id=29108, stack(0x0000007246900000,0x0000007246a00000)]
  0x0000025ba6b2f000 JavaThread "Cache worker for cache directory md-supplier (C:\Users\HP-PC\.gradle\caches\7.5\md-supplier)" [_thread_blocked, id=7560, stack(0x0000007246a00000,0x0000007246b00000)]
  0x0000025ba6b2f800 JavaThread "Cache worker for execution history cache (C:\Users\HP-PC\.gradle\caches\7.5\executionHistory)" [_thread_blocked, id=25276, stack(0x0000007246b00000,0x0000007246c00000)]
  0x0000025ba6b2a800 JavaThread "Cache worker for dependencies-accessors (C:\Users\HP-PC\AndroidStudioProjects\TalathiAttendance-master\.gradle\7.5\dependencies-accessors)" [_thread_blocked, id=16648, stack(0x0000007246c00000,0x0000007246d00000)]
  0x0000025ba6b31000 JavaThread "Cache worker for Build Output Cleanup Cache (C:\Users\HP-PC\AndroidStudioProjects\TalathiAttendance-master\.gradle\buildOutputCleanup)" [_thread_blocked, id=26100, stack(0x0000007246d00000,0x0000007246e00000)]
  0x0000025ba6b32000 JavaThread "Unconstrained build operations" [_thread_blocked, id=26884, stack(0x0000007246e00000,0x0000007246f00000)]
  0x0000025ba6b33800 JavaThread "Unconstrained build operations Thread 2" [_thread_blocked, id=33048, stack(0x0000007246f00000,0x0000007247000000)]
  0x0000025ba6b33000 JavaThread "Unconstrained build operations Thread 3" [_thread_blocked, id=33288, stack(0x0000007247000000,0x0000007247100000)]
  0x0000025ba6b2e000 JavaThread "Unconstrained build operations Thread 4" [_thread_blocked, id=23076, stack(0x0000007247100000,0x0000007247200000)]
  0x0000025ba6b34800 JavaThread "Unconstrained build operations Thread 5" [_thread_blocked, id=20416, stack(0x0000007247200000,0x0000007247300000)]
  0x0000025ba6b35800 JavaThread "Unconstrained build operations Thread 6" [_thread_blocked, id=12740, stack(0x0000007247300000,0x0000007247400000)]
  0x0000025ba78fd800 JavaThread "Unconstrained build operations Thread 7" [_thread_blocked, id=24760, stack(0x0000007247400000,0x0000007247500000)]
  0x0000025ba78fd000 JavaThread "Unconstrained build operations Thread 8" [_thread_blocked, id=88, stack(0x0000007247500000,0x0000007247600000)]
  0x0000025ba78fe800 JavaThread "Unconstrained build operations Thread 9" [_thread_blocked, id=9780, stack(0x0000007247600000,0x0000007247700000)]
  0x0000025ba7900000 JavaThread "Unconstrained build operations Thread 10" [_thread_blocked, id=3920, stack(0x0000007247700000,0x0000007247800000)]
  0x0000025ba7901000 JavaThread "Unconstrained build operations Thread 11" [_thread_blocked, id=24712, stack(0x0000007247800000,0x0000007247900000)]
  0x0000025ba78fc000 JavaThread "Unconstrained build operations Thread 12" [_thread_blocked, id=29940, stack(0x0000007247900000,0x0000007247a00000)]
  0x0000025ba78fb800 JavaThread "Unconstrained build operations Thread 13" [_thread_blocked, id=17584, stack(0x0000007247a00000,0x0000007247b00000)]
  0x0000025ba7903800 JavaThread "Unconstrained build operations Thread 14" [_thread_blocked, id=15428, stack(0x0000007247b00000,0x0000007247c00000)]
  0x0000025ba7904000 JavaThread "Unconstrained build operations Thread 15" [_thread_blocked, id=18180, stack(0x0000007247c00000,0x0000007247d00000)]
  0x0000025ba7905000 JavaThread "Unconstrained build operations Thread 16" [_thread_blocked, id=25008, stack(0x0000007247d00000,0x0000007247e00000)]
  0x0000025ba7902800 JavaThread "Unconstrained build operations Thread 17" [_thread_blocked, id=14380, stack(0x0000007247e00000,0x0000007247f00000)]
  0x0000025ba78ff800 JavaThread "Unconstrained build operations Thread 18" [_thread_blocked, id=16108, stack(0x0000007247f00000,0x0000007248000000)]
  0x0000025ba7906800 JavaThread "Unconstrained build operations Thread 19" [_thread_blocked, id=21828, stack(0x0000007248000000,0x0000007248100000)]
  0x0000025ba7906000 JavaThread "Unconstrained build operations Thread 20" [_thread_blocked, id=9656, stack(0x0000007248100000,0x0000007248200000)]
  0x0000025ba7907800 JavaThread "Unconstrained build operations Thread 21" [_thread_blocked, id=24032, stack(0x0000007248200000,0x0000007248300000)]
  0x0000025ba7902000 JavaThread "Unconstrained build operations Thread 22" [_thread_blocked, id=11576, stack(0x0000007248300000,0x0000007248400000)]
  0x0000025ba790a000 JavaThread "Unconstrained build operations Thread 23" [_thread_blocked, id=32356, stack(0x0000007248400000,0x0000007248500000)]
  0x0000025ba7908800 JavaThread "Unconstrained build operations Thread 24" [_thread_blocked, id=31420, stack(0x0000007248500000,0x0000007248600000)]
  0x0000025ba7909000 JavaThread "Unconstrained build operations Thread 25" [_thread_blocked, id=29116, stack(0x0000007248600000,0x0000007248700000)]
  0x0000025ba4d5a000 JavaThread "Unconstrained build operations Thread 26" [_thread_blocked, id=5152, stack(0x0000007248700000,0x0000007248800000)]
  0x0000025ba4d5d800 JavaThread "Unconstrained build operations Thread 27" [_thread_blocked, id=26604, stack(0x0000007248800000,0x0000007248900000)]
  0x0000025ba4d57800 JavaThread "Unconstrained build operations Thread 28" [_thread_blocked, id=28904, stack(0x0000007248900000,0x0000007248a00000)]
  0x0000025ba4d58800 JavaThread "Unconstrained build operations Thread 29" [_thread_blocked, id=19468, stack(0x0000007248a00000,0x0000007248b00000)]
  0x0000025ba4d5c800 JavaThread "Unconstrained build operations Thread 30" [_thread_blocked, id=21068, stack(0x0000007248b00000,0x0000007248c00000)]
  0x0000025ba4d5e000 JavaThread "Unconstrained build operations Thread 31" [_thread_blocked, id=21440, stack(0x0000007248c00000,0x0000007248d00000)]
  0x0000025ba4d5b000 JavaThread "Unconstrained build operations Thread 32" [_thread_blocked, id=13576, stack(0x0000007248d00000,0x0000007248e00000)]
  0x0000025ba4d5f000 JavaThread "Unconstrained build operations Thread 33" [_thread_blocked, id=30376, stack(0x0000007248e00000,0x0000007248f00000)]
  0x0000025ba4d59000 JavaThread "Unconstrained build operations Thread 34" [_thread_blocked, id=12240, stack(0x0000007248f00000,0x0000007249000000)]
  0x0000025ba4d5f800 JavaThread "Unconstrained build operations Thread 35" [_thread_blocked, id=25368, stack(0x0000007249000000,0x0000007249100000)]
  0x0000025ba4d61800 JavaThread "Unconstrained build operations Thread 36" [_thread_blocked, id=32764, stack(0x0000007249100000,0x0000007249200000)]
  0x0000025ba4d5b800 JavaThread "Unconstrained build operations Thread 37" [_thread_blocked, id=12656, stack(0x0000007249200000,0x0000007249300000)]
  0x0000025ba4d62000 JavaThread "Unconstrained build operations Thread 38" [_thread_blocked, id=32136, stack(0x0000007249300000,0x0000007249400000)]
  0x0000025ba4d65800 JavaThread "Unconstrained build operations Thread 39" [_thread_blocked, id=1244, stack(0x0000007249400000,0x0000007249500000)]
  0x0000025ba4d63000 JavaThread "Unconstrained build operations Thread 40" [_thread_blocked, id=20952, stack(0x0000007249500000,0x0000007249600000)]
  0x0000025ba4d66000 JavaThread "Unconstrained build operations Thread 41" [_thread_blocked, id=17384, stack(0x0000007249600000,0x0000007249700000)]
  0x0000025ba4d64000 JavaThread "Unconstrained build operations Thread 42" [_thread_blocked, id=26584, stack(0x0000007249700000,0x0000007249800000)]
  0x0000025ba4d64800 JavaThread "Unconstrained build operations Thread 43" [_thread_blocked, id=2656, stack(0x0000007249800000,0x0000007249900000)]
  0x0000025ba4d60800 JavaThread "Unconstrained build operations Thread 44" [_thread_blocked, id=11536, stack(0x0000007249900000,0x0000007249a00000)]
  0x0000025ba5362800 JavaThread "Unconstrained build operations Thread 45" [_thread_blocked, id=32556, stack(0x0000007249a00000,0x0000007249b00000)]
  0x0000025ba5360000 JavaThread "Unconstrained build operations Thread 46" [_thread_blocked, id=32716, stack(0x0000007249b00000,0x0000007249c00000)]
  0x0000025ba5363800 JavaThread "Unconstrained build operations Thread 47" [_thread_blocked, id=16560, stack(0x0000007249c00000,0x0000007249d00000)]
  0x0000025ba5364000 JavaThread "Unconstrained build operations Thread 48" [_thread_blocked, id=10848, stack(0x0000007249d00000,0x0000007249e00000)]
  0x0000025ba535e800 JavaThread "Unconstrained build operations Thread 49" [_thread_blocked, id=14016, stack(0x0000007249e00000,0x0000007249f00000)]
  0x0000025ba5365000 JavaThread "Unconstrained build operations Thread 50" [_thread_blocked, id=10348, stack(0x0000007249f00000,0x000000724a000000)]
  0x0000025ba535f000 JavaThread "Unconstrained build operations Thread 51" [_thread_blocked, id=21316, stack(0x000000724a000000,0x000000724a100000)]
  0x0000025ba5365800 JavaThread "Unconstrained build operations Thread 52" [_thread_blocked, id=10284, stack(0x000000724a100000,0x000000724a200000)]
  0x0000025ba5366800 JavaThread "Unconstrained build operations Thread 53" [_thread_blocked, id=25584, stack(0x000000724a200000,0x000000724a300000)]
  0x0000025ba5361000 JavaThread "Unconstrained build operations Thread 54" [_thread_blocked, id=2684, stack(0x000000724a300000,0x000000724a400000)]
  0x0000025ba5367800 JavaThread "Unconstrained build operations Thread 55" [_thread_blocked, id=1212, stack(0x000000724a400000,0x000000724a500000)]
  0x0000025ba5361800 JavaThread "Unconstrained build operations Thread 56" [_thread_blocked, id=32836, stack(0x000000724a500000,0x000000724a600000)]
  0x0000025ba5369000 JavaThread "Unconstrained build operations Thread 57" [_thread_blocked, id=17704, stack(0x000000724a600000,0x000000724a700000)]
  0x0000025ba5368000 JavaThread "Unconstrained build operations Thread 58" [_thread_blocked, id=12176, stack(0x000000724a700000,0x000000724a800000)]
  0x0000025ba536a000 JavaThread "Unconstrained build operations Thread 59" [_thread_blocked, id=7728, stack(0x000000724a800000,0x000000724a900000)]
  0x0000025ba536b800 JavaThread "Unconstrained build operations Thread 60" [_thread_blocked, id=18284, stack(0x000000724a900000,0x000000724aa00000)]
  0x0000025ba536a800 JavaThread "Unconstrained build operations Thread 61" [_thread_blocked, id=25956, stack(0x000000724aa00000,0x000000724ab00000)]
  0x0000025ba536d000 JavaThread "Unconstrained build operations Thread 62" [_thread_blocked, id=13988, stack(0x000000724ab00000,0x000000724ac00000)]
  0x0000025ba536c800 JavaThread "Unconstrained build operations Thread 63" [_thread_blocked, id=30748, stack(0x000000724ac00000,0x000000724ad00000)]
  0x0000025ba6f76800 JavaThread "Unconstrained build operations Thread 64" [_thread_blocked, id=28912, stack(0x000000724ad00000,0x000000724ae00000)]
  0x0000025ba6f75000 JavaThread "Unconstrained build operations Thread 65" [_thread_blocked, id=27200, stack(0x000000724ae00000,0x000000724af00000)]
  0x0000025ba6f7b800 JavaThread "Unconstrained build operations Thread 66" [_thread_blocked, id=30020, stack(0x000000724af00000,0x000000724b000000)]
  0x0000025ba6f75800 JavaThread "Unconstrained build operations Thread 67" [_thread_blocked, id=29640, stack(0x000000724b000000,0x000000724b100000)]
  0x0000025ba6f78000 JavaThread "Unconstrained build operations Thread 68" [_thread_blocked, id=3092, stack(0x000000724b100000,0x000000724b200000)]
  0x0000025ba6f7c000 JavaThread "Unconstrained build operations Thread 69" [_thread_blocked, id=332, stack(0x000000724b200000,0x000000724b300000)]
  0x0000025ba6f79000 JavaThread "Unconstrained build operations Thread 70" [_thread_blocked, id=17060, stack(0x000000724b300000,0x000000724b400000)]
  0x0000025ba6f7a000 JavaThread "Unconstrained build operations Thread 71" [_thread_blocked, id=8388, stack(0x000000724b400000,0x000000724b500000)]
  0x0000025ba6f7d000 JavaThread "Unconstrained build operations Thread 72" [_thread_blocked, id=31216, stack(0x000000724b500000,0x000000724b600000)]
  0x0000025ba6f77800 JavaThread "Unconstrained build operations Thread 73" [_thread_blocked, id=13552, stack(0x000000724b600000,0x000000724b700000)]
  0x0000025ba6f7e000 JavaThread "Unconstrained build operations Thread 74" [_thread_blocked, id=8356, stack(0x000000724b700000,0x000000724b800000)]
  0x0000025ba6f7e800 JavaThread "Unconstrained build operations Thread 75" [_thread_blocked, id=9244, stack(0x000000724b800000,0x000000724b900000)]
  0x0000025ba6f80800 JavaThread "Unconstrained build operations Thread 76" [_thread_blocked, id=14360, stack(0x000000724b900000,0x000000724ba00000)]
  0x0000025ba6f7f800 JavaThread "Unconstrained build operations Thread 77" [_thread_blocked, id=19080, stack(0x000000724ba00000,0x000000724bb00000)]
  0x0000025ba6f7a800 JavaThread "Unconstrained build operations Thread 78" [_thread_blocked, id=9764, stack(0x000000724bb00000,0x000000724bc00000)]
  0x0000025ba6f83800 JavaThread "Unconstrained build operations Thread 79" [_thread_blocked, id=16076, stack(0x000000724bc00000,0x000000724bd00000)]
  0x0000025ba6f81000 JavaThread "Unconstrained build operations Thread 80" [_thread_blocked, id=17296, stack(0x000000724bd00000,0x000000724be00000)]
  0x0000025ba5335800 JavaThread "C2 CompilerThread2" daemon [_thread_in_native, id=30196, stack(0x0000007245b00000,0x0000007245c00000)]
  0x0000025ba6f82000 JavaThread "Memory manager" [_thread_blocked, id=33480, stack(0x000000724be00000,0x000000724bf00000)]
  0x0000025ba6f83000 JavaThread "included builds" [_thread_blocked, id=31868, stack(0x000000724bf00000,0x000000724c000000)]
  0x0000025ba56e4800 JavaThread "Execution worker" [_thread_blocked, id=10852, stack(0x000000724c000000,0x000000724c100000)]
  0x0000025ba56e5800 JavaThread "Execution worker Thread 2" [_thread_blocked, id=11084, stack(0x000000724c100000,0x000000724c200000)]
  0x0000025ba56e7000 JavaThread "Execution worker Thread 3" [_thread_blocked, id=26084, stack(0x000000724c200000,0x000000724c300000)]
  0x0000025ba56e6800 JavaThread "Execution worker Thread 4" [_thread_blocked, id=3868, stack(0x000000724c300000,0x000000724c400000)]
  0x0000025ba56e8000 JavaThread "Execution worker Thread 5" [_thread_blocked, id=12024, stack(0x000000724c400000,0x000000724c500000)]
  0x0000025ba56e3000 JavaThread "Execution worker Thread 6" [_thread_blocked, id=32684, stack(0x000000724c500000,0x000000724c600000)]
  0x0000025ba56e2800 JavaThread "Execution worker Thread 7" [_thread_blocked, id=31016, stack(0x000000724c600000,0x000000724c700000)]
  0x0000025ba56e9800 JavaThread "Cache worker for execution history cache (C:\Users\HP-PC\AndroidStudioProjects\TalathiAttendance-master\.gradle\7.5\executionHistory)" [_thread_blocked, id=17892, stack(0x000000724c700000,0x000000724c800000)]
  0x0000025ba56e9000 JavaThread "idea-tooling-model-converter" [_thread_blocked, id=13316, stack(0x000000724c800000,0x000000724c900000)]

Other Threads:
=>0x0000025ba0fba000 VMThread "VM Thread" [stack: 0x0000007243a00000,0x0000007243b00000] [id=12920]
  0x0000025ba1aad800 WatcherThread [stack: 0x0000007244400000,0x0000007244500000] [id=23304]
  0x0000025b86b12800 GCTaskThread "GC Thread#0" [stack: 0x0000007243500000,0x0000007243600000] [id=13328]
  0x0000025ba29d6000 GCTaskThread "GC Thread#1" [stack: 0x0000007244700000,0x0000007244800000] [id=20376]
  0x0000025ba2146000 GCTaskThread "GC Thread#2" [stack: 0x0000007244800000,0x0000007244900000] [id=9156]
  0x0000025ba3b5b000 GCTaskThread "GC Thread#3" [stack: 0x0000007245200000,0x0000007245300000] [id=9024]
  0x0000025ba3b5c000 GCTaskThread "GC Thread#4" [stack: 0x0000007245300000,0x0000007245400000] [id=5480]
  0x0000025ba3b5f000 GCTaskThread "GC Thread#5" [stack: 0x0000007245400000,0x0000007245500000] [id=23560]
  0x0000025ba3b59800 GCTaskThread "GC Thread#6" [stack: 0x0000007245500000,0x0000007245600000] [id=32844]
  0x0000025ba3b59000 GCTaskThread "GC Thread#7" [stack: 0x0000007245600000,0x0000007245700000] [id=17720]
  0x0000025b86b45800 ConcurrentGCThread "G1 Main Marker" [stack: 0x0000007243600000,0x0000007243700000] [id=26800]
  0x0000025b86b48000 ConcurrentGCThread "G1 Conc#0" [stack: 0x0000007243700000,0x0000007243800000] [id=27940]
  0x0000025ba3b5a800 ConcurrentGCThread "G1 Conc#1" [stack: 0x0000007245800000,0x0000007245900000] [id=14696]
  0x0000025ba0e10800 ConcurrentGCThread "G1 Refine#0" [stack: 0x0000007243800000,0x0000007243900000] [id=11680]
  0x0000025ba0e11000 ConcurrentGCThread "G1 Young RemSet Sampling" [stack: 0x0000007243900000,0x0000007243a00000] [id=20220]

Threads with active compile tasks:
C2 CompilerThread0    12344 8292       4       org.gradle.cache.internal.btree.CachingBlockStore::read (56 bytes)
C2 CompilerThread1    12344 7946 %     4       org.gradle.internal.instantiation.generator.AbstractClassGenerator::inspectType @ 107 (560 bytes)
C2 CompilerThread2    12344 8293       4       org.gradle.cache.internal.btree.FreeListBlockStore::read (12 bytes)

VM state:at safepoint (normal execution)

VM Mutex/Monitor currently owned by a thread:  ([mutex/lock_event])
[0x0000025b86af5410] Threads_lock - owner thread: 0x0000025ba0fba000
[0x0000025b86af51d0] Heap_lock - owner thread: 0x0000025ba56e9000

Heap address: 0x0000000080000000, size: 2048 MB, Compressed Oops mode: 32-bit
Narrow klass base: 0x0000000000000000, Narrow klass shift: 3
Compressed class space size: 1073741824 Address: 0x0000000100000000

Heap:
 garbage-first heap   total 273408K, used 170627K [0x0000000080000000, 0x0000000100000000)
  region size 1024K, 1 young (1024K), 1 survivors (1024K)
 Metaspace       used 81493K, capacity 83991K, committed 84220K, reserved 1122304K
  class space    used 10683K, capacity 11596K, committed 11648K, reserved 1048576K
Heap Regions: E=young(eden), S=young(survivor), O=old, HS=humongous(starts), HC=humongous(continues), CS=collection set, F=free, A=archive, TAMS=top-at-mark-start (previous, next)
|   0|0x0000000080000000, 0x0000000080100000, 0x0000000080100000|100%| O|  |TAMS 0x0000000080100000, 0x0000000080100000| Untracked 
|   1|0x0000000080100000, 0x0000000080200000, 0x0000000080200000|100%| O|  |TAMS 0x0000000080200000, 0x0000000080200000| Untracked 
|   2|0x0000000080200000, 0x0000000080300000, 0x0000000080300000|100%| O|  |TAMS 0x0000000080300000, 0x0000000080300000| Untracked 
|   3|0x0000000080300000, 0x0000000080400000, 0x0000000080400000|100%|HS|  |TAMS 0x0000000080400000, 0x0000000080400000| Complete 
|   4|0x0000000080400000, 0x0000000080500000, 0x0000000080500000|100%|HC|  |TAMS 0x0000000080500000, 0x0000000080500000| Complete 
|   5|0x0000000080500000, 0x0000000080600000, 0x0000000080600000|100%|HC|  |TAMS 0x0000000080600000, 0x0000000080600000| Complete 
|   6|0x0000000080600000, 0x0000000080700000, 0x0000000080700000|100%| O|  |TAMS 0x0000000080700000, 0x0000000080700000| Untracked 
|   7|0x0000000080700000, 0x0000000080800000, 0x0000000080800000|100%| O|  |TAMS 0x0000000080800000, 0x0000000080800000| Untracked 
|   8|0x0000000080800000, 0x0000000080900000, 0x0000000080900000|100%| O|  |TAMS 0x0000000080900000, 0x0000000080900000| Untracked 
|   9|0x0000000080900000, 0x0000000080a00000, 0x0000000080a00000|100%| O|  |TAMS 0x0000000080a00000, 0x0000000080a00000| Untracked 
|  10|0x0000000080a00000, 0x0000000080b00000, 0x0000000080b00000|100%| O|  |TAMS 0x0000000080b00000, 0x0000000080b00000| Untracked 
|  11|0x0000000080b00000, 0x0000000080c00000, 0x0000000080c00000|100%| O|  |TAMS 0x0000000080c00000, 0x0000000080c00000| Untracked 
|  12|0x0000000080c00000, 0x0000000080d00000, 0x0000000080d00000|100%| O|  |TAMS 0x0000000080d00000, 0x0000000080d00000| Untracked 
|  13|0x0000000080d00000, 0x0000000080e00000, 0x0000000080e00000|100%| O|  |TAMS 0x0000000080e00000, 0x0000000080e00000| Untracked 
|  14|0x0000000080e00000, 0x0000000080f00000, 0x0000000080f00000|100%| O|  |TAMS 0x0000000080f00000, 0x0000000080f00000| Untracked 
|  15|0x0000000080f00000, 0x0000000081000000, 0x0000000081000000|100%| O|  |TAMS 0x0000000081000000, 0x0000000081000000| Untracked 
|  16|0x0000000081000000, 0x0000000081100000, 0x0000000081100000|100%|HS|  |TAMS 0x0000000081100000, 0x0000000081100000| Complete 
|  17|0x0000000081100000, 0x0000000081200000, 0x0000000081200000|100%|HC|  |TAMS 0x0000000081200000, 0x0000000081200000| Complete 
|  18|0x0000000081200000, 0x0000000081300000, 0x0000000081300000|100%|HS|  |TAMS 0x0000000081300000, 0x0000000081300000| Complete 
|  19|0x0000000081300000, 0x0000000081400000, 0x0000000081400000|100%|HC|  |TAMS 0x0000000081400000, 0x0000000081400000| Complete 
|  20|0x0000000081400000, 0x0000000081500000, 0x0000000081500000|100%|HC|  |TAMS 0x0000000081500000, 0x0000000081500000| Complete 
|  21|0x0000000081500000, 0x0000000081600000, 0x0000000081600000|100%|HS|  |TAMS 0x0000000081600000, 0x0000000081600000| Complete 
|  22|0x0000000081600000, 0x0000000081700000, 0x0000000081700000|100%|HC|  |TAMS 0x0000000081700000, 0x0000000081700000| Complete 
|  23|0x0000000081700000, 0x0000000081800000, 0x0000000081800000|100%|HC|  |TAMS 0x0000000081800000, 0x0000000081800000| Complete 
|  24|0x0000000081800000, 0x0000000081900000, 0x0000000081900000|100%|HS|  |TAMS 0x0000000081900000, 0x0000000081900000| Complete 
|  25|0x0000000081900000, 0x0000000081a00000, 0x0000000081a00000|100%|HC|  |TAMS 0x0000000081a00000, 0x0000000081a00000| Complete 
|  26|0x0000000081a00000, 0x0000000081b00000, 0x0000000081b00000|100%|HS|  |TAMS 0x0000000081b00000, 0x0000000081b00000| Complete 
|  27|0x0000000081b00000, 0x0000000081c00000, 0x0000000081c00000|100%|HC|  |TAMS 0x0000000081c00000, 0x0000000081c00000| Complete 
|  28|0x0000000081c00000, 0x0000000081d00000, 0x0000000081d00000|100%|HC|  |TAMS 0x0000000081d00000, 0x0000000081d00000| Complete 
|  29|0x0000000081d00000, 0x0000000081e00000, 0x0000000081e00000|100%|HC|  |TAMS 0x0000000081e00000, 0x0000000081e00000| Complete 
|  30|0x0000000081e00000, 0x0000000081f00000, 0x0000000081f00000|100%|HC|  |TAMS 0x0000000081f00000, 0x0000000081f00000| Complete 
|  31|0x0000000081f00000, 0x0000000082000000, 0x0000000082000000|100%| O|  |TAMS 0x0000000082000000, 0x0000000082000000| Untracked 
|  32|0x0000000082000000, 0x0000000082100000, 0x0000000082100000|100%| O|  |TAMS 0x0000000082100000, 0x0000000082100000| Untracked 
|  33|0x0000000082100000, 0x0000000082200000, 0x0000000082200000|100%| O|  |TAMS 0x0000000082200000, 0x0000000082200000| Untracked 
|  34|0x0000000082200000, 0x0000000082300000, 0x0000000082300000|100%| O|  |TAMS 0x0000000082300000, 0x0000000082300000| Untracked 
|  35|0x0000000082300000, 0x0000000082400000, 0x0000000082400000|100%| O|  |TAMS 0x0000000082400000, 0x0000000082400000| Untracked 
|  36|0x0000000082400000, 0x0000000082500000, 0x0000000082500000|100%| O|  |TAMS 0x0000000082500000, 0x0000000082500000| Untracked 
|  37|0x0000000082500000, 0x0000000082600000, 0x0000000082600000|100%| O|  |TAMS 0x0000000082600000, 0x0000000082600000| Untracked 
|  38|0x0000000082600000, 0x0000000082700000, 0x0000000082700000|100%|HS|  |TAMS 0x0000000082700000, 0x0000000082700000| Complete 
|  39|0x0000000082700000, 0x0000000082800000, 0x0000000082800000|100%|HC|  |TAMS 0x0000000082800000, 0x0000000082800000| Complete 
|  40|0x0000000082800000, 0x0000000082900000, 0x0000000082900000|100%|HC|  |TAMS 0x0000000082900000, 0x0000000082900000| Complete 
|  41|0x0000000082900000, 0x0000000082a00000, 0x0000000082a00000|100%|HC|  |TAMS 0x0000000082a00000, 0x0000000082a00000| Complete 
|  42|0x0000000082a00000, 0x0000000082b00000, 0x0000000082b00000|100%|HC|  |TAMS 0x0000000082b00000, 0x0000000082b00000| Complete 
|  43|0x0000000082b00000, 0x0000000082c00000, 0x0000000082c00000|100%|HC|  |TAMS 0x0000000082c00000, 0x0000000082c00000| Complete 
|  44|0x0000000082c00000, 0x0000000082d00000, 0x0000000082d00000|100%|HC|  |TAMS 0x0000000082d00000, 0x0000000082d00000| Complete 
|  45|0x0000000082d00000, 0x0000000082e00000, 0x0000000082e00000|100%|HC|  |TAMS 0x0000000082e00000, 0x0000000082e00000| Complete 
|  46|0x0000000082e00000, 0x0000000082f00000, 0x0000000082f00000|100%|HC|  |TAMS 0x0000000082f00000, 0x0000000082f00000| Complete 
|  47|0x0000000082f00000, 0x0000000083000000, 0x0000000083000000|100%|HC|  |TAMS 0x0000000083000000, 0x0000000083000000| Complete 
|  48|0x0000000083000000, 0x0000000083100000, 0x0000000083100000|100%|HS|  |TAMS 0x0000000083100000, 0x0000000083100000| Complete 
|  49|0x0000000083100000, 0x0000000083200000, 0x0000000083200000|100%|HC|  |TAMS 0x0000000083200000, 0x0000000083200000| Complete 
|  50|0x0000000083200000, 0x0000000083300000, 0x0000000083300000|100%|HS|  |TAMS 0x0000000083300000, 0x0000000083300000| Complete 
|  51|0x0000000083300000, 0x0000000083400000, 0x0000000083400000|100%|HC|  |TAMS 0x0000000083400000, 0x0000000083400000| Complete 
|  52|0x0000000083400000, 0x0000000083500000, 0x0000000083500000|100%|HC|  |TAMS 0x0000000083500000, 0x0000000083500000| Complete 
|  53|0x0000000083500000, 0x0000000083600000, 0x0000000083600000|100%|HS|  |TAMS 0x0000000083600000, 0x0000000083600000| Complete 
|  54|0x0000000083600000, 0x0000000083700000, 0x0000000083700000|100%|HC|  |TAMS 0x0000000083700000, 0x0000000083700000| Complete 
|  55|0x0000000083700000, 0x0000000083800000, 0x0000000083800000|100%|HS|  |TAMS 0x0000000083800000, 0x0000000083800000| Complete 
|  56|0x0000000083800000, 0x0000000083900000, 0x0000000083900000|100%|HC|  |TAMS 0x0000000083900000, 0x0000000083900000| Complete 
|  57|0x0000000083900000, 0x0000000083a00000, 0x0000000083a00000|100%|HC|  |TAMS 0x0000000083a00000, 0x0000000083a00000| Complete 
|  58|0x0000000083a00000, 0x0000000083b00000, 0x0000000083b00000|100%| O|  |TAMS 0x0000000083b00000, 0x0000000083b00000| Untracked 
|  59|0x0000000083b00000, 0x0000000083c00000, 0x0000000083c00000|100%| O|  |TAMS 0x0000000083c00000, 0x0000000083c00000| Untracked 
|  60|0x0000000083c00000, 0x0000000083d00000, 0x0000000083d00000|100%| O|  |TAMS 0x0000000083d00000, 0x0000000083d00000| Untracked 
|  61|0x0000000083d00000, 0x0000000083e00000, 0x0000000083e00000|100%| O|  |TAMS 0x0000000083e00000, 0x0000000083e00000| Untracked 
|  62|0x0000000083e00000, 0x0000000083f00000, 0x0000000083f00000|100%| O|  |TAMS 0x0000000083f00000, 0x0000000083f00000| Untracked 
|  63|0x0000000083f00000, 0x0000000084000000, 0x0000000084000000|100%| O|  |TAMS 0x0000000084000000, 0x0000000084000000| Untracked 
|  64|0x0000000084000000, 0x0000000084100000, 0x0000000084100000|100%| O|  |TAMS 0x0000000084100000, 0x0000000084100000| Untracked 
|  65|0x0000000084100000, 0x0000000084200000, 0x0000000084200000|100%| O|  |TAMS 0x0000000084200000, 0x0000000084200000| Untracked 
|  66|0x0000000084200000, 0x0000000084300000, 0x0000000084300000|100%| O|  |TAMS 0x0000000084300000, 0x0000000084300000| Untracked 
|  67|0x0000000084300000, 0x0000000084400000, 0x0000000084400000|100%| O|  |TAMS 0x0000000084400000, 0x0000000084400000| Untracked 
|  68|0x0000000084400000, 0x0000000084500000, 0x0000000084500000|100%| O|  |TAMS 0x0000000084500000, 0x0000000084500000| Untracked 
|  69|0x0000000084500000, 0x0000000084600000, 0x0000000084600000|100%| O|  |TAMS 0x0000000084600000, 0x0000000084600000| Untracked 
|  70|0x0000000084600000, 0x0000000084700000, 0x0000000084700000|100%| O|  |TAMS 0x0000000084700000, 0x0000000084700000| Untracked 
|  71|0x0000000084700000, 0x0000000084800000, 0x0000000084800000|100%| O|  |TAMS 0x0000000084800000, 0x0000000084800000| Untracked 
|  72|0x0000000084800000, 0x0000000084900000, 0x0000000084900000|100%|HS|  |TAMS 0x0000000084900000, 0x0000000084900000| Complete 
|  73|0x0000000084900000, 0x0000000084a00000, 0x0000000084a00000|100%|HC|  |TAMS 0x0000000084a00000, 0x0000000084a00000| Complete 
|  74|0x0000000084a00000, 0x0000000084b00000, 0x0000000084b00000|100%|HC|  |TAMS 0x0000000084b00000, 0x0000000084b00000| Complete 
|  75|0x0000000084b00000, 0x0000000084c00000, 0x0000000084c00000|100%|HC|  |TAMS 0x0000000084c00000, 0x0000000084c00000| Complete 
|  76|0x0000000084c00000, 0x0000000084d00000, 0x0000000084d00000|100%|HC|  |TAMS 0x0000000084d00000, 0x0000000084d00000| Complete 
|  77|0x0000000084d00000, 0x0000000084e00000, 0x0000000084e00000|100%| O|  |TAMS 0x0000000084e00000, 0x0000000084e00000| Untracked 
|  78|0x0000000084e00000, 0x0000000084f00000, 0x0000000084f00000|100%|HS|  |TAMS 0x0000000084f00000, 0x0000000084f00000| Complete 
|  79|0x0000000084f00000, 0x0000000085000000, 0x0000000085000000|100%|HS|  |TAMS 0x0000000085000000, 0x0000000085000000| Complete 
|  80|0x0000000085000000, 0x0000000085100000, 0x0000000085100000|100%|HS|  |TAMS 0x0000000085100000, 0x0000000085100000| Complete 
|  81|0x0000000085100000, 0x0000000085200000, 0x0000000085200000|100%| O|  |TAMS 0x0000000085200000, 0x0000000085200000| Untracked 
|  82|0x0000000085200000, 0x0000000085300000, 0x0000000085300000|100%| O|  |TAMS 0x0000000085300000, 0x0000000085300000| Untracked 
|  83|0x0000000085300000, 0x0000000085400000, 0x0000000085400000|100%| O|  |TAMS 0x0000000085400000, 0x0000000085400000| Untracked 
|  84|0x0000000085400000, 0x0000000085500000, 0x0000000085500000|100%| O|  |TAMS 0x0000000085500000, 0x0000000085500000| Untracked 
|  85|0x0000000085500000, 0x0000000085600000, 0x0000000085600000|100%| O|  |TAMS 0x0000000085600000, 0x0000000085600000| Untracked 
|  86|0x0000000085600000, 0x0000000085700000, 0x0000000085700000|100%| O|  |TAMS 0x0000000085700000, 0x0000000085700000| Untracked 
|  87|0x0000000085700000, 0x0000000085800000, 0x0000000085800000|100%|HS|  |TAMS 0x0000000085800000, 0x0000000085800000| Complete 
|  88|0x0000000085800000, 0x0000000085900000, 0x0000000085900000|100%|HC|  |TAMS 0x0000000085900000, 0x0000000085900000| Complete 
|  89|0x0000000085900000, 0x0000000085a00000, 0x0000000085a00000|100%|HC|  |TAMS 0x0000000085a00000, 0x0000000085a00000| Complete 
|  90|0x0000000085a00000, 0x0000000085b00000, 0x0000000085b00000|100%| O|  |TAMS 0x0000000085b00000, 0x0000000085b00000| Untracked 
|  91|0x0000000085b00000, 0x0000000085c00000, 0x0000000085c00000|100%| O|  |TAMS 0x0000000085c00000, 0x0000000085c00000| Untracked 
|  92|0x0000000085c00000, 0x0000000085d00000, 0x0000000085d00000|100%| O|  |TAMS 0x0000000085d00000, 0x0000000085d00000| Untracked 
|  93|0x0000000085d00000, 0x0000000085e00000, 0x0000000085e00000|100%| O|  |TAMS 0x0000000085e00000, 0x0000000085e00000| Untracked 
|  94|0x0000000085e00000, 0x0000000085f00000, 0x0000000085f00000|100%| O|  |TAMS 0x0000000085f00000, 0x0000000085f00000| Untracked 
|  95|0x0000000085f00000, 0x0000000086000000, 0x0000000086000000|100%| O|  |TAMS 0x0000000086000000, 0x0000000086000000| Untracked 
|  96|0x0000000086000000, 0x0000000086100000, 0x0000000086100000|100%| O|  |TAMS 0x0000000086100000, 0x0000000086100000| Untracked 
|  97|0x0000000086100000, 0x0000000086200000, 0x0000000086200000|100%| O|  |TAMS 0x0000000086200000, 0x0000000086200000| Untracked 
|  98|0x0000000086200000, 0x0000000086300000, 0x0000000086300000|100%| O|  |TAMS 0x0000000086300000, 0x0000000086300000| Untracked 
|  99|0x0000000086300000, 0x0000000086400000, 0x0000000086400000|100%| O|  |TAMS 0x0000000086400000, 0x0000000086400000| Untracked 
| 100|0x0000000086400000, 0x0000000086500000, 0x0000000086500000|100%| O|  |TAMS 0x0000000086500000, 0x0000000086500000| Untracked 
| 101|0x0000000086500000, 0x0000000086600000, 0x0000000086600000|100%| O|  |TAMS 0x0000000086600000, 0x0000000086600000| Untracked 
| 102|0x0000000086600000, 0x0000000086700000, 0x0000000086700000|100%| O|  |TAMS 0x0000000086700000, 0x0000000086700000| Untracked 
| 103|0x0000000086700000, 0x0000000086800000, 0x0000000086800000|100%| O|  |TAMS 0x0000000086800000, 0x0000000086800000| Untracked 
| 104|0x0000000086800000, 0x0000000086900000, 0x0000000086900000|100%| O|  |TAMS 0x0000000086900000, 0x0000000086900000| Untracked 
| 105|0x0000000086900000, 0x0000000086a00000, 0x0000000086a00000|100%| O|  |TAMS 0x0000000086a00000, 0x0000000086a00000| Untracked 
| 106|0x0000000086a00000, 0x0000000086b00000, 0x0000000086b00000|100%| O|  |TAMS 0x0000000086b00000, 0x0000000086b00000| Untracked 
| 107|0x0000000086b00000, 0x0000000086c00000, 0x0000000086c00000|100%| O|  |TAMS 0x0000000086c00000, 0x0000000086c00000| Untracked 
| 108|0x0000000086c00000, 0x0000000086d00000, 0x0000000086d00000|100%| O|  |TAMS 0x0000000086d00000, 0x0000000086d00000| Untracked 
| 109|0x0000000086d00000, 0x0000000086e00000, 0x0000000086e00000|100%| O|  |TAMS 0x0000000086e00000, 0x0000000086e00000| Untracked 
| 110|0x0000000086e00000, 0x0000000086f00000, 0x0000000086f00000|100%| O|  |TAMS 0x0000000086f00000, 0x0000000086f00000| Untracked 
| 111|0x0000000086f00000, 0x0000000087000000, 0x0000000087000000|100%| O|  |TAMS 0x0000000087000000, 0x0000000087000000| Untracked 
| 112|0x0000000087000000, 0x0000000087100000, 0x0000000087100000|100%| O|  |TAMS 0x000000008708ce00, 0x0000000087100000| Untracked 
| 113|0x0000000087100000, 0x0000000087200000, 0x0000000087200000|100%|HS|  |TAMS 0x0000000087100000, 0x0000000087200000| Complete 
| 114|0x0000000087200000, 0x0000000087300000, 0x0000000087300000|100%|HC|  |TAMS 0x0000000087200000, 0x0000000087300000| Complete 
| 115|0x0000000087300000, 0x0000000087400000, 0x0000000087400000|100%|HC|  |TAMS 0x0000000087300000, 0x0000000087400000| Complete 
| 116|0x0000000087400000, 0x0000000087500000, 0x0000000087500000|100%|HC|  |TAMS 0x0000000087400000, 0x0000000087500000| Complete 
| 117|0x0000000087500000, 0x0000000087600000, 0x0000000087600000|100%|HC|  |TAMS 0x0000000087500000, 0x0000000087600000| Complete 
| 118|0x0000000087600000, 0x0000000087700000, 0x0000000087700000|100%|HC|  |TAMS 0x0000000087600000, 0x0000000087700000| Complete 
| 119|0x0000000087700000, 0x0000000087800000, 0x0000000087800000|100%|HC|  |TAMS 0x0000000087700000, 0x0000000087800000| Complete 
| 120|0x0000000087800000, 0x0000000087900000, 0x0000000087900000|100%|HC|  |TAMS 0x0000000087800000, 0x0000000087900000| Complete 
| 121|0x0000000087900000, 0x0000000087a00000, 0x0000000087a00000|100%|HC|  |TAMS 0x0000000087900000, 0x0000000087a00000| Complete 
| 122|0x0000000087a00000, 0x0000000087b00000, 0x0000000087b00000|100%|HC|  |TAMS 0x0000000087a00000, 0x0000000087b00000| Complete 
| 123|0x0000000087b00000, 0x0000000087c00000, 0x0000000087c00000|100%|HS|  |TAMS 0x0000000087b00000, 0x0000000087c00000| Complete 
| 124|0x0000000087c00000, 0x0000000087d00000, 0x0000000087d00000|100%|HC|  |TAMS 0x0000000087c00000, 0x0000000087d00000| Complete 
| 125|0x0000000087d00000, 0x0000000087e00000, 0x0000000087e00000|100%|HS|  |TAMS 0x0000000087d00000, 0x0000000087e00000| Complete 
| 126|0x0000000087e00000, 0x0000000087f00000, 0x0000000087f00000|100%|HC|  |TAMS 0x0000000087e00000, 0x0000000087f00000| Complete 
| 127|0x0000000087f00000, 0x0000000088000000, 0x0000000088000000|100%|HS|  |TAMS 0x0000000087f00000, 0x0000000088000000| Complete 
| 128|0x0000000088000000, 0x0000000088100000, 0x0000000088100000|100%|HC|  |TAMS 0x0000000088000000, 0x0000000088100000| Complete 
| 129|0x0000000088100000, 0x0000000088200000, 0x0000000088200000|100%|HC|  |TAMS 0x0000000088100000, 0x0000000088200000| Complete 
| 130|0x0000000088200000, 0x0000000088300000, 0x0000000088300000|100%|HS|  |TAMS 0x0000000088200000, 0x0000000088300000| Complete 
| 131|0x0000000088300000, 0x0000000088400000, 0x0000000088400000|100%|HC|  |TAMS 0x0000000088300000, 0x0000000088400000| Complete 
| 132|0x0000000088400000, 0x0000000088500000, 0x0000000088500000|100%|HC|  |TAMS 0x0000000088400000, 0x0000000088500000| Complete 
| 133|0x0000000088500000, 0x0000000088600000, 0x0000000088600000|100%|HS|  |TAMS 0x0000000088500000, 0x0000000088600000| Complete 
| 134|0x0000000088600000, 0x0000000088700000, 0x0000000088700000|100%|HC|  |TAMS 0x0000000088600000, 0x0000000088700000| Complete 
| 135|0x0000000088700000, 0x0000000088800000, 0x0000000088800000|100%|HS|  |TAMS 0x0000000088700000, 0x0000000088800000| Complete 
| 136|0x0000000088800000, 0x0000000088900000, 0x0000000088900000|100%|HC|  |TAMS 0x0000000088800000, 0x0000000088900000| Complete 
| 137|0x0000000088900000, 0x0000000088a00000, 0x0000000088a00000|100%|HC|  |TAMS 0x0000000088900000, 0x0000000088a00000| Complete 
| 138|0x0000000088a00000, 0x0000000088b00000, 0x0000000088b00000|100%|HC|  |TAMS 0x0000000088a00000, 0x0000000088b00000| Complete 
| 139|0x0000000088b00000, 0x0000000088c00000, 0x0000000088c00000|100%|HC|  |TAMS 0x0000000088b00000, 0x0000000088c00000| Complete 
| 140|0x0000000088c00000, 0x0000000088d00000, 0x0000000088d00000|100%|HS|  |TAMS 0x0000000088c00000, 0x0000000088d00000| Complete 
| 141|0x0000000088d00000, 0x0000000088e00000, 0x0000000088e00000|100%|HC|  |TAMS 0x0000000088d00000, 0x0000000088e00000| Complete 
| 142|0x0000000088e00000, 0x0000000088f00000, 0x0000000088f00000|100%|HC|  |TAMS 0x0000000088e00000, 0x0000000088f00000| Complete 
| 143|0x0000000088f00000, 0x0000000089000000, 0x0000000089000000|100%|HC|  |TAMS 0x0000000088f00000, 0x0000000089000000| Complete 
| 144|0x0000000089000000, 0x0000000089100000, 0x0000000089100000|100%|HC|  |TAMS 0x0000000089000000, 0x0000000089100000| Complete 
| 145|0x0000000089100000, 0x0000000089200000, 0x0000000089200000|100%|HC|  |TAMS 0x0000000089100000, 0x0000000089200000| Complete 
| 146|0x0000000089200000, 0x0000000089300000, 0x0000000089300000|100%|HC|  |TAMS 0x0000000089200000, 0x0000000089300000| Complete 
| 147|0x0000000089300000, 0x0000000089400000, 0x0000000089400000|100%|HC|  |TAMS 0x0000000089300000, 0x0000000089400000| Complete 
| 148|0x0000000089400000, 0x0000000089500000, 0x0000000089500000|100%|HC|  |TAMS 0x0000000089400000, 0x0000000089500000| Complete 
| 149|0x0000000089500000, 0x0000000089600000, 0x0000000089600000|100%|HC|  |TAMS 0x0000000089500000, 0x0000000089600000| Complete 
| 150|0x0000000089600000, 0x0000000089700000, 0x0000000089700000|100%|HS|  |TAMS 0x0000000089600000, 0x0000000089700000| Complete 
| 151|0x0000000089700000, 0x0000000089800000, 0x0000000089800000|100%|HC|  |TAMS 0x0000000089700000, 0x0000000089800000| Complete 
| 152|0x0000000089800000, 0x0000000089900000, 0x0000000089900000|100%| O|  |TAMS 0x0000000089800000, 0x0000000089900000| Untracked 
| 153|0x0000000089900000, 0x0000000089a00000, 0x0000000089a00000|100%| O|  |TAMS 0x0000000089900000, 0x0000000089a00000| Untracked 
| 154|0x0000000089a00000, 0x0000000089b00000, 0x0000000089b00000|100%| O|  |TAMS 0x0000000089a00000, 0x0000000089b00000| Untracked 
| 155|0x0000000089b00000, 0x0000000089c00000, 0x0000000089c00000|100%| O|  |TAMS 0x0000000089b00000, 0x0000000089c00000| Untracked 
| 156|0x0000000089c00000, 0x0000000089d00000, 0x0000000089d00000|100%| O|  |TAMS 0x0000000089c00000, 0x0000000089d00000| Untracked 
| 157|0x0000000089d00000, 0x0000000089e00000, 0x0000000089e00000|100%| O|  |TAMS 0x0000000089d00000, 0x0000000089e00000| Untracked 
| 158|0x0000000089e00000, 0x0000000089f00000, 0x0000000089f00000|100%| O|  |TAMS 0x0000000089e00000, 0x0000000089f00000| Untracked 
| 159|0x0000000089f00000, 0x0000000089f00000, 0x000000008a000000|  0%| F|  |TAMS 0x0000000089f00000, 0x0000000089f00000| Untracked 
| 160|0x000000008a000000, 0x000000008a000000, 0x000000008a100000|  0%| F|  |TAMS 0x000000008a000000, 0x000000008a000000| Untracked 
| 161|0x000000008a100000, 0x000000008a100000, 0x000000008a200000|  0%| F|  |TAMS 0x000000008a100000, 0x000000008a100000| Untracked 
| 162|0x000000008a200000, 0x000000008a200000, 0x000000008a300000|  0%| F|  |TAMS 0x000000008a200000, 0x000000008a200000| Untracked 
| 163|0x000000008a300000, 0x000000008a300000, 0x000000008a400000|  0%| F|  |TAMS 0x000000008a300000, 0x000000008a300000| Untracked 
| 164|0x000000008a400000, 0x000000008a400000, 0x000000008a500000|  0%| F|  |TAMS 0x000000008a400000, 0x000000008a400000| Untracked 
| 165|0x000000008a500000, 0x000000008a500000, 0x000000008a600000|  0%| F|  |TAMS 0x000000008a500000, 0x000000008a500000| Untracked 
| 166|0x000000008a600000, 0x000000008a700000, 0x000000008a700000|100%| O|  |TAMS 0x000000008a600000, 0x000000008a700000| Untracked 
| 167|0x000000008a700000, 0x000000008a800000, 0x000000008a800000|100%| O|  |TAMS 0x000000008a700000, 0x000000008a800000| Untracked 
| 168|0x000000008a800000, 0x000000008a900000, 0x000000008a900000|100%| O|  |TAMS 0x000000008a800000, 0x000000008a900000| Untracked 
| 169|0x000000008a900000, 0x000000008aa00000, 0x000000008aa00000|100%| O|  |TAMS 0x000000008a900000, 0x000000008aa00000| Untracked 
| 170|0x000000008aa00000, 0x000000008ab00000, 0x000000008ab00000|100%| O|  |TAMS 0x000000008aa00000, 0x000000008ab00000| Untracked 
| 171|0x000000008ab00000, 0x000000008ac00000, 0x000000008ac00000|100%| O|  |TAMS 0x000000008ab00000, 0x000000008ac00000| Untracked 
| 172|0x000000008ac00000, 0x000000008ad00000, 0x000000008ad00000|100%| O|  |TAMS 0x000000008ac00000, 0x000000008ad00000| Untracked 
| 173|0x000000008ad00000, 0x000000008ad1ca00, 0x000000008ae00000| 11%| O|  |TAMS 0x000000008ad00000, 0x000000008ad1ca00| Untracked 
| 174|0x000000008ae00000, 0x000000008ae00000, 0x000000008af00000|  0%| F|  |TAMS 0x000000008ae00000, 0x000000008ae00000| Untracked 
| 175|0x000000008af00000, 0x000000008af00000, 0x000000008b000000|  0%| F|  |TAMS 0x000000008af00000, 0x000000008af00000| Untracked 
| 176|0x000000008b000000, 0x000000008b000000, 0x000000008b100000|  0%| F|  |TAMS 0x000000008b000000, 0x000000008b000000| Untracked 
| 177|0x000000008b100000, 0x000000008b100000, 0x000000008b200000|  0%| F|  |TAMS 0x000000008b100000, 0x000000008b100000| Untracked 
| 178|0x000000008b200000, 0x000000008b200000, 0x000000008b300000|  0%| F|  |TAMS 0x000000008b200000, 0x000000008b200000| Untracked 
| 179|0x000000008b300000, 0x000000008b300000, 0x000000008b400000|  0%| F|  |TAMS 0x000000008b300000, 0x000000008b300000| Untracked 
| 180|0x000000008b400000, 0x000000008b400000, 0x000000008b500000|  0%| F|  |TAMS 0x000000008b400000, 0x000000008b400000| Untracked 
| 181|0x000000008b500000, 0x000000008b500000, 0x000000008b600000|  0%| F|  |TAMS 0x000000008b500000, 0x000000008b500000| Untracked 
| 182|0x000000008b600000, 0x000000008b600000, 0x000000008b700000|  0%| F|  |TAMS 0x000000008b600000, 0x000000008b600000| Untracked 
| 183|0x000000008b700000, 0x000000008b700000, 0x000000008b800000|  0%| F|  |TAMS 0x000000008b700000, 0x000000008b700000| Untracked 
| 184|0x000000008b800000, 0x000000008b800000, 0x000000008b900000|  0%| F|  |TAMS 0x000000008b800000, 0x000000008b800000| Untracked 
| 185|0x000000008b900000, 0x000000008b900000, 0x000000008ba00000|  0%| F|  |TAMS 0x000000008b900000, 0x000000008b900000| Untracked 
| 186|0x000000008ba00000, 0x000000008ba00000, 0x000000008bb00000|  0%| F|  |TAMS 0x000000008ba00000, 0x000000008ba00000| Untracked 
| 187|0x000000008bb00000, 0x000000008bb00000, 0x000000008bc00000|  0%| F|  |TAMS 0x000000008bb00000, 0x000000008bb00000| Untracked 
| 188|0x000000008bc00000, 0x000000008bc00000, 0x000000008bd00000|  0%| F|  |TAMS 0x000000008bc00000, 0x000000008bc00000| Untracked 
| 189|0x000000008bd00000, 0x000000008bd00000, 0x000000008be00000|  0%| F|  |TAMS 0x000000008bd00000, 0x000000008bd00000| Untracked 
| 190|0x000000008be00000, 0x000000008be00000, 0x000000008bf00000|  0%| F|  |TAMS 0x000000008be00000, 0x000000008be00000| Untracked 
| 191|0x000000008bf00000, 0x000000008bf00000, 0x000000008c000000|  0%| F|  |TAMS 0x000000008bf00000, 0x000000008bf00000| Untracked 
| 192|0x000000008c000000, 0x000000008c000000, 0x000000008c100000|  0%| F|  |TAMS 0x000000008c000000, 0x000000008c000000| Untracked 
| 193|0x000000008c100000, 0x000000008c100000, 0x000000008c200000|  0%| F|  |TAMS 0x000000008c100000, 0x000000008c100000| Untracked 
| 194|0x000000008c200000, 0x000000008c200000, 0x000000008c300000|  0%| F|  |TAMS 0x000000008c200000, 0x000000008c200000| Untracked 
| 195|0x000000008c300000, 0x000000008c300000, 0x000000008c400000|  0%| F|  |TAMS 0x000000008c300000, 0x000000008c300000| Untracked 
| 196|0x000000008c400000, 0x000000008c484318, 0x000000008c500000| 51%| S|CS|TAMS 0x000000008c400000, 0x000000008c400000| Complete 
| 197|0x000000008c500000, 0x000000008c500000, 0x000000008c600000|  0%| F|  |TAMS 0x000000008c500000, 0x000000008c500000| Untracked 
| 198|0x000000008c600000, 0x000000008c600000, 0x000000008c700000|  0%| F|  |TAMS 0x000000008c600000, 0x000000008c600000| Untracked 
| 199|0x000000008c700000, 0x000000008c700000, 0x000000008c800000|  0%| F|  |TAMS 0x000000008c700000, 0x000000008c700000| Untracked 
| 200|0x000000008c800000, 0x000000008c800000, 0x000000008c900000|  0%| F|  |TAMS 0x000000008c800000, 0x000000008c800000| Untracked 
| 201|0x000000008c900000, 0x000000008c900000, 0x000000008ca00000|  0%| F|  |TAMS 0x000000008c900000, 0x000000008c900000| Untracked 
| 202|0x000000008ca00000, 0x000000008ca00000, 0x000000008cb00000|  0%| F|  |TAMS 0x000000008ca00000, 0x000000008ca00000| Untracked 
| 203|0x000000008cb00000, 0x000000008cb00000, 0x000000008cc00000|  0%| F|  |TAMS 0x000000008cb00000, 0x000000008cb00000| Untracked 
| 204|0x000000008cc00000, 0x000000008cc00000, 0x000000008cd00000|  0%| F|  |TAMS 0x000000008cc00000, 0x000000008cc00000| Untracked 
| 205|0x000000008cd00000, 0x000000008cd00000, 0x000000008ce00000|  0%| F|  |TAMS 0x000000008cd00000, 0x000000008cd00000| Untracked 
| 206|0x000000008ce00000, 0x000000008ce00000, 0x000000008cf00000|  0%| F|  |TAMS 0x000000008ce00000, 0x000000008ce00000| Untracked 
| 207|0x000000008cf00000, 0x000000008cf00000, 0x000000008d000000|  0%| F|  |TAMS 0x000000008cf00000, 0x000000008cf00000| Untracked 
| 208|0x000000008d000000, 0x000000008d000000, 0x000000008d100000|  0%| F|  |TAMS 0x000000008d000000, 0x000000008d000000| Untracked 
| 209|0x000000008d100000, 0x000000008d100000, 0x000000008d200000|  0%| F|  |TAMS 0x000000008d100000, 0x000000008d100000| Untracked 
| 210|0x000000008d200000, 0x000000008d200000, 0x000000008d300000|  0%| F|  |TAMS 0x000000008d200000, 0x000000008d200000| Untracked 
| 211|0x000000008d300000, 0x000000008d300000, 0x000000008d400000|  0%| F|  |TAMS 0x000000008d300000, 0x000000008d300000| Untracked 
| 212|0x000000008d400000, 0x000000008d400000, 0x000000008d500000|  0%| F|  |TAMS 0x000000008d400000, 0x000000008d400000| Untracked 
| 213|0x000000008d500000, 0x000000008d500000, 0x000000008d600000|  0%| F|  |TAMS 0x000000008d500000, 0x000000008d500000| Untracked 
| 214|0x000000008d600000, 0x000000008d600000, 0x000000008d700000|  0%| F|  |TAMS 0x000000008d600000, 0x000000008d600000| Untracked 
| 215|0x000000008d700000, 0x000000008d700000, 0x000000008d800000|  0%| F|  |TAMS 0x000000008d700000, 0x000000008d700000| Untracked 
| 216|0x000000008d800000, 0x000000008d800000, 0x000000008d900000|  0%| F|  |TAMS 0x000000008d800000, 0x000000008d800000| Untracked 
| 217|0x000000008d900000, 0x000000008d900000, 0x000000008da00000|  0%| F|  |TAMS 0x000000008d900000, 0x000000008d900000| Untracked 
| 218|0x000000008da00000, 0x000000008da00000, 0x000000008db00000|  0%| F|  |TAMS 0x000000008da00000, 0x000000008da00000| Untracked 
| 219|0x000000008db00000, 0x000000008db00000, 0x000000008dc00000|  0%| F|  |TAMS 0x000000008db00000, 0x000000008db00000| Untracked 
| 220|0x000000008dc00000, 0x000000008dc00000, 0x000000008dd00000|  0%| F|  |TAMS 0x000000008dc00000, 0x000000008dc00000| Untracked 
| 221|0x000000008dd00000, 0x000000008dd00000, 0x000000008de00000|  0%| F|  |TAMS 0x000000008dd00000, 0x000000008dd00000| Untracked 

Card table byte_map: [0x0000025b99d60000,0x0000025b9a160000] _byte_map_base: 0x0000025b99960000

Marking Bits (Prev, Next): (CMBitMap*) 0x0000025b86b3cc80, (CMBitMap*) 0x0000025b86b3cc48
 Prev Bits: [0x0000025b9c560000, 0x0000025b9e560000)
 Next Bits: [0x0000025b9a560000, 0x0000025b9c560000)

Polling page: 0x0000025b862d0000

Metaspace:

Usage:
  Non-class:     70.70 MB capacity,    69.15 MB ( 98%) used,     1.31 MB (  2%) free+waste,   241.06 KB ( <1%) overhead. 
      Class:     11.32 MB capacity,    10.43 MB ( 92%) used,   797.65 KB (  7%) free+waste,   114.81 KB ( <1%) overhead. 
       Both:     82.02 MB capacity,    79.58 MB ( 97%) used,     2.09 MB (  3%) free+waste,   355.88 KB ( <1%) overhead. 

Virtual space:
  Non-class space:       72.00 MB reserved,      70.87 MB ( 98%) committed 
      Class space:        1.00 GB reserved,      11.38 MB (  1%) committed 
             Both:        1.07 GB reserved,      82.25 MB (  8%) committed 

Chunk freelists:
   Non-Class:  49.00 KB
       Class:  20.00 KB
        Both:  69.00 KB

MaxMetaspaceSize: 17179869184.00 GB
CompressedClassSpaceSize: 1.00 GB
Initial GC threshold: 20.80 MB
Current GC threshold: 131.25 MB
CDS: off

CodeHeap 'non-profiled nmethods': size=120000Kb used=5550Kb max_used=5550Kb free=114449Kb
 bounds [0x0000025b920f0000, 0x0000025b92660000, 0x0000025b99620000]
CodeHeap 'profiled nmethods': size=120000Kb used=17885Kb max_used=17885Kb free=102114Kb
 bounds [0x0000025b8abc0000, 0x0000025b8bd40000, 0x0000025b920f0000]
CodeHeap 'non-nmethods': size=5760Kb used=2373Kb max_used=2435Kb free=3386Kb
 bounds [0x0000025b8a620000, 0x0000025b8a890000, 0x0000025b8abc0000]
 total_blobs=9237 nmethods=8340 adapters=809
 compilation: enabled
              stopped_count=0, restarted_count=0
 full_count=0

Compilation events (20 events):
Event: 12.278 Thread 0x0000025ba193f800 8373       2       groovy.lang.MetaMethod::isStatic (16 bytes)
Event: 12.279 Thread 0x0000025ba193f800 nmethod 8373 0x0000025b8bd33d10 code [0x0000025b8bd33ec0, 0x0000025b8bd33fe8]
Event: 12.286 Thread 0x0000025ba193f800 8374       3       java.lang.reflect.Method::equals (69 bytes)
Event: 12.287 Thread 0x0000025ba193f800 nmethod 8374 0x0000025b8bd34090 code [0x0000025b8bd34280, 0x0000025b8bd34928]
Event: 12.290 Thread 0x0000025ba193f800 8375       3       org.gradle.internal.model.StateTransitionController$InState::hasSeenStateAndNotTransitioning (28 bytes)
Event: 12.291 Thread 0x0000025ba193f800 nmethod 8375 0x0000025b8bd34a90 code [0x0000025b8bd34c60, 0x0000025b8bd34f68]
Event: 12.291 Thread 0x0000025ba193f800 8376       3       org.codehaus.groovy.reflection.ParameterTypes::correctArguments (79 bytes)
Event: 12.292 Thread 0x0000025ba193f800 nmethod 8376 0x0000025b8bd35090 code [0x0000025b8bd352e0, 0x0000025b8bd35be8]
Event: 12.297 Thread 0x0000025ba193f800 8377       3       org.codehaus.groovy.reflection.ClassInfo::getVersion (8 bytes)
Event: 12.297 Thread 0x0000025ba193f800 nmethod 8377 0x0000025b8bd35e90 code [0x0000025b8bd36040, 0x0000025b8bd36158]
Event: 12.300 Thread 0x0000025ba193f800 8379       1       org.gradle.internal.operations.OperationIdentifier::getId (5 bytes)
Event: 12.300 Thread 0x0000025ba193f800 nmethod 8379 0x0000025b9265b590 code [0x0000025b9265b740, 0x0000025b9265b7f8]
Event: 12.304 Thread 0x0000025ba193f800 8380       3       org.gradle.internal.classloader.CachingClassLoader::equals (33 bytes)
Event: 12.304 Thread 0x0000025ba193f800 nmethod 8380 0x0000025b8bd36210 code [0x0000025b8bd363e0, 0x0000025b8bd36828]
Event: 12.306 Thread 0x0000025ba193f800 8381       1       org.gradle.invocation.DefaultGradle::getServices (5 bytes)
Event: 12.306 Thread 0x0000025ba193f800 nmethod 8381 0x0000025b9265b890 code [0x0000025b9265ba40, 0x0000025b9265baf8]
Event: 12.309 Thread 0x0000025ba193f800 8382       3       org.codehaus.groovy.vmplugin.v8.Java8::transformMetaMethod (8 bytes)
Event: 12.310 Thread 0x0000025ba193f800 nmethod 8382 0x0000025b8bd36910 code [0x0000025b8bd36ac0, 0x0000025b8bd36c88]
Event: 12.310 Thread 0x0000025ba193f800 8383       3       org.codehaus.groovy.vmplugin.v9.Java9::transformMetaMethod (48 bytes)
Event: 12.310 Thread 0x0000025ba193f800 nmethod 8383 0x0000025b8bd36d10 code [0x0000025b8bd36f00, 0x0000025b8bd37488]

GC Heap History (20 events):
Event: 8.618 GC heap after
{Heap after GC invocations=26 (full 0):
 garbage-first heap   total 189440K, used 108610K [0x0000000080000000, 0x0000000100000000)
  region size 1024K, 5 young (5120K), 5 survivors (5120K)
 Metaspace       used 62289K, capacity 64231K, committed 64508K, reserved 1105920K
  class space    used 7967K, capacity 8736K, committed 8832K, reserved 1048576K
}
Event: 9.076 GC heap before
{Heap before GC invocations=27 (full 0):
 garbage-first heap   total 189440K, used 145474K [0x0000000080000000, 0x0000000100000000)
  region size 1024K, 39 young (39936K), 5 survivors (5120K)
 Metaspace       used 64951K, capacity 66896K, committed 67068K, reserved 1107968K
  class space    used 8295K, capacity 9036K, committed 9088K, reserved 1048576K
}
Event: 9.081 GC heap after
{Heap after GC invocations=28 (full 0):
 garbage-first heap   total 189440K, used 107167K [0x0000000080000000, 0x0000000100000000)
  region size 1024K, 2 young (2048K), 2 survivors (2048K)
 Metaspace       used 64951K, capacity 66896K, committed 67068K, reserved 1107968K
  class space    used 8295K, capacity 9036K, committed 9088K, reserved 1048576K
}
Event: 9.234 GC heap before
{Heap before GC invocations=28 (full 0):
 garbage-first heap   total 189440K, used 121503K [0x0000000080000000, 0x0000000100000000)
  region size 1024K, 17 young (17408K), 2 survivors (2048K)
 Metaspace       used 66151K, capacity 68137K, committed 68348K, reserved 1107968K
  class space    used 8465K, capacity 9235K, committed 9344K, reserved 1048576K
}
Event: 9.237 GC heap after
{Heap after GC invocations=29 (full 0):
 garbage-first heap   total 189440K, used 108165K [0x0000000080000000, 0x0000000100000000)
  region size 1024K, 3 young (3072K), 3 survivors (3072K)
 Metaspace       used 66151K, capacity 68137K, committed 68348K, reserved 1107968K
  class space    used 8465K, capacity 9235K, committed 9344K, reserved 1048576K
}
Event: 9.660 GC heap before
{Heap before GC invocations=30 (full 0):
 garbage-first heap   total 189440K, used 141957K [0x0000000080000000, 0x0000000100000000)
  region size 1024K, 36 young (36864K), 3 survivors (3072K)
 Metaspace       used 69286K, capacity 71221K, committed 71548K, reserved 1112064K
  class space    used 8856K, capacity 9618K, committed 9728K, reserved 1048576K
}
Event: 9.665 GC heap after
{Heap after GC invocations=31 (full 0):
 garbage-first heap   total 189440K, used 108414K [0x0000000080000000, 0x0000000100000000)
  region size 1024K, 3 young (3072K), 3 survivors (3072K)
 Metaspace       used 69286K, capacity 71221K, committed 71548K, reserved 1112064K
  class space    used 8856K, capacity 9618K, committed 9728K, reserved 1048576K
}
Event: 9.881 GC heap before
{Heap before GC invocations=31 (full 0):
 garbage-first heap   total 189440K, used 143230K [0x0000000080000000, 0x0000000100000000)
  region size 1024K, 37 young (37888K), 3 survivors (3072K)
 Metaspace       used 69556K, capacity 71534K, committed 71804K, reserved 1112064K
  class space    used 8903K, capacity 9700K, committed 9728K, reserved 1048576K
}
Event: 9.889 GC heap after
{Heap after GC invocations=32 (full 0):
 garbage-first heap   total 189440K, used 111068K [0x0000000080000000, 0x0000000100000000)
  region size 1024K, 5 young (5120K), 5 survivors (5120K)
 Metaspace       used 69556K, capacity 71534K, committed 71804K, reserved 1112064K
  class space    used 8903K, capacity 9700K, committed 9728K, reserved 1048576K
}
Event: 10.092 GC heap before
{Heap before GC invocations=33 (full 0):
 garbage-first heap   total 189440K, used 146908K [0x0000000080000000, 0x0000000100000000)
  region size 1024K, 40 young (40960K), 5 survivors (5120K)
 Metaspace       used 69910K, capacity 71892K, committed 72188K, reserved 1112064K
  class space    used 8929K, capacity 9733K, committed 9856K, reserved 1048576K
}
Event: 10.099 GC heap after
{Heap after GC invocations=34 (full 0):
 garbage-first heap   total 189440K, used 113584K [0x0000000080000000, 0x0000000100000000)
  region size 1024K, 3 young (3072K), 3 survivors (3072K)
 Metaspace       used 69910K, capacity 71892K, committed 72188K, reserved 1112064K
  class space    used 8929K, capacity 9733K, committed 9856K, reserved 1048576K
}
Event: 10.588 GC heap before
{Heap before GC invocations=34 (full 0):
 garbage-first heap   total 189440K, used 149424K [0x0000000080000000, 0x0000000100000000)
  region size 1024K, 38 young (38912K), 3 survivors (3072K)
 Metaspace       used 74147K, capacity 76142K, committed 76412K, reserved 1116160K
  class space    used 9658K, capacity 10462K, committed 10496K, reserved 1048576K
}
Event: 10.596 GC heap after
{Heap after GC invocations=35 (full 0):
 garbage-first heap   total 227328K, used 115155K [0x0000000080000000, 0x0000000100000000)
  region size 1024K, 5 young (5120K), 5 survivors (5120K)
 Metaspace       used 74147K, capacity 76142K, committed 76412K, reserved 1116160K
  class space    used 9658K, capacity 10462K, committed 10496K, reserved 1048576K
}
Event: 11.263 GC heap before
{Heap before GC invocations=36 (full 0):
 garbage-first heap   total 227328K, used 165331K [0x0000000080000000, 0x0000000100000000)
  region size 1024K, 54 young (55296K), 5 survivors (5120K)
 Metaspace       used 77151K, capacity 79302K, committed 79484K, reserved 1118208K
  class space    used 10089K, capacity 10927K, committed 11008K, reserved 1048576K
}
Event: 11.271 GC heap after
{Heap after GC invocations=37 (full 0):
 garbage-first heap   total 227328K, used 118826K [0x0000000080000000, 0x0000000100000000)
  region size 1024K, 6 young (6144K), 6 survivors (6144K)
 Metaspace       used 77151K, capacity 79302K, committed 79484K, reserved 1118208K
  class space    used 10089K, capacity 10927K, committed 11008K, reserved 1048576K
}
Event: 11.476 GC heap before
{Heap before GC invocations=37 (full 0):
 garbage-first heap   total 227328K, used 139306K [0x0000000080000000, 0x0000000100000000)
  region size 1024K, 28 young (28672K), 6 survivors (6144K)
 Metaspace       used 78429K, capacity 80479K, committed 80636K, reserved 1118208K
  class space    used 10256K, capacity 11105K, committed 11136K, reserved 1048576K
}
Event: 11.484 GC heap after
{Heap after GC invocations=38 (full 0):
 garbage-first heap   total 227328K, used 122787K [0x0000000080000000, 0x0000000100000000)
  region size 1024K, 8 young (8192K), 8 survivors (8192K)
 Metaspace       used 78429K, capacity 80479K, committed 80636K, reserved 1118208K
  class space    used 10256K, capacity 11105K, committed 11136K, reserved 1048576K
}
Event: 12.232 GC heap before
{Heap before GC invocations=39 (full 0):
 garbage-first heap   total 227328K, used 211875K [0x0000000080000000, 0x0000000100000000)
  region size 1024K, 56 young (57344K), 8 survivors (8192K)
 Metaspace       used 80830K, capacity 83254K, committed 83324K, reserved 1122304K
  class space    used 10577K, capacity 11457K, committed 11520K, reserved 1048576K
}
Event: 12.240 GC heap after
{Heap after GC invocations=40 (full 0):
 garbage-first heap   total 227328K, used 169272K [0x0000000080000000, 0x0000000100000000)
  region size 1024K, 7 young (7168K), 7 survivors (7168K)
 Metaspace       used 80830K, capacity 83254K, committed 83324K, reserved 1122304K
  class space    used 10577K, capacity 11457K, committed 11520K, reserved 1048576K
}
Event: 12.311 GC heap before
{Heap before GC invocations=40 (full 0):
 garbage-first heap   total 227328K, used 194872K [0x0000000080000000, 0x0000000100000000)
  region size 1024K, 32 young (32768K), 7 survivors (7168K)
 Metaspace       used 81493K, capacity 83991K, committed 84220K, reserved 1122304K
  class space    used 10683K, capacity 11596K, committed 11648K, reserved 1048576K
}

Deoptimization events (20 events):
Event: 11.867 Thread 0x0000025ba56e9000 Uncommon trap: trap_request=0xffffff4d fr.pc=0x0000025b923a0474 relative=0x0000000000000754
Event: 11.867 Thread 0x0000025ba56e9000 Uncommon trap: reason=unstable_if action=reinterpret pc=0x0000025b923a0474 method=java.lang.ThreadLocal.get()Ljava/lang/Object; @ 11 c2
Event: 11.867 Thread 0x0000025ba56e9000 DEOPT PACKING pc=0x0000025b923a0474 sp=0x000000724c8fa3e0
Event: 11.867 Thread 0x0000025ba56e9000 DEOPT UNPACKING pc=0x0000025b8a66a1af sp=0x000000724c8fa268 mode 2
Event: 12.209 Thread 0x0000025ba3720000 Uncommon trap: trap_request=0xffffff4d fr.pc=0x0000025b9236e900 relative=0x0000000000000f00
Event: 12.209 Thread 0x0000025ba3720000 Uncommon trap: reason=unstable_if action=reinterpret pc=0x0000025b9236e900 method=groovy.lang.MetaClassImpl.checkIfStdMethod(Lgroovy/lang/MetaMethod;)V @ 167 c2
Event: 12.209 Thread 0x0000025ba3720000 DEOPT PACKING pc=0x0000025b9236e900 sp=0x0000007244df9d00
Event: 12.209 Thread 0x0000025ba3720000 DEOPT UNPACKING pc=0x0000025b8a66a1af sp=0x0000007244df9c70 mode 2
Event: 12.243 Thread 0x0000025ba3720000 Uncommon trap: trap_request=0xffffff4d fr.pc=0x0000025b9236cdc8 relative=0x0000000000000be8
Event: 12.243 Thread 0x0000025ba3720000 Uncommon trap: reason=unstable_if action=reinterpret pc=0x0000025b9236cdc8 method=groovy.lang.MetaClassImpl.checkIfStdMethod(Lgroovy/lang/MetaMethod;)V @ 167 c2
Event: 12.243 Thread 0x0000025ba3720000 DEOPT PACKING pc=0x0000025b9236cdc8 sp=0x0000007244df9bf0
Event: 12.243 Thread 0x0000025ba3720000 DEOPT UNPACKING pc=0x0000025b8a66a1af sp=0x0000007244df9bc8 mode 2
Event: 12.262 Thread 0x0000025ba3720000 Uncommon trap: trap_request=0xffffffde fr.pc=0x0000025b92513278 relative=0x0000000000000058
Event: 12.262 Thread 0x0000025ba3720000 Uncommon trap: reason=class_check action=maybe_recompile pc=0x0000025b92513278 method=groovy.lang.MetaMethod.isStatic()Z @ 1 c2
Event: 12.262 Thread 0x0000025ba3720000 DEOPT PACKING pc=0x0000025b92513278 sp=0x0000007244df9c80
Event: 12.262 Thread 0x0000025ba3720000 DEOPT UNPACKING pc=0x0000025b8a66a1af sp=0x0000007244df9c08 mode 2
Event: 12.264 Thread 0x0000025ba3720000 Uncommon trap: trap_request=0xffffffde fr.pc=0x0000025b92513278 relative=0x0000000000000058
Event: 12.264 Thread 0x0000025ba3720000 Uncommon trap: reason=class_check action=maybe_recompile pc=0x0000025b92513278 method=groovy.lang.MetaMethod.isStatic()Z @ 1 c2
Event: 12.264 Thread 0x0000025ba3720000 DEOPT PACKING pc=0x0000025b92513278 sp=0x0000007244df9c80
Event: 12.264 Thread 0x0000025ba3720000 DEOPT UNPACKING pc=0x0000025b8a66a1af sp=0x0000007244df9c08 mode 2

Classes redefined (0 events):
No events

Internal exceptions (20 events):
Event: 11.895 Thread 0x0000025ba56e9000 Exception <a 'java/lang/NoSuchMethodError'{0x000000008c8f9790}: <clinit>> (0x000000008c8f9790) thrown at [src/hotspot/share/prims/jni.cpp, line 1367]
Event: 11.903 Thread 0x0000025ba56e9000 Exception <a 'java/lang/NoSuchMethodError'{0x000000008bc82ea8}: <clinit>> (0x000000008bc82ea8) thrown at [src/hotspot/share/prims/jni.cpp, line 1367]
Event: 11.906 Thread 0x0000025ba3720000 Exception <a 'java/lang/ClassNotFoundException'{0x000000008bc7a5a0}: org/jetbrains/plugins/gradle/tooling/util/SourceSetCachedFinder$1BeanInfo> (0x000000008bc7a5a0) thrown at [src/hotspot/share/classfile/systemDictionary.cpp, line 230]
Event: 11.907 Thread 0x0000025ba3720000 Exception <a 'java/lang/ClassNotFoundException'{0x000000008bcc9480}: org/jetbrains/plugins/gradle/tooling/util/SourceSetCachedFinder$1Customizer> (0x000000008bcc9480) thrown at [src/hotspot/share/classfile/systemDictionary.cpp, line 230]
Event: 11.909 Thread 0x0000025ba3720000 Exception <a 'java/lang/ClassNotFoundException'{0x000000008bb052b8}: org/jetbrains/plugins/gradle/tooling/util/SourceSetCachedFinder$2BeanInfo> (0x000000008bb052b8) thrown at [src/hotspot/share/classfile/systemDictionary.cpp, line 230]
Event: 11.909 Thread 0x0000025ba3720000 Exception <a 'java/lang/ClassNotFoundException'{0x000000008bb16830}: org/jetbrains/plugins/gradle/tooling/util/SourceSetCachedFinder$2Customizer> (0x000000008bb16830) thrown at [src/hotspot/share/classfile/systemDictionary.cpp, line 230]
Event: 11.911 Thread 0x0000025ba3720000 Exception <a 'java/lang/ClassNotFoundException'{0x000000008bb601e0}: org/jetbrains/plugins/gradle/tooling/util/SourceSetCachedFinderBeanInfo> (0x000000008bb601e0) thrown at [src/hotspot/share/classfile/systemDictionary.cpp, line 230]
Event: 11.911 Thread 0x0000025ba3720000 Exception <a 'java/lang/ClassNotFoundException'{0x000000008bb70e50}: org/jetbrains/plugins/gradle/tooling/util/SourceSetCachedFinderCustomizer> (0x000000008bb70e50) thrown at [src/hotspot/share/classfile/systemDictionary.cpp, line 230]
Event: 11.920 Thread 0x0000025ba3720000 Exception <a 'java/lang/ClassNotFoundException'{0x000000008ba46f08}: org/jetbrains/plugins/gradle/tooling/util/SourceSetCachedFinder$ArtifactsMapBeanInfo> (0x000000008ba46f08) thrown at [src/hotspot/share/classfile/systemDictionary.cpp, line 230]
Event: 11.920 Thread 0x0000025ba3720000 Exception <a 'java/lang/ClassNotFoundException'{0x000000008ba59040}: org/jetbrains/plugins/gradle/tooling/util/SourceSetCachedFinder$ArtifactsMapCustomizer> (0x000000008ba59040) thrown at [src/hotspot/share/classfile/systemDictionary.cpp, line 230]
Event: 12.269 Thread 0x0000025ba3720000 Exception <a 'java/lang/ClassNotFoundException'{0x000000008d64fb20}: java/lang/IntegerBeanInfo> (0x000000008d64fb20) thrown at [src/hotspot/share/classfile/systemDictionary.cpp, line 230]
Event: 12.269 Thread 0x0000025ba3720000 Exception <a 'java/lang/ClassNotFoundException'{0x000000008d659070}: java/lang/NumberBeanInfo> (0x000000008d659070) thrown at [src/hotspot/share/classfile/systemDictionary.cpp, line 230]
Event: 12.269 Thread 0x0000025ba3720000 Exception <a 'java/lang/ClassNotFoundException'{0x000000008d662a00}: java/lang/NumberCustomizer> (0x000000008d662a00) thrown at [src/hotspot/share/classfile/systemDictionary.cpp, line 230]
Event: 12.270 Thread 0x0000025ba3720000 Exception <a 'java/lang/ClassNotFoundException'{0x000000008d66f2b0}: java/lang/IntegerCustomizer> (0x000000008d66f2b0) thrown at [src/hotspot/share/classfile/systemDictionary.cpp, line 230]
Event: 12.279 Thread 0x0000025ba3720000 Exception <a 'java/lang/ClassNotFoundException'{0x000000008d383c20}: org/gradle/internal/extensibility/DefaultExtensionsSchemaBeanInfo> (0x000000008d383c20) thrown at [src/hotspot/share/classfile/systemDictionary.cpp, line 230]
Event: 12.280 Thread 0x0000025ba3720000 Exception <a 'java/lang/ClassNotFoundException'{0x000000008d39b978}: org/gradle/internal/extensibility/DefaultExtensionsSchemaCustomizer> (0x000000008d39b978) thrown at [src/hotspot/share/classfile/systemDictionary.cpp, line 230]
Event: 12.282 Thread 0x0000025ba3720000 Exception <a 'java/lang/ClassNotFoundException'{0x000000008d2e3658}: org/gradle/internal/extensibility/ExtensionsStorage$ExtensionHolderBeanInfo> (0x000000008d2e3658) thrown at [src/hotspot/share/classfile/systemDictionary.cpp, line 230]
Event: 12.283 Thread 0x0000025ba3720000 Exception <a 'java/lang/ClassNotFoundException'{0x000000008d2fc7c0}: org/gradle/internal/extensibility/ExtensionsStorage$ExtensionHolderCustomizer> (0x000000008d2fc7c0) thrown at [src/hotspot/share/classfile/systemDictionary.cpp, line 230]
Event: 12.294 Thread 0x0000025ba3720000 Exception <a 'java/lang/ClassNotFoundException'{0x000000008cc577d8}: org/codehaus/groovy/runtime/NullObjectBeanInfo> (0x000000008cc577d8) thrown at [src/hotspot/share/classfile/systemDictionary.cpp, line 230]
Event: 12.296 Thread 0x0000025ba3720000 Exception <a 'java/lang/ClassNotFoundException'{0x000000008ca87088}: org/codehaus/groovy/runtime/NullObjectCustomizer> (0x000000008ca87088) thrown at [src/hotspot/share/classfile/systemDictionary.cpp, line 230]

Events (20 events):
Event: 12.308 loading class com/amazon/ion/IonText done
Event: 12.309 loading class com/amazon/ion/IonFloat
Event: 12.309 loading class com/amazon/ion/IonFloat done
Event: 12.309 loading class org/jetbrains/plugins/gradle/tooling/internal/RepositoriesModelImpl
Event: 12.309 loading class org/jetbrains/plugins/gradle/tooling/internal/RepositoriesModelImpl done
Event: 12.309 loading class com/amazon/ion/IonList
Event: 12.309 loading class com/amazon/ion/IonList done
Event: 12.310 loading class org/gradle/api/artifacts/repositories/MavenArtifactRepository
Event: 12.310 loading class org/gradle/api/artifacts/repositories/MavenArtifactRepository done
Event: 12.310 loading class org/gradle/api/internal/collections/FilteredList
Event: 12.310 loading class org/gradle/api/internal/collections/FilteredList done
Event: 12.310 loading class com/amazon/ion/IonSequence
Event: 12.310 loading class com/amazon/ion/IonSequence done
Event: 12.311 loading class org/gradle/api/NamedDomainObjectList
Event: 12.311 loading class org/gradle/api/NamedDomainObjectList done
Event: 12.311 loading class com/amazon/ion/IonContainer
Event: 12.311 loading class com/amazon/ion/IonContainer done
Event: 12.311 loading class org/jetbrains/plugins/gradle/tooling/internal/MavenRepositoryModelImpl
Event: 12.311 loading class org/jetbrains/plugins/gradle/tooling/internal/MavenRepositoryModelImpl done
Event: 12.311 Executing VM operation: G1CollectForAllocation


Dynamic libraries:
0x00007ff68b790000 - 0x00007ff68b79a000 	C:\Program Files\Android\Android Studio\jbr\bin\java.exe
0x00007ffbc9530000 - 0x00007ffbc9728000 	C:\WINDOWS\SYSTEM32\ntdll.dll
0x00007ffbc86b0000 - 0x00007ffbc8772000 	C:\WINDOWS\System32\KERNEL32.DLL
0x00007ffbc6fe0000 - 0x00007ffbc72df000 	C:\WINDOWS\System32\KERNELBASE.dll
0x00007ffbc7350000 - 0x00007ffbc7450000 	C:\WINDOWS\System32\ucrtbase.dll
0x00007ffbaab20000 - 0x00007ffbaab3b000 	C:\Program Files\Android\Android Studio\jbr\bin\VCRUNTIME140.dll
0x00007ffbc20b0000 - 0x00007ffbc20c7000 	C:\Program Files\Android\Android Studio\jbr\bin\jli.dll
0x00007ffbc75c0000 - 0x00007ffbc775d000 	C:\WINDOWS\System32\USER32.dll
0x00007ffbc74e0000 - 0x00007ffbc7502000 	C:\WINDOWS\System32\win32u.dll
0x00007ffba8650000 - 0x00007ffba88ea000 	C:\WINDOWS\WinSxS\amd64_microsoft.windows.common-controls_6595b64144ccf1df_6.0.19041.4355_none_60b8b9eb71f62e16\COMCTL32.dll
0x00007ffbc89d0000 - 0x00007ffbc89fb000 	C:\WINDOWS\System32\GDI32.dll
0x00007ffbc9050000 - 0x00007ffbc90ee000 	C:\WINDOWS\System32\msvcrt.dll
0x00007ffbc6c70000 - 0x00007ffbc6d87000 	C:\WINDOWS\System32\gdi32full.dll
0x00007ffbc6f40000 - 0x00007ffbc6fdd000 	C:\WINDOWS\System32\msvcp_win.dll
0x00007ffbc91d0000 - 0x00007ffbc91ff000 	C:\WINDOWS\System32\IMM32.DLL
0x00007ffbc03e0000 - 0x00007ffbc03ec000 	C:\Program Files\Android\Android Studio\jbr\bin\vcruntime140_1.dll
0x00007ffb8df80000 - 0x00007ffb8e00d000 	C:\Program Files\Android\Android Studio\jbr\bin\msvcp140.dll
0x00007ffb62e80000 - 0x00007ffb63a3c000 	C:\Program Files\Android\Android Studio\jbr\bin\server\jvm.dll
0x00007ffbc9380000 - 0x00007ffbc9431000 	C:\WINDOWS\System32\ADVAPI32.dll
0x00007ffbc92e0000 - 0x00007ffbc937f000 	C:\WINDOWS\System32\sechost.dll
0x00007ffbc8780000 - 0x00007ffbc88a3000 	C:\WINDOWS\System32\RPCRT4.dll
0x00007ffbc7510000 - 0x00007ffbc7537000 	C:\WINDOWS\System32\bcrypt.dll
0x00007ffbc92d0000 - 0x00007ffbc92d8000 	C:\WINDOWS\System32\PSAPI.DLL
0x00007ffbc2a40000 - 0x00007ffbc2a49000 	C:\WINDOWS\SYSTEM32\WSOCK32.dll
0x00007ffbb12c0000 - 0x00007ffbb12e7000 	C:\WINDOWS\SYSTEM32\WINMM.dll
0x00007ffbbd650000 - 0x00007ffbbd65a000 	C:\WINDOWS\SYSTEM32\VERSION.dll
0x00007ffbc8f00000 - 0x00007ffbc8f6b000 	C:\WINDOWS\System32\WS2_32.dll
0x00007ffbc4c20000 - 0x00007ffbc4c32000 	C:\WINDOWS\SYSTEM32\kernel.appcore.dll
0x00007ffbb7630000 - 0x00007ffbb7640000 	C:\Program Files\Android\Android Studio\jbr\bin\verify.dll
0x00007ffbc47f0000 - 0x00007ffbc49d4000 	C:\WINDOWS\SYSTEM32\DBGHELP.DLL
0x00007ffbae000000 - 0x00007ffbae034000 	C:\WINDOWS\SYSTEM32\dbgcore.DLL
0x00007ffbc7450000 - 0x00007ffbc74d2000 	C:\WINDOWS\System32\bcryptPrimitives.dll
0x00007ffbb4280000 - 0x00007ffbb42a8000 	C:\Program Files\Android\Android Studio\jbr\bin\java.dll
0x00007ffbb4270000 - 0x00007ffbb427a000 	C:\Program Files\Android\Android Studio\jbr\bin\jimage.dll
0x00007ffbb4250000 - 0x00007ffbb4268000 	C:\Program Files\Android\Android Studio\jbr\bin\zip.dll
0x00007ffbc78a0000 - 0x00007ffbc800e000 	C:\WINDOWS\System32\SHELL32.dll
0x00007ffbc4c40000 - 0x00007ffbc53e4000 	C:\WINDOWS\SYSTEM32\windows.storage.dll
0x00007ffbc81c0000 - 0x00007ffbc8515000 	C:\WINDOWS\System32\combase.dll
0x00007ffbc65f0000 - 0x00007ffbc661f000 	C:\WINDOWS\SYSTEM32\Wldp.dll
0x00007ffbc9200000 - 0x00007ffbc92cd000 	C:\WINDOWS\System32\OLEAUT32.dll
0x00007ffbc9440000 - 0x00007ffbc94ed000 	C:\WINDOWS\System32\SHCORE.dll
0x00007ffbc9150000 - 0x00007ffbc91a5000 	C:\WINDOWS\System32\shlwapi.dll
0x00007ffbc6af0000 - 0x00007ffbc6b14000 	C:\WINDOWS\SYSTEM32\profapi.dll
0x00007ffba0ec0000 - 0x00007ffba0ed9000 	C:\Program Files\Android\Android Studio\jbr\bin\net.dll
0x00007ffbbe4f0000 - 0x00007ffbbe5fd000 	C:\WINDOWS\SYSTEM32\WINHTTP.dll
0x00007ffbc6350000 - 0x00007ffbc63ba000 	C:\WINDOWS\system32\mswsock.dll
0x00007ffba0ea0000 - 0x00007ffba0eb3000 	C:\Program Files\Android\Android Studio\jbr\bin\nio.dll
0x00007ffbb77c0000 - 0x00007ffbb77e7000 	C:\Users\HP-PC\.gradle\native\e1d6ef7f7dcc3fd88c89a11ec53ec762bb8ba0a96d01ffa2cd45eb1d1d8dd5c5\windows-amd64\native-platform.dll
0x00007ffb9c460000 - 0x00007ffb9c5a4000 	C:\Users\HP-PC\.gradle\native\0d407fdbe67a94daf76414ababcb853783967236a71b16ec16e742cd7a986fd3\windows-amd64\native-platform-file-events.dll
0x00007ffbb35d0000 - 0x00007ffbb35da000 	C:\Program Files\Android\Android Studio\jbr\bin\management.dll
0x00007ffbb34e0000 - 0x00007ffbb34eb000 	C:\Program Files\Android\Android Studio\jbr\bin\management_ext.dll
0x00007ffbc6540000 - 0x00007ffbc6558000 	C:\WINDOWS\SYSTEM32\CRYPTSP.dll
0x00007ffbc5c00000 - 0x00007ffbc5c34000 	C:\WINDOWS\system32\rsaenh.dll
0x00007ffbc6a70000 - 0x00007ffbc6a9e000 	C:\WINDOWS\SYSTEM32\USERENV.dll
0x00007ffbc6560000 - 0x00007ffbc656c000 	C:\WINDOWS\SYSTEM32\CRYPTBASE.dll
0x00007ffbc5fe0000 - 0x00007ffbc601b000 	C:\WINDOWS\SYSTEM32\IPHLPAPI.DLL
0x00007ffbc8a00000 - 0x00007ffbc8a08000 	C:\WINDOWS\System32\NSI.dll
0x00007ffbbf2b0000 - 0x00007ffbbf2c7000 	C:\WINDOWS\SYSTEM32\dhcpcsvc6.DLL
0x00007ffbbf9c0000 - 0x00007ffbbf9dd000 	C:\WINDOWS\SYSTEM32\dhcpcsvc.DLL
0x00007ffbc6020000 - 0x00007ffbc60ea000 	C:\WINDOWS\SYSTEM32\DNSAPI.dll

dbghelp: loaded successfully - version: 4.0.5 - missing functions: none
symbol engine: initialized successfully - sym options: 0x614 - pdb path: .;C:\Program Files\Android\Android Studio\jbr\bin;C:\WINDOWS\SYSTEM32;C:\WINDOWS\WinSxS\amd64_microsoft.windows.common-controls_6595b64144ccf1df_6.0.19041.4355_none_60b8b9eb71f62e16;C:\Program Files\Android\Android Studio\jbr\bin\server;C:\Users\HP-PC\.gradle\native\e1d6ef7f7dcc3fd88c89a11ec53ec762bb8ba0a96d01ffa2cd45eb1d1d8dd5c5\windows-amd64;C:\Users\HP-PC\.gradle\native\0d407fdbe67a94daf76414ababcb853783967236a71b16ec16e742cd7a986fd3\windows-amd64

VM Arguments:
jvm_args: --add-opens=java.base/java.util=ALL-UNNAMED --add-opens=java.base/java.lang=ALL-UNNAMED --add-opens=java.base/java.lang.invoke=ALL-UNNAMED --add-opens=java.base/java.util=ALL-UNNAMED --add-opens=java.prefs/java.util.prefs=ALL-UNNAMED --add-opens=java.prefs/java.util.prefs=ALL-UNNAMED --add-opens=java.base/java.nio.charset=ALL-UNNAMED --add-opens=java.base/java.net=ALL-UNNAMED --add-opens=java.base/java.util.concurrent.atomic=ALL-UNNAMED -Xmx2048m -Dfile.encoding=UTF-8 -Duser.country=US -Duser.language=en -Duser.variant 
java_command: org.gradle.launcher.daemon.bootstrap.GradleDaemon 7.5
java_class_path (initial): C:\Users\HP-PC\.gradle\wrapper\dists\gradle-7.5-bin\f1w0cc9nuo0eivz97x2xlu9sv\gradle-7.5\lib\gradle-launcher-7.5.jar
Launcher Type: SUN_STANDARD

[Global flags]
     intx CICompilerCount                          = 4                                         {product} {ergonomic}
     uint ConcGCThreads                            = 2                                         {product} {ergonomic}
     uint G1ConcRefinementThreads                  = 8                                         {product} {ergonomic}
   size_t G1HeapRegionSize                         = 1048576                                   {product} {ergonomic}
    uintx GCDrainStackTargetSize                   = 64                                        {product} {ergonomic}
   size_t InitialHeapSize                          = 134217728                                 {product} {ergonomic}
   size_t MarkStackSize                            = 4194304                                   {product} {ergonomic}
   size_t MaxHeapSize                              = 2147483648                                {product} {command line}
   size_t MaxNewSize                               = 1287651328                                {product} {ergonomic}
   size_t MinHeapDeltaBytes                        = 1048576                                   {product} {ergonomic}
    uintx NonNMethodCodeHeapSize                   = 5836300                                {pd product} {ergonomic}
    uintx NonProfiledCodeHeapSize                  = 122910970                              {pd product} {ergonomic}
    uintx ProfiledCodeHeapSize                     = 122910970                              {pd product} {ergonomic}
    uintx ReservedCodeCacheSize                    = 251658240                              {pd product} {ergonomic}
     bool SegmentedCodeCache                       = true                                      {product} {ergonomic}
     bool UseCompressedClassPointers               = true                                 {lp64_product} {ergonomic}
     bool UseCompressedOops                        = true                                 {lp64_product} {ergonomic}
     bool UseG1GC                                  = true                                      {product} {ergonomic}
     bool UseLargePagesIndividualAllocation        = false                                  {pd product} {ergonomic}

Logging:
Log output configuration:
 #0: stdout all=warning uptime,level,tags
 #1: stderr all=off uptime,level,tags

Environment Variables:
PATH=C:\ProgramData\Oracle\Java\javapath;C:\Program Files (x86)\Common Files\Oracle\Java\javapath;C:\Windows\system32;C:\Windows;C:\Windows\System32\Wbem;C:\Windows\System32\WindowsPowerShell\v1.0\;C:\Windows\System32\OpenSSH\;C:\Program Files (x86)\NVIDIA Corporation\PhysX\Common;C:\WINDOWS\system32;C:\WINDOWS;C:\WINDOWS\System32\Wbem;C:\WINDOWS\System32\WindowsPowerShell\v1.0\;C:\WINDOWS\System32\OpenSSH\;C:\Program;C:\Program Files\Java\jdk1.8.0_151\bin;C:\Program Files\Git\cmd;C:\MinGW\bin;C:\Program Files\MySQL\MySQL Server 5.5\bin;C:\Users\HP-PC\AppData\Local\Programs\Python\Python311\Scripts\;C:\Users\HP-PC\AppData\Local\Programs\Python\Python311\;C:\Users\HP-PC\AppData\Local\Microsoft\WindowsApps;C:\IntelliJ IDEA 2021.2\bin;C:\Program Files\JetBrains\IntelliJ IDEA 2021.2\bin;C:\xampp\mysql\bin;;C:\Users\HP-PC\AppData\Local\Programs\Microsoft VS Code\bin
USERNAME=HP-PC
OS=Windows_NT
PROCESSOR_IDENTIFIER=Intel64 Family 6 Model 142 Stepping 10, GenuineIntel



---------------  S Y S T E M  ---------------

OS: Windows 10 , 64 bit Build 19041 (10.0.19041.5198)
OS uptime: 28 days 0:03 hours

CPU:total 8 (initial active 8) (4 cores per cpu, 2 threads per core) family 6 model 142 stepping 10 microcode 0xf4, cmov, cx8, fxsr, mmx, sse, sse2, sse3, ssse3, sse4.1, sse4.2, popcnt, avx, avx2, aes, clmul, erms, 3dnowpref, lzcnt, ht, tsc, tscinvbit, bmi1, bmi2, adx, fma

Memory: 4k page, system-wide physical 8094M (532M free)
TotalPageFile size 16880M (AvailPageFile size 44M)
current process WorkingSet (physical memory assigned to process): 490M, peak: 490M
current process commit charge ("private bytes"): 529M, peak: 572M

vm_info: OpenJDK 64-Bit Server VM (11.0.15+0-b2043.56-9505619) for windows-amd64 JRE (11.0.15+0-b2043.56-9505619), built on Jan 19 2023 02:48:00 by "builduser" with unknown MS VC++:1929

END.
