#
# There is insufficient memory for the Java Runtime Environment to continue.
# Native memory allocation (malloc) failed to allocate 1048576 bytes for AllocateHeap
# Possible reasons:
#   The system is out of physical RAM or swap space
#   The process is running with CompressedOops enabled, and the Java Heap may be blocking the growth of the native heap
# Possible solutions:
#   Reduce memory load on the system
#   Increase physical memory or swap space
#   Check if swap backing store is full
#   Decrease Java heap size (-Xmx/-Xms)
#   Decrease number of Java threads
#   Decrease Java thread stack sizes (-Xss)
#   Set larger code cache with -XX:ReservedCodeCacheSize=
#   JVM is running with Unscaled Compressed Oops mode in which the Java heap is
#     placed in the first 4GB address space. The Java Heap base address is the
#     maximum limit for the native heap growth. Please use -XX:HeapBaseMinAddress
#     to set the Java Heap base and to place the Java Heap above 4GB virtual address.
# This output file may be truncated or incomplete.
#
#  Out of Memory Error (src/hotspot/share/memory/allocation.cpp:46), pid=32752, tid=26388
#
# JRE version: OpenJDK Runtime Environment (11.0.15) (build 11.0.15+0-b2043.56-9505619)
# Java VM: OpenJDK 64-Bit Server VM (11.0.15+0-b2043.56-9505619, mixed mode, tiered, compressed oops, g1 gc, windows-amd64)
# No core dump will be written. Minidumps are not enabled by default on client versions of Windows
#

---------------  S U M M A R Y ------------

Command Line: --add-opens=java.base/java.util=ALL-UNNAMED --add-opens=java.base/java.lang=ALL-UNNAMED --add-opens=java.base/java.lang.invoke=ALL-UNNAMED --add-opens=java.base/java.util=ALL-UNNAMED --add-opens=java.prefs/java.util.prefs=ALL-UNNAMED --add-opens=java.prefs/java.util.prefs=ALL-UNNAMED --add-opens=java.base/java.nio.charset=ALL-UNNAMED --add-opens=java.base/java.net=ALL-UNNAMED --add-opens=java.base/java.util.concurrent.atomic=ALL-UNNAMED -Xmx2048m -Dfile.encoding=UTF-8 -Duser.country=US -Duser.language=en -Duser.variant org.gradle.launcher.daemon.bootstrap.GradleDaemon 7.5

Host: Intel(R) Core(TM) i5-8250U CPU @ 1.60GHz, 8 cores, 7G,  Windows 10 , 64 bit Build 19041 (10.0.19041.5198)
Time: Mon Apr 14 20:34:40 2025 India Standard Time elapsed time: 14.720489 seconds (0d 0h 0m 14s)

---------------  T H R E A D  ---------------

Current thread (0x0000013d78b5d000):  VMThread "VM Thread" [stack: 0x0000000a15b00000,0x0000000a15c00000] [id=26388]

Stack: [0x0000000a15b00000,0x0000000a15c00000]
[error occurred during error reporting (printing stack bounds), id 0xc0000005, EXCEPTION_ACCESS_VIOLATION (0xc0000005) at pc=0x0000013d621c112d]

Native frames: (J=compiled Java code, j=interpreted, Vv=VM code, C=native code)
V  [jvm.dll+0x64135a]
V  [jvm.dll+0x7d39f9]
V  [jvm.dll+0x7d51b9]
V  [jvm.dll+0x7d5805]
V  [jvm.dll+0x7d57bb]
V  [jvm.dll+0x640655]
V  [jvm.dll+0x640d68]
C  [ntdll.dll+0xa28bf]
C  [ntdll.dll+0x52554]
C  [ntdll.dll+0xa13ce]
C  0x0000013d621c112d

VM_Operation (0x0000000a1e1fb1f0): G1CollectFull, mode: safepoint, requested by thread 0x0000013d7f71b000


---------------  P R O C E S S  ---------------

Threads class SMR info:
_java_thread_list=0x0000013d046fb800, length=134, elements={
0x0000013d5e69c000, 0x0000013d78b63000, 0x0000013d78b64000, 0x0000013d78b6e800,
0x0000013d794d3800, 0x0000013d794d8000, 0x0000013d794db000, 0x0000013d78b7c000,
0x0000013d78b7f000, 0x0000013d7963f800, 0x0000013d7963b800, 0x0000013d7963c800,
0x0000013d79641000, 0x0000013d7963f000, 0x0000013d7963e000, 0x0000013d7963d000,
0x0000013d79640800, 0x0000013d7c6ab000, 0x0000013d79642000, 0x0000013d7a9d2000,
0x0000013d7a9d5800, 0x0000013d7a9d3800, 0x0000013d7a9d3000, 0x0000013d7a9d0800,
0x0000013d7a9cf800, 0x0000013d7a9d4800, 0x0000013d7a9d6000, 0x0000013d7a9d7000,
0x0000013d7a9d1000, 0x0000013d7a9d8800, 0x0000013d7a9db000, 0x0000013d7a9dc800,
0x0000013d7a9d9800, 0x0000013d7a9da000, 0x0000013d7a9d7800, 0x0000013d7a9dd800,
0x0000013d7a9de000, 0x0000013d7ca87000, 0x0000013d7ca89800, 0x0000013d7ca84000,
0x0000013d7ca8a800, 0x0000013d7ca89000, 0x0000013d7ca85000, 0x0000013d7ca8b800,
0x0000013d7ca85800, 0x0000013d7ca8c000, 0x0000013d7ca86800, 0x0000013d7ca8d000,
0x0000013d7ca8d800, 0x0000013d7ca88000, 0x0000013d7ca8e800, 0x0000013d7ca8f800,
0x0000013d7ca92000, 0x0000013d7ca92800, 0x0000013d7ca90000, 0x0000013d7ca91000,
0x0000013d00fa4800, 0x0000013d00fa5000, 0x0000013d00fa0800, 0x0000013d00fa2800,
0x0000013d00fa1000, 0x0000013d00fa2000, 0x0000013d00fa6000, 0x0000013d00fa7800,
0x0000013d00fa7000, 0x0000013d00fa3800, 0x0000013d00fab000, 0x0000013d00fa8800,
0x0000013d00fab800, 0x0000013d00fac800, 0x0000013d00fae000, 0x0000013d00fad800,
0x0000013d00faa000, 0x0000013d00fa9800, 0x0000013d00faf000, 0x0000013d7cdc8000,
0x0000013d7cdcb800, 0x0000013d7cdc9800, 0x0000013d7cdcc000, 0x0000013d7cdc9000,
0x0000013d7cdca800, 0x0000013d7cdcd000, 0x0000013d7cdc7800, 0x0000013d7cdce000,
0x0000013d7cdcf800, 0x0000013d7cdd2800, 0x0000013d7cdce800, 0x0000013d7cdd2000,
0x0000013d7cdd6000, 0x0000013d7cdd1000, 0x0000013d7cdd0800, 0x0000013d7cdd3800,
0x0000013d7cdd5000, 0x0000013d7cdd4800, 0x0000013d7f916800, 0x0000013d7f918000,
0x0000013d7f918800, 0x0000013d7f917000, 0x0000013d7f91e800, 0x0000013d7f91a800,
0x0000013d7f91b000, 0x0000013d7f919800, 0x0000013d7f91d800, 0x0000013d7f920000,
0x0000013d7f91f800, 0x0000013d7f91c000, 0x0000013d7f921000, 0x0000013d7f921800,
0x0000013d7f922800, 0x0000013d7f91d000, 0x0000013d7f923800, 0x0000013d7f924000,
0x0000013d7f925000, 0x0000013d7f712000, 0x0000013d7f714800, 0x0000013d7f711000,
0x0000013d7f713000, 0x0000013d7f713800, 0x0000013d7f715000, 0x0000013d7f70f800,
0x0000013d7f716000, 0x0000013d7f710800, 0x0000013d7f71c800, 0x0000013d7f71c000,
0x0000013d7c0a1800, 0x0000013d7f71b000, 0x0000013d7f718800, 0x0000013d7f717000,
0x0000013d7f71d800, 0x0000013d7f717800, 0x0000013d7f71a000, 0x0000013d7f71e000,
0x0000013d7f719800, 0x0000013d04758000
}

Java Threads: ( => current thread )
  0x0000013d5e69c000 JavaThread "main" [_thread_blocked, id=7440, stack(0x0000000a15500000,0x0000000a15600000)]
  0x0000013d78b63000 JavaThread "Reference Handler" daemon [_thread_blocked, id=1172, stack(0x0000000a15c00000,0x0000000a15d00000)]
  0x0000013d78b64000 JavaThread "Finalizer" daemon [_thread_blocked, id=16492, stack(0x0000000a15d00000,0x0000000a15e00000)]
  0x0000013d78b6e800 JavaThread "Signal Dispatcher" daemon [_thread_blocked, id=27696, stack(0x0000000a15e00000,0x0000000a15f00000)]
  0x0000013d794d3800 JavaThread "Attach Listener" daemon [_thread_blocked, id=20372, stack(0x0000000a15f00000,0x0000000a16000000)]
  0x0000013d794d8000 JavaThread "Service Thread" daemon [_thread_blocked, id=30932, stack(0x0000000a16000000,0x0000000a16100000)]
  0x0000013d794db000 JavaThread "C2 CompilerThread0" daemon [_thread_blocked, id=25448, stack(0x0000000a16100000,0x0000000a16200000)]
  0x0000013d78b7c000 JavaThread "C1 CompilerThread0" daemon [_thread_blocked, id=27328, stack(0x0000000a16200000,0x0000000a16300000)]
  0x0000013d78b7f000 JavaThread "Sweeper thread" daemon [_thread_blocked, id=19388, stack(0x0000000a16300000,0x0000000a16400000)]
  0x0000013d7963f800 JavaThread "Common-Cleaner" daemon [_thread_blocked, id=21120, stack(0x0000000a16400000,0x0000000a16500000)]
  0x0000013d7963b800 JavaThread "Daemon health stats" [_thread_blocked, id=18340, stack(0x0000000a16a00000,0x0000000a16b00000)]
  0x0000013d7963c800 JavaThread "Incoming local TCP Connector on port 65343" [_thread_in_native, id=18944, stack(0x0000000a16600000,0x0000000a16700000)]
  0x0000013d79641000 JavaThread "Daemon periodic checks" [_thread_blocked, id=10984, stack(0x0000000a16700000,0x0000000a16800000)]
  0x0000013d7963f000 JavaThread "Daemon" [_thread_blocked, id=8536, stack(0x0000000a16b00000,0x0000000a16c00000)]
  0x0000013d7963e000 JavaThread "Handler for socket connection from /127.0.0.1:65343 to /127.0.0.1:65344" [_thread_in_native, id=11804, stack(0x0000000a16c00000,0x0000000a16d00000)]
  0x0000013d7963d000 JavaThread "Cancel handler" [_thread_blocked, id=18104, stack(0x0000000a16d00000,0x0000000a16e00000)]
  0x0000013d79640800 JavaThread "Daemon worker" [_thread_blocked, id=10532, stack(0x0000000a16e00000,0x0000000a16f00000)]
  0x0000013d7c6ab000 JavaThread "C2 CompilerThread1" daemon [_thread_in_native, id=14856, stack(0x0000000a16f00000,0x0000000a17000000)]
  0x0000013d79642000 JavaThread "Asynchronous log dispatcher for DefaultDaemonConnection: socket connection from /127.0.0.1:65343 to /127.0.0.1:65344" [_thread_blocked, id=2212, stack(0x0000000a17000000,0x0000000a17100000)]
  0x0000013d7a9d2000 JavaThread "Stdin handler" [_thread_blocked, id=26324, stack(0x0000000a17100000,0x0000000a17200000)]
  0x0000013d7a9d5800 JavaThread "Daemon client event forwarder" [_thread_blocked, id=19912, stack(0x0000000a17200000,0x0000000a17300000)]
  0x0000013d7a9d3800 JavaThread "Cache worker for journal cache (C:\Users\HP-PC\.gradle\caches\journal-1)" [_thread_blocked, id=17300, stack(0x0000000a17300000,0x0000000a17400000)]
  0x0000013d7a9d3000 JavaThread "File lock request listener" [_thread_in_native, id=25060, stack(0x0000000a17900000,0x0000000a17a00000)]
  0x0000013d7a9d0800 JavaThread "Cache worker for file hash cache (C:\Users\HP-PC\.gradle\caches\7.5\fileHashes)" [_thread_blocked, id=13496, stack(0x0000000a17a00000,0x0000000a17b00000)]
  0x0000013d7a9cf800 JavaThread "File watcher server" daemon [_thread_blocked, id=7188, stack(0x0000000a17c00000,0x0000000a17d00000)]
  0x0000013d7a9d4800 JavaThread "File watcher consumer" daemon [_thread_blocked, id=30764, stack(0x0000000a17d00000,0x0000000a17e00000)]
  0x0000013d7a9d6000 JavaThread "Cache worker for checksums cache (C:\Users\HP-PC\AndroidStudioProjects\TalathiAttendance-master\.gradle\7.5\checksums)" [_thread_blocked, id=28812, stack(0x0000000a17f00000,0x0000000a18000000)]
  0x0000013d7a9d7000 JavaThread "Cache worker for cache directory md-rule (C:\Users\HP-PC\.gradle\caches\7.5\md-rule)" [_thread_blocked, id=24284, stack(0x0000000a18000000,0x0000000a18100000)]
  0x0000013d7a9d1000 JavaThread "Cache worker for file content cache (C:\Users\HP-PC\.gradle\caches\7.5\fileContent)" [_thread_blocked, id=26080, stack(0x0000000a18100000,0x0000000a18200000)]
  0x0000013d7a9d8800 JavaThread "Cache worker for file hash cache (C:\Users\HP-PC\AndroidStudioProjects\TalathiAttendance-master\.gradle\7.5\fileHashes)" [_thread_blocked, id=14412, stack(0x0000000a18200000,0x0000000a18300000)]
  0x0000013d7a9db000 JavaThread "Cache worker for cache directory md-supplier (C:\Users\HP-PC\.gradle\caches\7.5\md-supplier)" [_thread_blocked, id=29856, stack(0x0000000a18300000,0x0000000a18400000)]
  0x0000013d7a9dc800 JavaThread "Cache worker for execution history cache (C:\Users\HP-PC\.gradle\caches\7.5\executionHistory)" [_thread_blocked, id=13340, stack(0x0000000a18400000,0x0000000a18500000)]
  0x0000013d7a9d9800 JavaThread "jar transforms" [_thread_blocked, id=7076, stack(0x0000000a18500000,0x0000000a18600000)]
  0x0000013d7a9da000 JavaThread "jar transforms Thread 2" [_thread_blocked, id=13868, stack(0x0000000a18600000,0x0000000a18700000)]
  0x0000013d7a9d7800 JavaThread "jar transforms Thread 3" [_thread_blocked, id=12216, stack(0x0000000a18700000,0x0000000a18800000)]
  0x0000013d7a9dd800 JavaThread "jar transforms Thread 4" [_thread_blocked, id=30664, stack(0x0000000a18800000,0x0000000a18900000)]
  0x0000013d7a9de000 JavaThread "Cache worker for dependencies-accessors (C:\Users\HP-PC\AndroidStudioProjects\TalathiAttendance-master\.gradle\7.5\dependencies-accessors)" [_thread_blocked, id=23360, stack(0x0000000a18900000,0x0000000a18a00000)]
  0x0000013d7ca87000 JavaThread "jar transforms Thread 5" [_thread_blocked, id=30516, stack(0x0000000a18a00000,0x0000000a18b00000)]
  0x0000013d7ca89800 JavaThread "Cache worker for Build Output Cleanup Cache (C:\Users\HP-PC\AndroidStudioProjects\TalathiAttendance-master\.gradle\buildOutputCleanup)" [_thread_blocked, id=27092, stack(0x0000000a18b00000,0x0000000a18c00000)]
  0x0000013d7ca84000 JavaThread "Unconstrained build operations" [_thread_blocked, id=33376, stack(0x0000000a18c00000,0x0000000a18d00000)]
  0x0000013d7ca8a800 JavaThread "Unconstrained build operations Thread 2" [_thread_blocked, id=19988, stack(0x0000000a18d00000,0x0000000a18e00000)]
  0x0000013d7ca89000 JavaThread "Unconstrained build operations Thread 3" [_thread_blocked, id=10500, stack(0x0000000a18e00000,0x0000000a18f00000)]
  0x0000013d7ca85000 JavaThread "Unconstrained build operations Thread 4" [_thread_blocked, id=4120, stack(0x0000000a18f00000,0x0000000a19000000)]
  0x0000013d7ca8b800 JavaThread "Unconstrained build operations Thread 5" [_thread_blocked, id=22472, stack(0x0000000a19000000,0x0000000a19100000)]
  0x0000013d7ca85800 JavaThread "Unconstrained build operations Thread 6" [_thread_blocked, id=28212, stack(0x0000000a19100000,0x0000000a19200000)]
  0x0000013d7ca8c000 JavaThread "Unconstrained build operations Thread 7" [_thread_blocked, id=24344, stack(0x0000000a19200000,0x0000000a19300000)]
  0x0000013d7ca86800 JavaThread "Unconstrained build operations Thread 8" [_thread_blocked, id=28360, stack(0x0000000a19300000,0x0000000a19400000)]
  0x0000013d7ca8d000 JavaThread "Unconstrained build operations Thread 9" [_thread_blocked, id=8692, stack(0x0000000a19400000,0x0000000a19500000)]
  0x0000013d7ca8d800 JavaThread "Unconstrained build operations Thread 10" [_thread_blocked, id=16304, stack(0x0000000a19500000,0x0000000a19600000)]
  0x0000013d7ca88000 JavaThread "Unconstrained build operations Thread 11" [_thread_blocked, id=29888, stack(0x0000000a19600000,0x0000000a19700000)]
  0x0000013d7ca8e800 JavaThread "Unconstrained build operations Thread 12" [_thread_blocked, id=15280, stack(0x0000000a19700000,0x0000000a19800000)]
  0x0000013d7ca8f800 JavaThread "Unconstrained build operations Thread 13" [_thread_blocked, id=33104, stack(0x0000000a19800000,0x0000000a19900000)]
  0x0000013d7ca92000 JavaThread "Unconstrained build operations Thread 14" [_thread_blocked, id=20908, stack(0x0000000a19900000,0x0000000a19a00000)]
  0x0000013d7ca92800 JavaThread "Unconstrained build operations Thread 15" [_thread_blocked, id=13752, stack(0x0000000a19a00000,0x0000000a19b00000)]
  0x0000013d7ca90000 JavaThread "Unconstrained build operations Thread 16" [_thread_blocked, id=31888, stack(0x0000000a19b00000,0x0000000a19c00000)]
  0x0000013d7ca91000 JavaThread "Unconstrained build operations Thread 17" [_thread_blocked, id=2980, stack(0x0000000a19c00000,0x0000000a19d00000)]
  0x0000013d00fa4800 JavaThread "Unconstrained build operations Thread 18" [_thread_blocked, id=13952, stack(0x0000000a19d00000,0x0000000a19e00000)]
  0x0000013d00fa5000 JavaThread "Unconstrained build operations Thread 19" [_thread_blocked, id=7920, stack(0x0000000a19e00000,0x0000000a19f00000)]
  0x0000013d00fa0800 JavaThread "Unconstrained build operations Thread 20" [_thread_blocked, id=21944, stack(0x0000000a19f00000,0x0000000a1a000000)]
  0x0000013d00fa2800 JavaThread "Unconstrained build operations Thread 21" [_thread_blocked, id=2100, stack(0x0000000a1a000000,0x0000000a1a100000)]
  0x0000013d00fa1000 JavaThread "Unconstrained build operations Thread 22" [_thread_blocked, id=28960, stack(0x0000000a1a100000,0x0000000a1a200000)]
  0x0000013d00fa2000 JavaThread "Unconstrained build operations Thread 23" [_thread_blocked, id=19436, stack(0x0000000a1a200000,0x0000000a1a300000)]
  0x0000013d00fa6000 JavaThread "Unconstrained build operations Thread 24" [_thread_blocked, id=33304, stack(0x0000000a1a300000,0x0000000a1a400000)]
  0x0000013d00fa7800 JavaThread "Unconstrained build operations Thread 25" [_thread_blocked, id=19580, stack(0x0000000a1a400000,0x0000000a1a500000)]
  0x0000013d00fa7000 JavaThread "Unconstrained build operations Thread 26" [_thread_blocked, id=33736, stack(0x0000000a1a500000,0x0000000a1a600000)]
  0x0000013d00fa3800 JavaThread "Unconstrained build operations Thread 27" [_thread_blocked, id=25468, stack(0x0000000a1a600000,0x0000000a1a700000)]
  0x0000013d00fab000 JavaThread "Unconstrained build operations Thread 28" [_thread_blocked, id=33132, stack(0x0000000a1a700000,0x0000000a1a800000)]
  0x0000013d00fa8800 JavaThread "Unconstrained build operations Thread 29" [_thread_blocked, id=4200, stack(0x0000000a1a800000,0x0000000a1a900000)]
  0x0000013d00fab800 JavaThread "Unconstrained build operations Thread 30" [_thread_blocked, id=17816, stack(0x0000000a1a900000,0x0000000a1aa00000)]
  0x0000013d00fac800 JavaThread "Unconstrained build operations Thread 31" [_thread_blocked, id=7148, stack(0x0000000a1aa00000,0x0000000a1ab00000)]
  0x0000013d00fae000 JavaThread "Unconstrained build operations Thread 32" [_thread_blocked, id=25136, stack(0x0000000a1ab00000,0x0000000a1ac00000)]
  0x0000013d00fad800 JavaThread "Unconstrained build operations Thread 33" [_thread_blocked, id=17664, stack(0x0000000a1ac00000,0x0000000a1ad00000)]
  0x0000013d00faa000 JavaThread "Unconstrained build operations Thread 34" [_thread_blocked, id=13972, stack(0x0000000a1ad00000,0x0000000a1ae00000)]
  0x0000013d00fa9800 JavaThread "Unconstrained build operations Thread 35" [_thread_blocked, id=29184, stack(0x0000000a1ae00000,0x0000000a1af00000)]
  0x0000013d00faf000 JavaThread "Unconstrained build operations Thread 36" [_thread_blocked, id=30188, stack(0x0000000a1af00000,0x0000000a1b000000)]
  0x0000013d7cdc8000 JavaThread "Unconstrained build operations Thread 37" [_thread_blocked, id=17368, stack(0x0000000a1b000000,0x0000000a1b100000)]
  0x0000013d7cdcb800 JavaThread "Unconstrained build operations Thread 38" [_thread_blocked, id=31628, stack(0x0000000a1b100000,0x0000000a1b200000)]
  0x0000013d7cdc9800 JavaThread "Unconstrained build operations Thread 39" [_thread_blocked, id=18064, stack(0x0000000a1b200000,0x0000000a1b300000)]
  0x0000013d7cdcc000 JavaThread "Unconstrained build operations Thread 40" [_thread_blocked, id=20556, stack(0x0000000a1b300000,0x0000000a1b400000)]
  0x0000013d7cdc9000 JavaThread "Unconstrained build operations Thread 41" [_thread_blocked, id=23672, stack(0x0000000a1b400000,0x0000000a1b500000)]
  0x0000013d7cdca800 JavaThread "Unconstrained build operations Thread 42" [_thread_blocked, id=7592, stack(0x0000000a1b500000,0x0000000a1b600000)]
  0x0000013d7cdcd000 JavaThread "Unconstrained build operations Thread 43" [_thread_blocked, id=14020, stack(0x0000000a1b600000,0x0000000a1b700000)]
  0x0000013d7cdc7800 JavaThread "Unconstrained build operations Thread 44" [_thread_blocked, id=32128, stack(0x0000000a1b700000,0x0000000a1b800000)]
  0x0000013d7cdce000 JavaThread "Unconstrained build operations Thread 45" [_thread_blocked, id=32480, stack(0x0000000a1b800000,0x0000000a1b900000)]
  0x0000013d7cdcf800 JavaThread "Unconstrained build operations Thread 46" [_thread_blocked, id=11472, stack(0x0000000a1b900000,0x0000000a1ba00000)]
  0x0000013d7cdd2800 JavaThread "Unconstrained build operations Thread 47" [_thread_blocked, id=31748, stack(0x0000000a1ba00000,0x0000000a1bb00000)]
  0x0000013d7cdce800 JavaThread "Unconstrained build operations Thread 48" [_thread_blocked, id=29180, stack(0x0000000a1bb00000,0x0000000a1bc00000)]
  0x0000013d7cdd2000 JavaThread "Unconstrained build operations Thread 49" [_thread_blocked, id=31636, stack(0x0000000a1bc00000,0x0000000a1bd00000)]
  0x0000013d7cdd6000 JavaThread "Unconstrained build operations Thread 50" [_thread_blocked, id=11640, stack(0x0000000a1bd00000,0x0000000a1be00000)]
  0x0000013d7cdd1000 JavaThread "Unconstrained build operations Thread 51" [_thread_blocked, id=32008, stack(0x0000000a1be00000,0x0000000a1bf00000)]
  0x0000013d7cdd0800 JavaThread "Unconstrained build operations Thread 52" [_thread_blocked, id=1704, stack(0x0000000a1bf00000,0x0000000a1c000000)]
  0x0000013d7cdd3800 JavaThread "Unconstrained build operations Thread 53" [_thread_blocked, id=22172, stack(0x0000000a1c000000,0x0000000a1c100000)]
  0x0000013d7cdd5000 JavaThread "Unconstrained build operations Thread 54" [_thread_blocked, id=13908, stack(0x0000000a1c100000,0x0000000a1c200000)]
  0x0000013d7cdd4800 JavaThread "Unconstrained build operations Thread 55" [_thread_blocked, id=32904, stack(0x0000000a1c200000,0x0000000a1c300000)]
  0x0000013d7f916800 JavaThread "Unconstrained build operations Thread 56" [_thread_blocked, id=9012, stack(0x0000000a1c300000,0x0000000a1c400000)]
  0x0000013d7f918000 JavaThread "Unconstrained build operations Thread 57" [_thread_blocked, id=20488, stack(0x0000000a1c400000,0x0000000a1c500000)]
  0x0000013d7f918800 JavaThread "Unconstrained build operations Thread 58" [_thread_blocked, id=29268, stack(0x0000000a1c500000,0x0000000a1c600000)]
  0x0000013d7f917000 JavaThread "Unconstrained build operations Thread 59" [_thread_blocked, id=31808, stack(0x0000000a1c600000,0x0000000a1c700000)]
  0x0000013d7f91e800 JavaThread "Unconstrained build operations Thread 60" [_thread_blocked, id=30976, stack(0x0000000a1c700000,0x0000000a1c800000)]
  0x0000013d7f91a800 JavaThread "Unconstrained build operations Thread 61" [_thread_blocked, id=16096, stack(0x0000000a1c800000,0x0000000a1c900000)]
  0x0000013d7f91b000 JavaThread "Unconstrained build operations Thread 62" [_thread_blocked, id=26708, stack(0x0000000a1c900000,0x0000000a1ca00000)]
  0x0000013d7f919800 JavaThread "Unconstrained build operations Thread 63" [_thread_blocked, id=29364, stack(0x0000000a1ca00000,0x0000000a1cb00000)]
  0x0000013d7f91d800 JavaThread "Unconstrained build operations Thread 64" [_thread_blocked, id=22980, stack(0x0000000a1cb00000,0x0000000a1cc00000)]
  0x0000013d7f920000 JavaThread "Unconstrained build operations Thread 65" [_thread_blocked, id=2292, stack(0x0000000a1cc00000,0x0000000a1cd00000)]
  0x0000013d7f91f800 JavaThread "Unconstrained build operations Thread 66" [_thread_blocked, id=30152, stack(0x0000000a1cd00000,0x0000000a1ce00000)]
  0x0000013d7f91c000 JavaThread "Unconstrained build operations Thread 67" [_thread_blocked, id=13696, stack(0x0000000a1ce00000,0x0000000a1cf00000)]
  0x0000013d7f921000 JavaThread "Unconstrained build operations Thread 68" [_thread_blocked, id=32020, stack(0x0000000a1cf00000,0x0000000a1d000000)]
  0x0000013d7f921800 JavaThread "Unconstrained build operations Thread 69" [_thread_blocked, id=1656, stack(0x0000000a1d000000,0x0000000a1d100000)]
  0x0000013d7f922800 JavaThread "Unconstrained build operations Thread 70" [_thread_blocked, id=13708, stack(0x0000000a1d100000,0x0000000a1d200000)]
  0x0000013d7f91d000 JavaThread "Unconstrained build operations Thread 71" [_thread_blocked, id=30936, stack(0x0000000a1d200000,0x0000000a1d300000)]
  0x0000013d7f923800 JavaThread "Unconstrained build operations Thread 72" [_thread_blocked, id=15368, stack(0x0000000a1d300000,0x0000000a1d400000)]
  0x0000013d7f924000 JavaThread "Unconstrained build operations Thread 73" [_thread_blocked, id=32080, stack(0x0000000a1d400000,0x0000000a1d500000)]
  0x0000013d7f925000 JavaThread "Unconstrained build operations Thread 74" [_thread_blocked, id=284, stack(0x0000000a1d500000,0x0000000a1d600000)]
  0x0000013d7f712000 JavaThread "Unconstrained build operations Thread 75" [_thread_blocked, id=5000, stack(0x0000000a1d600000,0x0000000a1d700000)]
  0x0000013d7f714800 JavaThread "Unconstrained build operations Thread 76" [_thread_blocked, id=25260, stack(0x0000000a1d700000,0x0000000a1d800000)]
  0x0000013d7f711000 JavaThread "Unconstrained build operations Thread 77" [_thread_blocked, id=26496, stack(0x0000000a1d800000,0x0000000a1d900000)]
  0x0000013d7f713000 JavaThread "Unconstrained build operations Thread 78" [_thread_blocked, id=14800, stack(0x0000000a1d900000,0x0000000a1da00000)]
  0x0000013d7f713800 JavaThread "Unconstrained build operations Thread 79" [_thread_blocked, id=5016, stack(0x0000000a1da00000,0x0000000a1db00000)]
  0x0000013d7f715000 JavaThread "Unconstrained build operations Thread 80" [_thread_blocked, id=20848, stack(0x0000000a1db00000,0x0000000a1dc00000)]
  0x0000013d7f70f800 JavaThread "jar transforms Thread 6" [_thread_blocked, id=7912, stack(0x0000000a1dc00000,0x0000000a1dd00000)]
  0x0000013d7f716000 JavaThread "jar transforms Thread 7" [_thread_blocked, id=17088, stack(0x0000000a1dd00000,0x0000000a1de00000)]
  0x0000013d7f710800 JavaThread "jar transforms Thread 8" [_thread_blocked, id=14640, stack(0x0000000a1de00000,0x0000000a1df00000)]
  0x0000013d7f71c800 JavaThread "build event listener" [_thread_blocked, id=28536, stack(0x0000000a1df00000,0x0000000a1e000000)]
  0x0000013d7f71c000 JavaThread "Memory manager" [_thread_blocked, id=17620, stack(0x0000000a1e000000,0x0000000a1e100000)]
  0x0000013d7c0a1800 JavaThread "C2 CompilerThread2" daemon [_thread_in_native, id=28260, stack(0x0000000a17e00000,0x0000000a17f00000)]
  0x0000013d7f71b000 JavaThread "included builds" [_thread_blocked, id=14864, stack(0x0000000a1e100000,0x0000000a1e200000)]
  0x0000013d7f718800 JavaThread "Execution worker" [_thread_blocked, id=30288, stack(0x0000000a1e200000,0x0000000a1e300000)]
  0x0000013d7f717000 JavaThread "Execution worker Thread 2" [_thread_blocked, id=14612, stack(0x0000000a1e300000,0x0000000a1e400000)]
  0x0000013d7f71d800 JavaThread "Execution worker Thread 3" [_thread_blocked, id=28228, stack(0x0000000a1e400000,0x0000000a1e500000)]
  0x0000013d7f717800 JavaThread "Execution worker Thread 4" [_thread_blocked, id=18988, stack(0x0000000a1e500000,0x0000000a1e600000)]
  0x0000013d7f71a000 JavaThread "Execution worker Thread 5" [_thread_blocked, id=23708, stack(0x0000000a1e600000,0x0000000a1e700000)]
  0x0000013d7f71e000 JavaThread "Execution worker Thread 6" [_thread_blocked, id=31356, stack(0x0000000a1e700000,0x0000000a1e800000)]
  0x0000013d7f719800 JavaThread "Execution worker Thread 7" [_thread_blocked, id=4348, stack(0x0000000a1e800000,0x0000000a1e900000)]
  0x0000013d04758000 JavaThread "Cache worker for execution history cache (C:\Users\HP-PC\AndroidStudioProjects\TalathiAttendance-master\.gradle\7.5\executionHistory)" [_thread_blocked, id=7808, stack(0x0000000a1e900000,0x0000000a1ea00000)]

Other Threads:
=>0x0000013d78b5d000 VMThread "VM Thread" [stack: 0x0000000a15b00000,0x0000000a15c00000] [id=26388]
  0x0000013d79678800 WatcherThread [stack: 0x0000000a16500000,0x0000000a16600000] [id=17632]
  0x0000013d5e6b5000 GCTaskThread "GC Thread#0" [stack: 0x0000000a15600000,0x0000000a15700000] [id=5676]
  0x0000013d79dc1800 GCTaskThread "GC Thread#1" [stack: 0x0000000a16800000,0x0000000a16900000] [id=28824]
  0x0000013d7a68c000 GCTaskThread "GC Thread#2" [stack: 0x0000000a16900000,0x0000000a16a00000] [id=19812]
  0x0000013d7a61f800 GCTaskThread "GC Thread#3" [stack: 0x0000000a17400000,0x0000000a17500000] [id=8364]
  0x0000013d7a805000 GCTaskThread "GC Thread#4" [stack: 0x0000000a17500000,0x0000000a17600000] [id=29592]
  0x0000013d7bf42800 GCTaskThread "GC Thread#5" [stack: 0x0000000a17600000,0x0000000a17700000] [id=2452]
  0x0000013d7a718800 GCTaskThread "GC Thread#6" [stack: 0x0000000a17700000,0x0000000a17800000] [id=6340]
  0x0000013d7a72a000 GCTaskThread "GC Thread#7" [stack: 0x0000000a17800000,0x0000000a17900000] [id=10644]
  0x0000013d5e6e6000 ConcurrentGCThread "G1 Main Marker" [stack: 0x0000000a15700000,0x0000000a15800000] [id=14620]
  0x0000013d5e6e9000 ConcurrentGCThread "G1 Conc#0" [stack: 0x0000000a15800000,0x0000000a15900000] [id=13284]
  0x0000013d7b9cc000 ConcurrentGCThread "G1 Conc#1" [stack: 0x0000000a17b00000,0x0000000a17c00000] [id=27144]
  0x0000013d789b2800 ConcurrentGCThread "G1 Refine#0" [stack: 0x0000000a15900000,0x0000000a15a00000] [id=28920]
  0x0000013d5e76a000 ConcurrentGCThread "G1 Young RemSet Sampling" [stack: 0x0000000a15a00000,0x0000000a15b00000] [id=23160]

Threads with active compile tasks:
C2 CompilerThread0    14740 11344       4       org.gradle.api.internal.artifacts.dependencies.DefaultImmutableVersionConstraint::of (50 bytes)
C2 CompilerThread1    14740 11181       4       java.util.HashSet::add (20 bytes)
C2 CompilerThread2    14740 10682   !   4       java.nio.file.FileTreeWalker::next (144 bytes)

VM state:at safepoint (normal execution)

VM Mutex/Monitor currently owned by a thread:  ([mutex/lock_event])
[0x0000013d5e68f8c0] Threads_lock - owner thread: 0x0000013d78b5d000
[0x0000013d5e699050] Heap_lock - owner thread: 0x0000013d7f71b000

Heap address: 0x0000000080000000, size: 2048 MB, Compressed Oops mode: 32-bit
Narrow klass base: 0x0000000000000000, Narrow klass shift: 3
Compressed class space size: 1073741824 Address: 0x0000000100000000

Heap:
 garbage-first heap   total 227328K, used 147521K [0x0000000080000000, 0x0000000100000000)
  region size 1024K, 53 young (54272K), 7 survivors (7168K)
 Metaspace       used 89074K, capacity 91780K, committed 92120K, reserved 1128448K
  class space    used 11638K, capacity 12685K, committed 12800K, reserved 1048576K
Heap Regions: E=young(eden), S=young(survivor), O=old, HS=humongous(starts), HC=humongous(continues), CS=collection set, F=free, A=archive, TAMS=top-at-mark-start (previous, next)
|   0|0x0000000080000000, 0x0000000080100000, 0x0000000080100000|100%| O|  |TAMS 0x0000000080100000, 0x0000000080000000| Untracked 
|   1|0x0000000080100000, 0x0000000080200000, 0x0000000080200000|100%| O|  |TAMS 0x0000000080200000, 0x0000000080100000| Untracked 
|   2|0x0000000080200000, 0x0000000080300000, 0x0000000080300000|100%| O|  |TAMS 0x0000000080300000, 0x0000000080200000| Untracked 
|   3|0x0000000080300000, 0x0000000080400000, 0x0000000080400000|100%|HS|  |TAMS 0x0000000080400000, 0x0000000080300000| Complete 
|   4|0x0000000080400000, 0x0000000080500000, 0x0000000080500000|100%|HC|  |TAMS 0x0000000080500000, 0x0000000080400000| Complete 
|   5|0x0000000080500000, 0x0000000080600000, 0x0000000080600000|100%|HC|  |TAMS 0x0000000080600000, 0x0000000080500000| Complete 
|   6|0x0000000080600000, 0x0000000080700000, 0x0000000080700000|100%| O|  |TAMS 0x0000000080700000, 0x0000000080600000| Untracked 
|   7|0x0000000080700000, 0x0000000080800000, 0x0000000080800000|100%| O|  |TAMS 0x0000000080800000, 0x0000000080700000| Untracked 
|   8|0x0000000080800000, 0x0000000080900000, 0x0000000080900000|100%| O|  |TAMS 0x0000000080900000, 0x0000000080800000| Untracked 
|   9|0x0000000080900000, 0x0000000080a00000, 0x0000000080a00000|100%| O|  |TAMS 0x0000000080a00000, 0x0000000080900000| Untracked 
|  10|0x0000000080a00000, 0x0000000080b00000, 0x0000000080b00000|100%| O|  |TAMS 0x0000000080b00000, 0x0000000080a00000| Untracked 
|  11|0x0000000080b00000, 0x0000000080c00000, 0x0000000080c00000|100%| O|  |TAMS 0x0000000080c00000, 0x0000000080b00000| Untracked 
|  12|0x0000000080c00000, 0x0000000080d00000, 0x0000000080d00000|100%| O|  |TAMS 0x0000000080d00000, 0x0000000080c00000| Untracked 
|  13|0x0000000080d00000, 0x0000000080e00000, 0x0000000080e00000|100%| O|  |TAMS 0x0000000080e00000, 0x0000000080d00000| Untracked 
|  14|0x0000000080e00000, 0x0000000080f00000, 0x0000000080f00000|100%| O|  |TAMS 0x0000000080f00000, 0x0000000080e00000| Untracked 
|  15|0x0000000080f00000, 0x0000000081000000, 0x0000000081000000|100%| O|  |TAMS 0x0000000081000000, 0x0000000080f00000| Untracked 
|  16|0x0000000081000000, 0x0000000081100000, 0x0000000081100000|100%| O|  |TAMS 0x0000000081100000, 0x0000000081000000| Untracked 
|  17|0x0000000081100000, 0x0000000081200000, 0x0000000081200000|100%|HS|  |TAMS 0x0000000081200000, 0x0000000081100000| Complete 
|  18|0x0000000081200000, 0x0000000081300000, 0x0000000081300000|100%| O|  |TAMS 0x0000000081300000, 0x0000000081200000| Untracked 
|  19|0x0000000081300000, 0x0000000081400000, 0x0000000081400000|100%| O|  |TAMS 0x0000000081400000, 0x0000000081300000| Untracked 
|  20|0x0000000081400000, 0x0000000081500000, 0x0000000081500000|100%| O|  |TAMS 0x0000000081500000, 0x0000000081400000| Untracked 
|  21|0x0000000081500000, 0x0000000081600000, 0x0000000081600000|100%| O|  |TAMS 0x0000000081600000, 0x0000000081500000| Untracked 
|  22|0x0000000081600000, 0x0000000081700000, 0x0000000081700000|100%| O|  |TAMS 0x0000000081700000, 0x0000000081600000| Untracked 
|  23|0x0000000081700000, 0x0000000081800000, 0x0000000081800000|100%| O|  |TAMS 0x0000000081800000, 0x0000000081700000| Untracked 
|  24|0x0000000081800000, 0x0000000081900000, 0x0000000081900000|100%| O|  |TAMS 0x0000000081900000, 0x0000000081800000| Untracked 
|  25|0x0000000081900000, 0x0000000081a00000, 0x0000000081a00000|100%| O|  |TAMS 0x0000000081a00000, 0x0000000081900000| Untracked 
|  26|0x0000000081a00000, 0x0000000081b00000, 0x0000000081b00000|100%| O|  |TAMS 0x0000000081b00000, 0x0000000081a00000| Untracked 
|  27|0x0000000081b00000, 0x0000000081c00000, 0x0000000081c00000|100%| O|  |TAMS 0x0000000081c00000, 0x0000000081b00000| Untracked 
|  28|0x0000000081c00000, 0x0000000081d00000, 0x0000000081d00000|100%| O|  |TAMS 0x0000000081d00000, 0x0000000081c00000| Untracked 
|  29|0x0000000081d00000, 0x0000000081e00000, 0x0000000081e00000|100%|HS|  |TAMS 0x0000000081e00000, 0x0000000081d00000| Complete 
|  30|0x0000000081e00000, 0x0000000081f00000, 0x0000000081f00000|100%|HS|  |TAMS 0x0000000081f00000, 0x0000000081e00000| Complete 
|  31|0x0000000081f00000, 0x0000000082000000, 0x0000000082000000|100%|HS|  |TAMS 0x0000000082000000, 0x0000000081f00000| Complete 
|  32|0x0000000082000000, 0x0000000082100000, 0x0000000082100000|100%|HC|  |TAMS 0x0000000082100000, 0x0000000082000000| Complete 
|  33|0x0000000082100000, 0x0000000082200000, 0x0000000082200000|100%|HC|  |TAMS 0x0000000082200000, 0x0000000082100000| Complete 
|  34|0x0000000082200000, 0x0000000082300000, 0x0000000082300000|100%| O|  |TAMS 0x0000000082300000, 0x0000000082200000| Untracked 
|  35|0x0000000082300000, 0x0000000082400000, 0x0000000082400000|100%| O|  |TAMS 0x0000000082400000, 0x0000000082300000| Untracked 
|  36|0x0000000082400000, 0x0000000082500000, 0x0000000082500000|100%| O|  |TAMS 0x0000000082500000, 0x0000000082400000| Untracked 
|  37|0x0000000082500000, 0x0000000082600000, 0x0000000082600000|100%| O|  |TAMS 0x0000000082600000, 0x0000000082500000| Untracked 
|  38|0x0000000082600000, 0x0000000082700000, 0x0000000082700000|100%| O|  |TAMS 0x0000000082700000, 0x0000000082600000| Untracked 
|  39|0x0000000082700000, 0x0000000082800000, 0x0000000082800000|100%| O|  |TAMS 0x0000000082800000, 0x0000000082700000| Untracked 
|  40|0x0000000082800000, 0x0000000082900000, 0x0000000082900000|100%| O|  |TAMS 0x0000000082900000, 0x0000000082800000| Untracked 
|  41|0x0000000082900000, 0x0000000082a00000, 0x0000000082a00000|100%| O|  |TAMS 0x0000000082a00000, 0x0000000082900000| Untracked 
|  42|0x0000000082a00000, 0x0000000082b00000, 0x0000000082b00000|100%| O|  |TAMS 0x0000000082b00000, 0x0000000082a00000| Untracked 
|  43|0x0000000082b00000, 0x0000000082c00000, 0x0000000082c00000|100%| O|  |TAMS 0x0000000082c00000, 0x0000000082b00000| Untracked 
|  44|0x0000000082c00000, 0x0000000082d00000, 0x0000000082d00000|100%| O|  |TAMS 0x0000000082d00000, 0x0000000082c00000| Untracked 
|  45|0x0000000082d00000, 0x0000000082e00000, 0x0000000082e00000|100%| O|  |TAMS 0x0000000082e00000, 0x0000000082d00000| Untracked 
|  46|0x0000000082e00000, 0x0000000082f00000, 0x0000000082f00000|100%| O|  |TAMS 0x0000000082f00000, 0x0000000082e00000| Untracked 
|  47|0x0000000082f00000, 0x0000000083000000, 0x0000000083000000|100%| O|  |TAMS 0x0000000083000000, 0x0000000082f00000| Untracked 
|  48|0x0000000083000000, 0x0000000083100000, 0x0000000083100000|100%| O|  |TAMS 0x0000000083100000, 0x0000000083000000| Untracked 
|  49|0x0000000083100000, 0x0000000083200000, 0x0000000083200000|100%| O|  |TAMS 0x0000000083200000, 0x0000000083100000| Untracked 
|  50|0x0000000083200000, 0x0000000083300000, 0x0000000083300000|100%| O|  |TAMS 0x0000000083300000, 0x0000000083200000| Untracked 
|  51|0x0000000083300000, 0x0000000083400000, 0x0000000083400000|100%| O|  |TAMS 0x0000000083400000, 0x0000000083300000| Untracked 
|  52|0x0000000083400000, 0x0000000083500000, 0x0000000083500000|100%| O|  |TAMS 0x0000000083500000, 0x0000000083400000| Untracked 
|  53|0x0000000083500000, 0x0000000083600000, 0x0000000083600000|100%| O|  |TAMS 0x0000000083600000, 0x0000000083500000| Untracked 
|  54|0x0000000083600000, 0x0000000083700000, 0x0000000083700000|100%| O|  |TAMS 0x0000000083700000, 0x0000000083600000| Untracked 
|  55|0x0000000083700000, 0x0000000083800000, 0x0000000083800000|100%| O|  |TAMS 0x0000000083800000, 0x0000000083700000| Untracked 
|  56|0x0000000083800000, 0x0000000083900000, 0x0000000083900000|100%| O|  |TAMS 0x0000000083900000, 0x0000000083800000| Untracked 
|  57|0x0000000083900000, 0x0000000083a00000, 0x0000000083a00000|100%| O|  |TAMS 0x0000000083a00000, 0x0000000083900000| Untracked 
|  58|0x0000000083a00000, 0x0000000083b00000, 0x0000000083b00000|100%| O|  |TAMS 0x0000000083b00000, 0x0000000083a00000| Untracked 
|  59|0x0000000083b00000, 0x0000000083c00000, 0x0000000083c00000|100%| O|  |TAMS 0x0000000083c00000, 0x0000000083b00000| Untracked 
|  60|0x0000000083c00000, 0x0000000083d00000, 0x0000000083d00000|100%| O|  |TAMS 0x0000000083d00000, 0x0000000083c00000| Untracked 
|  61|0x0000000083d00000, 0x0000000083e00000, 0x0000000083e00000|100%| O|  |TAMS 0x0000000083e00000, 0x0000000083d00000| Untracked 
|  62|0x0000000083e00000, 0x0000000083f00000, 0x0000000083f00000|100%| O|  |TAMS 0x0000000083f00000, 0x0000000083e00000| Untracked 
|  63|0x0000000083f00000, 0x0000000084000000, 0x0000000084000000|100%| O|  |TAMS 0x0000000084000000, 0x0000000083f00000| Untracked 
|  64|0x0000000084000000, 0x0000000084100000, 0x0000000084100000|100%| O|  |TAMS 0x0000000084100000, 0x0000000084000000| Untracked 
|  65|0x0000000084100000, 0x0000000084200000, 0x0000000084200000|100%| O|  |TAMS 0x0000000084200000, 0x0000000084100000| Untracked 
|  66|0x0000000084200000, 0x0000000084300000, 0x0000000084300000|100%| O|  |TAMS 0x0000000084300000, 0x0000000084200000| Untracked 
|  67|0x0000000084300000, 0x0000000084400000, 0x0000000084400000|100%| O|  |TAMS 0x0000000084400000, 0x0000000084300000| Untracked 
|  68|0x0000000084400000, 0x0000000084500000, 0x0000000084500000|100%| O|  |TAMS 0x0000000084500000, 0x0000000084400000| Untracked 
|  69|0x0000000084500000, 0x0000000084600000, 0x0000000084600000|100%| O|  |TAMS 0x0000000084600000, 0x0000000084500000| Untracked 
|  70|0x0000000084600000, 0x0000000084700000, 0x0000000084700000|100%| O|  |TAMS 0x0000000084700000, 0x0000000084600000| Untracked 
|  71|0x0000000084700000, 0x0000000084800000, 0x0000000084800000|100%| O|  |TAMS 0x0000000084800000, 0x0000000084700000| Untracked 
|  72|0x0000000084800000, 0x0000000084900000, 0x0000000084900000|100%| O|  |TAMS 0x0000000084900000, 0x0000000084800000| Untracked 
|  73|0x0000000084900000, 0x0000000084a00000, 0x0000000084a00000|100%| O|  |TAMS 0x0000000084a00000, 0x0000000084900000| Untracked 
|  74|0x0000000084a00000, 0x0000000084b00000, 0x0000000084b00000|100%| O|  |TAMS 0x0000000084b00000, 0x0000000084a00000| Untracked 
|  75|0x0000000084b00000, 0x0000000084c00000, 0x0000000084c00000|100%| O|  |TAMS 0x0000000084c00000, 0x0000000084b00000| Untracked 
|  76|0x0000000084c00000, 0x0000000084d00000, 0x0000000084d00000|100%| O|  |TAMS 0x0000000084d00000, 0x0000000084c00000| Untracked 
|  77|0x0000000084d00000, 0x0000000084e00000, 0x0000000084e00000|100%| O|  |TAMS 0x0000000084e00000, 0x0000000084d00000| Untracked 
|  78|0x0000000084e00000, 0x0000000084f00000, 0x0000000084f00000|100%| O|  |TAMS 0x0000000084f00000, 0x0000000084e00000| Untracked 
|  79|0x0000000084f00000, 0x0000000085000000, 0x0000000085000000|100%| O|  |TAMS 0x0000000085000000, 0x0000000084f00000| Untracked 
|  80|0x0000000085000000, 0x0000000085100000, 0x0000000085100000|100%| O|  |TAMS 0x0000000085100000, 0x0000000085000000| Untracked 
|  81|0x0000000085100000, 0x0000000085200000, 0x0000000085200000|100%| O|  |TAMS 0x0000000085200000, 0x0000000085100000| Untracked 
|  82|0x0000000085200000, 0x0000000085300000, 0x0000000085300000|100%| O|  |TAMS 0x0000000085300000, 0x0000000085200000| Untracked 
|  83|0x0000000085300000, 0x0000000085400000, 0x0000000085400000|100%| O|  |TAMS 0x0000000085400000, 0x0000000085300000| Untracked 
|  84|0x0000000085400000, 0x0000000085500000, 0x0000000085500000|100%| O|  |TAMS 0x0000000085500000, 0x0000000085400000| Untracked 
|  85|0x0000000085500000, 0x0000000085600000, 0x0000000085600000|100%| O|  |TAMS 0x0000000085600000, 0x0000000085500000| Untracked 
|  86|0x0000000085600000, 0x0000000085700000, 0x0000000085700000|100%| O|  |TAMS 0x0000000085700000, 0x0000000085600000| Untracked 
|  87|0x0000000085700000, 0x0000000085800000, 0x0000000085800000|100%| O|  |TAMS 0x0000000085800000, 0x0000000085700000| Untracked 
|  88|0x0000000085800000, 0x0000000085900000, 0x0000000085900000|100%| O|  |TAMS 0x0000000085900000, 0x0000000085800000| Untracked 
|  89|0x0000000085900000, 0x0000000085a00000, 0x0000000085a00000|100%| O|  |TAMS 0x0000000085a00000, 0x0000000085900000| Untracked 
|  90|0x0000000085a00000, 0x0000000085b00000, 0x0000000085b00000|100%| O|  |TAMS 0x0000000085a33200, 0x0000000085a00000| Untracked 
|  91|0x0000000085b00000, 0x0000000085c00000, 0x0000000085c00000|100%| O|  |TAMS 0x0000000085b00000, 0x0000000085b00000| Untracked 
|  92|0x0000000085c00000, 0x0000000085d00000, 0x0000000085d00000|100%| O|  |TAMS 0x0000000085c00000, 0x0000000085c00000| Untracked 
|  93|0x0000000085d00000, 0x0000000085dcba00, 0x0000000085e00000| 79%| O|  |TAMS 0x0000000085d00000, 0x0000000085d00000| Untracked 
|  94|0x0000000085e00000, 0x0000000085e00000, 0x0000000085f00000|  0%| F|  |TAMS 0x0000000085e00000, 0x0000000085e00000| Untracked 
|  95|0x0000000085f00000, 0x0000000085f00000, 0x0000000086000000|  0%| F|  |TAMS 0x0000000085f00000, 0x0000000085f00000| Untracked 
|  96|0x0000000086000000, 0x0000000086000000, 0x0000000086100000|  0%| F|  |TAMS 0x0000000086000000, 0x0000000086000000| Untracked 
|  97|0x0000000086100000, 0x0000000086100000, 0x0000000086200000|  0%| F|  |TAMS 0x0000000086100000, 0x0000000086100000| Untracked 
|  98|0x0000000086200000, 0x0000000086200000, 0x0000000086300000|  0%| F|  |TAMS 0x0000000086200000, 0x0000000086200000| Untracked 
|  99|0x0000000086300000, 0x0000000086300000, 0x0000000086400000|  0%| F|  |TAMS 0x0000000086300000, 0x0000000086300000| Untracked 
| 100|0x0000000086400000, 0x0000000086400000, 0x0000000086500000|  0%| F|  |TAMS 0x0000000086400000, 0x0000000086400000| Untracked 
| 101|0x0000000086500000, 0x0000000086500000, 0x0000000086600000|  0%| F|  |TAMS 0x0000000086500000, 0x0000000086500000| Untracked 
| 102|0x0000000086600000, 0x0000000086600000, 0x0000000086700000|  0%| F|  |TAMS 0x0000000086600000, 0x0000000086600000| Untracked 
| 103|0x0000000086700000, 0x0000000086700000, 0x0000000086800000|  0%| F|  |TAMS 0x0000000086700000, 0x0000000086700000| Untracked 
| 104|0x0000000086800000, 0x0000000086800000, 0x0000000086900000|  0%| F|  |TAMS 0x0000000086800000, 0x0000000086800000| Untracked 
| 105|0x0000000086900000, 0x0000000086900000, 0x0000000086a00000|  0%| F|  |TAMS 0x0000000086900000, 0x0000000086900000| Untracked 
| 106|0x0000000086a00000, 0x0000000086a00000, 0x0000000086b00000|  0%| F|  |TAMS 0x0000000086a00000, 0x0000000086a00000| Untracked 
| 107|0x0000000086b00000, 0x0000000086b00000, 0x0000000086c00000|  0%| F|  |TAMS 0x0000000086b00000, 0x0000000086b00000| Untracked 
| 108|0x0000000086c00000, 0x0000000086c00000, 0x0000000086d00000|  0%| F|  |TAMS 0x0000000086c00000, 0x0000000086c00000| Untracked 
| 109|0x0000000086d00000, 0x0000000086d00000, 0x0000000086e00000|  0%| F|  |TAMS 0x0000000086d00000, 0x0000000086d00000| Untracked 
| 110|0x0000000086e00000, 0x0000000086e00000, 0x0000000086f00000|  0%| F|  |TAMS 0x0000000086e00000, 0x0000000086e00000| Untracked 
| 111|0x0000000086f00000, 0x0000000086f00000, 0x0000000087000000|  0%| F|  |TAMS 0x0000000086f00000, 0x0000000086f00000| Untracked 
| 112|0x0000000087000000, 0x0000000087000000, 0x0000000087100000|  0%| F|  |TAMS 0x0000000087000000, 0x0000000087000000| Untracked 
| 113|0x0000000087100000, 0x0000000087100000, 0x0000000087200000|  0%| F|  |TAMS 0x0000000087100000, 0x0000000087100000| Untracked 
| 114|0x0000000087200000, 0x0000000087200000, 0x0000000087300000|  0%| F|  |TAMS 0x0000000087200000, 0x0000000087200000| Untracked 
| 115|0x0000000087300000, 0x0000000087300000, 0x0000000087400000|  0%| F|  |TAMS 0x0000000087300000, 0x0000000087300000| Untracked 
| 116|0x0000000087400000, 0x0000000087400000, 0x0000000087500000|  0%| F|  |TAMS 0x0000000087400000, 0x0000000087400000| Untracked 
| 117|0x0000000087500000, 0x0000000087500000, 0x0000000087600000|  0%| F|  |TAMS 0x0000000087500000, 0x0000000087500000| Untracked 
| 118|0x0000000087600000, 0x0000000087600000, 0x0000000087700000|  0%| F|  |TAMS 0x0000000087600000, 0x0000000087600000| Untracked 
| 119|0x0000000087700000, 0x0000000087700000, 0x0000000087800000|  0%| F|  |TAMS 0x0000000087700000, 0x0000000087700000| Untracked 
| 120|0x0000000087800000, 0x0000000087800000, 0x0000000087900000|  0%| F|  |TAMS 0x0000000087800000, 0x0000000087800000| Untracked 
| 121|0x0000000087900000, 0x0000000087900000, 0x0000000087a00000|  0%| F|  |TAMS 0x0000000087900000, 0x0000000087900000| Untracked 
| 122|0x0000000087a00000, 0x0000000087a00000, 0x0000000087b00000|  0%| F|  |TAMS 0x0000000087a00000, 0x0000000087a00000| Untracked 
| 123|0x0000000087b00000, 0x0000000087b00000, 0x0000000087c00000|  0%| F|  |TAMS 0x0000000087b00000, 0x0000000087b00000| Untracked 
| 124|0x0000000087c00000, 0x0000000087c00000, 0x0000000087d00000|  0%| F|  |TAMS 0x0000000087c00000, 0x0000000087c00000| Untracked 
| 125|0x0000000087d00000, 0x0000000087d00000, 0x0000000087e00000|  0%| F|  |TAMS 0x0000000087d00000, 0x0000000087d00000| Untracked 
| 126|0x0000000087e00000, 0x0000000087e00000, 0x0000000087f00000|  0%| F|  |TAMS 0x0000000087e00000, 0x0000000087e00000| Untracked 
| 127|0x0000000087f00000, 0x0000000087f00000, 0x0000000088000000|  0%| F|  |TAMS 0x0000000087f00000, 0x0000000087f00000| Untracked 
| 128|0x0000000088000000, 0x0000000088000000, 0x0000000088100000|  0%| F|  |TAMS 0x0000000088000000, 0x0000000088000000| Untracked 
| 129|0x0000000088100000, 0x0000000088100000, 0x0000000088200000|  0%| F|  |TAMS 0x0000000088100000, 0x0000000088100000| Untracked 
| 130|0x0000000088200000, 0x0000000088200000, 0x0000000088300000|  0%| F|  |TAMS 0x0000000088200000, 0x0000000088200000| Untracked 
| 131|0x0000000088300000, 0x0000000088300000, 0x0000000088400000|  0%| F|  |TAMS 0x0000000088300000, 0x0000000088300000| Untracked 
| 132|0x0000000088400000, 0x0000000088400000, 0x0000000088500000|  0%| F|  |TAMS 0x0000000088400000, 0x0000000088400000| Untracked 
| 133|0x0000000088500000, 0x0000000088500000, 0x0000000088600000|  0%| F|  |TAMS 0x0000000088500000, 0x0000000088500000| Untracked 
| 134|0x0000000088600000, 0x0000000088600000, 0x0000000088700000|  0%| F|  |TAMS 0x0000000088600000, 0x0000000088600000| Untracked 
| 135|0x0000000088700000, 0x0000000088700000, 0x0000000088800000|  0%| F|  |TAMS 0x0000000088700000, 0x0000000088700000| Untracked 
| 136|0x0000000088800000, 0x0000000088800000, 0x0000000088900000|  0%| F|  |TAMS 0x0000000088800000, 0x0000000088800000| Untracked 
| 137|0x0000000088900000, 0x0000000088900000, 0x0000000088a00000|  0%| F|  |TAMS 0x0000000088900000, 0x0000000088900000| Untracked 
| 138|0x0000000088a00000, 0x0000000088a00000, 0x0000000088b00000|  0%| F|  |TAMS 0x0000000088a00000, 0x0000000088a00000| Untracked 
| 139|0x0000000088b00000, 0x0000000088b00000, 0x0000000088c00000|  0%| F|  |TAMS 0x0000000088b00000, 0x0000000088b00000| Untracked 
| 140|0x0000000088c00000, 0x0000000088c00000, 0x0000000088d00000|  0%| F|  |TAMS 0x0000000088c00000, 0x0000000088c00000| Untracked 
| 141|0x0000000088d00000, 0x0000000088d00000, 0x0000000088e00000|  0%| F|  |TAMS 0x0000000088d00000, 0x0000000088d00000| Untracked 
| 142|0x0000000088e00000, 0x0000000088e00000, 0x0000000088f00000|  0%| F|  |TAMS 0x0000000088e00000, 0x0000000088e00000| Untracked 
| 143|0x0000000088f00000, 0x0000000088f00000, 0x0000000089000000|  0%| F|  |TAMS 0x0000000088f00000, 0x0000000088f00000| Untracked 
| 144|0x0000000089000000, 0x0000000089000000, 0x0000000089100000|  0%| F|  |TAMS 0x0000000089000000, 0x0000000089000000| Untracked 
| 145|0x0000000089100000, 0x0000000089100000, 0x0000000089200000|  0%| F|  |TAMS 0x0000000089100000, 0x0000000089100000| Untracked 
| 146|0x0000000089200000, 0x0000000089244b50, 0x0000000089300000| 26%| S|CS|TAMS 0x0000000089200000, 0x0000000089200000| Complete 
| 147|0x0000000089300000, 0x0000000089400000, 0x0000000089400000|100%| S|CS|TAMS 0x0000000089300000, 0x0000000089300000| Complete 
| 148|0x0000000089400000, 0x0000000089500000, 0x0000000089500000|100%| S|CS|TAMS 0x0000000089400000, 0x0000000089400000| Complete 
| 149|0x0000000089500000, 0x0000000089600000, 0x0000000089600000|100%| S|CS|TAMS 0x0000000089500000, 0x0000000089500000| Complete 
| 150|0x0000000089600000, 0x0000000089700000, 0x0000000089700000|100%| S|CS|TAMS 0x0000000089600000, 0x0000000089600000| Complete 
| 151|0x0000000089700000, 0x0000000089800000, 0x0000000089800000|100%| S|CS|TAMS 0x0000000089700000, 0x0000000089700000| Complete 
| 152|0x0000000089800000, 0x0000000089900000, 0x0000000089900000|100%| S|CS|TAMS 0x0000000089800000, 0x0000000089800000| Complete 
| 153|0x0000000089900000, 0x0000000089900000, 0x0000000089a00000|  0%| F|  |TAMS 0x0000000089900000, 0x0000000089900000| Untracked 
| 154|0x0000000089a00000, 0x0000000089a00000, 0x0000000089b00000|  0%| F|  |TAMS 0x0000000089a00000, 0x0000000089a00000| Untracked 
| 155|0x0000000089b00000, 0x0000000089b00000, 0x0000000089c00000|  0%| F|  |TAMS 0x0000000089b00000, 0x0000000089b00000| Untracked 
| 156|0x0000000089c00000, 0x0000000089c00000, 0x0000000089d00000|  0%| F|  |TAMS 0x0000000089c00000, 0x0000000089c00000| Untracked 
| 157|0x0000000089d00000, 0x0000000089d00000, 0x0000000089e00000|  0%| F|  |TAMS 0x0000000089d00000, 0x0000000089d00000| Untracked 
| 158|0x0000000089e00000, 0x0000000089e00000, 0x0000000089f00000|  0%| F|  |TAMS 0x0000000089e00000, 0x0000000089e00000| Untracked 
| 159|0x0000000089f00000, 0x0000000089f00000, 0x000000008a000000|  0%| F|  |TAMS 0x0000000089f00000, 0x0000000089f00000| Untracked 
| 160|0x000000008a000000, 0x000000008a000000, 0x000000008a100000|  0%| F|  |TAMS 0x000000008a000000, 0x000000008a000000| Untracked 
| 161|0x000000008a100000, 0x000000008a100000, 0x000000008a200000|  0%| F|  |TAMS 0x000000008a100000, 0x000000008a100000| Untracked 
| 162|0x000000008a200000, 0x000000008a200000, 0x000000008a300000|  0%| F|  |TAMS 0x000000008a200000, 0x000000008a200000| Untracked 
| 163|0x000000008a300000, 0x000000008a300000, 0x000000008a400000|  0%| F|  |TAMS 0x000000008a300000, 0x000000008a300000| Untracked 
| 164|0x000000008a400000, 0x000000008a400000, 0x000000008a500000|  0%| F|  |TAMS 0x000000008a400000, 0x000000008a400000| Untracked 
| 165|0x000000008a500000, 0x000000008a500000, 0x000000008a600000|  0%| F|  |TAMS 0x000000008a500000, 0x000000008a500000| Untracked 
| 166|0x000000008a600000, 0x000000008a600000, 0x000000008a700000|  0%| F|  |TAMS 0x000000008a600000, 0x000000008a600000| Untracked 
| 167|0x000000008a700000, 0x000000008a700000, 0x000000008a800000|  0%| F|  |TAMS 0x000000008a700000, 0x000000008a700000| Untracked 
| 168|0x000000008a800000, 0x000000008a800000, 0x000000008a900000|  0%| F|  |TAMS 0x000000008a800000, 0x000000008a800000| Untracked 
| 169|0x000000008a900000, 0x000000008a900000, 0x000000008aa00000|  0%| F|  |TAMS 0x000000008a900000, 0x000000008a900000| Untracked 
| 170|0x000000008aa00000, 0x000000008aa00000, 0x000000008ab00000|  0%| F|  |TAMS 0x000000008aa00000, 0x000000008aa00000| Untracked 
| 171|0x000000008ab00000, 0x000000008ab00000, 0x000000008ac00000|  0%| F|  |TAMS 0x000000008ab00000, 0x000000008ab00000| Untracked 
| 172|0x000000008ac00000, 0x000000008ac00000, 0x000000008ad00000|  0%| F|  |TAMS 0x000000008ac00000, 0x000000008ac00000| Untracked 
| 173|0x000000008ad00000, 0x000000008ad00000, 0x000000008ae00000|  0%| F|  |TAMS 0x000000008ad00000, 0x000000008ad00000| Untracked 
| 174|0x000000008ae00000, 0x000000008ae00000, 0x000000008af00000|  0%| F|  |TAMS 0x000000008ae00000, 0x000000008ae00000| Untracked 
| 175|0x000000008af00000, 0x000000008af00000, 0x000000008b000000|  0%| F|  |TAMS 0x000000008af00000, 0x000000008af00000| Untracked 
| 176|0x000000008b000000, 0x000000008b0a2478, 0x000000008b100000| 63%| E|  |TAMS 0x000000008b000000, 0x000000008b000000| Complete 
| 177|0x000000008b100000, 0x000000008b200000, 0x000000008b200000|100%| E|CS|TAMS 0x000000008b100000, 0x000000008b100000| Complete 
| 178|0x000000008b200000, 0x000000008b300000, 0x000000008b300000|100%| E|CS|TAMS 0x000000008b200000, 0x000000008b200000| Complete 
| 179|0x000000008b300000, 0x000000008b400000, 0x000000008b400000|100%| E|CS|TAMS 0x000000008b300000, 0x000000008b300000| Complete 
| 180|0x000000008b400000, 0x000000008b500000, 0x000000008b500000|100%| E|CS|TAMS 0x000000008b400000, 0x000000008b400000| Complete 
| 181|0x000000008b500000, 0x000000008b600000, 0x000000008b600000|100%| E|CS|TAMS 0x000000008b500000, 0x000000008b500000| Complete 
| 182|0x000000008b600000, 0x000000008b700000, 0x000000008b700000|100%| E|CS|TAMS 0x000000008b600000, 0x000000008b600000| Complete 
| 183|0x000000008b700000, 0x000000008b800000, 0x000000008b800000|100%| E|CS|TAMS 0x000000008b700000, 0x000000008b700000| Complete 
| 184|0x000000008b800000, 0x000000008b900000, 0x000000008b900000|100%| E|CS|TAMS 0x000000008b800000, 0x000000008b800000| Complete 
| 185|0x000000008b900000, 0x000000008ba00000, 0x000000008ba00000|100%| E|CS|TAMS 0x000000008b900000, 0x000000008b900000| Complete 
| 186|0x000000008ba00000, 0x000000008bb00000, 0x000000008bb00000|100%| E|CS|TAMS 0x000000008ba00000, 0x000000008ba00000| Complete 
| 187|0x000000008bb00000, 0x000000008bc00000, 0x000000008bc00000|100%| E|CS|TAMS 0x000000008bb00000, 0x000000008bb00000| Complete 
| 188|0x000000008bc00000, 0x000000008bd00000, 0x000000008bd00000|100%| E|CS|TAMS 0x000000008bc00000, 0x000000008bc00000| Complete 
| 189|0x000000008bd00000, 0x000000008be00000, 0x000000008be00000|100%| E|CS|TAMS 0x000000008bd00000, 0x000000008bd00000| Complete 
| 190|0x000000008be00000, 0x000000008bf00000, 0x000000008bf00000|100%| E|CS|TAMS 0x000000008be00000, 0x000000008be00000| Complete 
| 191|0x000000008bf00000, 0x000000008c000000, 0x000000008c000000|100%| E|  |TAMS 0x000000008bf00000, 0x000000008bf00000| Complete 
| 192|0x000000008c000000, 0x000000008c100000, 0x000000008c100000|100%| E|CS|TAMS 0x000000008c000000, 0x000000008c000000| Complete 
| 193|0x000000008c100000, 0x000000008c200000, 0x000000008c200000|100%| E|CS|TAMS 0x000000008c100000, 0x000000008c100000| Complete 
| 194|0x000000008c200000, 0x000000008c300000, 0x000000008c300000|100%| E|CS|TAMS 0x000000008c200000, 0x000000008c200000| Complete 
| 195|0x000000008c300000, 0x000000008c400000, 0x000000008c400000|100%| E|CS|TAMS 0x000000008c300000, 0x000000008c300000| Complete 
| 196|0x000000008c400000, 0x000000008c500000, 0x000000008c500000|100%| E|CS|TAMS 0x000000008c400000, 0x000000008c400000| Complete 
| 197|0x000000008c500000, 0x000000008c600000, 0x000000008c600000|100%| E|CS|TAMS 0x000000008c500000, 0x000000008c500000| Complete 
| 198|0x000000008c600000, 0x000000008c700000, 0x000000008c700000|100%| E|CS|TAMS 0x000000008c600000, 0x000000008c600000| Complete 
| 199|0x000000008c700000, 0x000000008c800000, 0x000000008c800000|100%| E|CS|TAMS 0x000000008c700000, 0x000000008c700000| Complete 
| 200|0x000000008c800000, 0x000000008c900000, 0x000000008c900000|100%| E|CS|TAMS 0x000000008c800000, 0x000000008c800000| Complete 
| 201|0x000000008c900000, 0x000000008ca00000, 0x000000008ca00000|100%| E|CS|TAMS 0x000000008c900000, 0x000000008c900000| Complete 
| 202|0x000000008ca00000, 0x000000008cb00000, 0x000000008cb00000|100%| E|CS|TAMS 0x000000008ca00000, 0x000000008ca00000| Complete 
| 203|0x000000008cb00000, 0x000000008cc00000, 0x000000008cc00000|100%| E|CS|TAMS 0x000000008cb00000, 0x000000008cb00000| Complete 
| 204|0x000000008cc00000, 0x000000008cd00000, 0x000000008cd00000|100%| E|CS|TAMS 0x000000008cc00000, 0x000000008cc00000| Complete 
| 205|0x000000008cd00000, 0x000000008ce00000, 0x000000008ce00000|100%| E|CS|TAMS 0x000000008cd00000, 0x000000008cd00000| Complete 
| 206|0x000000008ce00000, 0x000000008cf00000, 0x000000008cf00000|100%| E|CS|TAMS 0x000000008ce00000, 0x000000008ce00000| Complete 
| 207|0x000000008cf00000, 0x000000008d000000, 0x000000008d000000|100%| E|CS|TAMS 0x000000008cf00000, 0x000000008cf00000| Complete 
| 208|0x000000008d000000, 0x000000008d100000, 0x000000008d100000|100%| E|CS|TAMS 0x000000008d000000, 0x000000008d000000| Complete 
| 209|0x000000008d100000, 0x000000008d200000, 0x000000008d200000|100%| E|CS|TAMS 0x000000008d100000, 0x000000008d100000| Complete 
| 210|0x000000008d200000, 0x000000008d300000, 0x000000008d300000|100%| E|CS|TAMS 0x000000008d200000, 0x000000008d200000| Complete 
| 211|0x000000008d300000, 0x000000008d400000, 0x000000008d400000|100%| E|CS|TAMS 0x000000008d300000, 0x000000008d300000| Complete 
| 212|0x000000008d400000, 0x000000008d500000, 0x000000008d500000|100%| E|CS|TAMS 0x000000008d400000, 0x000000008d400000| Complete 
| 213|0x000000008d500000, 0x000000008d600000, 0x000000008d600000|100%| E|CS|TAMS 0x000000008d500000, 0x000000008d500000| Complete 
| 214|0x000000008d600000, 0x000000008d700000, 0x000000008d700000|100%| E|CS|TAMS 0x000000008d600000, 0x000000008d600000| Complete 
| 215|0x000000008d700000, 0x000000008d800000, 0x000000008d800000|100%| E|CS|TAMS 0x000000008d700000, 0x000000008d700000| Complete 
| 216|0x000000008d800000, 0x000000008d900000, 0x000000008d900000|100%| E|CS|TAMS 0x000000008d800000, 0x000000008d800000| Complete 
| 217|0x000000008d900000, 0x000000008da00000, 0x000000008da00000|100%| E|CS|TAMS 0x000000008d900000, 0x000000008d900000| Complete 
| 218|0x000000008da00000, 0x000000008db00000, 0x000000008db00000|100%| E|CS|TAMS 0x000000008da00000, 0x000000008da00000| Complete 
| 219|0x000000008db00000, 0x000000008dc00000, 0x000000008dc00000|100%| E|CS|TAMS 0x000000008db00000, 0x000000008db00000| Complete 
| 220|0x000000008dc00000, 0x000000008dd00000, 0x000000008dd00000|100%| E|CS|TAMS 0x000000008dc00000, 0x000000008dc00000| Complete 
| 221|0x000000008dd00000, 0x000000008de00000, 0x000000008de00000|100%| E|CS|TAMS 0x000000008dd00000, 0x000000008dd00000| Complete 

Card table byte_map: [0x0000013d71900000,0x0000013d71d00000] _byte_map_base: 0x0000013d71500000

Marking Bits (Prev, Next): (CMBitMap*) 0x0000013d5e6dd220, (CMBitMap*) 0x0000013d5e6dd1e8
 Prev Bits: [0x0000013d74100000, 0x0000013d76100000)
 Next Bits: [0x0000013d72100000, 0x0000013d74100000)

Polling page: 0x0000013d5c560000

Metaspace:

Usage:
  Non-class:     77.24 MB capacity,    75.62 MB ( 98%) used,     1.32 MB (  2%) free+waste,   308.44 KB ( <1%) overhead. 
      Class:     12.39 MB capacity,    11.37 MB ( 92%) used,   905.98 KB (  7%) free+waste,   140.62 KB (  1%) overhead. 
       Both:     89.63 MB capacity,    86.99 MB ( 97%) used,     2.20 MB (  2%) free+waste,   449.06 KB ( <1%) overhead. 

Virtual space:
  Non-class space:       78.00 MB reserved,      77.46 MB (>99%) committed 
      Class space:        1.00 GB reserved,      12.50 MB (  1%) committed 
             Both:        1.08 GB reserved,      89.96 MB (  8%) committed 

Chunk freelists:
   Non-Class:  33.00 KB
       Class:  19.00 KB
        Both:  52.00 KB

MaxMetaspaceSize: 17179869184.00 GB
CompressedClassSpaceSize: 1.00 GB
Initial GC threshold: 20.80 MB
Current GC threshold: 148.06 MB
CDS: off

CodeHeap 'non-profiled nmethods': size=120000Kb used=7038Kb max_used=7038Kb free=112961Kb
 bounds [0x0000013d69c90000, 0x0000013d6a370000, 0x0000013d711c0000]
CodeHeap 'profiled nmethods': size=120000Kb used=24864Kb max_used=24864Kb free=95135Kb
 bounds [0x0000013d62760000, 0x0000013d63fb0000, 0x0000013d69c90000]
CodeHeap 'non-nmethods': size=5760Kb used=2381Kb max_used=2447Kb free=3379Kb
 bounds [0x0000013d621c0000, 0x0000013d62430000, 0x0000013d62760000]
 total_blobs=12284 nmethods=11381 adapters=814
 compilation: enabled
              stopped_count=0, restarted_count=0
 full_count=0

Compilation events (20 events):
Event: 14.692 Thread 0x0000013d78b7c000 11441       2       org.gradle.execution.plan.ExecutionNodeAccessHierarchy::getNodesAccessing (14 bytes)
Event: 14.693 Thread 0x0000013d78b7c000 nmethod 11441 0x0000013d63fa5410 code [0x0000013d63fa5620, 0x0000013d63fa5b98]
Event: 14.693 Thread 0x0000013d78b7c000 11442       2       org.gradle.execution.plan.ValuedVfsHierarchy$1::handleUnrelatedToAnyChild (5 bytes)
Event: 14.694 Thread 0x0000013d78b7c000 nmethod 11442 0x0000013d63fa5f10 code [0x0000013d63fa60c0, 0x0000013d63fa61b8]
Event: 14.694 Thread 0x0000013d78b7c000 11431  s    2       com.google.android.gms.dependencies.DependencyAnalyzer::registerDependency (9 bytes)
Event: 14.694 Thread 0x0000013d78b7c000 nmethod 11431 0x0000013d63fa6290 code [0x0000013d63fa6440, 0x0000013d63fa66c8]
Event: 14.694 Thread 0x0000013d78b7c000 11432   !   2       com.google.android.gms.dependencies.ArtifactDependencyManager::addDependency (93 bytes)
Event: 14.694 Thread 0x0000013d78b7c000 nmethod 11432 0x0000013d63fa6790 code [0x0000013d63fa69c0, 0x0000013d63fa7028]
Event: 14.694 Thread 0x0000013d78b7c000 11443       2       org.gradle.execution.plan.LocalTaskNodeExecutor::collectValidationProblemsForConsumer (44 bytes)
Event: 14.695 Thread 0x0000013d78b7c000 nmethod 11443 0x0000013d63fa7490 code [0x0000013d63fa7680, 0x0000013d63fa7a28]
Event: 14.695 Thread 0x0000013d78b7c000 11433       2       com.google.android.gms.dependencies.VersionEvaluators$AlwaysCompatibleEvaluator::<init> (5 bytes)
Event: 14.695 Thread 0x0000013d78b7c000 nmethod 11433 0x0000013d63fa7c10 code [0x0000013d63fa7dc0, 0x0000013d63fa7eb8]
Event: 14.695 Thread 0x0000013d78b7c000 11436       1       org.gradle.api.internal.tasks.properties.DefaultInputFilePropertySpec::isIncremental (5 bytes)
Event: 14.695 Thread 0x0000013d78b7c000 nmethod 11436 0x0000013d6a36e390 code [0x0000013d6a36e540, 0x0000013d6a36e5f8]
Event: 14.703 Thread 0x0000013d78b7c000 11444       2       java.util.Formatter$Conversion::isGeneral (64 bytes)
Event: 14.703 Thread 0x0000013d78b7c000 nmethod 11444 0x0000013d63fa7f90 code [0x0000013d63fa8140, 0x0000013d63fa8278]
Event: 14.703 Thread 0x0000013d78b7c000 11445       1       java.util.Formatter$FormatSpecifier::index (5 bytes)
Event: 14.703 Thread 0x0000013d78b7c000 nmethod 11445 0x0000013d6a36e690 code [0x0000013d6a36e840, 0x0000013d6a36e8f8]
Event: 14.705 Thread 0x0000013d794db000 nmethod 11230 0x0000013d6a36e990 code [0x0000013d6a36eb80, 0x0000013d6a36f388]
Event: 14.705 Thread 0x0000013d794db000 11344       4       org.gradle.api.internal.artifacts.dependencies.DefaultImmutableVersionConstraint::of (50 bytes)

GC Heap History (20 events):
Event: 8.764 GC heap before
{Heap before GC invocations=16 (full 0):
 garbage-first heap   total 157696K, used 103826K [0x0000000080000000, 0x0000000100000000)
  region size 1024K, 50 young (51200K), 6 survivors (6144K)
 Metaspace       used 66285K, capacity 68012K, committed 68312K, reserved 1107968K
  class space    used 8410K, capacity 9092K, committed 9216K, reserved 1048576K
}
Event: 8.770 GC heap after
{Heap after GC invocations=17 (full 0):
 garbage-first heap   total 157696K, used 60242K [0x0000000080000000, 0x0000000100000000)
  region size 1024K, 3 young (3072K), 3 survivors (3072K)
 Metaspace       used 66285K, capacity 68012K, committed 68312K, reserved 1107968K
  class space    used 8410K, capacity 9092K, committed 9216K, reserved 1048576K
}
Event: 9.199 GC heap before
{Heap before GC invocations=17 (full 0):
 garbage-first heap   total 157696K, used 108370K [0x0000000080000000, 0x0000000100000000)
  region size 1024K, 50 young (51200K), 3 survivors (3072K)
 Metaspace       used 67645K, capacity 69451K, committed 69464K, reserved 1110016K
  class space    used 8596K, capacity 9336K, committed 9344K, reserved 1048576K
}
Event: 9.205 GC heap after
{Heap after GC invocations=18 (full 0):
 garbage-first heap   total 157696K, used 63552K [0x0000000080000000, 0x0000000100000000)
  region size 1024K, 6 young (6144K), 6 survivors (6144K)
 Metaspace       used 67645K, capacity 69451K, committed 69464K, reserved 1110016K
  class space    used 8596K, capacity 9336K, committed 9344K, reserved 1048576K
}
Event: 9.752 GC heap before
{Heap before GC invocations=18 (full 0):
 garbage-first heap   total 157696K, used 112704K [0x0000000080000000, 0x0000000100000000)
  region size 1024K, 54 young (55296K), 6 survivors (6144K)
 Metaspace       used 69490K, capacity 71253K, committed 71512K, reserved 1112064K
  class space    used 8822K, capacity 9529K, committed 9600K, reserved 1048576K
}
Event: 9.759 GC heap after
{Heap after GC invocations=19 (full 0):
 garbage-first heap   total 157696K, used 66577K [0x0000000080000000, 0x0000000100000000)
  region size 1024K, 7 young (7168K), 7 survivors (7168K)
 Metaspace       used 69490K, capacity 71253K, committed 71512K, reserved 1112064K
  class space    used 8822K, capacity 9529K, committed 9600K, reserved 1048576K
}
Event: 10.442 GC heap before
{Heap before GC invocations=19 (full 0):
 garbage-first heap   total 157696K, used 115729K [0x0000000080000000, 0x0000000100000000)
  region size 1024K, 55 young (56320K), 7 survivors (7168K)
 Metaspace       used 74448K, capacity 76158K, committed 76376K, reserved 1116160K
  class space    used 9645K, capacity 10364K, committed 10368K, reserved 1048576K
}
Event: 10.451 GC heap after
{Heap after GC invocations=20 (full 0):
 garbage-first heap   total 189440K, used 69826K [0x0000000080000000, 0x0000000100000000)
  region size 1024K, 7 young (7168K), 7 survivors (7168K)
 Metaspace       used 74448K, capacity 76158K, committed 76376K, reserved 1116160K
  class space    used 9645K, capacity 10364K, committed 10368K, reserved 1048576K
}
Event: 11.142 GC heap before
{Heap before GC invocations=20 (full 0):
 garbage-first heap   total 189440K, used 133314K [0x0000000080000000, 0x0000000100000000)
  region size 1024K, 69 young (70656K), 7 survivors (7168K)
 Metaspace       used 77865K, capacity 79908K, committed 80088K, reserved 1118208K
  class space    used 10144K, capacity 10919K, committed 11008K, reserved 1048576K
}
Event: 11.150 GC heap after
{Heap after GC invocations=21 (full 0):
 garbage-first heap   total 189440K, used 74351K [0x0000000080000000, 0x0000000100000000)
  region size 1024K, 8 young (8192K), 8 survivors (8192K)
 Metaspace       used 77865K, capacity 79908K, committed 80088K, reserved 1118208K
  class space    used 10144K, capacity 10919K, committed 11008K, reserved 1048576K
}
Event: 12.027 GC heap before
{Heap before GC invocations=21 (full 0):
 garbage-first heap   total 189440K, used 138863K [0x0000000080000000, 0x0000000100000000)
  region size 1024K, 71 young (72704K), 8 survivors (8192K)
 Metaspace       used 83731K, capacity 85818K, committed 86104K, reserved 1124352K
  class space    used 10946K, capacity 11777K, committed 11904K, reserved 1048576K
}
Event: 12.037 GC heap after
{Heap after GC invocations=22 (full 0):
 garbage-first heap   total 189440K, used 78694K [0x0000000080000000, 0x0000000100000000)
  region size 1024K, 9 young (9216K), 9 survivors (9216K)
 Metaspace       used 83731K, capacity 85818K, committed 86104K, reserved 1124352K
  class space    used 10946K, capacity 11777K, committed 11904K, reserved 1048576K
}
Event: 12.469 GC heap before
{Heap before GC invocations=22 (full 0):
 garbage-first heap   total 189440K, used 143206K [0x0000000080000000, 0x0000000100000000)
  region size 1024K, 72 young (73728K), 9 survivors (9216K)
 Metaspace       used 84743K, capacity 86945K, committed 87256K, reserved 1124352K
  class space    used 11061K, capacity 11932K, committed 12032K, reserved 1048576K
}
Event: 12.484 GC heap after
{Heap after GC invocations=23 (full 0):
 garbage-first heap   total 189440K, used 86675K [0x0000000080000000, 0x0000000100000000)
  region size 1024K, 9 young (9216K), 9 survivors (9216K)
 Metaspace       used 84743K, capacity 86945K, committed 87256K, reserved 1124352K
  class space    used 11061K, capacity 11932K, committed 12032K, reserved 1048576K
}
Event: 13.278 GC heap before
{Heap before GC invocations=23 (full 0):
 garbage-first heap   total 189440K, used 146067K [0x0000000080000000, 0x0000000100000000)
  region size 1024K, 68 young (69632K), 9 survivors (9216K)
 Metaspace       used 87394K, capacity 90044K, committed 90072K, reserved 1126400K
  class space    used 11519K, capacity 12533K, committed 12544K, reserved 1048576K
}
Event: 13.292 GC heap after
{Heap after GC invocations=24 (full 0):
 garbage-first heap   total 189440K, used 93757K [0x0000000080000000, 0x0000000100000000)
  region size 1024K, 7 young (7168K), 7 survivors (7168K)
 Metaspace       used 87394K, capacity 90044K, committed 90072K, reserved 1126400K
  class space    used 11519K, capacity 12533K, committed 12544K, reserved 1048576K
}
Event: 13.732 GC heap before
{Heap before GC invocations=24 (full 0):
 garbage-first heap   total 189440K, used 149053K [0x0000000080000000, 0x0000000100000000)
  region size 1024K, 62 young (63488K), 7 survivors (7168K)
 Metaspace       used 87759K, capacity 90337K, committed 90584K, reserved 1128448K
  class space    used 11521K, capacity 12535K, committed 12544K, reserved 1048576K
}
Event: 13.744 GC heap after
{Heap after GC invocations=25 (full 0):
 garbage-first heap   total 227328K, used 98309K [0x0000000080000000, 0x0000000100000000)
  region size 1024K, 6 young (6144K), 6 survivors (6144K)
 Metaspace       used 87759K, capacity 90337K, committed 90584K, reserved 1128448K
  class space    used 11521K, capacity 12535K, committed 12544K, reserved 1048576K
}
Event: 14.406 GC heap before
{Heap before GC invocations=26 (full 0):
 garbage-first heap   total 227328K, used 167941K [0x0000000080000000, 0x0000000100000000)
  region size 1024K, 75 young (76800K), 6 survivors (6144K)
 Metaspace       used 88608K, capacity 91331K, committed 91480K, reserved 1128448K
  class space    used 11597K, capacity 12630K, committed 12672K, reserved 1048576K
}
Event: 14.414 GC heap after
{Heap after GC invocations=27 (full 0):
 garbage-first heap   total 227328K, used 102465K [0x0000000080000000, 0x0000000100000000)
  region size 1024K, 7 young (7168K), 7 survivors (7168K)
 Metaspace       used 88608K, capacity 91331K, committed 91480K, reserved 1128448K
  class space    used 11597K, capacity 12630K, committed 12672K, reserved 1048576K
}

Deoptimization events (20 events):
Event: 14.610 Thread 0x0000013d7f71b000 DEOPT PACKING pc=0x0000013d6a313224 sp=0x0000000a1e1fa060
Event: 14.610 Thread 0x0000013d7f71b000 DEOPT UNPACKING pc=0x0000013d6220a1af sp=0x0000000a1e1f9fc8 mode 2
Event: 14.610 Thread 0x0000013d7f71b000 Uncommon trap: trap_request=0xffffffc6 fr.pc=0x0000013d6a313224 relative=0x00000000000008a4
Event: 14.610 Thread 0x0000013d7f71b000 Uncommon trap: reason=bimorphic_or_optimized_type_check action=maybe_recompile pc=0x0000013d6a313224 method=java.util.Collections.indexedBinarySearch(Ljava/util/List;Ljava/lang/Object;Ljava/util/Comparator;)I @ 3 c2
Event: 14.610 Thread 0x0000013d7f71b000 DEOPT PACKING pc=0x0000013d6a313224 sp=0x0000000a1e1fa060
Event: 14.610 Thread 0x0000013d7f71b000 DEOPT UNPACKING pc=0x0000013d6220a1af sp=0x0000000a1e1f9fc8 mode 2
Event: 14.619 Thread 0x0000013d7f71b000 Uncommon trap: trap_request=0xffffffc6 fr.pc=0x0000013d6a3118dc relative=0x000000000000085c
Event: 14.619 Thread 0x0000013d7f71b000 Uncommon trap: reason=bimorphic_or_optimized_type_check action=maybe_recompile pc=0x0000013d6a3118dc method=java.util.Collections.indexedBinarySearch(Ljava/util/List;Ljava/lang/Object;Ljava/util/Comparator;)I @ 3 c2
Event: 14.619 Thread 0x0000013d7f71b000 DEOPT PACKING pc=0x0000013d6a3118dc sp=0x0000000a1e1f9ff0
Event: 14.619 Thread 0x0000013d7f71b000 DEOPT UNPACKING pc=0x0000013d6220a1af sp=0x0000000a1e1f9fc8 mode 2
Event: 14.688 Thread 0x0000013d7f71b000 Uncommon trap: trap_request=0xffffff7e fr.pc=0x0000013d6a351a24 relative=0x0000000000000d44
Event: 14.688 Thread 0x0000013d7f71b000 Uncommon trap: reason=predicate action=maybe_recompile pc=0x0000013d6a351a24 method=com.google.common.collect.RegularImmutableMap.fromEntryArray(I[Ljava/util/Map$Entry;)Lcom/google/common/collect/ImmutableMap; @ 59 c2
Event: 14.688 Thread 0x0000013d7f71b000 DEOPT PACKING pc=0x0000013d6a351a24 sp=0x0000000a1e1fbbe0
Event: 14.688 Thread 0x0000013d7f71b000 DEOPT UNPACKING pc=0x0000013d6220a1af sp=0x0000000a1e1fbb30 mode 2
Event: 14.692 Thread 0x0000013d7f71b000 Uncommon trap: trap_request=0xffffffc6 fr.pc=0x0000013d6a006bf0 relative=0x00000000000000b0
Event: 14.692 Thread 0x0000013d7f71b000 Uncommon trap: reason=bimorphic_or_optimized_type_check action=maybe_recompile pc=0x0000013d6a006bf0 method=com.google.common.collect.RegularImmutableMap.checkNoConflictInKeyBucket(Ljava/lang/Object;Ljava/util/Map$Entry;Lcom/google/common/collect/Immutabl
Event: 14.692 Thread 0x0000013d7f71b000 DEOPT PACKING pc=0x0000013d6a006bf0 sp=0x0000000a1e1fc0d0
Event: 14.692 Thread 0x0000013d7f71b000 DEOPT UNPACKING pc=0x0000013d6220a1af sp=0x0000000a1e1fc078 mode 2
Event: 14.705 Thread 0x0000013d7f71b000 DEOPT PACKING pc=0x0000013d63ed644c sp=0x0000000a1e1fc430
Event: 14.705 Thread 0x0000013d7f71b000 DEOPT UNPACKING pc=0x0000013d6220a95e sp=0x0000000a1e1fb840 mode 0

Classes redefined (0 events):
No events

Internal exceptions (20 events):
Event: 12.751 Thread 0x0000013d7f71b000 Exception <a 'java/lang/NoSuchMethodError'{0x000000008a140b88}: 'int java.lang.invoke.DirectMethodHandle$Holder.invokeSpecial(java.lang.Object, java.lang.Object, java.lang.Object, java.lang.Object, java.lang.Object)'> (0x000000008a140b88) thrown at [src/hotspot/share/interpreter/linkResolver.cpp, line 773]
Event: 12.753 Thread 0x0000013d7f71c800 Exception <a 'java/lang/NoSuchMethodError'{0x000000008a193220}: <clinit>> (0x000000008a193220) thrown at [src/hotspot/share/prims/jni.cpp, line 1367]
Event: 12.755 Thread 0x0000013d7f71c800 Exception <a 'java/lang/NoSuchMethodError'{0x000000008a19bd28}: 'void java.lang.invoke.DirectMethodHandle$Holder.invokeSpecial(java.lang.Object, java.lang.Object, java.lang.Object, int)'> (0x000000008a19bd28) thrown at [src/hotspot/share/interpreter/linkResolver.cpp, line 773]
Event: 13.132 Thread 0x0000013d7f71b000 Exception <a 'java/lang/NoSuchMethodError'{0x00000000891ebe88}: 'void java.lang.invoke.DirectMethodHandle$Holder.invokeStatic(java.lang.Object, java.lang.Object, java.lang.Object, java.lang.Object, int, java.lang.Object, java.lang.Object)'> (0x00000000891ebe88) thrown at [src/hotspot/share/interpreter/linkResolver.cpp, line 773]
Event: 13.172 Thread 0x0000013d7f91e800 Exception <a 'java/lang/NoSuchMethodError'{0x000000008882c528}: 'java.lang.Object java.lang.invoke.DirectMethodHandle$Holder.invokeSpecialIFC(java.lang.Object, java.lang.Object, java.lang.Object)'> (0x000000008882c528) thrown at [src/hotspot/share/interpreter/linkResolver.cpp, line 773]
Event: 13.172 Thread 0x0000013d7ca92800 Exception <a 'java/lang/NoSuchMethodError'{0x000000008881cfc8}: 'java.lang.Object java.lang.invoke.DirectMethodHandle$Holder.invokeSpecialIFC(java.lang.Object, java.lang.Object, java.lang.Object)'> (0x000000008881cfc8) thrown at [src/hotspot/share/interpreter/linkResolver.cpp, line 773]
Event: 13.172 Thread 0x0000013d7ca91000 Exception <a 'java/lang/NoSuchMethodError'{0x000000008884deb8}: 'java.lang.Object java.lang.invoke.DirectMethodHandle$Holder.invokeSpecialIFC(java.lang.Object, java.lang.Object, java.lang.Object)'> (0x000000008884deb8) thrown at [src/hotspot/share/interpreter/linkResolver.cpp, line 773]
Event: 13.172 Thread 0x0000013d7ca86800 Exception <a 'java/lang/NoSuchMethodError'{0x0000000088873388}: 'java.lang.Object java.lang.invoke.DirectMethodHandle$Holder.invokeSpecialIFC(java.lang.Object, java.lang.Object, java.lang.Object)'> (0x0000000088873388) thrown at [src/hotspot/share/interpreter/linkResolver.cpp, line 773]
Event: 13.172 Thread 0x0000013d7f71b000 Exception <a 'java/lang/NoSuchMethodError'{0x0000000088985200}: 'java.lang.Object java.lang.invoke.DirectMethodHandle$Holder.invokeSpecialIFC(java.lang.Object, java.lang.Object, java.lang.Object)'> (0x0000000088985200) thrown at [src/hotspot/share/interpreter/linkResolver.cpp, line 773]
Event: 13.172 Thread 0x0000013d7ca8d000 Exception <a 'java/lang/NoSuchMethodError'{0x00000000888610d8}: 'java.lang.Object java.lang.invoke.DirectMethodHandle$Holder.invokeSpecialIFC(java.lang.Object, java.lang.Object, java.lang.Object)'> (0x00000000888610d8) thrown at [src/hotspot/share/interpreter/linkResolver.cpp, line 773]
Event: 13.172 Thread 0x0000013d7f917000 Exception <a 'java/lang/NoSuchMethodError'{0x000000008883d310}: 'java.lang.Object java.lang.invoke.DirectMethodHandle$Holder.invokeSpecialIFC(java.lang.Object, java.lang.Object, java.lang.Object)'> (0x000000008883d310) thrown at [src/hotspot/share/interpreter/linkResolver.cpp, line 773]
Event: 13.172 Thread 0x0000013d7ca90000 Exception <a 'java/lang/NoSuchMethodError'{0x0000000088807650}: 'java.lang.Object java.lang.invoke.DirectMethodHandle$Holder.invokeSpecialIFC(java.lang.Object, java.lang.Object, java.lang.Object)'> (0x0000000088807650) thrown at [src/hotspot/share/interpreter/linkResolver.cpp, line 773]
Event: 13.296 Thread 0x0000013d7ca92800 Exception <a 'java/lang/NoSuchMethodError'{0x000000008b8dd938}: 'void java.lang.invoke.DirectMethodHandle$Holder.invokeVirtual(java.lang.Object, java.lang.Object)'> (0x000000008b8dd938) thrown at [src/hotspot/share/interpreter/linkResolver.cpp, line 773]
Event: 14.104 Thread 0x0000013d7f71b000 Exception <a 'java/lang/NoSuchMethodError'{0x000000008bc983d8}: 'void java.lang.invoke.DirectMethodHandle$Holder.invokeInterface(java.lang.Object, java.lang.Object, java.lang.Object, java.lang.Object)'> (0x000000008bc983d8) thrown at [src/hotspot/share/interpreter/linkResolver.cpp, line 773]
Event: 14.167 Thread 0x0000013d7f71b000 Exception <a 'java/lang/NoSuchMethodError'{0x000000008bac1e00}: 'java.lang.Object java.lang.invoke.DirectMethodHandle$Holder.invokeStatic(java.lang.Object, java.lang.Object, java.lang.Object, java.lang.Object, java.lang.Object, java.lang.Object, java.lang.Object, java.lang.Object, java.lang.Object, java.lang.Object, java.lang.Object, java.lang.Object, java.lang.Object, java.lang.Object, java.lang.Object, int)'> (0x000000008bac1e00) thrown at [src/hotspot/share/interpreter/linkResolver.cpp, line 773]
Event: 14.385 Thread 0x0000013d7f71b000 Exception <a 'java/lang/NoSuchMethodError'{0x0000000089ac0d80}: <clinit>> (0x0000000089ac0d80) thrown at [src/hotspot/share/prims/jni.cpp, line 1367]
Event: 14.385 Thread 0x0000013d7f71b000 Exception <a 'java/lang/NoSuchMethodError'{0x0000000089ac27e0}: <clinit>> (0x0000000089ac27e0) thrown at [src/hotspot/share/prims/jni.cpp, line 1367]
Event: 14.385 Thread 0x0000013d7f71b000 Exception <a 'java/lang/NoSuchMethodError'{0x0000000089ac5c90}: <clinit>> (0x0000000089ac5c90) thrown at [src/hotspot/share/prims/jni.cpp, line 1367]
Event: 14.386 Thread 0x0000013d7f71b000 Exception <a 'java/lang/NoSuchMethodError'{0x0000000089ae02d0}: <clinit>> (0x0000000089ae02d0) thrown at [src/hotspot/share/prims/jni.cpp, line 1367]
Event: 14.386 Thread 0x0000013d7f71b000 Exception <a 'java/lang/NoSuchMethodError'{0x0000000089ae17b0}: <clinit>> (0x0000000089ae17b0) thrown at [src/hotspot/share/prims/jni.cpp, line 1367]

Events (20 events):
Event: 14.713 loading class org/gradle/internal/execution/steps/CreateOutputsStep$2 done
Event: 14.714 loading class org/gradle/internal/execution/history/changes/InputChangesInternal
Event: 14.714 loading class org/gradle/internal/execution/history/changes/InputChangesInternal done
Event: 14.714 loading class org/gradle/internal/execution/history/BeforeExecutionState
Event: 14.714 loading class org/gradle/internal/execution/history/BeforeExecutionState done
Event: 14.714 loading class org/gradle/internal/execution/UnitOfWork
Event: 14.714 loading class org/gradle/internal/execution/UnitOfWork done
Event: 14.714 loading class org/gradle/internal/execution/history/PreviousExecutionState
Event: 14.714 loading class org/gradle/internal/execution/history/PreviousExecutionState done
Event: 14.714 loading class org/gradle/internal/execution/steps/RemovePreviousOutputsStep
Event: 14.714 loading class org/gradle/internal/execution/steps/RemovePreviousOutputsStep done
Event: 14.714 loading class org/gradle/internal/execution/steps/RemovePreviousOutputsStep$1
Event: 14.714 loading class org/gradle/internal/execution/steps/RemovePreviousOutputsStep$1 done
Event: 14.715 loading class org/gradle/internal/execution/steps/RemovePreviousOutputsStep$3
Event: 14.715 loading class org/gradle/internal/execution/steps/RemovePreviousOutputsStep$3 done
Event: 14.716 loading class java/util/PriorityQueue
Event: 14.716 loading class java/util/PriorityQueue done
Event: 14.717 loading class org/gradle/internal/execution/history/OutputsCleaner$1
Event: 14.717 loading class org/gradle/internal/execution/history/OutputsCleaner$1 done
Event: 14.718 Executing VM operation: G1CollectFull


Dynamic libraries:
0x00007ff68b790000 - 0x00007ff68b79a000 	C:\Program Files\Android\Android Studio\jbr\bin\java.exe
0x00007ffbc9530000 - 0x00007ffbc9728000 	C:\WINDOWS\SYSTEM32\ntdll.dll
0x00007ffbc86b0000 - 0x00007ffbc8772000 	C:\WINDOWS\System32\KERNEL32.DLL
0x00007ffbc6fe0000 - 0x00007ffbc72df000 	C:\WINDOWS\System32\KERNELBASE.dll
0x00007ffbc7350000 - 0x00007ffbc7450000 	C:\WINDOWS\System32\ucrtbase.dll
0x00007ffbc20b0000 - 0x00007ffbc20c7000 	C:\Program Files\Android\Android Studio\jbr\bin\jli.dll
0x00007ffbaab20000 - 0x00007ffbaab3b000 	C:\Program Files\Android\Android Studio\jbr\bin\VCRUNTIME140.dll
0x00007ffbc75c0000 - 0x00007ffbc775d000 	C:\WINDOWS\System32\USER32.dll
0x00007ffbc74e0000 - 0x00007ffbc7502000 	C:\WINDOWS\System32\win32u.dll
0x00007ffba8650000 - 0x00007ffba88ea000 	C:\WINDOWS\WinSxS\amd64_microsoft.windows.common-controls_6595b64144ccf1df_6.0.19041.4355_none_60b8b9eb71f62e16\COMCTL32.dll
0x00007ffbc89d0000 - 0x00007ffbc89fb000 	C:\WINDOWS\System32\GDI32.dll
0x00007ffbc9050000 - 0x00007ffbc90ee000 	C:\WINDOWS\System32\msvcrt.dll
0x00007ffbc6c70000 - 0x00007ffbc6d87000 	C:\WINDOWS\System32\gdi32full.dll
0x00007ffbc6f40000 - 0x00007ffbc6fdd000 	C:\WINDOWS\System32\msvcp_win.dll
0x00007ffbc91d0000 - 0x00007ffbc91ff000 	C:\WINDOWS\System32\IMM32.DLL
0x00007ffbc03e0000 - 0x00007ffbc03ec000 	C:\Program Files\Android\Android Studio\jbr\bin\vcruntime140_1.dll
0x00007ffb8df80000 - 0x00007ffb8e00d000 	C:\Program Files\Android\Android Studio\jbr\bin\msvcp140.dll
0x00007ffb62e80000 - 0x00007ffb63a3c000 	C:\Program Files\Android\Android Studio\jbr\bin\server\jvm.dll
0x00007ffbc9380000 - 0x00007ffbc9431000 	C:\WINDOWS\System32\ADVAPI32.dll
0x00007ffbc92e0000 - 0x00007ffbc937f000 	C:\WINDOWS\System32\sechost.dll
0x00007ffbc8780000 - 0x00007ffbc88a3000 	C:\WINDOWS\System32\RPCRT4.dll
0x00007ffbc7510000 - 0x00007ffbc7537000 	C:\WINDOWS\System32\bcrypt.dll
0x00007ffbc92d0000 - 0x00007ffbc92d8000 	C:\WINDOWS\System32\PSAPI.DLL
0x00007ffbc2a40000 - 0x00007ffbc2a49000 	C:\WINDOWS\SYSTEM32\WSOCK32.dll
0x00007ffbb12c0000 - 0x00007ffbb12e7000 	C:\WINDOWS\SYSTEM32\WINMM.dll
0x00007ffbbd650000 - 0x00007ffbbd65a000 	C:\WINDOWS\SYSTEM32\VERSION.dll
0x00007ffbc8f00000 - 0x00007ffbc8f6b000 	C:\WINDOWS\System32\WS2_32.dll
0x00007ffbc4c20000 - 0x00007ffbc4c32000 	C:\WINDOWS\SYSTEM32\kernel.appcore.dll
0x00007ffbb7630000 - 0x00007ffbb7640000 	C:\Program Files\Android\Android Studio\jbr\bin\verify.dll
0x00007ffbc47f0000 - 0x00007ffbc49d4000 	C:\WINDOWS\SYSTEM32\DBGHELP.DLL
0x00007ffbae000000 - 0x00007ffbae034000 	C:\WINDOWS\SYSTEM32\dbgcore.DLL
0x00007ffbc7450000 - 0x00007ffbc74d2000 	C:\WINDOWS\System32\bcryptPrimitives.dll
0x00007ffbb4280000 - 0x00007ffbb42a8000 	C:\Program Files\Android\Android Studio\jbr\bin\java.dll
0x00007ffbb4270000 - 0x00007ffbb427a000 	C:\Program Files\Android\Android Studio\jbr\bin\jimage.dll
0x00007ffbb4250000 - 0x00007ffbb4268000 	C:\Program Files\Android\Android Studio\jbr\bin\zip.dll
0x00007ffbc78a0000 - 0x00007ffbc800e000 	C:\WINDOWS\System32\SHELL32.dll
0x00007ffbc4c40000 - 0x00007ffbc53e4000 	C:\WINDOWS\SYSTEM32\windows.storage.dll
0x00007ffbc81c0000 - 0x00007ffbc8515000 	C:\WINDOWS\System32\combase.dll
0x00007ffbc65f0000 - 0x00007ffbc661f000 	C:\WINDOWS\SYSTEM32\Wldp.dll
0x00007ffbc9200000 - 0x00007ffbc92cd000 	C:\WINDOWS\System32\OLEAUT32.dll
0x00007ffbc9440000 - 0x00007ffbc94ed000 	C:\WINDOWS\System32\SHCORE.dll
0x00007ffbc9150000 - 0x00007ffbc91a5000 	C:\WINDOWS\System32\shlwapi.dll
0x00007ffbc6af0000 - 0x00007ffbc6b14000 	C:\WINDOWS\SYSTEM32\profapi.dll
0x00007ffba0ec0000 - 0x00007ffba0ed9000 	C:\Program Files\Android\Android Studio\jbr\bin\net.dll
0x00007ffbbe4f0000 - 0x00007ffbbe5fd000 	C:\WINDOWS\SYSTEM32\WINHTTP.dll
0x00007ffbc6350000 - 0x00007ffbc63ba000 	C:\WINDOWS\system32\mswsock.dll
0x00007ffba0ea0000 - 0x00007ffba0eb3000 	C:\Program Files\Android\Android Studio\jbr\bin\nio.dll
0x00007ffbb77c0000 - 0x00007ffbb77e7000 	C:\Users\HP-PC\.gradle\native\e1d6ef7f7dcc3fd88c89a11ec53ec762bb8ba0a96d01ffa2cd45eb1d1d8dd5c5\windows-amd64\native-platform.dll
0x00007ffb9c460000 - 0x00007ffb9c5a4000 	C:\Users\HP-PC\.gradle\native\0d407fdbe67a94daf76414ababcb853783967236a71b16ec16e742cd7a986fd3\windows-amd64\native-platform-file-events.dll
0x00007ffbb35d0000 - 0x00007ffbb35da000 	C:\Program Files\Android\Android Studio\jbr\bin\management.dll
0x00007ffbb34e0000 - 0x00007ffbb34eb000 	C:\Program Files\Android\Android Studio\jbr\bin\management_ext.dll
0x00007ffbc6540000 - 0x00007ffbc6558000 	C:\WINDOWS\SYSTEM32\CRYPTSP.dll
0x00007ffbc5c00000 - 0x00007ffbc5c34000 	C:\WINDOWS\system32\rsaenh.dll
0x00007ffbc6a70000 - 0x00007ffbc6a9e000 	C:\WINDOWS\SYSTEM32\USERENV.dll
0x00007ffbc6560000 - 0x00007ffbc656c000 	C:\WINDOWS\SYSTEM32\CRYPTBASE.dll
0x00007ffbc5fe0000 - 0x00007ffbc601b000 	C:\WINDOWS\SYSTEM32\IPHLPAPI.DLL
0x00007ffbc8a00000 - 0x00007ffbc8a08000 	C:\WINDOWS\System32\NSI.dll
0x00007ffbbf2b0000 - 0x00007ffbbf2c7000 	C:\WINDOWS\SYSTEM32\dhcpcsvc6.DLL
0x00007ffbbf9c0000 - 0x00007ffbbf9dd000 	C:\WINDOWS\SYSTEM32\dhcpcsvc.DLL
0x00007ffbc6020000 - 0x00007ffbc60ea000 	C:\WINDOWS\SYSTEM32\DNSAPI.dll

dbghelp: loaded successfully - version: 4.0.5 - missing functions: none
symbol engine: initialized successfully - sym options: 0x614 - pdb path: .;C:\Program Files\Android\Android Studio\jbr\bin;C:\WINDOWS\SYSTEM32;C:\WINDOWS\WinSxS\amd64_microsoft.windows.common-controls_6595b64144ccf1df_6.0.19041.4355_none_60b8b9eb71f62e16;C:\Program Files\Android\Android Studio\jbr\bin\server;C:\Users\HP-PC\.gradle\native\e1d6ef7f7dcc3fd88c89a11ec53ec762bb8ba0a96d01ffa2cd45eb1d1d8dd5c5\windows-amd64;C:\Users\HP-PC\.gradle\native\0d407fdbe67a94daf76414ababcb853783967236a71b16ec16e742cd7a986fd3\windows-amd64

VM Arguments:
jvm_args: --add-opens=java.base/java.util=ALL-UNNAMED --add-opens=java.base/java.lang=ALL-UNNAMED --add-opens=java.base/java.lang.invoke=ALL-UNNAMED --add-opens=java.base/java.util=ALL-UNNAMED --add-opens=java.prefs/java.util.prefs=ALL-UNNAMED --add-opens=java.prefs/java.util.prefs=ALL-UNNAMED --add-opens=java.base/java.nio.charset=ALL-UNNAMED --add-opens=java.base/java.net=ALL-UNNAMED --add-opens=java.base/java.util.concurrent.atomic=ALL-UNNAMED -Xmx2048m -Dfile.encoding=UTF-8 -Duser.country=US -Duser.language=en -Duser.variant 
java_command: org.gradle.launcher.daemon.bootstrap.GradleDaemon 7.5
java_class_path (initial): C:\Users\HP-PC\.gradle\wrapper\dists\gradle-7.5-bin\f1w0cc9nuo0eivz97x2xlu9sv\gradle-7.5\lib\gradle-launcher-7.5.jar
Launcher Type: SUN_STANDARD

[Global flags]
     intx CICompilerCount                          = 4                                         {product} {ergonomic}
     uint ConcGCThreads                            = 2                                         {product} {ergonomic}
     uint G1ConcRefinementThreads                  = 8                                         {product} {ergonomic}
   size_t G1HeapRegionSize                         = 1048576                                   {product} {ergonomic}
    uintx GCDrainStackTargetSize                   = 64                                        {product} {ergonomic}
   size_t InitialHeapSize                          = 134217728                                 {product} {ergonomic}
   size_t MarkStackSize                            = 4194304                                   {product} {ergonomic}
   size_t MaxHeapSize                              = 2147483648                                {product} {command line}
   size_t MaxNewSize                               = 1287651328                                {product} {ergonomic}
   size_t MinHeapDeltaBytes                        = 1048576                                   {product} {ergonomic}
    uintx NonNMethodCodeHeapSize                   = 5836300                                {pd product} {ergonomic}
    uintx NonProfiledCodeHeapSize                  = 122910970                              {pd product} {ergonomic}
    uintx ProfiledCodeHeapSize                     = 122910970                              {pd product} {ergonomic}
    uintx ReservedCodeCacheSize                    = 251658240                              {pd product} {ergonomic}
     bool SegmentedCodeCache                       = true                                      {product} {ergonomic}
     bool UseCompressedClassPointers               = true                                 {lp64_product} {ergonomic}
     bool UseCompressedOops                        = true                                 {lp64_product} {ergonomic}
     bool UseG1GC                                  = true                                      {product} {ergonomic}
     bool UseLargePagesIndividualAllocation        = false                                  {pd product} {ergonomic}

Logging:
Log output configuration:
 #0: stdout all=warning uptime,level,tags
 #1: stderr all=off uptime,level,tags

Environment Variables:
PATH=C:\ProgramData\Oracle\Java\javapath;C:\Program Files (x86)\Common Files\Oracle\Java\javapath;C:\Windows\system32;C:\Windows;C:\Windows\System32\Wbem;C:\Windows\System32\WindowsPowerShell\v1.0\;C:\Windows\System32\OpenSSH\;C:\Program Files (x86)\NVIDIA Corporation\PhysX\Common;C:\WINDOWS\system32;C:\WINDOWS;C:\WINDOWS\System32\Wbem;C:\WINDOWS\System32\WindowsPowerShell\v1.0\;C:\WINDOWS\System32\OpenSSH\;C:\Program;C:\Program Files\Java\jdk1.8.0_151\bin;C:\Program Files\Git\cmd;C:\MinGW\bin;C:\Program Files\MySQL\MySQL Server 5.5\bin;C:\Users\HP-PC\AppData\Local\Programs\Python\Python311\Scripts\;C:\Users\HP-PC\AppData\Local\Programs\Python\Python311\;C:\Users\HP-PC\AppData\Local\Microsoft\WindowsApps;C:\IntelliJ IDEA 2021.2\bin;C:\Program Files\JetBrains\IntelliJ IDEA 2021.2\bin;C:\xampp\mysql\bin;;C:\Users\HP-PC\AppData\Local\Programs\Microsoft VS Code\bin
USERNAME=HP-PC
OS=Windows_NT
PROCESSOR_IDENTIFIER=Intel64 Family 6 Model 142 Stepping 10, GenuineIntel



---------------  S Y S T E M  ---------------

OS: Windows 10 , 64 bit Build 19041 (10.0.19041.5198)
OS uptime: 27 days 23:47 hours

CPU:total 8 (initial active 8) (4 cores per cpu, 2 threads per core) family 6 model 142 stepping 10 microcode 0xf4, cmov, cx8, fxsr, mmx, sse, sse2, sse3, ssse3, sse4.1, sse4.2, popcnt, avx, avx2, aes, clmul, erms, 3dnowpref, lzcnt, ht, tsc, tscinvbit, bmi1, bmi2, adx, fma

Memory: 4k page, system-wide physical 8094M (1101M free)
TotalPageFile size 16880M (AvailPageFile size 8M)
current process WorkingSet (physical memory assigned to process): 516M, peak: 521M
current process commit charge ("private bytes"): 558M, peak: 562M

vm_info: OpenJDK 64-Bit Server VM (11.0.15+0-b2043.56-9505619) for windows-amd64 JRE (11.0.15+0-b2043.56-9505619), built on Jan 19 2023 02:48:00 by "builduser" with unknown MS VC++:1929

END.
