#
# There is insufficient memory for the Java Runtime Environment to continue.
# Native memory allocation (mmap) failed to map 47185920 bytes for Failed to commit area from 0x000000008de00000 to 0x0000000090b00000 of length 47185920.
# Possible reasons:
#   The system is out of physical RAM or swap space
#   The process is running with CompressedOops enabled, and the Java Heap may be blocking the growth of the native heap
# Possible solutions:
#   Reduce memory load on the system
#   Increase physical memory or swap space
#   Check if swap backing store is full
#   Decrease Java heap size (-Xmx/-Xms)
#   Decrease number of Java threads
#   Decrease Java thread stack sizes (-Xss)
#   Set larger code cache with -XX:ReservedCodeCacheSize=
#   JVM is running with Unscaled Compressed Oops mode in which the Java heap is
#     placed in the first 4GB address space. The Java Heap base address is the
#     maximum limit for the native heap growth. Please use -XX:HeapBaseMinAddress
#     to set the Java Heap base and to place the Java Heap above 4GB virtual address.
# This output file may be truncated or incomplete.
#
#  Out of Memory Error (src/hotspot/os/windows/os_windows.cpp:3627), pid=19764, tid=27904
#
# JRE version: OpenJDK Runtime Environment (11.0.15) (build 11.0.15+0-b2043.56-9505619)
# Java VM: OpenJDK 64-Bit Server VM (11.0.15+0-b2043.56-9505619, mixed mode, tiered, compressed oops, g1 gc, windows-amd64)
# No core dump will be written. Minidumps are not enabled by default on client versions of Windows
#

---------------  S U M M A R Y ------------

Command Line: --add-opens=java.base/java.util=ALL-UNNAMED --add-opens=java.base/java.lang=ALL-UNNAMED --add-opens=java.base/java.lang.invoke=ALL-UNNAMED --add-opens=java.base/java.util=ALL-UNNAMED --add-opens=java.prefs/java.util.prefs=ALL-UNNAMED --add-opens=java.prefs/java.util.prefs=ALL-UNNAMED --add-opens=java.base/java.nio.charset=ALL-UNNAMED --add-opens=java.base/java.net=ALL-UNNAMED --add-opens=java.base/java.util.concurrent.atomic=ALL-UNNAMED -Xmx2048m -Dfile.encoding=UTF-8 -Duser.country=US -Duser.language=en -Duser.variant org.gradle.launcher.daemon.bootstrap.GradleDaemon 7.5

Host: Intel(R) Core(TM) i5-8250U CPU @ 1.60GHz, 8 cores, 7G,  Windows 10 , 64 bit Build 19041 (10.0.19041.5198)
Time: Mon Apr 14 20:48:12 2025 India Standard Time elapsed time: 13.490066 seconds (0d 0h 0m 13s)

---------------  T H R E A D  ---------------

Current thread (0x0000026ac7c29000):  VMThread "VM Thread" [stack: 0x0000009718f00000,0x0000009719000000] [id=27904]

Stack: [0x0000009718f00000,0x0000009719000000]
[error occurred during error reporting (printing stack bounds), id 0xc0000005, EXCEPTION_ACCESS_VIOLATION (0xc0000005) at pc=0x0000026ab12a112d]

Native frames: (J=compiled Java code, j=interpreted, Vv=VM code, C=native code)
V  [jvm.dll+0x64135a]
V  [jvm.dll+0x7d39f9]
V  [jvm.dll+0x7d51b9]
V  [jvm.dll+0x7d5805]
V  [jvm.dll+0x7d57bb]
V  [jvm.dll+0x640655]
V  [jvm.dll+0x640d68]
C  [ntdll.dll+0xa28bf]
C  [ntdll.dll+0x52554]
C  [ntdll.dll+0xa13ce]
C  0x0000026ab12a112d

VM_Operation (0x000000971a2f6480): G1CollectForAllocation, mode: safepoint, requested by thread 0x0000026acb23a800


---------------  P R O C E S S  ---------------

Threads class SMR info:
_java_thread_list=0x0000026ad04f9c80, length=123, elements={
0x0000026aab5ae000, 0x0000026ac7c2f800, 0x0000026ac7c31000, 0x0000026ac85a5800,
0x0000026ac85a7000, 0x0000026ac85ab000, 0x0000026ac85b0000, 0x0000026ac7c4d000,
0x0000026ac7c50800, 0x0000026ac870e800, 0x0000026acabb4800, 0x0000026acb719800,
0x0000026ac98f0800, 0x0000026ac96ac800, 0x0000026ac98a2800, 0x0000026acb1fe800,
0x0000026acb23a800, 0x0000026acabef000, 0x0000026ac99e8000, 0x0000026acb8b9800,
0x0000026acac73800, 0x0000026acac71000, 0x0000026acac71800, 0x0000026acb252000,
0x0000026acac72800, 0x0000026acb17c800, 0x0000026acb17f000, 0x0000026acb17f800,
0x0000026acb17e000, 0x0000026acb17d000, 0x0000026acb17a000, 0x0000026acb180800,
0x0000026acb17b000, 0x0000026acb17b800, 0x0000026acc042800, 0x0000026acc03f800,
0x0000026acc045000, 0x0000026acc043800, 0x0000026acc044000, 0x0000026acc046000,
0x0000026acc042000, 0x0000026acc04d000, 0x0000026acc04e000, 0x0000026acc04b800,
0x0000026acc04a000, 0x0000026acc048800, 0x0000026acc04a800, 0x0000026acc049000,
0x0000026acc04c800, 0x0000026ad023b800, 0x0000026ad023c800, 0x0000026ad0236800,
0x0000026ad023a000, 0x0000026ad023a800, 0x0000026ad023d000, 0x0000026ad0237800,
0x0000026ad023e000, 0x0000026ad0238000, 0x0000026ad023e800, 0x0000026ad0239000,
0x0000026ad0243800, 0x0000026ad023f800, 0x0000026ad0243000, 0x0000026ad0244800,
0x0000026ad0245000, 0x0000026ad0241000, 0x0000026ad0240800, 0x0000026ad0242000,
0x0000026acb5c8800, 0x0000026acb5c9000, 0x0000026acb5c4800, 0x0000026acb5ca000,
0x0000026acb5c6000, 0x0000026acb5c7800, 0x0000026acb5cb000, 0x0000026acb5c6800,
0x0000026acb5c5000, 0x0000026acb5d0800, 0x0000026acb5d1800, 0x0000026acb5cb800,
0x0000026acb5cf000, 0x0000026acb5d2000, 0x0000026acb5cf800, 0x0000026acb5cc800,
0x0000026acb5d3000, 0x0000026acb5cd000, 0x0000026acb5ce000, 0x0000026acfe58000,
0x0000026acfe5b800, 0x0000026acfe57000, 0x0000026acfe56800, 0x0000026acfe5c000,
0x0000026acfe5d000, 0x0000026acfe5e000, 0x0000026acfe5a800, 0x0000026acfe5e800,
0x0000026acfe59000, 0x0000026acfe59800, 0x0000026acfe64800, 0x0000026acfe63800,
0x0000026acfe62800, 0x0000026acfe65000, 0x0000026acfe5f800, 0x0000026acfe60000,
0x0000026acfe61000, 0x0000026acfe62000, 0x0000026ace7cb800, 0x0000026ace7ca000,
0x0000026ace7cf000, 0x0000026ace7cd800, 0x0000026ace7c9800, 0x0000026ace7d0800,
0x0000026ace7cc800, 0x0000026ace7d0000, 0x0000026ace7ce000, 0x0000026ace7cb000,
0x0000026ace7d1800, 0x0000026ace7d4800, 0x0000026ace7d7000, 0x0000026ace7d8000,
0x0000026ace7d5800, 0x0000026ace7d6800, 0x0000026ace7d3000
}

Java Threads: ( => current thread )
  0x0000026aab5ae000 JavaThread "main" [_thread_blocked, id=32460, stack(0x0000009718900000,0x0000009718a00000)]
  0x0000026ac7c2f800 JavaThread "Reference Handler" daemon [_thread_blocked, id=30840, stack(0x0000009719000000,0x0000009719100000)]
  0x0000026ac7c31000 JavaThread "Finalizer" daemon [_thread_blocked, id=16064, stack(0x0000009719100000,0x0000009719200000)]
  0x0000026ac85a5800 JavaThread "Signal Dispatcher" daemon [_thread_blocked, id=17392, stack(0x0000009719200000,0x0000009719300000)]
  0x0000026ac85a7000 JavaThread "Attach Listener" daemon [_thread_blocked, id=5968, stack(0x0000009719300000,0x0000009719400000)]
  0x0000026ac85ab000 JavaThread "Service Thread" daemon [_thread_blocked, id=22532, stack(0x0000009719400000,0x0000009719500000)]
  0x0000026ac85b0000 JavaThread "C2 CompilerThread0" daemon [_thread_in_native, id=7468, stack(0x0000009719500000,0x0000009719600000)]
  0x0000026ac7c4d000 JavaThread "C1 CompilerThread0" daemon [_thread_blocked, id=16720, stack(0x0000009719600000,0x0000009719700000)]
  0x0000026ac7c50800 JavaThread "Sweeper thread" daemon [_thread_blocked, id=14140, stack(0x0000009719700000,0x0000009719800000)]
  0x0000026ac870e800 JavaThread "Common-Cleaner" daemon [_thread_blocked, id=9092, stack(0x0000009719800000,0x0000009719900000)]
  0x0000026acabb4800 JavaThread "Daemon health stats" [_thread_blocked, id=5004, stack(0x0000009719e00000,0x0000009719f00000)]
  0x0000026acb719800 JavaThread "Incoming local TCP Connector on port 49454" [_thread_in_native, id=17800, stack(0x0000009719a00000,0x0000009719b00000)]
  0x0000026ac98f0800 JavaThread "Daemon periodic checks" [_thread_blocked, id=11520, stack(0x0000009719b00000,0x0000009719c00000)]
  0x0000026ac96ac800 JavaThread "Daemon" [_thread_blocked, id=21208, stack(0x0000009719f00000,0x000000971a000000)]
  0x0000026ac98a2800 JavaThread "Handler for socket connection from /127.0.0.1:49454 to /127.0.0.1:49456" [_thread_in_native, id=25520, stack(0x000000971a000000,0x000000971a100000)]
  0x0000026acb1fe800 JavaThread "Cancel handler" [_thread_blocked, id=10184, stack(0x000000971a100000,0x000000971a200000)]
  0x0000026acb23a800 JavaThread "Daemon worker" [_thread_blocked, id=21540, stack(0x000000971a200000,0x000000971a300000)]
  0x0000026acabef000 JavaThread "Asynchronous log dispatcher for DefaultDaemonConnection: socket connection from /127.0.0.1:49454 to /127.0.0.1:49456" [_thread_blocked, id=8244, stack(0x000000971a300000,0x000000971a400000)]
  0x0000026ac99e8000 JavaThread "Stdin handler" [_thread_blocked, id=14368, stack(0x000000971a400000,0x000000971a500000)]
  0x0000026acb8b9800 JavaThread "Daemon client event forwarder" [_thread_blocked, id=19628, stack(0x000000971a500000,0x000000971a600000)]
  0x0000026acac73800 JavaThread "Cache worker for journal cache (C:\Users\HP-PC\.gradle\caches\journal-1)" [_thread_blocked, id=11768, stack(0x000000971a600000,0x000000971a700000)]
  0x0000026acac71000 JavaThread "File lock request listener" [_thread_in_native, id=30960, stack(0x000000971ac00000,0x000000971ad00000)]
  0x0000026acac71800 JavaThread "Cache worker for file hash cache (C:\Users\HP-PC\.gradle\caches\7.5\fileHashes)" [_thread_blocked, id=12448, stack(0x000000971ae00000,0x000000971af00000)]
  0x0000026acb252000 JavaThread "C2 CompilerThread1" daemon [_thread_blocked, id=19792, stack(0x000000971af00000,0x000000971b000000)]
  0x0000026acac72800 JavaThread "File watcher server" daemon [_thread_in_native, id=4400, stack(0x000000971b100000,0x000000971b200000)]
  0x0000026acb17c800 JavaThread "File watcher consumer" daemon [_thread_blocked, id=900, stack(0x000000971b200000,0x000000971b300000)]
  0x0000026acb17f000 JavaThread "jar transforms" [_thread_blocked, id=6876, stack(0x000000971b300000,0x000000971b400000)]
  0x0000026acb17f800 JavaThread "jar transforms Thread 2" [_thread_blocked, id=25612, stack(0x000000971b400000,0x000000971b500000)]
  0x0000026acb17e000 JavaThread "jar transforms Thread 3" [_thread_blocked, id=31224, stack(0x000000971b500000,0x000000971b600000)]
  0x0000026acb17d000 JavaThread "jar transforms Thread 4" [_thread_blocked, id=25480, stack(0x000000971b600000,0x000000971b700000)]
  0x0000026acb17a000 JavaThread "jar transforms Thread 5" [_thread_blocked, id=16848, stack(0x000000971b700000,0x000000971b800000)]
  0x0000026acb180800 JavaThread "jar transforms Thread 6" [_thread_blocked, id=9468, stack(0x000000971b800000,0x000000971b900000)]
  0x0000026acb17b000 JavaThread "jar transforms Thread 7" [_thread_blocked, id=28312, stack(0x000000971b900000,0x000000971ba00000)]
  0x0000026acb17b800 JavaThread "jar transforms Thread 8" [_thread_blocked, id=24536, stack(0x000000971ba00000,0x000000971bb00000)]
  0x0000026acc042800 JavaThread "Cache worker for checksums cache (C:\Users\HP-PC\AndroidStudioProjects\TalathiAttendance-master\.gradle\7.5\checksums)" [_thread_blocked, id=29224, stack(0x000000971bb00000,0x000000971bc00000)]
  0x0000026acc03f800 JavaThread "Cache worker for cache directory md-rule (C:\Users\HP-PC\.gradle\caches\7.5\md-rule)" [_thread_blocked, id=1552, stack(0x000000971bc00000,0x000000971bd00000)]
  0x0000026acc045000 JavaThread "Cache worker for file content cache (C:\Users\HP-PC\.gradle\caches\7.5\fileContent)" [_thread_blocked, id=31340, stack(0x000000971bd00000,0x000000971be00000)]
  0x0000026acc043800 JavaThread "Cache worker for file hash cache (C:\Users\HP-PC\AndroidStudioProjects\TalathiAttendance-master\.gradle\7.5\fileHashes)" [_thread_blocked, id=31128, stack(0x000000971be00000,0x000000971bf00000)]
  0x0000026acc044000 JavaThread "Cache worker for cache directory md-supplier (C:\Users\HP-PC\.gradle\caches\7.5\md-supplier)" [_thread_blocked, id=12564, stack(0x000000971bf00000,0x000000971c000000)]
  0x0000026acc046000 JavaThread "Cache worker for execution history cache (C:\Users\HP-PC\.gradle\caches\7.5\executionHistory)" [_thread_blocked, id=14180, stack(0x000000971b000000,0x000000971b100000)]
  0x0000026acc042000 JavaThread "Cache worker for dependencies-accessors (C:\Users\HP-PC\AndroidStudioProjects\TalathiAttendance-master\.gradle\7.5\dependencies-accessors)" [_thread_blocked, id=10076, stack(0x000000971c100000,0x000000971c200000)]
  0x0000026acc04d000 JavaThread "Cache worker for Build Output Cleanup Cache (C:\Users\HP-PC\AndroidStudioProjects\TalathiAttendance-master\.gradle\buildOutputCleanup)" [_thread_blocked, id=26524, stack(0x000000971c200000,0x000000971c300000)]
  0x0000026acc04e000 JavaThread "Unconstrained build operations" [_thread_blocked, id=13140, stack(0x000000971c300000,0x000000971c400000)]
  0x0000026acc04b800 JavaThread "Unconstrained build operations Thread 2" [_thread_blocked, id=30112, stack(0x000000971c400000,0x000000971c500000)]
  0x0000026acc04a000 JavaThread "Unconstrained build operations Thread 3" [_thread_blocked, id=21608, stack(0x000000971c500000,0x000000971c600000)]
  0x0000026acc048800 JavaThread "Unconstrained build operations Thread 4" [_thread_blocked, id=14996, stack(0x000000971c600000,0x000000971c700000)]
  0x0000026acc04a800 JavaThread "Unconstrained build operations Thread 5" [_thread_blocked, id=15464, stack(0x000000971c700000,0x000000971c800000)]
  0x0000026acc049000 JavaThread "Unconstrained build operations Thread 6" [_thread_blocked, id=33696, stack(0x000000971c800000,0x000000971c900000)]
  0x0000026acc04c800 JavaThread "Unconstrained build operations Thread 7" [_thread_blocked, id=1236, stack(0x000000971c900000,0x000000971ca00000)]
  0x0000026ad023b800 JavaThread "Unconstrained build operations Thread 8" [_thread_blocked, id=12828, stack(0x000000971ca00000,0x000000971cb00000)]
  0x0000026ad023c800 JavaThread "Unconstrained build operations Thread 9" [_thread_blocked, id=15600, stack(0x000000971cb00000,0x000000971cc00000)]
  0x0000026ad0236800 JavaThread "Unconstrained build operations Thread 10" [_thread_blocked, id=31552, stack(0x000000971cc00000,0x000000971cd00000)]
  0x0000026ad023a000 JavaThread "Unconstrained build operations Thread 11" [_thread_blocked, id=9972, stack(0x000000971cd00000,0x000000971ce00000)]
  0x0000026ad023a800 JavaThread "Unconstrained build operations Thread 12" [_thread_blocked, id=2332, stack(0x000000971ce00000,0x000000971cf00000)]
  0x0000026ad023d000 JavaThread "Unconstrained build operations Thread 13" [_thread_blocked, id=26808, stack(0x000000971cf00000,0x000000971d000000)]
  0x0000026ad0237800 JavaThread "Unconstrained build operations Thread 14" [_thread_blocked, id=15176, stack(0x000000971d000000,0x000000971d100000)]
  0x0000026ad023e000 JavaThread "Unconstrained build operations Thread 15" [_thread_blocked, id=30408, stack(0x000000971d100000,0x000000971d200000)]
  0x0000026ad0238000 JavaThread "Unconstrained build operations Thread 16" [_thread_blocked, id=24052, stack(0x000000971d200000,0x000000971d300000)]
  0x0000026ad023e800 JavaThread "Unconstrained build operations Thread 17" [_thread_blocked, id=26424, stack(0x000000971d300000,0x000000971d400000)]
  0x0000026ad0239000 JavaThread "Unconstrained build operations Thread 18" [_thread_blocked, id=23416, stack(0x000000971d400000,0x000000971d500000)]
  0x0000026ad0243800 JavaThread "Unconstrained build operations Thread 19" [_thread_blocked, id=17848, stack(0x000000971d500000,0x000000971d600000)]
  0x0000026ad023f800 JavaThread "Unconstrained build operations Thread 20" [_thread_blocked, id=28396, stack(0x000000971d600000,0x000000971d700000)]
  0x0000026ad0243000 JavaThread "Unconstrained build operations Thread 21" [_thread_blocked, id=25968, stack(0x000000971d700000,0x000000971d800000)]
  0x0000026ad0244800 JavaThread "Unconstrained build operations Thread 22" [_thread_blocked, id=2052, stack(0x000000971d800000,0x000000971d900000)]
  0x0000026ad0245000 JavaThread "Unconstrained build operations Thread 23" [_thread_blocked, id=5080, stack(0x000000971d900000,0x000000971da00000)]
  0x0000026ad0241000 JavaThread "Unconstrained build operations Thread 24" [_thread_blocked, id=25148, stack(0x000000971da00000,0x000000971db00000)]
  0x0000026ad0240800 JavaThread "Unconstrained build operations Thread 25" [_thread_blocked, id=3576, stack(0x000000971db00000,0x000000971dc00000)]
  0x0000026ad0242000 JavaThread "Unconstrained build operations Thread 26" [_thread_blocked, id=30300, stack(0x000000971dc00000,0x000000971dd00000)]
  0x0000026acb5c8800 JavaThread "Unconstrained build operations Thread 27" [_thread_blocked, id=30356, stack(0x000000971dd00000,0x000000971de00000)]
  0x0000026acb5c9000 JavaThread "Unconstrained build operations Thread 28" [_thread_blocked, id=32428, stack(0x000000971de00000,0x000000971df00000)]
  0x0000026acb5c4800 JavaThread "Unconstrained build operations Thread 29" [_thread_blocked, id=33412, stack(0x000000971df00000,0x000000971e000000)]
  0x0000026acb5ca000 JavaThread "Unconstrained build operations Thread 30" [_thread_blocked, id=27344, stack(0x000000971e000000,0x000000971e100000)]
  0x0000026acb5c6000 JavaThread "Unconstrained build operations Thread 31" [_thread_blocked, id=23784, stack(0x000000971e100000,0x000000971e200000)]
  0x0000026acb5c7800 JavaThread "Unconstrained build operations Thread 32" [_thread_blocked, id=18824, stack(0x000000971e200000,0x000000971e300000)]
  0x0000026acb5cb000 JavaThread "Unconstrained build operations Thread 33" [_thread_blocked, id=11516, stack(0x000000971e300000,0x000000971e400000)]
  0x0000026acb5c6800 JavaThread "Unconstrained build operations Thread 34" [_thread_blocked, id=15988, stack(0x000000971e400000,0x000000971e500000)]
  0x0000026acb5c5000 JavaThread "Unconstrained build operations Thread 35" [_thread_blocked, id=22000, stack(0x000000971e500000,0x000000971e600000)]
  0x0000026acb5d0800 JavaThread "Unconstrained build operations Thread 36" [_thread_blocked, id=14724, stack(0x000000971e600000,0x000000971e700000)]
  0x0000026acb5d1800 JavaThread "Unconstrained build operations Thread 37" [_thread_blocked, id=26792, stack(0x000000971e700000,0x000000971e800000)]
  0x0000026acb5cb800 JavaThread "Unconstrained build operations Thread 38" [_thread_blocked, id=7892, stack(0x000000971e800000,0x000000971e900000)]
  0x0000026acb5cf000 JavaThread "Unconstrained build operations Thread 39" [_thread_blocked, id=2304, stack(0x000000971e900000,0x000000971ea00000)]
  0x0000026acb5d2000 JavaThread "Unconstrained build operations Thread 40" [_thread_blocked, id=24896, stack(0x000000971ea00000,0x000000971eb00000)]
  0x0000026acb5cf800 JavaThread "Unconstrained build operations Thread 41" [_thread_blocked, id=1204, stack(0x000000971eb00000,0x000000971ec00000)]
  0x0000026acb5cc800 JavaThread "Unconstrained build operations Thread 42" [_thread_blocked, id=30896, stack(0x000000971ec00000,0x000000971ed00000)]
  0x0000026acb5d3000 JavaThread "Unconstrained build operations Thread 43" [_thread_blocked, id=30972, stack(0x000000971ed00000,0x000000971ee00000)]
  0x0000026acb5cd000 JavaThread "Unconstrained build operations Thread 44" [_thread_blocked, id=19160, stack(0x000000971ee00000,0x000000971ef00000)]
  0x0000026acb5ce000 JavaThread "Unconstrained build operations Thread 45" [_thread_blocked, id=12996, stack(0x000000971ef00000,0x000000971f000000)]
  0x0000026acfe58000 JavaThread "Unconstrained build operations Thread 46" [_thread_blocked, id=7272, stack(0x000000971f000000,0x000000971f100000)]
  0x0000026acfe5b800 JavaThread "Unconstrained build operations Thread 47" [_thread_blocked, id=17964, stack(0x000000971f100000,0x000000971f200000)]
  0x0000026acfe57000 JavaThread "Unconstrained build operations Thread 48" [_thread_blocked, id=32424, stack(0x000000971f200000,0x000000971f300000)]
  0x0000026acfe56800 JavaThread "Unconstrained build operations Thread 49" [_thread_blocked, id=16900, stack(0x000000971f300000,0x000000971f400000)]
  0x0000026acfe5c000 JavaThread "Unconstrained build operations Thread 50" [_thread_blocked, id=15396, stack(0x000000971f400000,0x000000971f500000)]
  0x0000026acfe5d000 JavaThread "Unconstrained build operations Thread 51" [_thread_blocked, id=19072, stack(0x000000971f500000,0x000000971f600000)]
  0x0000026acfe5e000 JavaThread "Unconstrained build operations Thread 52" [_thread_blocked, id=6980, stack(0x000000971f600000,0x000000971f700000)]
  0x0000026acfe5a800 JavaThread "Unconstrained build operations Thread 53" [_thread_blocked, id=19956, stack(0x000000971f700000,0x000000971f800000)]
  0x0000026acfe5e800 JavaThread "Unconstrained build operations Thread 54" [_thread_blocked, id=32340, stack(0x000000971f800000,0x000000971f900000)]
  0x0000026acfe59000 JavaThread "Unconstrained build operations Thread 55" [_thread_blocked, id=24972, stack(0x000000971f900000,0x000000971fa00000)]
  0x0000026acfe59800 JavaThread "Unconstrained build operations Thread 56" [_thread_blocked, id=12764, stack(0x000000971fa00000,0x000000971fb00000)]
  0x0000026acfe64800 JavaThread "Unconstrained build operations Thread 57" [_thread_blocked, id=18048, stack(0x000000971fb00000,0x000000971fc00000)]
  0x0000026acfe63800 JavaThread "Unconstrained build operations Thread 58" [_thread_blocked, id=9276, stack(0x000000971fc00000,0x000000971fd00000)]
  0x0000026acfe62800 JavaThread "Unconstrained build operations Thread 59" [_thread_blocked, id=24260, stack(0x000000971fd00000,0x000000971fe00000)]
  0x0000026acfe65000 JavaThread "Unconstrained build operations Thread 60" [_thread_blocked, id=16164, stack(0x000000971fe00000,0x000000971ff00000)]
  0x0000026acfe5f800 JavaThread "Unconstrained build operations Thread 61" [_thread_blocked, id=25308, stack(0x000000971ff00000,0x0000009720000000)]
  0x0000026acfe60000 JavaThread "Unconstrained build operations Thread 62" [_thread_blocked, id=20716, stack(0x0000009720000000,0x0000009720100000)]
  0x0000026acfe61000 JavaThread "Unconstrained build operations Thread 63" [_thread_blocked, id=8360, stack(0x0000009720100000,0x0000009720200000)]
  0x0000026acfe62000 JavaThread "Unconstrained build operations Thread 64" [_thread_blocked, id=14192, stack(0x0000009720200000,0x0000009720300000)]
  0x0000026ace7cb800 JavaThread "Unconstrained build operations Thread 65" [_thread_blocked, id=10072, stack(0x0000009720300000,0x0000009720400000)]
  0x0000026ace7ca000 JavaThread "Unconstrained build operations Thread 66" [_thread_blocked, id=15760, stack(0x0000009720400000,0x0000009720500000)]
  0x0000026ace7cf000 JavaThread "Unconstrained build operations Thread 67" [_thread_blocked, id=16980, stack(0x0000009720500000,0x0000009720600000)]
  0x0000026ace7cd800 JavaThread "Unconstrained build operations Thread 68" [_thread_blocked, id=29684, stack(0x0000009720600000,0x0000009720700000)]
  0x0000026ace7c9800 JavaThread "Unconstrained build operations Thread 69" [_thread_blocked, id=27992, stack(0x0000009720700000,0x0000009720800000)]
  0x0000026ace7d0800 JavaThread "Unconstrained build operations Thread 70" [_thread_blocked, id=19664, stack(0x0000009720800000,0x0000009720900000)]
  0x0000026ace7cc800 JavaThread "Unconstrained build operations Thread 71" [_thread_blocked, id=22096, stack(0x0000009720900000,0x0000009720a00000)]
  0x0000026ace7d0000 JavaThread "Unconstrained build operations Thread 72" [_thread_blocked, id=26480, stack(0x0000009720a00000,0x0000009720b00000)]
  0x0000026ace7ce000 JavaThread "Unconstrained build operations Thread 73" [_thread_blocked, id=32404, stack(0x0000009720b00000,0x0000009720c00000)]
  0x0000026ace7cb000 JavaThread "Unconstrained build operations Thread 74" [_thread_blocked, id=21184, stack(0x0000009720c00000,0x0000009720d00000)]
  0x0000026ace7d1800 JavaThread "Unconstrained build operations Thread 75" [_thread_blocked, id=960, stack(0x0000009720d00000,0x0000009720e00000)]
  0x0000026ace7d4800 JavaThread "Unconstrained build operations Thread 76" [_thread_blocked, id=4888, stack(0x0000009720e00000,0x0000009720f00000)]
  0x0000026ace7d7000 JavaThread "Unconstrained build operations Thread 77" [_thread_blocked, id=19500, stack(0x0000009720f00000,0x0000009721000000)]
  0x0000026ace7d8000 JavaThread "Unconstrained build operations Thread 78" [_thread_blocked, id=27432, stack(0x0000009721000000,0x0000009721100000)]
  0x0000026ace7d5800 JavaThread "Unconstrained build operations Thread 79" [_thread_blocked, id=4924, stack(0x0000009721100000,0x0000009721200000)]
  0x0000026ace7d6800 JavaThread "Unconstrained build operations Thread 80" [_thread_blocked, id=11728, stack(0x0000009721200000,0x0000009721300000)]
  0x0000026ace7d3000 JavaThread "Memory manager" [_thread_blocked, id=6664, stack(0x000000971c000000,0x000000971c100000)]

Other Threads:
=>0x0000026ac7c29000 VMThread "VM Thread" [stack: 0x0000009718f00000,0x0000009719000000] [id=27904]
  0x0000026ac871b000 WatcherThread [stack: 0x0000009719900000,0x0000009719a00000] [id=1712]
  0x0000026aad793000 GCTaskThread "GC Thread#0" [stack: 0x0000009718a00000,0x0000009718b00000] [id=9240]
  0x0000026ac9afb800 GCTaskThread "GC Thread#1" [stack: 0x0000009719c00000,0x0000009719d00000] [id=30792]
  0x0000026ac997c800 GCTaskThread "GC Thread#2" [stack: 0x0000009719d00000,0x0000009719e00000] [id=15248]
  0x0000026acadd3800 GCTaskThread "GC Thread#3" [stack: 0x000000971a700000,0x000000971a800000] [id=22044]
  0x0000026ac97de800 GCTaskThread "GC Thread#4" [stack: 0x000000971a800000,0x000000971a900000] [id=23424]
  0x0000026ac9879000 GCTaskThread "GC Thread#5" [stack: 0x000000971a900000,0x000000971aa00000] [id=24064]
  0x0000026ac9ed1000 GCTaskThread "GC Thread#6" [stack: 0x000000971aa00000,0x000000971ab00000] [id=7636]
  0x0000026ac9ed1800 GCTaskThread "GC Thread#7" [stack: 0x000000971ab00000,0x000000971ac00000] [id=33728]
  0x0000026aad7c6000 ConcurrentGCThread "G1 Main Marker" [stack: 0x0000009718b00000,0x0000009718c00000] [id=14708]
  0x0000026aad7c8000 ConcurrentGCThread "G1 Conc#0" [stack: 0x0000009718c00000,0x0000009718d00000] [id=9396]
  0x0000026acb014000 ConcurrentGCThread "G1 Conc#1" [stack: 0x000000971ad00000,0x000000971ae00000] [id=32816]
  0x0000026ac7a80800 ConcurrentGCThread "G1 Refine#0" [stack: 0x0000009718d00000,0x0000009718e00000] [id=30568]
  0x0000026ac7a81000 ConcurrentGCThread "G1 Young RemSet Sampling" [stack: 0x0000009718e00000,0x0000009718f00000] [id=16400]

Threads with active compile tasks:
C2 CompilerThread0    13523 8599       4       java.beans.MethodRef::set (58 bytes)
C2 CompilerThread1    13523 8615 %     4       groovy.lang.MetaClassImpl::inheritInterfaceNewMetaMethods @ 100 (195 bytes)

VM state:at safepoint (normal execution)

VM Mutex/Monitor currently owned by a thread:  ([mutex/lock_event])
[0x0000026aab5abd60] Threads_lock - owner thread: 0x0000026ac7c29000
[0x0000026aab5aa5c0] Heap_lock - owner thread: 0x0000026acb23a800

Heap address: 0x0000000080000000, size: 2048 MB, Compressed Oops mode: 32-bit
Narrow klass base: 0x0000000000000000, Narrow klass shift: 3
Compressed class space size: 1073741824 Address: 0x0000000100000000

Heap:
 garbage-first heap   total 273408K, used 126529K [0x0000000080000000, 0x0000000100000000)
  region size 1024K, 7 young (7168K), 7 survivors (7168K)
 Metaspace       used 84053K, capacity 86386K, committed 86524K, reserved 1124352K
  class space    used 11002K, capacity 11878K, committed 11904K, reserved 1048576K
Heap Regions: E=young(eden), S=young(survivor), O=old, HS=humongous(starts), HC=humongous(continues), CS=collection set, F=free, A=archive, TAMS=top-at-mark-start (previous, next)
|   0|0x0000000080000000, 0x0000000080100000, 0x0000000080100000|100%| O|  |TAMS 0x0000000080100000, 0x0000000080100000| Untracked 
|   1|0x0000000080100000, 0x0000000080200000, 0x0000000080200000|100%| O|  |TAMS 0x0000000080200000, 0x0000000080200000| Untracked 
|   2|0x0000000080200000, 0x0000000080300000, 0x0000000080300000|100%| O|  |TAMS 0x0000000080300000, 0x0000000080300000| Untracked 
|   3|0x0000000080300000, 0x0000000080400000, 0x0000000080400000|100%|HS|  |TAMS 0x0000000080400000, 0x0000000080400000| Complete 
|   4|0x0000000080400000, 0x0000000080500000, 0x0000000080500000|100%|HC|  |TAMS 0x0000000080500000, 0x0000000080500000| Complete 
|   5|0x0000000080500000, 0x0000000080600000, 0x0000000080600000|100%|HC|  |TAMS 0x0000000080600000, 0x0000000080600000| Complete 
|   6|0x0000000080600000, 0x0000000080700000, 0x0000000080700000|100%| O|  |TAMS 0x0000000080700000, 0x0000000080700000| Untracked 
|   7|0x0000000080700000, 0x0000000080800000, 0x0000000080800000|100%| O|  |TAMS 0x0000000080800000, 0x0000000080800000| Untracked 
|   8|0x0000000080800000, 0x0000000080900000, 0x0000000080900000|100%| O|  |TAMS 0x0000000080900000, 0x0000000080900000| Untracked 
|   9|0x0000000080900000, 0x0000000080a00000, 0x0000000080a00000|100%| O|  |TAMS 0x0000000080a00000, 0x0000000080a00000| Untracked 
|  10|0x0000000080a00000, 0x0000000080b00000, 0x0000000080b00000|100%| O|  |TAMS 0x0000000080b00000, 0x0000000080b00000| Untracked 
|  11|0x0000000080b00000, 0x0000000080c00000, 0x0000000080c00000|100%| O|  |TAMS 0x0000000080c00000, 0x0000000080c00000| Untracked 
|  12|0x0000000080c00000, 0x0000000080d00000, 0x0000000080d00000|100%| O|  |TAMS 0x0000000080d00000, 0x0000000080d00000| Untracked 
|  13|0x0000000080d00000, 0x0000000080e00000, 0x0000000080e00000|100%| O|  |TAMS 0x0000000080e00000, 0x0000000080e00000| Untracked 
|  14|0x0000000080e00000, 0x0000000080f00000, 0x0000000080f00000|100%| O|  |TAMS 0x0000000080f00000, 0x0000000080f00000| Untracked 
|  15|0x0000000080f00000, 0x0000000081000000, 0x0000000081000000|100%| O|  |TAMS 0x0000000081000000, 0x0000000081000000| Untracked 
|  16|0x0000000081000000, 0x0000000081100000, 0x0000000081100000|100%|HS|  |TAMS 0x0000000081100000, 0x0000000081100000| Complete 
|  17|0x0000000081100000, 0x0000000081200000, 0x0000000081200000|100%|HC|  |TAMS 0x0000000081200000, 0x0000000081200000| Complete 
|  18|0x0000000081200000, 0x0000000081300000, 0x0000000081300000|100%|HS|  |TAMS 0x0000000081300000, 0x0000000081300000| Complete 
|  19|0x0000000081300000, 0x0000000081400000, 0x0000000081400000|100%|HC|  |TAMS 0x0000000081400000, 0x0000000081400000| Complete 
|  20|0x0000000081400000, 0x0000000081500000, 0x0000000081500000|100%|HC|  |TAMS 0x0000000081500000, 0x0000000081500000| Complete 
|  21|0x0000000081500000, 0x0000000081600000, 0x0000000081600000|100%|HS|  |TAMS 0x0000000081600000, 0x0000000081600000| Complete 
|  22|0x0000000081600000, 0x0000000081700000, 0x0000000081700000|100%|HC|  |TAMS 0x0000000081700000, 0x0000000081700000| Complete 
|  23|0x0000000081700000, 0x0000000081800000, 0x0000000081800000|100%|HC|  |TAMS 0x0000000081800000, 0x0000000081800000| Complete 
|  24|0x0000000081800000, 0x0000000081900000, 0x0000000081900000|100%|HS|  |TAMS 0x0000000081900000, 0x0000000081900000| Complete 
|  25|0x0000000081900000, 0x0000000081a00000, 0x0000000081a00000|100%|HC|  |TAMS 0x0000000081a00000, 0x0000000081a00000| Complete 
|  26|0x0000000081a00000, 0x0000000081b00000, 0x0000000081b00000|100%|HS|  |TAMS 0x0000000081b00000, 0x0000000081b00000| Complete 
|  27|0x0000000081b00000, 0x0000000081c00000, 0x0000000081c00000|100%|HC|  |TAMS 0x0000000081c00000, 0x0000000081c00000| Complete 
|  28|0x0000000081c00000, 0x0000000081d00000, 0x0000000081d00000|100%|HC|  |TAMS 0x0000000081d00000, 0x0000000081d00000| Complete 
|  29|0x0000000081d00000, 0x0000000081e00000, 0x0000000081e00000|100%|HC|  |TAMS 0x0000000081e00000, 0x0000000081e00000| Complete 
|  30|0x0000000081e00000, 0x0000000081f00000, 0x0000000081f00000|100%|HC|  |TAMS 0x0000000081f00000, 0x0000000081f00000| Complete 
|  31|0x0000000081f00000, 0x0000000082000000, 0x0000000082000000|100%| O|  |TAMS 0x0000000082000000, 0x0000000082000000| Untracked 
|  32|0x0000000082000000, 0x0000000082100000, 0x0000000082100000|100%| O|  |TAMS 0x0000000082100000, 0x0000000082100000| Untracked 
|  33|0x0000000082100000, 0x0000000082200000, 0x0000000082200000|100%| O|  |TAMS 0x0000000082200000, 0x0000000082200000| Untracked 
|  34|0x0000000082200000, 0x0000000082300000, 0x0000000082300000|100%| O|  |TAMS 0x0000000082300000, 0x0000000082300000| Untracked 
|  35|0x0000000082300000, 0x0000000082400000, 0x0000000082400000|100%| O|  |TAMS 0x0000000082400000, 0x0000000082400000| Untracked 
|  36|0x0000000082400000, 0x0000000082500000, 0x0000000082500000|100%| O|  |TAMS 0x0000000082500000, 0x0000000082500000| Untracked 
|  37|0x0000000082500000, 0x0000000082600000, 0x0000000082600000|100%| O|  |TAMS 0x0000000082600000, 0x0000000082600000| Untracked 
|  38|0x0000000082600000, 0x0000000082700000, 0x0000000082700000|100%|HS|  |TAMS 0x0000000082700000, 0x0000000082700000| Complete 
|  39|0x0000000082700000, 0x0000000082800000, 0x0000000082800000|100%|HC|  |TAMS 0x0000000082800000, 0x0000000082800000| Complete 
|  40|0x0000000082800000, 0x0000000082900000, 0x0000000082900000|100%|HC|  |TAMS 0x0000000082900000, 0x0000000082900000| Complete 
|  41|0x0000000082900000, 0x0000000082a00000, 0x0000000082a00000|100%|HC|  |TAMS 0x0000000082a00000, 0x0000000082a00000| Complete 
|  42|0x0000000082a00000, 0x0000000082b00000, 0x0000000082b00000|100%|HC|  |TAMS 0x0000000082b00000, 0x0000000082b00000| Complete 
|  43|0x0000000082b00000, 0x0000000082c00000, 0x0000000082c00000|100%|HC|  |TAMS 0x0000000082c00000, 0x0000000082c00000| Complete 
|  44|0x0000000082c00000, 0x0000000082d00000, 0x0000000082d00000|100%|HC|  |TAMS 0x0000000082d00000, 0x0000000082d00000| Complete 
|  45|0x0000000082d00000, 0x0000000082e00000, 0x0000000082e00000|100%|HC|  |TAMS 0x0000000082e00000, 0x0000000082e00000| Complete 
|  46|0x0000000082e00000, 0x0000000082f00000, 0x0000000082f00000|100%|HC|  |TAMS 0x0000000082f00000, 0x0000000082f00000| Complete 
|  47|0x0000000082f00000, 0x0000000083000000, 0x0000000083000000|100%|HC|  |TAMS 0x0000000083000000, 0x0000000083000000| Complete 
|  48|0x0000000083000000, 0x0000000083100000, 0x0000000083100000|100%|HS|  |TAMS 0x0000000083100000, 0x0000000083100000| Complete 
|  49|0x0000000083100000, 0x0000000083200000, 0x0000000083200000|100%|HC|  |TAMS 0x0000000083200000, 0x0000000083200000| Complete 
|  50|0x0000000083200000, 0x0000000083300000, 0x0000000083300000|100%|HS|  |TAMS 0x0000000083300000, 0x0000000083300000| Complete 
|  51|0x0000000083300000, 0x0000000083400000, 0x0000000083400000|100%|HC|  |TAMS 0x0000000083400000, 0x0000000083400000| Complete 
|  52|0x0000000083400000, 0x0000000083500000, 0x0000000083500000|100%|HC|  |TAMS 0x0000000083500000, 0x0000000083500000| Complete 
|  53|0x0000000083500000, 0x0000000083600000, 0x0000000083600000|100%|HS|  |TAMS 0x0000000083600000, 0x0000000083600000| Complete 
|  54|0x0000000083600000, 0x0000000083700000, 0x0000000083700000|100%|HC|  |TAMS 0x0000000083700000, 0x0000000083700000| Complete 
|  55|0x0000000083700000, 0x0000000083800000, 0x0000000083800000|100%|HS|  |TAMS 0x0000000083800000, 0x0000000083800000| Complete 
|  56|0x0000000083800000, 0x0000000083900000, 0x0000000083900000|100%|HC|  |TAMS 0x0000000083900000, 0x0000000083900000| Complete 
|  57|0x0000000083900000, 0x0000000083a00000, 0x0000000083a00000|100%|HC|  |TAMS 0x0000000083a00000, 0x0000000083a00000| Complete 
|  58|0x0000000083a00000, 0x0000000083b00000, 0x0000000083b00000|100%| O|  |TAMS 0x0000000083b00000, 0x0000000083b00000| Untracked 
|  59|0x0000000083b00000, 0x0000000083c00000, 0x0000000083c00000|100%| O|  |TAMS 0x0000000083c00000, 0x0000000083c00000| Untracked 
|  60|0x0000000083c00000, 0x0000000083d00000, 0x0000000083d00000|100%| O|  |TAMS 0x0000000083d00000, 0x0000000083d00000| Untracked 
|  61|0x0000000083d00000, 0x0000000083e00000, 0x0000000083e00000|100%| O|  |TAMS 0x0000000083e00000, 0x0000000083e00000| Untracked 
|  62|0x0000000083e00000, 0x0000000083f00000, 0x0000000083f00000|100%| O|  |TAMS 0x0000000083f00000, 0x0000000083f00000| Untracked 
|  63|0x0000000083f00000, 0x0000000084000000, 0x0000000084000000|100%| O|  |TAMS 0x0000000084000000, 0x0000000084000000| Untracked 
|  64|0x0000000084000000, 0x0000000084100000, 0x0000000084100000|100%| O|  |TAMS 0x0000000084100000, 0x0000000084100000| Untracked 
|  65|0x0000000084100000, 0x0000000084200000, 0x0000000084200000|100%| O|  |TAMS 0x0000000084200000, 0x0000000084200000| Untracked 
|  66|0x0000000084200000, 0x0000000084300000, 0x0000000084300000|100%| O|  |TAMS 0x0000000084300000, 0x0000000084300000| Untracked 
|  67|0x0000000084300000, 0x0000000084400000, 0x0000000084400000|100%| O|  |TAMS 0x0000000084400000, 0x0000000084400000| Untracked 
|  68|0x0000000084400000, 0x0000000084500000, 0x0000000084500000|100%| O|  |TAMS 0x0000000084500000, 0x0000000084500000| Untracked 
|  69|0x0000000084500000, 0x0000000084600000, 0x0000000084600000|100%| O|  |TAMS 0x0000000084600000, 0x0000000084600000| Untracked 
|  70|0x0000000084600000, 0x0000000084700000, 0x0000000084700000|100%|HS|  |TAMS 0x0000000084700000, 0x0000000084700000| Complete 
|  71|0x0000000084700000, 0x0000000084800000, 0x0000000084800000|100%|HC|  |TAMS 0x0000000084800000, 0x0000000084800000| Complete 
|  72|0x0000000084800000, 0x0000000084900000, 0x0000000084900000|100%|HC|  |TAMS 0x0000000084900000, 0x0000000084900000| Complete 
|  73|0x0000000084900000, 0x0000000084a00000, 0x0000000084a00000|100%|HC|  |TAMS 0x0000000084a00000, 0x0000000084a00000| Complete 
|  74|0x0000000084a00000, 0x0000000084b00000, 0x0000000084b00000|100%|HC|  |TAMS 0x0000000084b00000, 0x0000000084b00000| Complete 
|  75|0x0000000084b00000, 0x0000000084c00000, 0x0000000084c00000|100%| O|  |TAMS 0x0000000084c00000, 0x0000000084c00000| Untracked 
|  76|0x0000000084c00000, 0x0000000084d00000, 0x0000000084d00000|100%| O|  |TAMS 0x0000000084d00000, 0x0000000084d00000| Untracked 
|  77|0x0000000084d00000, 0x0000000084e00000, 0x0000000084e00000|100%| O|  |TAMS 0x0000000084e00000, 0x0000000084e00000| Untracked 
|  78|0x0000000084e00000, 0x0000000084f00000, 0x0000000084f00000|100%| O|  |TAMS 0x0000000084f00000, 0x0000000084f00000| Untracked 
|  79|0x0000000084f00000, 0x0000000085000000, 0x0000000085000000|100%| O|  |TAMS 0x0000000085000000, 0x0000000085000000| Untracked 
|  80|0x0000000085000000, 0x0000000085100000, 0x0000000085100000|100%| O|  |TAMS 0x0000000085100000, 0x0000000085100000| Untracked 
|  81|0x0000000085100000, 0x0000000085200000, 0x0000000085200000|100%| O|  |TAMS 0x0000000085200000, 0x0000000085200000| Untracked 
|  82|0x0000000085200000, 0x0000000085300000, 0x0000000085300000|100%| O|  |TAMS 0x0000000085300000, 0x0000000085300000| Untracked 
|  83|0x0000000085300000, 0x0000000085400000, 0x0000000085400000|100%| O|  |TAMS 0x0000000085400000, 0x0000000085400000| Untracked 
|  84|0x0000000085400000, 0x0000000085500000, 0x0000000085500000|100%| O|  |TAMS 0x0000000085500000, 0x0000000085500000| Untracked 
|  85|0x0000000085500000, 0x0000000085600000, 0x0000000085600000|100%| O|  |TAMS 0x0000000085600000, 0x0000000085600000| Untracked 
|  86|0x0000000085600000, 0x0000000085700000, 0x0000000085700000|100%|HS|  |TAMS 0x0000000085700000, 0x0000000085700000| Complete 
|  87|0x0000000085700000, 0x0000000085800000, 0x0000000085800000|100%|HS|  |TAMS 0x0000000085800000, 0x0000000085800000| Complete 
|  88|0x0000000085800000, 0x0000000085900000, 0x0000000085900000|100%|HS|  |TAMS 0x0000000085900000, 0x0000000085900000| Complete 
|  89|0x0000000085900000, 0x0000000085a00000, 0x0000000085a00000|100%|HS|  |TAMS 0x0000000085a00000, 0x0000000085a00000| Complete 
|  90|0x0000000085a00000, 0x0000000085b00000, 0x0000000085b00000|100%|HC|  |TAMS 0x0000000085b00000, 0x0000000085b00000| Complete 
|  91|0x0000000085b00000, 0x0000000085c00000, 0x0000000085c00000|100%|HC|  |TAMS 0x0000000085c00000, 0x0000000085c00000| Complete 
|  92|0x0000000085c00000, 0x0000000085d00000, 0x0000000085d00000|100%| O|  |TAMS 0x0000000085d00000, 0x0000000085d00000| Untracked 
|  93|0x0000000085d00000, 0x0000000085e00000, 0x0000000085e00000|100%| O|  |TAMS 0x0000000085e00000, 0x0000000085e00000| Untracked 
|  94|0x0000000085e00000, 0x0000000085f00000, 0x0000000085f00000|100%| O|  |TAMS 0x0000000085f00000, 0x0000000085f00000| Untracked 
|  95|0x0000000085f00000, 0x0000000086000000, 0x0000000086000000|100%| O|  |TAMS 0x0000000086000000, 0x0000000086000000| Untracked 
|  96|0x0000000086000000, 0x0000000086100000, 0x0000000086100000|100%| O|  |TAMS 0x0000000086100000, 0x0000000086100000| Untracked 
|  97|0x0000000086100000, 0x0000000086200000, 0x0000000086200000|100%| O|  |TAMS 0x0000000086200000, 0x0000000086200000| Untracked 
|  98|0x0000000086200000, 0x0000000086300000, 0x0000000086300000|100%| O|  |TAMS 0x0000000086300000, 0x0000000086300000| Untracked 
|  99|0x0000000086300000, 0x0000000086400000, 0x0000000086400000|100%| O|  |TAMS 0x0000000086400000, 0x0000000086400000| Untracked 
| 100|0x0000000086400000, 0x0000000086500000, 0x0000000086500000|100%| O|  |TAMS 0x0000000086500000, 0x0000000086500000| Untracked 
| 101|0x0000000086500000, 0x0000000086600000, 0x0000000086600000|100%| O|  |TAMS 0x0000000086600000, 0x0000000086600000| Untracked 
| 102|0x0000000086600000, 0x0000000086700000, 0x0000000086700000|100%| O|  |TAMS 0x0000000086700000, 0x0000000086700000| Untracked 
| 103|0x0000000086700000, 0x0000000086800000, 0x0000000086800000|100%| O|  |TAMS 0x0000000086800000, 0x0000000086800000| Untracked 
| 104|0x0000000086800000, 0x0000000086900000, 0x0000000086900000|100%| O|  |TAMS 0x0000000086900000, 0x0000000086900000| Untracked 
| 105|0x0000000086900000, 0x0000000086a00000, 0x0000000086a00000|100%| O|  |TAMS 0x0000000086a00000, 0x0000000086a00000| Untracked 
| 106|0x0000000086a00000, 0x0000000086b00000, 0x0000000086b00000|100%| O|  |TAMS 0x0000000086b00000, 0x0000000086b00000| Untracked 
| 107|0x0000000086b00000, 0x0000000086c00000, 0x0000000086c00000|100%| O|  |TAMS 0x0000000086c00000, 0x0000000086c00000| Untracked 
| 108|0x0000000086c00000, 0x0000000086d00000, 0x0000000086d00000|100%| O|  |TAMS 0x0000000086d00000, 0x0000000086d00000| Untracked 
| 109|0x0000000086d00000, 0x0000000086e00000, 0x0000000086e00000|100%| O|  |TAMS 0x0000000086e00000, 0x0000000086e00000| Untracked 
| 110|0x0000000086e00000, 0x0000000086f00000, 0x0000000086f00000|100%| O|  |TAMS 0x0000000086f00000, 0x0000000086f00000| Untracked 
| 111|0x0000000086f00000, 0x0000000087000000, 0x0000000087000000|100%| O|  |TAMS 0x0000000087000000, 0x0000000087000000| Untracked 
| 112|0x0000000087000000, 0x0000000087100000, 0x0000000087100000|100%| O|  |TAMS 0x0000000087100000, 0x0000000087100000| Untracked 
| 113|0x0000000087100000, 0x0000000087200000, 0x0000000087200000|100%| O|  |TAMS 0x00000000871e2200, 0x0000000087200000| Untracked 
| 114|0x0000000087200000, 0x0000000087300000, 0x0000000087300000|100%| O|  |TAMS 0x0000000087200000, 0x0000000087300000| Untracked 
| 115|0x0000000087300000, 0x0000000087400000, 0x0000000087400000|100%| O|  |TAMS 0x0000000087300000, 0x0000000087400000| Untracked 
| 116|0x0000000087400000, 0x00000000874a6200, 0x0000000087500000| 64%| O|  |TAMS 0x0000000087400000, 0x00000000874a6200| Untracked 
| 117|0x0000000087500000, 0x0000000087500000, 0x0000000087600000|  0%| F|  |TAMS 0x0000000087500000, 0x0000000087500000| Untracked 
| 118|0x0000000087600000, 0x0000000087600000, 0x0000000087700000|  0%| F|  |TAMS 0x0000000087600000, 0x0000000087600000| Untracked 
| 119|0x0000000087700000, 0x0000000087700000, 0x0000000087800000|  0%| F|  |TAMS 0x0000000087700000, 0x0000000087700000| Untracked 
| 120|0x0000000087800000, 0x0000000087800000, 0x0000000087900000|  0%| F|  |TAMS 0x0000000087800000, 0x0000000087800000| Untracked 
| 121|0x0000000087900000, 0x0000000087900000, 0x0000000087a00000|  0%| F|  |TAMS 0x0000000087900000, 0x0000000087900000| Untracked 
| 122|0x0000000087a00000, 0x0000000087a00000, 0x0000000087b00000|  0%| F|  |TAMS 0x0000000087a00000, 0x0000000087a00000| Untracked 
| 123|0x0000000087b00000, 0x0000000087b00000, 0x0000000087c00000|  0%| F|  |TAMS 0x0000000087b00000, 0x0000000087b00000| Untracked 
| 124|0x0000000087c00000, 0x0000000087c00000, 0x0000000087d00000|  0%| F|  |TAMS 0x0000000087c00000, 0x0000000087c00000| Untracked 
| 125|0x0000000087d00000, 0x0000000087d00000, 0x0000000087e00000|  0%| F|  |TAMS 0x0000000087d00000, 0x0000000087d00000| Untracked 
| 126|0x0000000087e00000, 0x0000000087e00000, 0x0000000087f00000|  0%| F|  |TAMS 0x0000000087e00000, 0x0000000087e00000| Untracked 
| 127|0x0000000087f00000, 0x0000000087f00000, 0x0000000088000000|  0%| F|  |TAMS 0x0000000087f00000, 0x0000000087f00000| Untracked 
| 128|0x0000000088000000, 0x0000000088000000, 0x0000000088100000|  0%| F|  |TAMS 0x0000000088000000, 0x0000000088000000| Untracked 
| 129|0x0000000088100000, 0x0000000088100000, 0x0000000088200000|  0%| F|  |TAMS 0x0000000088100000, 0x0000000088100000| Untracked 
| 130|0x0000000088200000, 0x0000000088200000, 0x0000000088300000|  0%| F|  |TAMS 0x0000000088200000, 0x0000000088200000| Untracked 
| 131|0x0000000088300000, 0x0000000088300000, 0x0000000088400000|  0%| F|  |TAMS 0x0000000088300000, 0x0000000088300000| Untracked 
| 132|0x0000000088400000, 0x0000000088400000, 0x0000000088500000|  0%| F|  |TAMS 0x0000000088400000, 0x0000000088400000| Untracked 
| 133|0x0000000088500000, 0x0000000088500000, 0x0000000088600000|  0%| F|  |TAMS 0x0000000088500000, 0x0000000088500000| Untracked 
| 134|0x0000000088600000, 0x0000000088600000, 0x0000000088700000|  0%| F|  |TAMS 0x0000000088600000, 0x0000000088600000| Untracked 
| 135|0x0000000088700000, 0x0000000088700000, 0x0000000088800000|  0%| F|  |TAMS 0x0000000088700000, 0x0000000088700000| Untracked 
| 136|0x0000000088800000, 0x0000000088800000, 0x0000000088900000|  0%| F|  |TAMS 0x0000000088800000, 0x0000000088800000| Untracked 
| 137|0x0000000088900000, 0x0000000088900000, 0x0000000088a00000|  0%| F|  |TAMS 0x0000000088900000, 0x0000000088900000| Untracked 
| 138|0x0000000088a00000, 0x0000000088a00000, 0x0000000088b00000|  0%| F|  |TAMS 0x0000000088a00000, 0x0000000088a00000| Untracked 
| 139|0x0000000088b00000, 0x0000000088b00000, 0x0000000088c00000|  0%| F|  |TAMS 0x0000000088b00000, 0x0000000088b00000| Untracked 
| 140|0x0000000088c00000, 0x0000000088c00000, 0x0000000088d00000|  0%| F|  |TAMS 0x0000000088c00000, 0x0000000088c00000| Untracked 
| 141|0x0000000088d00000, 0x0000000088d00000, 0x0000000088e00000|  0%| F|  |TAMS 0x0000000088d00000, 0x0000000088d00000| Untracked 
| 142|0x0000000088e00000, 0x0000000088e00000, 0x0000000088f00000|  0%| F|  |TAMS 0x0000000088e00000, 0x0000000088e00000| Untracked 
| 143|0x0000000088f00000, 0x0000000088f00000, 0x0000000089000000|  0%| F|  |TAMS 0x0000000088f00000, 0x0000000088f00000| Untracked 
| 144|0x0000000089000000, 0x0000000089000000, 0x0000000089100000|  0%| F|  |TAMS 0x0000000089000000, 0x0000000089000000| Untracked 
| 145|0x0000000089100000, 0x0000000089100000, 0x0000000089200000|  0%| F|  |TAMS 0x0000000089100000, 0x0000000089100000| Untracked 
| 146|0x0000000089200000, 0x0000000089200000, 0x0000000089300000|  0%| F|  |TAMS 0x0000000089200000, 0x0000000089200000| Untracked 
| 147|0x0000000089300000, 0x0000000089300000, 0x0000000089400000|  0%| F|  |TAMS 0x0000000089300000, 0x0000000089300000| Untracked 
| 148|0x0000000089400000, 0x0000000089400000, 0x0000000089500000|  0%| F|  |TAMS 0x0000000089400000, 0x0000000089400000| Untracked 
| 149|0x0000000089500000, 0x0000000089500000, 0x0000000089600000|  0%| F|  |TAMS 0x0000000089500000, 0x0000000089500000| Untracked 
| 150|0x0000000089600000, 0x0000000089600000, 0x0000000089700000|  0%| F|  |TAMS 0x0000000089600000, 0x0000000089600000| Untracked 
| 151|0x0000000089700000, 0x0000000089700000, 0x0000000089800000|  0%| F|  |TAMS 0x0000000089700000, 0x0000000089700000| Untracked 
| 152|0x0000000089800000, 0x0000000089800000, 0x0000000089900000|  0%| F|  |TAMS 0x0000000089800000, 0x0000000089800000| Untracked 
| 153|0x0000000089900000, 0x0000000089900000, 0x0000000089a00000|  0%| F|  |TAMS 0x0000000089900000, 0x0000000089900000| Untracked 
| 154|0x0000000089a00000, 0x0000000089a00000, 0x0000000089b00000|  0%| F|  |TAMS 0x0000000089a00000, 0x0000000089a00000| Untracked 
| 155|0x0000000089b00000, 0x0000000089b00000, 0x0000000089c00000|  0%| F|  |TAMS 0x0000000089b00000, 0x0000000089b00000| Untracked 
| 156|0x0000000089c00000, 0x0000000089c00000, 0x0000000089d00000|  0%| F|  |TAMS 0x0000000089c00000, 0x0000000089c00000| Untracked 
| 157|0x0000000089d00000, 0x0000000089d00000, 0x0000000089e00000|  0%| F|  |TAMS 0x0000000089d00000, 0x0000000089d00000| Untracked 
| 158|0x0000000089e00000, 0x0000000089e00000, 0x0000000089f00000|  0%| F|  |TAMS 0x0000000089e00000, 0x0000000089e00000| Untracked 
| 159|0x0000000089f00000, 0x0000000089f00000, 0x000000008a000000|  0%| F|  |TAMS 0x0000000089f00000, 0x0000000089f00000| Untracked 
| 160|0x000000008a000000, 0x000000008a000000, 0x000000008a100000|  0%| F|  |TAMS 0x000000008a000000, 0x000000008a000000| Untracked 
| 161|0x000000008a100000, 0x000000008a100000, 0x000000008a200000|  0%| F|  |TAMS 0x000000008a100000, 0x000000008a100000| Untracked 
| 162|0x000000008a200000, 0x000000008a200000, 0x000000008a300000|  0%| F|  |TAMS 0x000000008a200000, 0x000000008a200000| Untracked 
| 163|0x000000008a300000, 0x000000008a300000, 0x000000008a400000|  0%| F|  |TAMS 0x000000008a300000, 0x000000008a300000| Untracked 
| 164|0x000000008a400000, 0x000000008a400000, 0x000000008a500000|  0%| F|  |TAMS 0x000000008a400000, 0x000000008a400000| Untracked 
| 165|0x000000008a500000, 0x000000008a500000, 0x000000008a600000|  0%| F|  |TAMS 0x000000008a500000, 0x000000008a500000| Untracked 
| 166|0x000000008a600000, 0x000000008a600000, 0x000000008a700000|  0%| F|  |TAMS 0x000000008a600000, 0x000000008a600000| Untracked 
| 167|0x000000008a700000, 0x000000008a700000, 0x000000008a800000|  0%| F|  |TAMS 0x000000008a700000, 0x000000008a700000| Untracked 
| 168|0x000000008a800000, 0x000000008a800000, 0x000000008a900000|  0%| F|  |TAMS 0x000000008a800000, 0x000000008a800000| Untracked 
| 169|0x000000008a900000, 0x000000008a900000, 0x000000008aa00000|  0%| F|  |TAMS 0x000000008a900000, 0x000000008a900000| Untracked 
| 170|0x000000008aa00000, 0x000000008aa00000, 0x000000008ab00000|  0%| F|  |TAMS 0x000000008aa00000, 0x000000008aa00000| Untracked 
| 171|0x000000008ab00000, 0x000000008ab00000, 0x000000008ac00000|  0%| F|  |TAMS 0x000000008ab00000, 0x000000008ab00000| Untracked 
| 172|0x000000008ac00000, 0x000000008ac00000, 0x000000008ad00000|  0%| F|  |TAMS 0x000000008ac00000, 0x000000008ac00000| Untracked 
| 173|0x000000008ad00000, 0x000000008ad00000, 0x000000008ae00000|  0%| F|  |TAMS 0x000000008ad00000, 0x000000008ad00000| Untracked 
| 174|0x000000008ae00000, 0x000000008ae00000, 0x000000008af00000|  0%| F|  |TAMS 0x000000008ae00000, 0x000000008ae00000| Untracked 
| 175|0x000000008af00000, 0x000000008af00000, 0x000000008b000000|  0%| F|  |TAMS 0x000000008af00000, 0x000000008af00000| Untracked 
| 176|0x000000008b000000, 0x000000008b000000, 0x000000008b100000|  0%| F|  |TAMS 0x000000008b000000, 0x000000008b000000| Untracked 
| 177|0x000000008b100000, 0x000000008b100000, 0x000000008b200000|  0%| F|  |TAMS 0x000000008b100000, 0x000000008b100000| Untracked 
| 178|0x000000008b200000, 0x000000008b200000, 0x000000008b300000|  0%| F|  |TAMS 0x000000008b200000, 0x000000008b200000| Untracked 
| 179|0x000000008b300000, 0x000000008b300000, 0x000000008b400000|  0%| F|  |TAMS 0x000000008b300000, 0x000000008b300000| Untracked 
| 180|0x000000008b400000, 0x000000008b400000, 0x000000008b500000|  0%| F|  |TAMS 0x000000008b400000, 0x000000008b400000| Untracked 
| 181|0x000000008b500000, 0x000000008b500000, 0x000000008b600000|  0%| F|  |TAMS 0x000000008b500000, 0x000000008b500000| Untracked 
| 182|0x000000008b600000, 0x000000008b600000, 0x000000008b700000|  0%| F|  |TAMS 0x000000008b600000, 0x000000008b600000| Untracked 
| 183|0x000000008b700000, 0x000000008b700000, 0x000000008b800000|  0%| F|  |TAMS 0x000000008b700000, 0x000000008b700000| Untracked 
| 184|0x000000008b800000, 0x000000008b800000, 0x000000008b900000|  0%| F|  |TAMS 0x000000008b800000, 0x000000008b800000| Untracked 
| 185|0x000000008b900000, 0x000000008b900000, 0x000000008ba00000|  0%| F|  |TAMS 0x000000008b900000, 0x000000008b900000| Untracked 
| 186|0x000000008ba00000, 0x000000008ba00000, 0x000000008bb00000|  0%| F|  |TAMS 0x000000008ba00000, 0x000000008ba00000| Untracked 
| 187|0x000000008bb00000, 0x000000008bb00000, 0x000000008bc00000|  0%| F|  |TAMS 0x000000008bb00000, 0x000000008bb00000| Untracked 
| 188|0x000000008bc00000, 0x000000008bc00000, 0x000000008bd00000|  0%| F|  |TAMS 0x000000008bc00000, 0x000000008bc00000| Untracked 
| 189|0x000000008bd00000, 0x000000008bd00000, 0x000000008be00000|  0%| F|  |TAMS 0x000000008bd00000, 0x000000008bd00000| Untracked 
| 190|0x000000008be00000, 0x000000008be00000, 0x000000008bf00000|  0%| F|  |TAMS 0x000000008be00000, 0x000000008be00000| Untracked 
| 191|0x000000008bf00000, 0x000000008bf00000, 0x000000008c000000|  0%| F|  |TAMS 0x000000008bf00000, 0x000000008bf00000| Untracked 
| 192|0x000000008c000000, 0x000000008c000000, 0x000000008c100000|  0%| F|  |TAMS 0x000000008c000000, 0x000000008c000000| Untracked 
| 193|0x000000008c100000, 0x000000008c100000, 0x000000008c200000|  0%| F|  |TAMS 0x000000008c100000, 0x000000008c100000| Untracked 
| 194|0x000000008c200000, 0x000000008c200000, 0x000000008c300000|  0%| F|  |TAMS 0x000000008c200000, 0x000000008c200000| Untracked 
| 195|0x000000008c300000, 0x000000008c300000, 0x000000008c400000|  0%| F|  |TAMS 0x000000008c300000, 0x000000008c300000| Untracked 
| 196|0x000000008c400000, 0x000000008c400000, 0x000000008c500000|  0%| F|  |TAMS 0x000000008c400000, 0x000000008c400000| Untracked 
| 197|0x000000008c500000, 0x000000008c500000, 0x000000008c600000|  0%| F|  |TAMS 0x000000008c500000, 0x000000008c500000| Untracked 
| 198|0x000000008c600000, 0x000000008c600000, 0x000000008c700000|  0%| F|  |TAMS 0x000000008c600000, 0x000000008c600000| Untracked 
| 199|0x000000008c700000, 0x000000008c700000, 0x000000008c800000|  0%| F|  |TAMS 0x000000008c700000, 0x000000008c700000| Untracked 
| 200|0x000000008c800000, 0x000000008c800000, 0x000000008c900000|  0%| F|  |TAMS 0x000000008c800000, 0x000000008c800000| Untracked 
| 201|0x000000008c900000, 0x000000008c900000, 0x000000008ca00000|  0%| F|  |TAMS 0x000000008c900000, 0x000000008c900000| Untracked 
| 202|0x000000008ca00000, 0x000000008caea5a0, 0x000000008cb00000| 91%| S|CS|TAMS 0x000000008ca00000, 0x000000008ca00000| Complete 
| 203|0x000000008cb00000, 0x000000008cc00000, 0x000000008cc00000|100%| S|CS|TAMS 0x000000008cb00000, 0x000000008cb00000| Complete 
| 204|0x000000008cc00000, 0x000000008cd00000, 0x000000008cd00000|100%| S|CS|TAMS 0x000000008cc00000, 0x000000008cc00000| Complete 
| 205|0x000000008cd00000, 0x000000008ce00000, 0x000000008ce00000|100%| S|CS|TAMS 0x000000008cd00000, 0x000000008cd00000| Complete 
| 206|0x000000008ce00000, 0x000000008cf00000, 0x000000008cf00000|100%| S|CS|TAMS 0x000000008ce00000, 0x000000008ce00000| Complete 
| 207|0x000000008cf00000, 0x000000008d000000, 0x000000008d000000|100%| S|CS|TAMS 0x000000008cf00000, 0x000000008cf00000| Complete 
| 208|0x000000008d000000, 0x000000008d100000, 0x000000008d100000|100%| S|CS|TAMS 0x000000008d000000, 0x000000008d000000| Complete 
| 209|0x000000008d100000, 0x000000008d100000, 0x000000008d200000|  0%| F|  |TAMS 0x000000008d100000, 0x000000008d100000| Untracked 
| 210|0x000000008d200000, 0x000000008d200000, 0x000000008d300000|  0%| F|  |TAMS 0x000000008d200000, 0x000000008d200000| Untracked 
| 211|0x000000008d300000, 0x000000008d300000, 0x000000008d400000|  0%| F|  |TAMS 0x000000008d300000, 0x000000008d300000| Untracked 
| 212|0x000000008d400000, 0x000000008d400000, 0x000000008d500000|  0%| F|  |TAMS 0x000000008d400000, 0x000000008d400000| Untracked 
| 213|0x000000008d500000, 0x000000008d500000, 0x000000008d600000|  0%| F|  |TAMS 0x000000008d500000, 0x000000008d500000| Untracked 
| 214|0x000000008d600000, 0x000000008d600000, 0x000000008d700000|  0%| F|  |TAMS 0x000000008d600000, 0x000000008d600000| Untracked 
| 215|0x000000008d700000, 0x000000008d700000, 0x000000008d800000|  0%| F|  |TAMS 0x000000008d700000, 0x000000008d700000| Untracked 
| 216|0x000000008d800000, 0x000000008d800000, 0x000000008d900000|  0%| F|  |TAMS 0x000000008d800000, 0x000000008d800000| Untracked 
| 217|0x000000008d900000, 0x000000008d900000, 0x000000008da00000|  0%| F|  |TAMS 0x000000008d900000, 0x000000008d900000| Untracked 
| 218|0x000000008da00000, 0x000000008da00000, 0x000000008db00000|  0%| F|  |TAMS 0x000000008da00000, 0x000000008da00000| Untracked 
| 219|0x000000008db00000, 0x000000008db00000, 0x000000008dc00000|  0%| F|  |TAMS 0x000000008db00000, 0x000000008db00000| Untracked 
| 220|0x000000008dc00000, 0x000000008dc00000, 0x000000008dd00000|  0%| F|  |TAMS 0x000000008dc00000, 0x000000008dc00000| Untracked 
| 221|0x000000008dd00000, 0x000000008dd00000, 0x000000008de00000|  0%| F|  |TAMS 0x000000008dd00000, 0x000000008dd00000| Untracked 

Card table byte_map: [0x0000026ac09d0000,0x0000026ac0dd0000] _byte_map_base: 0x0000026ac05d0000

Marking Bits (Prev, Next): (CMBitMap*) 0x0000026aad7bd0e8, (CMBitMap*) 0x0000026aad7bd120
 Prev Bits: [0x0000026ac11d0000, 0x0000026ac31d0000)
 Next Bits: [0x0000026ac31d0000, 0x0000026ac51d0000)

Polling page: 0x0000026aab6e0000

Metaspace:

Usage:
  Non-class:     72.76 MB capacity,    71.34 MB ( 98%) used,     1.20 MB (  2%) free+waste,   229.69 KB ( <1%) overhead. 
      Class:     11.60 MB capacity,    10.74 MB ( 93%) used,   766.30 KB (  6%) free+waste,   109.12 KB ( <1%) overhead. 
       Both:     84.36 MB capacity,    82.08 MB ( 97%) used,     1.95 MB (  2%) free+waste,   338.81 KB ( <1%) overhead. 

Virtual space:
  Non-class space:       74.00 MB reserved,      72.87 MB ( 98%) committed 
      Class space:        1.00 GB reserved,      11.62 MB (  1%) committed 
             Both:        1.07 GB reserved,      84.50 MB (  8%) committed 

Chunk freelists:
   Non-Class:  48.00 KB
       Class:  26.00 KB
        Both:  74.00 KB

MaxMetaspaceSize: 17179869184.00 GB
CompressedClassSpaceSize: 1.00 GB
Initial GC threshold: 20.80 MB
Current GC threshold: 139.58 MB
CDS: off

CodeHeap 'non-profiled nmethods': size=120000Kb used=5537Kb max_used=5537Kb free=114462Kb
 bounds [0x0000026ab8d70000, 0x0000026ab92e0000, 0x0000026ac02a0000]
CodeHeap 'profiled nmethods': size=120000Kb used=18189Kb max_used=18189Kb free=101810Kb
 bounds [0x0000026ab1840000, 0x0000026ab2a10000, 0x0000026ab8d70000]
CodeHeap 'non-nmethods': size=5760Kb used=2381Kb max_used=2433Kb free=3378Kb
 bounds [0x0000026ab12a0000, 0x0000026ab1510000, 0x0000026ab1840000]
 total_blobs=9670 nmethods=8766 adapters=816
 compilation: enabled
              stopped_count=0, restarted_count=0
 full_count=0

Compilation events (20 events):
Event: 13.373 Thread 0x0000026ac7c4d000 8817       3       java.util.concurrent.locks.ReentrantReadWriteLock$Sync::tryAcquireShared (177 bytes)
Event: 13.376 Thread 0x0000026ac7c4d000 nmethod 8817 0x0000026ab29fda10 code [0x0000026ab29fdd00, 0x0000026ab29ff068]
Event: 13.376 Thread 0x0000026ac7c4d000 8818       3       java.util.concurrent.locks.ReentrantReadWriteLock$Sync::sharedCount (5 bytes)
Event: 13.376 Thread 0x0000026ac7c4d000 nmethod 8818 0x0000026ab29ff790 code [0x0000026ab29ff940, 0x0000026ab29ffa18]
Event: 13.376 Thread 0x0000026ac7c4d000 8819       3       java.util.concurrent.locks.ReentrantReadWriteLock$ReadLock::unlock (10 bytes)
Event: 13.376 Thread 0x0000026ac7c4d000 nmethod 8819 0x0000026ab29ffa90 code [0x0000026ab29ffc60, 0x0000026ab29fff18]
Event: 13.376 Thread 0x0000026ac7c4d000 8820       3       java.util.concurrent.locks.ReentrantReadWriteLock$Sync::tryReleaseShared (146 bytes)
Event: 13.377 Thread 0x0000026ac7c4d000 nmethod 8820 0x0000026ab2a00010 code [0x0000026ab2a002e0, 0x0000026ab2a01248]
Event: 13.377 Thread 0x0000026ac7c4d000 8821       1       java.util.concurrent.locks.ReentrantReadWriteLock::writeLock (5 bytes)
Event: 13.378 Thread 0x0000026ac7c4d000 nmethod 8821 0x0000026ab92d7d90 code [0x0000026ab92d7f40, 0x0000026ab92d7ff8]
Event: 13.378 Thread 0x0000026ac7c4d000 8822       3       java.util.concurrent.locks.ReentrantReadWriteLock$NonfairSync::readerShouldBlock (5 bytes)
Event: 13.379 Thread 0x0000026ac7c4d000 nmethod 8822 0x0000026ab2a01890 code [0x0000026ab2a01a40, 0x0000026ab2a01b68]
Event: 13.379 Thread 0x0000026ac7c4d000 8823       3       java.util.concurrent.locks.AbstractQueuedSynchronizer::apparentlyFirstQueuedIsExclusive (38 bytes)
Event: 13.379 Thread 0x0000026ac7c4d000 nmethod 8823 0x0000026ab2a01c10 code [0x0000026ab2a01de0, 0x0000026ab2a020b8]
Event: 13.393 Thread 0x0000026ac7c4d000 8825       3       java.lang.AbstractStringBuilder::append (55 bytes)
Event: 13.393 Thread 0x0000026ac7c4d000 nmethod 8825 0x0000026ab2a02190 code [0x0000026ab2a02380, 0x0000026ab2a026b8]
Event: 13.395 Thread 0x0000026ac7c4d000 8826       3       java.lang.Integer::getChars (131 bytes)
Event: 13.395 Thread 0x0000026ac7c4d000 nmethod 8826 0x0000026ab2a02810 code [0x0000026ab2a02a00, 0x0000026ab2a02e38]
Event: 13.399 Thread 0x0000026ac7c4d000 8827       3       java.lang.Integer::stringSize (47 bytes)
Event: 13.400 Thread 0x0000026ac7c4d000 nmethod 8827 0x0000026ab2a03090 code [0x0000026ab2a03240, 0x0000026ab2a03478]

GC Heap History (20 events):
Event: 9.119 GC heap after
{Heap after GC invocations=26 (full 0):
 garbage-first heap   total 189440K, used 100995K [0x0000000080000000, 0x0000000100000000)
  region size 1024K, 6 young (6144K), 6 survivors (6144K)
 Metaspace       used 57521K, capacity 59348K, committed 59516K, reserved 1101824K
  class space    used 7427K, capacity 8127K, committed 8192K, reserved 1048576K
}
Event: 9.652 GC heap before
{Heap before GC invocations=27 (full 0):
 garbage-first heap   total 189440K, used 134787K [0x0000000080000000, 0x0000000100000000)
  region size 1024K, 38 young (38912K), 6 survivors (6144K)
 Metaspace       used 61335K, capacity 63216K, committed 63356K, reserved 1103872K
  class space    used 7906K, capacity 8646K, committed 8704K, reserved 1048576K
}
Event: 9.655 GC heap after
{Heap after GC invocations=28 (full 0):
 garbage-first heap   total 189440K, used 103063K [0x0000000080000000, 0x0000000100000000)
  region size 1024K, 4 young (4096K), 4 survivors (4096K)
 Metaspace       used 61335K, capacity 63216K, committed 63356K, reserved 1103872K
  class space    used 7906K, capacity 8646K, committed 8704K, reserved 1048576K
}
Event: 10.323 GC heap before
{Heap before GC invocations=28 (full 0):
 garbage-first heap   total 189440K, used 137879K [0x0000000080000000, 0x0000000100000000)
  region size 1024K, 38 young (38912K), 4 survivors (4096K)
 Metaspace       used 67060K, capacity 69016K, committed 69244K, reserved 1110016K
  class space    used 8620K, capacity 9435K, committed 9472K, reserved 1048576K
}
Event: 10.330 GC heap after
{Heap after GC invocations=29 (full 0):
 garbage-first heap   total 189440K, used 105917K [0x0000000080000000, 0x0000000100000000)
  region size 1024K, 5 young (5120K), 5 survivors (5120K)
 Metaspace       used 67060K, capacity 69016K, committed 69244K, reserved 1110016K
  class space    used 8620K, capacity 9435K, committed 9472K, reserved 1048576K
}
Event: 10.418 GC heap before
{Heap before GC invocations=30 (full 0):
 garbage-first heap   total 189440K, used 107965K [0x0000000080000000, 0x0000000100000000)
  region size 1024K, 8 young (8192K), 5 survivors (5120K)
 Metaspace       used 67339K, capacity 69292K, committed 69500K, reserved 1110016K
  class space    used 8649K, capacity 9463K, committed 9472K, reserved 1048576K
}
Event: 10.423 GC heap after
{Heap after GC invocations=31 (full 0):
 garbage-first heap   total 189440K, used 106308K [0x0000000080000000, 0x0000000100000000)
  region size 1024K, 2 young (2048K), 2 survivors (2048K)
 Metaspace       used 67339K, capacity 69292K, committed 69500K, reserved 1110016K
  class space    used 8649K, capacity 9463K, committed 9472K, reserved 1048576K
}
Event: 10.726 GC heap before
{Heap before GC invocations=32 (full 0):
 garbage-first heap   total 189440K, used 139076K [0x0000000080000000, 0x0000000100000000)
  region size 1024K, 28 young (28672K), 2 survivors (2048K)
 Metaspace       used 68767K, capacity 70766K, committed 71036K, reserved 1110016K
  class space    used 8835K, capacity 9628K, committed 9728K, reserved 1048576K
}
Event: 10.730 GC heap after
{Heap after GC invocations=33 (full 0):
 garbage-first heap   total 227328K, used 108334K [0x0000000080000000, 0x0000000100000000)
  region size 1024K, 4 young (4096K), 4 survivors (4096K)
 Metaspace       used 68767K, capacity 70766K, committed 71036K, reserved 1110016K
  class space    used 8835K, capacity 9628K, committed 9728K, reserved 1048576K
}
Event: 11.095 GC heap before
{Heap before GC invocations=33 (full 0):
 garbage-first heap   total 227328K, used 141102K [0x0000000080000000, 0x0000000100000000)
  region size 1024K, 37 young (37888K), 4 survivors (4096K)
 Metaspace       used 71192K, capacity 73231K, committed 73340K, reserved 1112064K
  class space    used 9146K, capacity 9931K, committed 9984K, reserved 1048576K
}
Event: 11.101 GC heap after
{Heap after GC invocations=34 (full 0):
 garbage-first heap   total 227328K, used 110622K [0x0000000080000000, 0x0000000100000000)
  region size 1024K, 6 young (6144K), 6 survivors (6144K)
 Metaspace       used 71192K, capacity 73231K, committed 73340K, reserved 1112064K
  class space    used 9146K, capacity 9931K, committed 9984K, reserved 1048576K
}
Event: 11.662 GC heap before
{Heap before GC invocations=35 (full 0):
 garbage-first heap   total 227328K, used 158750K [0x0000000080000000, 0x0000000100000000)
  region size 1024K, 52 young (53248K), 6 survivors (6144K)
 Metaspace       used 74486K, capacity 76478K, committed 76668K, reserved 1116160K
  class space    used 9570K, capacity 10387K, committed 10496K, reserved 1048576K
}
Event: 11.668 GC heap after
{Heap after GC invocations=36 (full 0):
 garbage-first heap   total 227328K, used 113219K [0x0000000080000000, 0x0000000100000000)
  region size 1024K, 5 young (5120K), 5 survivors (5120K)
 Metaspace       used 74486K, capacity 76478K, committed 76668K, reserved 1116160K
  class space    used 9570K, capacity 10387K, committed 10496K, reserved 1048576K
}
Event: 12.055 GC heap before
{Heap before GC invocations=36 (full 0):
 garbage-first heap   total 227328K, used 163395K [0x0000000080000000, 0x0000000100000000)
  region size 1024K, 55 young (56320K), 5 survivors (5120K)
 Metaspace       used 75444K, capacity 77543K, committed 77820K, reserved 1116160K
  class space    used 9664K, capacity 10506K, committed 10624K, reserved 1048576K
}
Event: 12.065 GC heap after
{Heap after GC invocations=37 (full 0):
 garbage-first heap   total 227328K, used 116804K [0x0000000080000000, 0x0000000100000000)
  region size 1024K, 7 young (7168K), 7 survivors (7168K)
 Metaspace       used 75444K, capacity 77543K, committed 77820K, reserved 1116160K
  class space    used 9664K, capacity 10506K, committed 10624K, reserved 1048576K
}
Event: 12.797 GC heap before
{Heap before GC invocations=38 (full 0):
 garbage-first heap   total 227328K, used 169028K [0x0000000080000000, 0x0000000100000000)
  region size 1024K, 58 young (59392K), 7 survivors (7168K)
 Metaspace       used 80364K, capacity 82573K, committed 82684K, reserved 1120256K
  class space    used 10503K, capacity 11365K, committed 11392K, reserved 1048576K
}
Event: 12.807 GC heap after
{Heap after GC invocations=39 (full 0):
 garbage-first heap   total 227328K, used 119639K [0x0000000080000000, 0x0000000100000000)
  region size 1024K, 7 young (7168K), 7 survivors (7168K)
 Metaspace       used 80364K, capacity 82573K, committed 82684K, reserved 1120256K
  class space    used 10503K, capacity 11365K, committed 11392K, reserved 1048576K
}
Event: 13.257 GC heap before
{Heap before GC invocations=39 (full 0):
 garbage-first heap   total 227328K, used 173911K [0x0000000080000000, 0x0000000100000000)
  region size 1024K, 60 young (61440K), 7 survivors (7168K)
 Metaspace       used 82811K, capacity 85137K, committed 85372K, reserved 1122304K
  class space    used 10843K, capacity 11741K, committed 11776K, reserved 1048576K
}
Event: 13.265 GC heap after
{Heap after GC invocations=40 (full 0):
 garbage-first heap   total 227328K, used 123483K [0x0000000080000000, 0x0000000100000000)
  region size 1024K, 7 young (7168K), 7 survivors (7168K)
 Metaspace       used 82811K, capacity 85137K, committed 85372K, reserved 1122304K
  class space    used 10843K, capacity 11741K, committed 11776K, reserved 1048576K
}
Event: 13.479 GC heap before
{Heap before GC invocations=41 (full 0):
 garbage-first heap   total 227328K, used 134747K [0x0000000080000000, 0x0000000100000000)
  region size 1024K, 20 young (20480K), 7 survivors (7168K)
 Metaspace       used 84053K, capacity 86386K, committed 86524K, reserved 1124352K
  class space    used 11002K, capacity 11878K, committed 11904K, reserved 1048576K
}

Deoptimization events (20 events):
Event: 13.304 Thread 0x0000026acb23a800 Uncommon trap: trap_request=0xffffff4d fr.pc=0x0000026ab9064ce8 relative=0x0000000000000708
Event: 13.304 Thread 0x0000026acb23a800 Uncommon trap: reason=unstable_if action=reinterpret pc=0x0000026ab9064ce8 method=org.gradle.util.internal.SimpleMapInterner.intern(Ljava/lang/String;)Ljava/lang/String; @ 1 c2
Event: 13.304 Thread 0x0000026acb23a800 DEOPT PACKING pc=0x0000026ab9064ce8 sp=0x000000971a2f8830
Event: 13.304 Thread 0x0000026acb23a800 DEOPT UNPACKING pc=0x0000026ab12ea1af sp=0x000000971a2f87f8 mode 2
Event: 13.365 Thread 0x0000026acb23a800 Uncommon trap: trap_request=0xffffff4d fr.pc=0x0000026ab9213f60 relative=0x0000000000002740
Event: 13.365 Thread 0x0000026acb23a800 Uncommon trap: reason=unstable_if action=reinterpret pc=0x0000026ab9213f60 method=java.util.TreeMap.put(Ljava/lang/Object;Ljava/lang/Object;)Ljava/lang/Object; @ 163 c2
Event: 13.365 Thread 0x0000026acb23a800 DEOPT PACKING pc=0x0000026ab9213f60 sp=0x000000971a2fb6c0
Event: 13.365 Thread 0x0000026acb23a800 DEOPT UNPACKING pc=0x0000026ab12ea1af sp=0x000000971a2fb698 mode 2
Event: 13.379 Thread 0x0000026acb23a800 Uncommon trap: trap_request=0xffffff4d fr.pc=0x0000026ab92bba90 relative=0x00000000000006d0
Event: 13.379 Thread 0x0000026acb23a800 Uncommon trap: reason=unstable_if action=reinterpret pc=0x0000026ab92bba90 method=java.lang.Integer.stringSize(I)I @ 3 c2
Event: 13.379 Thread 0x0000026acb23a800 DEOPT PACKING pc=0x0000026ab92bba90 sp=0x000000971a2fc560
Event: 13.379 Thread 0x0000026acb23a800 DEOPT UNPACKING pc=0x0000026ab12ea1af sp=0x000000971a2fc4b0 mode 2
Event: 13.379 Thread 0x0000026acb23a800 Uncommon trap: trap_request=0xffffff4d fr.pc=0x0000026ab923e7f0 relative=0x0000000000000230
Event: 13.379 Thread 0x0000026acb23a800 Uncommon trap: reason=unstable_if action=reinterpret pc=0x0000026ab923e7f0 method=java.lang.Integer.getChars(II[B)I @ 4 c2
Event: 13.379 Thread 0x0000026acb23a800 DEOPT PACKING pc=0x0000026ab923e7f0 sp=0x000000971a2fc500
Event: 13.379 Thread 0x0000026acb23a800 DEOPT UNPACKING pc=0x0000026ab12ea1af sp=0x000000971a2fc490 mode 2
Event: 13.383 Thread 0x0000026acb23a800 Uncommon trap: trap_request=0xffffff4d fr.pc=0x0000026ab92bae38 relative=0x0000000000000098
Event: 13.383 Thread 0x0000026acb23a800 Uncommon trap: reason=unstable_if action=reinterpret pc=0x0000026ab92bae38 method=java.lang.Integer.stringSize(I)I @ 3 c2
Event: 13.383 Thread 0x0000026acb23a800 DEOPT PACKING pc=0x0000026ab92bae38 sp=0x000000971a2fc470
Event: 13.383 Thread 0x0000026acb23a800 DEOPT UNPACKING pc=0x0000026ab12ea1af sp=0x000000971a2fc3f8 mode 2

Classes redefined (0 events):
No events

Internal exceptions (20 events):
Event: 13.219 Thread 0x0000026acb23a800 Exception <a 'java/lang/ClassNotFoundException'{0x000000008b4eede8}: org/gradle/api/internal/artifacts/configurations/DefaultConfigurationContainer_DecoratedBeanInfo> (0x000000008b4eede8) thrown at [src/hotspot/share/classfile/systemDictionary.cpp, line 230]
Event: 13.220 Thread 0x0000026acb23a800 Exception <a 'java/lang/ClassNotFoundException'{0x000000008b320160}: org/gradle/api/internal/artifacts/configurations/DefaultConfigurationContainerBeanInfo> (0x000000008b320160) thrown at [src/hotspot/share/classfile/systemDictionary.cpp, line 230]
Event: 13.220 Thread 0x0000026acb23a800 Exception <a 'java/lang/ClassNotFoundException'{0x000000008b33dd18}: org/gradle/api/internal/AbstractValidatingNamedDomainObjectContainerBeanInfo> (0x000000008b33dd18) thrown at [src/hotspot/share/classfile/systemDictionary.cpp, line 230]
Event: 13.220 Thread 0x0000026acb23a800 Exception <a 'java/lang/ClassNotFoundException'{0x000000008b35baf0}: org/gradle/api/internal/AbstractValidatingNamedDomainObjectContainerCustomizer> (0x000000008b35baf0) thrown at [src/hotspot/share/classfile/systemDictionary.cpp, line 230]
Event: 13.221 Thread 0x0000026acb23a800 Exception <a 'java/lang/ClassNotFoundException'{0x000000008b397ae8}: org/gradle/api/internal/artifacts/configurations/DefaultConfigurationContainerCustomizer> (0x000000008b397ae8) thrown at [src/hotspot/share/classfile/systemDictionary.cpp, line 230]
Event: 13.222 Thread 0x0000026acb23a800 Exception <a 'java/lang/ClassNotFoundException'{0x000000008b3df008}: org/gradle/api/internal/artifacts/configurations/DefaultConfigurationContainer_DecoratedCustomizer> (0x000000008b3df008) thrown at [src/hotspot/share/classfile/systemDictionary.cpp, line 230]
Event: 13.231 Thread 0x0000026acb23a800 Exception <a 'java/lang/ClassNotFoundException'{0x000000008b072b70}: org/gradle/api/internal/artifacts/configurations/DefaultConfiguration_DecoratedBeanInfo> (0x000000008b072b70) thrown at [src/hotspot/share/classfile/systemDictionary.cpp, line 230]
Event: 13.231 Thread 0x0000026acb23a800 Exception <a 'java/lang/ClassNotFoundException'{0x000000008b0a2a30}: org/gradle/api/internal/artifacts/configurations/DefaultConfigurationBeanInfo> (0x000000008b0a2a30) thrown at [src/hotspot/share/classfile/systemDictionary.cpp, line 230]
Event: 13.232 Thread 0x0000026acb23a800 Exception <a 'java/lang/ClassNotFoundException'{0x000000008b0bf168}: org/gradle/api/internal/file/AbstractFileCollectionBeanInfo> (0x000000008b0bf168) thrown at [src/hotspot/share/classfile/systemDictionary.cpp, line 230]
Event: 13.232 Thread 0x0000026acb23a800 Exception <a 'java/lang/ClassNotFoundException'{0x000000008b0db8f0}: org/gradle/api/internal/file/AbstractFileCollectionCustomizer> (0x000000008b0db8f0) thrown at [src/hotspot/share/classfile/systemDictionary.cpp, line 230]
Event: 13.233 Thread 0x0000026acb23a800 Exception <a 'java/lang/ClassNotFoundException'{0x000000008af1dc38}: org/gradle/api/internal/artifacts/configurations/DefaultConfigurationCustomizer> (0x000000008af1dc38) thrown at [src/hotspot/share/classfile/systemDictionary.cpp, line 230]
Event: 13.236 Thread 0x0000026acb23a800 Exception <a 'java/lang/ClassNotFoundException'{0x000000008afb3028}: org/gradle/api/internal/artifacts/configurations/DefaultConfiguration_DecoratedCustomizer> (0x000000008afb3028) thrown at [src/hotspot/share/classfile/systemDictionary.cpp, line 230]
Event: 13.243 Thread 0x0000026acb23a800 Exception <a 'java/lang/ClassNotFoundException'{0x000000008ac43e20}: org/codehaus/groovy/runtime/MethodClosureBeanInfo> (0x000000008ac43e20) thrown at [src/hotspot/share/classfile/systemDictionary.cpp, line 230]
Event: 13.245 Thread 0x0000026acb23a800 Exception <a 'java/lang/ClassNotFoundException'{0x000000008aa20368}: org/codehaus/groovy/runtime/MethodClosureCustomizer> (0x000000008aa20368) thrown at [src/hotspot/share/classfile/systemDictionary.cpp, line 230]
Event: 13.247 Thread 0x0000026acb23a800 Exception <a 'java/lang/ClassNotFoundException'{0x000000008aa92d80}: org/gradle/api/internal/artifacts/configurations/DefaultConfiguration$ConfigurationResolvableDependencies_DecoratedBeanInfo> (0x000000008aa92d80) thrown at [src/hotspot/share/classfile/systemDictionary.cpp, line 230]
Event: 13.247 Thread 0x0000026acb23a800 Exception <a 'java/lang/ClassNotFoundException'{0x000000008aacbca0}: org/gradle/api/internal/artifacts/configurations/DefaultConfiguration$ConfigurationResolvableDependenciesBeanInfo> (0x000000008aacbca0) thrown at [src/hotspot/share/classfile/systemDictionary.cpp, line 230]
Event: 13.248 Thread 0x0000026acb23a800 Exception <a 'java/lang/ClassNotFoundException'{0x000000008a906b30}: org/gradle/api/internal/artifacts/configurations/DefaultConfiguration$ConfigurationResolvableDependenciesCustomizer> (0x000000008a906b30) thrown at [src/hotspot/share/classfile/systemDictionary.cpp, line 230]
Event: 13.248 Thread 0x0000026acb23a800 Exception <a 'java/lang/ClassNotFoundException'{0x000000008a952cb0}: org/gradle/api/internal/artifacts/configurations/DefaultConfiguration$ConfigurationResolvableDependencies_DecoratedCustomizer> (0x000000008a952cb0) thrown at [src/hotspot/share/classfile/systemDictionary.cpp, line 230]
Event: 13.304 Thread 0x0000026acb23a800 Implicit null exception at 0x0000026ab90636b1 to 0x0000026ab9063d98
Event: 13.304 Thread 0x0000026acb23a800 Implicit null exception at 0x0000026ab9064616 to 0x0000026ab9064cd4

Events (20 events):
Event: 13.462 loading class org/jetbrains/plugins/gradle/tooling/serialization/ExternalTestsSerializationService$WriteContext done
Event: 13.463 loading class org/jetbrains/plugins/gradle/tooling/serialization/ExternalTestsSerializationService$ReadContext
Event: 13.463 loading class org/jetbrains/plugins/gradle/tooling/serialization/ExternalTestsSerializationService$ReadContext done
Event: 13.463 loading class org/jetbrains/plugins/gradle/tooling/serialization/AnnotationProcessingModelSerializationService
Event: 13.463 loading class org/jetbrains/plugins/gradle/tooling/serialization/AnnotationProcessingModelSerializationService done
Event: 13.464 loading class org/jetbrains/plugins/gradle/tooling/serialization/AnnotationProcessingModelSerializationService$WriteContext
Event: 13.464 loading class org/jetbrains/plugins/gradle/tooling/serialization/AnnotationProcessingModelSerializationService$WriteContext done
Event: 13.464 loading class org/jetbrains/plugins/gradle/tooling/serialization/AnnotationProcessingModelSerializationService$ReadContext
Event: 13.464 loading class org/jetbrains/plugins/gradle/tooling/serialization/AnnotationProcessingModelSerializationService$ReadContext done
Event: 13.464 loading class org/jetbrains/plugins/gradle/tooling/serialization/ProjectDependenciesSerializationService
Event: 13.464 loading class org/jetbrains/plugins/gradle/tooling/serialization/ProjectDependenciesSerializationService done
Event: 13.465 loading class com/intellij/openapi/externalSystem/model/project/dependencies/ResolutionState
Event: 13.465 loading class com/intellij/openapi/externalSystem/model/project/dependencies/ResolutionState done
Event: 13.465 loading class org/jetbrains/plugins/gradle/tooling/serialization/ProjectDependenciesSerializationService$WriteContext
Event: 13.465 loading class org/jetbrains/plugins/gradle/tooling/serialization/ProjectDependenciesSerializationService$WriteContext done
Event: 13.465 loading class org/jetbrains/plugins/gradle/tooling/serialization/ProjectDependenciesSerializationService$ReadContext
Event: 13.465 loading class org/jetbrains/plugins/gradle/tooling/serialization/ProjectDependenciesSerializationService$ReadContext done
Event: 13.466 loading class org/jetbrains/plugins/gradle/tooling/serialization/KotlinDslScriptsModelSerializationService
Event: 13.466 loading class org/jetbrains/plugins/gradle/tooling/serialization/KotlinDslScriptsModelSerializationService done
Event: 13.478 Executing VM operation: G1CollectForAllocation


Dynamic libraries:
0x00007ff68b790000 - 0x00007ff68b79a000 	C:\Program Files\Android\Android Studio\jbr\bin\java.exe
0x00007ffbc9530000 - 0x00007ffbc9728000 	C:\WINDOWS\SYSTEM32\ntdll.dll
0x00007ffbc86b0000 - 0x00007ffbc8772000 	C:\WINDOWS\System32\KERNEL32.DLL
0x00007ffbc6fe0000 - 0x00007ffbc72df000 	C:\WINDOWS\System32\KERNELBASE.dll
0x00007ffbc7350000 - 0x00007ffbc7450000 	C:\WINDOWS\System32\ucrtbase.dll
0x00007ffbaab20000 - 0x00007ffbaab3b000 	C:\Program Files\Android\Android Studio\jbr\bin\VCRUNTIME140.dll
0x00007ffbc20b0000 - 0x00007ffbc20c7000 	C:\Program Files\Android\Android Studio\jbr\bin\jli.dll
0x00007ffbc75c0000 - 0x00007ffbc775d000 	C:\WINDOWS\System32\USER32.dll
0x00007ffbc74e0000 - 0x00007ffbc7502000 	C:\WINDOWS\System32\win32u.dll
0x00007ffba8650000 - 0x00007ffba88ea000 	C:\WINDOWS\WinSxS\amd64_microsoft.windows.common-controls_6595b64144ccf1df_6.0.19041.4355_none_60b8b9eb71f62e16\COMCTL32.dll
0x00007ffbc89d0000 - 0x00007ffbc89fb000 	C:\WINDOWS\System32\GDI32.dll
0x00007ffbc9050000 - 0x00007ffbc90ee000 	C:\WINDOWS\System32\msvcrt.dll
0x00007ffbc6c70000 - 0x00007ffbc6d87000 	C:\WINDOWS\System32\gdi32full.dll
0x00007ffbc6f40000 - 0x00007ffbc6fdd000 	C:\WINDOWS\System32\msvcp_win.dll
0x00007ffbc91d0000 - 0x00007ffbc91ff000 	C:\WINDOWS\System32\IMM32.DLL
0x00007ffbc03e0000 - 0x00007ffbc03ec000 	C:\Program Files\Android\Android Studio\jbr\bin\vcruntime140_1.dll
0x00007ffb8df80000 - 0x00007ffb8e00d000 	C:\Program Files\Android\Android Studio\jbr\bin\msvcp140.dll
0x00007ffb62e80000 - 0x00007ffb63a3c000 	C:\Program Files\Android\Android Studio\jbr\bin\server\jvm.dll
0x00007ffbc9380000 - 0x00007ffbc9431000 	C:\WINDOWS\System32\ADVAPI32.dll
0x00007ffbc92e0000 - 0x00007ffbc937f000 	C:\WINDOWS\System32\sechost.dll
0x00007ffbc8780000 - 0x00007ffbc88a3000 	C:\WINDOWS\System32\RPCRT4.dll
0x00007ffbc7510000 - 0x00007ffbc7537000 	C:\WINDOWS\System32\bcrypt.dll
0x00007ffbc92d0000 - 0x00007ffbc92d8000 	C:\WINDOWS\System32\PSAPI.DLL
0x00007ffbc2a40000 - 0x00007ffbc2a49000 	C:\WINDOWS\SYSTEM32\WSOCK32.dll
0x00007ffbb12c0000 - 0x00007ffbb12e7000 	C:\WINDOWS\SYSTEM32\WINMM.dll
0x00007ffbc8f00000 - 0x00007ffbc8f6b000 	C:\WINDOWS\System32\WS2_32.dll
0x00007ffbbd650000 - 0x00007ffbbd65a000 	C:\WINDOWS\SYSTEM32\VERSION.dll
0x00007ffbc4c20000 - 0x00007ffbc4c32000 	C:\WINDOWS\SYSTEM32\kernel.appcore.dll
0x00007ffbb7630000 - 0x00007ffbb7640000 	C:\Program Files\Android\Android Studio\jbr\bin\verify.dll
0x00007ffbc47f0000 - 0x00007ffbc49d4000 	C:\WINDOWS\SYSTEM32\DBGHELP.DLL
0x00007ffbae000000 - 0x00007ffbae034000 	C:\WINDOWS\SYSTEM32\dbgcore.DLL
0x00007ffbc7450000 - 0x00007ffbc74d2000 	C:\WINDOWS\System32\bcryptPrimitives.dll
0x00007ffbb4280000 - 0x00007ffbb42a8000 	C:\Program Files\Android\Android Studio\jbr\bin\java.dll
0x00007ffbb4270000 - 0x00007ffbb427a000 	C:\Program Files\Android\Android Studio\jbr\bin\jimage.dll
0x00007ffbb4250000 - 0x00007ffbb4268000 	C:\Program Files\Android\Android Studio\jbr\bin\zip.dll
0x00007ffbc78a0000 - 0x00007ffbc800e000 	C:\WINDOWS\System32\SHELL32.dll
0x00007ffbc4c40000 - 0x00007ffbc53e4000 	C:\WINDOWS\SYSTEM32\windows.storage.dll
0x00007ffbc81c0000 - 0x00007ffbc8515000 	C:\WINDOWS\System32\combase.dll
0x00007ffbc65f0000 - 0x00007ffbc661f000 	C:\WINDOWS\SYSTEM32\Wldp.dll
0x00007ffbc9200000 - 0x00007ffbc92cd000 	C:\WINDOWS\System32\OLEAUT32.dll
0x00007ffbc9440000 - 0x00007ffbc94ed000 	C:\WINDOWS\System32\SHCORE.dll
0x00007ffbc9150000 - 0x00007ffbc91a5000 	C:\WINDOWS\System32\shlwapi.dll
0x00007ffbc6af0000 - 0x00007ffbc6b14000 	C:\WINDOWS\SYSTEM32\profapi.dll
0x00007ffba0ec0000 - 0x00007ffba0ed9000 	C:\Program Files\Android\Android Studio\jbr\bin\net.dll
0x00007ffbbe4f0000 - 0x00007ffbbe5fd000 	C:\WINDOWS\SYSTEM32\WINHTTP.dll
0x00007ffbc6350000 - 0x00007ffbc63ba000 	C:\WINDOWS\system32\mswsock.dll
0x00007ffba0ea0000 - 0x00007ffba0eb3000 	C:\Program Files\Android\Android Studio\jbr\bin\nio.dll
0x00007ffbb77c0000 - 0x00007ffbb77e7000 	C:\Users\HP-PC\.gradle\native\e1d6ef7f7dcc3fd88c89a11ec53ec762bb8ba0a96d01ffa2cd45eb1d1d8dd5c5\windows-amd64\native-platform.dll
0x00007ffb84b40000 - 0x00007ffb84c84000 	C:\Users\HP-PC\.gradle\native\0d407fdbe67a94daf76414ababcb853783967236a71b16ec16e742cd7a986fd3\windows-amd64\native-platform-file-events.dll
0x00007ffbb35d0000 - 0x00007ffbb35da000 	C:\Program Files\Android\Android Studio\jbr\bin\management.dll
0x00007ffbb34e0000 - 0x00007ffbb34eb000 	C:\Program Files\Android\Android Studio\jbr\bin\management_ext.dll
0x00007ffbc6540000 - 0x00007ffbc6558000 	C:\WINDOWS\SYSTEM32\CRYPTSP.dll
0x00007ffbc5c00000 - 0x00007ffbc5c34000 	C:\WINDOWS\system32\rsaenh.dll
0x00007ffbc6a70000 - 0x00007ffbc6a9e000 	C:\WINDOWS\SYSTEM32\USERENV.dll
0x00007ffbc6560000 - 0x00007ffbc656c000 	C:\WINDOWS\SYSTEM32\CRYPTBASE.dll
0x00007ffbc5fe0000 - 0x00007ffbc601b000 	C:\WINDOWS\SYSTEM32\IPHLPAPI.DLL
0x00007ffbc8a00000 - 0x00007ffbc8a08000 	C:\WINDOWS\System32\NSI.dll
0x00007ffbbf2b0000 - 0x00007ffbbf2c7000 	C:\WINDOWS\SYSTEM32\dhcpcsvc6.DLL
0x00007ffbbf9c0000 - 0x00007ffbbf9dd000 	C:\WINDOWS\SYSTEM32\dhcpcsvc.DLL
0x00007ffbc6020000 - 0x00007ffbc60ea000 	C:\WINDOWS\SYSTEM32\DNSAPI.dll

dbghelp: loaded successfully - version: 4.0.5 - missing functions: none
symbol engine: initialized successfully - sym options: 0x614 - pdb path: .;C:\Program Files\Android\Android Studio\jbr\bin;C:\WINDOWS\SYSTEM32;C:\WINDOWS\WinSxS\amd64_microsoft.windows.common-controls_6595b64144ccf1df_6.0.19041.4355_none_60b8b9eb71f62e16;C:\Program Files\Android\Android Studio\jbr\bin\server;C:\Users\HP-PC\.gradle\native\e1d6ef7f7dcc3fd88c89a11ec53ec762bb8ba0a96d01ffa2cd45eb1d1d8dd5c5\windows-amd64;C:\Users\HP-PC\.gradle\native\0d407fdbe67a94daf76414ababcb853783967236a71b16ec16e742cd7a986fd3\windows-amd64

VM Arguments:
jvm_args: --add-opens=java.base/java.util=ALL-UNNAMED --add-opens=java.base/java.lang=ALL-UNNAMED --add-opens=java.base/java.lang.invoke=ALL-UNNAMED --add-opens=java.base/java.util=ALL-UNNAMED --add-opens=java.prefs/java.util.prefs=ALL-UNNAMED --add-opens=java.prefs/java.util.prefs=ALL-UNNAMED --add-opens=java.base/java.nio.charset=ALL-UNNAMED --add-opens=java.base/java.net=ALL-UNNAMED --add-opens=java.base/java.util.concurrent.atomic=ALL-UNNAMED -Xmx2048m -Dfile.encoding=UTF-8 -Duser.country=US -Duser.language=en -Duser.variant 
java_command: org.gradle.launcher.daemon.bootstrap.GradleDaemon 7.5
java_class_path (initial): C:\Users\HP-PC\.gradle\wrapper\dists\gradle-7.5-bin\f1w0cc9nuo0eivz97x2xlu9sv\gradle-7.5\lib\gradle-launcher-7.5.jar
Launcher Type: SUN_STANDARD

[Global flags]
     intx CICompilerCount                          = 4                                         {product} {ergonomic}
     uint ConcGCThreads                            = 2                                         {product} {ergonomic}
     uint G1ConcRefinementThreads                  = 8                                         {product} {ergonomic}
   size_t G1HeapRegionSize                         = 1048576                                   {product} {ergonomic}
    uintx GCDrainStackTargetSize                   = 64                                        {product} {ergonomic}
   size_t InitialHeapSize                          = 134217728                                 {product} {ergonomic}
   size_t MarkStackSize                            = 4194304                                   {product} {ergonomic}
   size_t MaxHeapSize                              = 2147483648                                {product} {command line}
   size_t MaxNewSize                               = 1287651328                                {product} {ergonomic}
   size_t MinHeapDeltaBytes                        = 1048576                                   {product} {ergonomic}
    uintx NonNMethodCodeHeapSize                   = 5836300                                {pd product} {ergonomic}
    uintx NonProfiledCodeHeapSize                  = 122910970                              {pd product} {ergonomic}
    uintx ProfiledCodeHeapSize                     = 122910970                              {pd product} {ergonomic}
    uintx ReservedCodeCacheSize                    = 251658240                              {pd product} {ergonomic}
     bool SegmentedCodeCache                       = true                                      {product} {ergonomic}
     bool UseCompressedClassPointers               = true                                 {lp64_product} {ergonomic}
     bool UseCompressedOops                        = true                                 {lp64_product} {ergonomic}
     bool UseG1GC                                  = true                                      {product} {ergonomic}
     bool UseLargePagesIndividualAllocation        = false                                  {pd product} {ergonomic}

Logging:
Log output configuration:
 #0: stdout all=warning uptime,level,tags
 #1: stderr all=off uptime,level,tags

Environment Variables:
PATH=C:\ProgramData\Oracle\Java\javapath;C:\Program Files (x86)\Common Files\Oracle\Java\javapath;C:\Windows\system32;C:\Windows;C:\Windows\System32\Wbem;C:\Windows\System32\WindowsPowerShell\v1.0\;C:\Windows\System32\OpenSSH\;C:\Program Files (x86)\NVIDIA Corporation\PhysX\Common;C:\WINDOWS\system32;C:\WINDOWS;C:\WINDOWS\System32\Wbem;C:\WINDOWS\System32\WindowsPowerShell\v1.0\;C:\WINDOWS\System32\OpenSSH\;C:\Program;C:\Program Files\Java\jdk1.8.0_151\bin;C:\Program Files\Git\cmd;C:\MinGW\bin;C:\Program Files\MySQL\MySQL Server 5.5\bin;C:\Users\HP-PC\AppData\Local\Programs\Python\Python311\Scripts\;C:\Users\HP-PC\AppData\Local\Programs\Python\Python311\;C:\Users\HP-PC\AppData\Local\Microsoft\WindowsApps;C:\IntelliJ IDEA 2021.2\bin;C:\Program Files\JetBrains\IntelliJ IDEA 2021.2\bin;C:\xampp\mysql\bin;;C:\Users\HP-PC\AppData\Local\Programs\Microsoft VS Code\bin
USERNAME=HP-PC
OS=Windows_NT
PROCESSOR_IDENTIFIER=Intel64 Family 6 Model 142 Stepping 10, GenuineIntel



---------------  S Y S T E M  ---------------

OS: Windows 10 , 64 bit Build 19041 (10.0.19041.5198)
OS uptime: 28 days 0:01 hours

CPU:total 8 (initial active 8) (4 cores per cpu, 2 threads per core) family 6 model 142 stepping 10 microcode 0xf4, cmov, cx8, fxsr, mmx, sse, sse2, sse3, ssse3, sse4.1, sse4.2, popcnt, avx, avx2, aes, clmul, erms, 3dnowpref, lzcnt, ht, tsc, tscinvbit, bmi1, bmi2, adx, fma

Memory: 4k page, system-wide physical 8094M (505M free)
TotalPageFile size 16880M (AvailPageFile size 9M)
current process WorkingSet (physical memory assigned to process): 482M, peak: 482M
current process commit charge ("private bytes"): 520M, peak: 565M

vm_info: OpenJDK 64-Bit Server VM (11.0.15+0-b2043.56-9505619) for windows-amd64 JRE (11.0.15+0-b2043.56-9505619), built on Jan 19 2023 02:48:00 by "builduser" with unknown MS VC++:1929

END.
