#
# There is insufficient memory for the Java Runtime Environment to continue.
# Native memory allocation (malloc) failed to allocate 1229456 bytes for Chunk::new
# Possible reasons:
#   The system is out of physical RAM or swap space
#   The process is running with CompressedOops enabled, and the Java Heap may be blocking the growth of the native heap
# Possible solutions:
#   Reduce memory load on the system
#   Increase physical memory or swap space
#   Check if swap backing store is full
#   Decrease Java heap size (-Xmx/-Xms)
#   Decrease number of Java threads
#   Decrease Java thread stack sizes (-Xss)
#   Set larger code cache with -XX:ReservedCodeCacheSize=
#   JVM is running with Unscaled Compressed Oops mode in which the Java heap is
#     placed in the first 4GB address space. The Java Heap base address is the
#     maximum limit for the native heap growth. Please use -XX:HeapBaseMinAddress
#     to set the Java Heap base and to place the Java Heap above 4GB virtual address.
# This output file may be truncated or incomplete.
#
#  Out of Memory Error (src/hotspot/share/memory/arena.cpp:197), pid=2528, tid=23276
#
# JRE version: OpenJDK Runtime Environment (11.0.15) (build 11.0.15+0-b2043.56-9505619)
# Java VM: OpenJDK 64-Bit Server VM (11.0.15+0-b2043.56-9505619, mixed mode, tiered, compressed oops, g1 gc, windows-amd64)
# No core dump will be written. Minidumps are not enabled by default on client versions of Windows
#

---------------  S U M M A R Y ------------

Command Line: --add-opens=java.base/java.util=ALL-UNNAMED --add-opens=java.base/java.lang=ALL-UNNAMED --add-opens=java.base/java.lang.invoke=ALL-UNNAMED --add-opens=java.base/java.util=ALL-UNNAMED --add-opens=java.prefs/java.util.prefs=ALL-UNNAMED --add-opens=java.prefs/java.util.prefs=ALL-UNNAMED --add-opens=java.base/java.nio.charset=ALL-UNNAMED --add-opens=java.base/java.net=ALL-UNNAMED --add-opens=java.base/java.util.concurrent.atomic=ALL-UNNAMED -Xmx2048m -Dfile.encoding=UTF-8 -Duser.country=US -Duser.language=en -Duser.variant org.gradle.launcher.daemon.bootstrap.GradleDaemon 7.5

Host: Intel(R) Core(TM) i5-8250U CPU @ 1.60GHz, 8 cores, 7G,  Windows 10 , 64 bit Build 19041 (10.0.19041.5198)
Time: Mon Apr 14 20:43:24 2025 India Standard Time elapsed time: 8.629026 seconds (0d 0h 0m 8s)

---------------  T H R E A D  ---------------

Current thread (0x000001c1990e2000):  JavaThread "C2 CompilerThread2" daemon [_thread_in_native, id=23276, stack(0x0000008339700000,0x0000008339800000)]


Current CompileTask:
C2:   8629 6288       4       org.objectweb.asm.MethodWriter::computeAllFrames (510 bytes)

Stack: [0x0000008339700000,0x0000008339800000]
Native frames: (J=compiled Java code, j=interpreted, Vv=VM code, C=native code)
V  [jvm.dll+0x64135a]
V  [jvm.dll+0x7d39f9]
V  [jvm.dll+0x7d51b9]
V  [jvm.dll+0x7d58a3]
V  [jvm.dll+0x2691c5]
V  [jvm.dll+0xc1a5c]
V  [jvm.dll+0xc200c]
V  [jvm.dll+0x3774a7]
V  [jvm.dll+0x342495]
V  [jvm.dll+0x34186a]
V  [jvm.dll+0x2214bd]
V  [jvm.dll+0x220498]
V  [jvm.dll+0x19e851]
V  [jvm.dll+0x230479]
V  [jvm.dll+0x22e5ef]
V  [jvm.dll+0x794de1]
V  [jvm.dll+0x78dc24]
V  [jvm.dll+0x6400f6]
C  [ucrtbase.dll+0x21bb2]
C  [KERNEL32.DLL+0x17374]
C  [ntdll.dll+0x4cc91]


---------------  P R O C E S S  ---------------

Threads class SMR info:
_java_thread_list=0x000001c19b0e0250, length=125, elements={
0x000001c1fa5fb000, 0x000001c1ffab1000, 0x000001c1ffab2800, 0x000001c1ffc25800,
0x000001c1ffc26000, 0x000001c1ffc28800, 0x000001c1ffc2b800, 0x000001c1ffc31000,
0x000001c1ffc32000, 0x000001c1ffd9f800, 0x000001c196f10800, 0x000001c197746800,
0x000001c1fffd8000, 0x000001c197509000, 0x000001c1986f9000, 0x000001c197bd6000,
0x000001c197c63800, 0x000001c196444000, 0x000001c197a94800, 0x000001c198069800,
0x000001c198067000, 0x000001c198068000, 0x000001c198068800, 0x000001c198426800,
0x000001c19842a000, 0x000001c198426000, 0x000001c198429000, 0x000001c198427800,
0x000001c198424000, 0x000001c19842a800, 0x000001c198425000, 0x000001c198428800,
0x000001c19ac83800, 0x000001c19ac86000, 0x000001c19ac80000, 0x000001c19ac8a000,
0x000001c19ac8a800, 0x000001c19ac8b800, 0x000001c19ac8c800, 0x000001c19ac86800,
0x000001c19ac8d000, 0x000001c19ac87800, 0x000001c19ac8e000, 0x000001c19ac88000,
0x000001c196430000, 0x000001c19642e800, 0x000001c196431000, 0x000001c19642c000,
0x000001c19642f800, 0x000001c19642d800, 0x000001c19642b000, 0x000001c196432000,
0x000001c196432800, 0x000001c19642d000, 0x000001c196435000, 0x000001c196439000,
0x000001c196433800, 0x000001c196436000, 0x000001c19643a000, 0x000001c196436800,
0x000001c196434000, 0x000001c196437800, 0x000001c196438800, 0x000001c198db5000,
0x000001c198db6000, 0x000001c198db2000, 0x000001c198db4800, 0x000001c198db3800,
0x000001c198db0800, 0x000001c198db7000, 0x000001c198db1000, 0x000001c198db7800,
0x000001c198db8800, 0x000001c198db3000, 0x000001c198dbf000, 0x000001c198dbb000,
0x000001c198db9800, 0x000001c198dbd800, 0x000001c198dbc000, 0x000001c198dbc800,
0x000001c198dbe000, 0x000001c198dba000, 0x000001c19598a000, 0x000001c195988000,
0x000001c19598a800, 0x000001c19598b800, 0x000001c195989000, 0x000001c195987800,
0x000001c19598d000, 0x000001c19598e800, 0x000001c19598e000, 0x000001c195991000,
0x000001c195990800, 0x000001c195992000, 0x000001c19598f800, 0x000001c19598c800,
0x000001c195993000, 0x000001c195995800, 0x000001c195993800, 0x000001c195994800,
0x000001c195996000, 0x000001c1959a9000, 0x000001c1959a5800, 0x000001c1959a4000,
0x000001c1959a4800, 0x000001c1959a8000, 0x000001c1959a7000, 0x000001c1959a6800,
0x000001c1959a3000, 0x000001c1959af800, 0x000001c1959a9800, 0x000001c1959b0000,
0x000001c1959ad000, 0x000001c1959ac000, 0x000001c1959ad800, 0x000001c1959ab800,
0x000001c1959ae800, 0x000001c1959aa800, 0x000001c1959b2000, 0x000001c1959b1000,
0x000001c198573800, 0x000001c19b3fc000, 0x000001c198574000, 0x000001c1990e2000,
0x000001c19856e800
}

Java Threads: ( => current thread )
  0x000001c1fa5fb000 JavaThread "main" [_thread_blocked, id=9212, stack(0x0000008330d00000,0x0000008330e00000)]
  0x000001c1ffab1000 JavaThread "Reference Handler" daemon [_thread_blocked, id=29964, stack(0x0000008331400000,0x0000008331500000)]
  0x000001c1ffab2800 JavaThread "Finalizer" daemon [_thread_blocked, id=21324, stack(0x0000008331500000,0x0000008331600000)]
  0x000001c1ffc25800 JavaThread "Signal Dispatcher" daemon [_thread_blocked, id=21564, stack(0x0000008331600000,0x0000008331700000)]
  0x000001c1ffc26000 JavaThread "Attach Listener" daemon [_thread_blocked, id=30848, stack(0x0000008331700000,0x0000008331800000)]
  0x000001c1ffc28800 JavaThread "Service Thread" daemon [_thread_blocked, id=28004, stack(0x0000008331800000,0x0000008331900000)]
  0x000001c1ffc2b800 JavaThread "C2 CompilerThread0" daemon [_thread_in_native, id=17152, stack(0x0000008331900000,0x0000008331a00000)]
  0x000001c1ffc31000 JavaThread "C1 CompilerThread0" daemon [_thread_in_native, id=17708, stack(0x0000008331a00000,0x0000008331b00000)]
  0x000001c1ffc32000 JavaThread "Sweeper thread" daemon [_thread_blocked, id=24120, stack(0x0000008331b00000,0x0000008331c00000)]
  0x000001c1ffd9f800 JavaThread "Common-Cleaner" daemon [_thread_blocked, id=13372, stack(0x0000008331c00000,0x0000008331d00000)]
  0x000001c196f10800 JavaThread "Daemon health stats" [_thread_blocked, id=2024, stack(0x0000008332200000,0x0000008332300000)]
  0x000001c197746800 JavaThread "Incoming local TCP Connector on port 49269" [_thread_in_native, id=14580, stack(0x0000008331e00000,0x0000008331f00000)]
  0x000001c1fffd8000 JavaThread "Daemon periodic checks" [_thread_blocked, id=24780, stack(0x0000008331f00000,0x0000008332000000)]
  0x000001c197509000 JavaThread "Daemon" [_thread_blocked, id=22232, stack(0x0000008332300000,0x0000008332400000)]
  0x000001c1986f9000 JavaThread "Handler for socket connection from /127.0.0.1:49269 to /127.0.0.1:49270" [_thread_in_native, id=12984, stack(0x0000008332400000,0x0000008332500000)]
  0x000001c197bd6000 JavaThread "Cancel handler" [_thread_blocked, id=14944, stack(0x0000008332500000,0x0000008332600000)]
  0x000001c197c63800 JavaThread "Daemon worker" [_thread_in_vm, id=10920, stack(0x0000008332600000,0x0000008332700000)]
  0x000001c196444000 JavaThread "Asynchronous log dispatcher for DefaultDaemonConnection: socket connection from /127.0.0.1:49269 to /127.0.0.1:49270" [_thread_blocked, id=27400, stack(0x0000008332800000,0x0000008332900000)]
  0x000001c197a94800 JavaThread "Stdin handler" [_thread_blocked, id=24140, stack(0x0000008332900000,0x0000008332a00000)]
  0x000001c198069800 JavaThread "Daemon client event forwarder" [_thread_blocked, id=15312, stack(0x0000008332a00000,0x0000008332b00000)]
  0x000001c198067000 JavaThread "Cache worker for journal cache (C:\Users\HP-PC\.gradle\caches\journal-1)" [_thread_blocked, id=6040, stack(0x0000008332b00000,0x0000008332c00000)]
  0x000001c198068000 JavaThread "File lock request listener" [_thread_in_native, id=10592, stack(0x0000008333100000,0x0000008333200000)]
  0x000001c198068800 JavaThread "Cache worker for file hash cache (C:\Users\HP-PC\.gradle\caches\7.5\fileHashes)" [_thread_blocked, id=9784, stack(0x0000008332700000,0x0000008332800000)]
  0x000001c198426800 JavaThread "File watcher server" daemon [_thread_in_native, id=11596, stack(0x0000008333500000,0x0000008333600000)]
  0x000001c19842a000 JavaThread "File watcher consumer" daemon [_thread_blocked, id=15508, stack(0x0000008333600000,0x0000008333700000)]
  0x000001c198426000 JavaThread "Cache worker for checksums cache (C:\Users\HP-PC\AndroidStudioProjects\TalathiAttendance-master\.gradle\7.5\checksums)" [_thread_blocked, id=14900, stack(0x0000008333700000,0x0000008333800000)]
  0x000001c198429000 JavaThread "Cache worker for cache directory md-rule (C:\Users\HP-PC\.gradle\caches\7.5\md-rule)" [_thread_blocked, id=24876, stack(0x0000008333800000,0x0000008333900000)]
  0x000001c198427800 JavaThread "Cache worker for file content cache (C:\Users\HP-PC\.gradle\caches\7.5\fileContent)" [_thread_blocked, id=23528, stack(0x0000008333900000,0x0000008333a00000)]
  0x000001c198424000 JavaThread "Cache worker for file hash cache (C:\Users\HP-PC\AndroidStudioProjects\TalathiAttendance-master\.gradle\7.5\fileHashes)" [_thread_blocked, id=24116, stack(0x0000008333a00000,0x0000008333b00000)]
  0x000001c19842a800 JavaThread "Cache worker for cache directory md-supplier (C:\Users\HP-PC\.gradle\caches\7.5\md-supplier)" [_thread_blocked, id=1520, stack(0x0000008333b00000,0x0000008333c00000)]
  0x000001c198425000 JavaThread "Cache worker for execution history cache (C:\Users\HP-PC\.gradle\caches\7.5\executionHistory)" [_thread_blocked, id=9304, stack(0x0000008333c00000,0x0000008333d00000)]
  0x000001c198428800 JavaThread "jar transforms" [_thread_blocked, id=29212, stack(0x0000008333d00000,0x0000008333e00000)]
  0x000001c19ac83800 JavaThread "jar transforms Thread 2" [_thread_blocked, id=31168, stack(0x0000008333e00000,0x0000008333f00000)]
  0x000001c19ac86000 JavaThread "jar transforms Thread 3" [_thread_blocked, id=25408, stack(0x0000008333f00000,0x0000008334000000)]
  0x000001c19ac80000 JavaThread "jar transforms Thread 4" [_thread_blocked, id=13104, stack(0x0000008334000000,0x0000008334100000)]
  0x000001c19ac8a000 JavaThread "Cache worker for dependencies-accessors (C:\Users\HP-PC\AndroidStudioProjects\TalathiAttendance-master\.gradle\7.5\dependencies-accessors)" [_thread_blocked, id=10576, stack(0x0000008334100000,0x0000008334200000)]
  0x000001c19ac8a800 JavaThread "jar transforms Thread 5" [_thread_blocked, id=14924, stack(0x0000008334200000,0x0000008334300000)]
  0x000001c19ac8b800 JavaThread "Cache worker for Build Output Cleanup Cache (C:\Users\HP-PC\AndroidStudioProjects\TalathiAttendance-master\.gradle\buildOutputCleanup)" [_thread_blocked, id=27420, stack(0x0000008334300000,0x0000008334400000)]
  0x000001c19ac8c800 JavaThread "Unconstrained build operations" [_thread_blocked, id=27196, stack(0x0000008334400000,0x0000008334500000)]
  0x000001c19ac86800 JavaThread "Unconstrained build operations Thread 2" [_thread_blocked, id=11028, stack(0x0000008334500000,0x0000008334600000)]
  0x000001c19ac8d000 JavaThread "Unconstrained build operations Thread 3" [_thread_blocked, id=25512, stack(0x0000008334600000,0x0000008334700000)]
  0x000001c19ac87800 JavaThread "Unconstrained build operations Thread 4" [_thread_blocked, id=19576, stack(0x0000008334700000,0x0000008334800000)]
  0x000001c19ac8e000 JavaThread "Unconstrained build operations Thread 5" [_thread_blocked, id=27792, stack(0x0000008334800000,0x0000008334900000)]
  0x000001c19ac88000 JavaThread "Unconstrained build operations Thread 6" [_thread_blocked, id=32536, stack(0x0000008334900000,0x0000008334a00000)]
  0x000001c196430000 JavaThread "Unconstrained build operations Thread 7" [_thread_blocked, id=6844, stack(0x0000008334a00000,0x0000008334b00000)]
  0x000001c19642e800 JavaThread "Unconstrained build operations Thread 8" [_thread_blocked, id=16636, stack(0x0000008334b00000,0x0000008334c00000)]
  0x000001c196431000 JavaThread "Unconstrained build operations Thread 9" [_thread_blocked, id=21916, stack(0x0000008334c00000,0x0000008334d00000)]
  0x000001c19642c000 JavaThread "Unconstrained build operations Thread 10" [_thread_blocked, id=3292, stack(0x0000008334d00000,0x0000008334e00000)]
  0x000001c19642f800 JavaThread "Unconstrained build operations Thread 11" [_thread_blocked, id=32892, stack(0x0000008334e00000,0x0000008334f00000)]
  0x000001c19642d800 JavaThread "Unconstrained build operations Thread 12" [_thread_blocked, id=29928, stack(0x0000008334f00000,0x0000008335000000)]
  0x000001c19642b000 JavaThread "Unconstrained build operations Thread 13" [_thread_blocked, id=30688, stack(0x0000008335000000,0x0000008335100000)]
  0x000001c196432000 JavaThread "Unconstrained build operations Thread 14" [_thread_blocked, id=3764, stack(0x0000008335100000,0x0000008335200000)]
  0x000001c196432800 JavaThread "Unconstrained build operations Thread 15" [_thread_blocked, id=27824, stack(0x0000008335200000,0x0000008335300000)]
  0x000001c19642d000 JavaThread "Unconstrained build operations Thread 16" [_thread_blocked, id=32260, stack(0x0000008335300000,0x0000008335400000)]
  0x000001c196435000 JavaThread "Unconstrained build operations Thread 17" [_thread_blocked, id=9184, stack(0x0000008335400000,0x0000008335500000)]
  0x000001c196439000 JavaThread "Unconstrained build operations Thread 18" [_thread_blocked, id=13432, stack(0x0000008335500000,0x0000008335600000)]
  0x000001c196433800 JavaThread "Unconstrained build operations Thread 19" [_thread_blocked, id=31176, stack(0x0000008335600000,0x0000008335700000)]
  0x000001c196436000 JavaThread "Unconstrained build operations Thread 20" [_thread_blocked, id=14224, stack(0x0000008335700000,0x0000008335800000)]
  0x000001c19643a000 JavaThread "Unconstrained build operations Thread 21" [_thread_blocked, id=2036, stack(0x0000008335800000,0x0000008335900000)]
  0x000001c196436800 JavaThread "Unconstrained build operations Thread 22" [_thread_blocked, id=23204, stack(0x0000008335900000,0x0000008335a00000)]
  0x000001c196434000 JavaThread "Unconstrained build operations Thread 23" [_thread_blocked, id=17796, stack(0x0000008335a00000,0x0000008335b00000)]
  0x000001c196437800 JavaThread "Unconstrained build operations Thread 24" [_thread_blocked, id=26980, stack(0x0000008335b00000,0x0000008335c00000)]
  0x000001c196438800 JavaThread "Unconstrained build operations Thread 25" [_thread_blocked, id=27476, stack(0x0000008335c00000,0x0000008335d00000)]
  0x000001c198db5000 JavaThread "Unconstrained build operations Thread 26" [_thread_blocked, id=9940, stack(0x0000008335d00000,0x0000008335e00000)]
  0x000001c198db6000 JavaThread "Unconstrained build operations Thread 27" [_thread_blocked, id=14352, stack(0x0000008335e00000,0x0000008335f00000)]
  0x000001c198db2000 JavaThread "Unconstrained build operations Thread 28" [_thread_blocked, id=12704, stack(0x0000008335f00000,0x0000008336000000)]
  0x000001c198db4800 JavaThread "Unconstrained build operations Thread 29" [_thread_blocked, id=17996, stack(0x0000008336000000,0x0000008336100000)]
  0x000001c198db3800 JavaThread "Unconstrained build operations Thread 30" [_thread_blocked, id=19524, stack(0x0000008336100000,0x0000008336200000)]
  0x000001c198db0800 JavaThread "Unconstrained build operations Thread 31" [_thread_blocked, id=22032, stack(0x0000008336200000,0x0000008336300000)]
  0x000001c198db7000 JavaThread "Unconstrained build operations Thread 32" [_thread_blocked, id=4264, stack(0x0000008336300000,0x0000008336400000)]
  0x000001c198db1000 JavaThread "Unconstrained build operations Thread 33" [_thread_blocked, id=12300, stack(0x0000008336400000,0x0000008336500000)]
  0x000001c198db7800 JavaThread "Unconstrained build operations Thread 34" [_thread_blocked, id=5264, stack(0x0000008336500000,0x0000008336600000)]
  0x000001c198db8800 JavaThread "Unconstrained build operations Thread 35" [_thread_blocked, id=5348, stack(0x0000008336600000,0x0000008336700000)]
  0x000001c198db3000 JavaThread "Unconstrained build operations Thread 36" [_thread_blocked, id=30732, stack(0x0000008336700000,0x0000008336800000)]
  0x000001c198dbf000 JavaThread "Unconstrained build operations Thread 37" [_thread_blocked, id=9512, stack(0x0000008336800000,0x0000008336900000)]
  0x000001c198dbb000 JavaThread "Unconstrained build operations Thread 38" [_thread_blocked, id=1940, stack(0x0000008336900000,0x0000008336a00000)]
  0x000001c198db9800 JavaThread "Unconstrained build operations Thread 39" [_thread_blocked, id=15268, stack(0x0000008336a00000,0x0000008336b00000)]
  0x000001c198dbd800 JavaThread "Unconstrained build operations Thread 40" [_thread_blocked, id=30760, stack(0x0000008336b00000,0x0000008336c00000)]
  0x000001c198dbc000 JavaThread "Unconstrained build operations Thread 41" [_thread_blocked, id=20144, stack(0x0000008336c00000,0x0000008336d00000)]
  0x000001c198dbc800 JavaThread "Unconstrained build operations Thread 42" [_thread_blocked, id=15212, stack(0x0000008336d00000,0x0000008336e00000)]
  0x000001c198dbe000 JavaThread "Unconstrained build operations Thread 43" [_thread_blocked, id=31324, stack(0x0000008336e00000,0x0000008336f00000)]
  0x000001c198dba000 JavaThread "Unconstrained build operations Thread 44" [_thread_blocked, id=26356, stack(0x0000008336f00000,0x0000008337000000)]
  0x000001c19598a000 JavaThread "Unconstrained build operations Thread 45" [_thread_blocked, id=33508, stack(0x0000008337000000,0x0000008337100000)]
  0x000001c195988000 JavaThread "Unconstrained build operations Thread 46" [_thread_blocked, id=32316, stack(0x0000008337100000,0x0000008337200000)]
  0x000001c19598a800 JavaThread "Unconstrained build operations Thread 47" [_thread_blocked, id=24868, stack(0x0000008337200000,0x0000008337300000)]
  0x000001c19598b800 JavaThread "Unconstrained build operations Thread 48" [_thread_blocked, id=17500, stack(0x0000008337300000,0x0000008337400000)]
  0x000001c195989000 JavaThread "Unconstrained build operations Thread 49" [_thread_blocked, id=32444, stack(0x0000008337400000,0x0000008337500000)]
  0x000001c195987800 JavaThread "Unconstrained build operations Thread 50" [_thread_blocked, id=32400, stack(0x0000008337500000,0x0000008337600000)]
  0x000001c19598d000 JavaThread "Unconstrained build operations Thread 51" [_thread_blocked, id=19948, stack(0x0000008337600000,0x0000008337700000)]
  0x000001c19598e800 JavaThread "Unconstrained build operations Thread 52" [_thread_blocked, id=13944, stack(0x0000008337700000,0x0000008337800000)]
  0x000001c19598e000 JavaThread "Unconstrained build operations Thread 53" [_thread_blocked, id=29920, stack(0x0000008337800000,0x0000008337900000)]
  0x000001c195991000 JavaThread "Unconstrained build operations Thread 54" [_thread_blocked, id=21832, stack(0x0000008337900000,0x0000008337a00000)]
  0x000001c195990800 JavaThread "Unconstrained build operations Thread 55" [_thread_blocked, id=31664, stack(0x0000008337a00000,0x0000008337b00000)]
  0x000001c195992000 JavaThread "Unconstrained build operations Thread 56" [_thread_blocked, id=1480, stack(0x0000008337b00000,0x0000008337c00000)]
  0x000001c19598f800 JavaThread "Unconstrained build operations Thread 57" [_thread_blocked, id=30852, stack(0x0000008337c00000,0x0000008337d00000)]
  0x000001c19598c800 JavaThread "Unconstrained build operations Thread 58" [_thread_blocked, id=3592, stack(0x0000008337d00000,0x0000008337e00000)]
  0x000001c195993000 JavaThread "Unconstrained build operations Thread 59" [_thread_blocked, id=11608, stack(0x0000008337e00000,0x0000008337f00000)]
  0x000001c195995800 JavaThread "Unconstrained build operations Thread 60" [_thread_blocked, id=6428, stack(0x0000008337f00000,0x0000008338000000)]
  0x000001c195993800 JavaThread "Unconstrained build operations Thread 61" [_thread_blocked, id=33336, stack(0x0000008338000000,0x0000008338100000)]
  0x000001c195994800 JavaThread "Unconstrained build operations Thread 62" [_thread_blocked, id=1400, stack(0x0000008338100000,0x0000008338200000)]
  0x000001c195996000 JavaThread "Unconstrained build operations Thread 63" [_thread_blocked, id=15352, stack(0x0000008338200000,0x0000008338300000)]
  0x000001c1959a9000 JavaThread "Unconstrained build operations Thread 64" [_thread_blocked, id=26632, stack(0x0000008338300000,0x0000008338400000)]
  0x000001c1959a5800 JavaThread "Unconstrained build operations Thread 65" [_thread_blocked, id=6812, stack(0x0000008338400000,0x0000008338500000)]
  0x000001c1959a4000 JavaThread "Unconstrained build operations Thread 66" [_thread_blocked, id=4084, stack(0x0000008338500000,0x0000008338600000)]
  0x000001c1959a4800 JavaThread "Unconstrained build operations Thread 67" [_thread_blocked, id=16352, stack(0x0000008338600000,0x0000008338700000)]
  0x000001c1959a8000 JavaThread "Unconstrained build operations Thread 68" [_thread_blocked, id=8676, stack(0x0000008338700000,0x0000008338800000)]
  0x000001c1959a7000 JavaThread "Unconstrained build operations Thread 69" [_thread_blocked, id=8892, stack(0x0000008338800000,0x0000008338900000)]
  0x000001c1959a6800 JavaThread "Unconstrained build operations Thread 70" [_thread_blocked, id=13228, stack(0x0000008338900000,0x0000008338a00000)]
  0x000001c1959a3000 JavaThread "Unconstrained build operations Thread 71" [_thread_blocked, id=31368, stack(0x0000008338a00000,0x0000008338b00000)]
  0x000001c1959af800 JavaThread "Unconstrained build operations Thread 72" [_thread_blocked, id=9560, stack(0x0000008338b00000,0x0000008338c00000)]
  0x000001c1959a9800 JavaThread "Unconstrained build operations Thread 73" [_thread_blocked, id=7736, stack(0x0000008338c00000,0x0000008338d00000)]
  0x000001c1959b0000 JavaThread "Unconstrained build operations Thread 74" [_thread_blocked, id=6348, stack(0x0000008338d00000,0x0000008338e00000)]
  0x000001c1959ad000 JavaThread "Unconstrained build operations Thread 75" [_thread_blocked, id=26860, stack(0x0000008338e00000,0x0000008338f00000)]
  0x000001c1959ac000 JavaThread "Unconstrained build operations Thread 76" [_thread_blocked, id=33228, stack(0x0000008338f00000,0x0000008339000000)]
  0x000001c1959ad800 JavaThread "Unconstrained build operations Thread 77" [_thread_blocked, id=24960, stack(0x0000008339000000,0x0000008339100000)]
  0x000001c1959ab800 JavaThread "Unconstrained build operations Thread 78" [_thread_blocked, id=31464, stack(0x0000008339100000,0x0000008339200000)]
  0x000001c1959ae800 JavaThread "Unconstrained build operations Thread 79" [_thread_blocked, id=21556, stack(0x0000008339200000,0x0000008339300000)]
  0x000001c1959aa800 JavaThread "Unconstrained build operations Thread 80" [_thread_blocked, id=17520, stack(0x0000008339300000,0x0000008339400000)]
  0x000001c1959b2000 JavaThread "jar transforms Thread 6" [_thread_blocked, id=23452, stack(0x0000008339400000,0x0000008339500000)]
  0x000001c1959b1000 JavaThread "jar transforms Thread 7" [_thread_blocked, id=7116, stack(0x0000008339500000,0x0000008339600000)]
  0x000001c198573800 JavaThread "jar transforms Thread 8" [_thread_blocked, id=10156, stack(0x0000008339600000,0x0000008339700000)]
  0x000001c19b3fc000 JavaThread "C2 CompilerThread1" daemon [_thread_in_native, id=13904, stack(0x0000008333300000,0x0000008333400000)]
  0x000001c198574000 JavaThread "build event listener" [_thread_blocked, id=29192, stack(0x0000008333400000,0x0000008333500000)]
=>0x000001c1990e2000 JavaThread "C2 CompilerThread2" daemon [_thread_in_native, id=23276, stack(0x0000008339700000,0x0000008339800000)]
  0x000001c19856e800 JavaThread "Memory manager" [_thread_blocked, id=31108, stack(0x0000008339800000,0x0000008339900000)]

Other Threads:
  0x000001c1ffaab800 VMThread "VM Thread" [stack: 0x0000008331300000,0x0000008331400000] [id=24496]
  0x000001c1ffda0800 WatcherThread [stack: 0x0000008331d00000,0x0000008331e00000] [id=15208]
  0x000001c1fa614000 GCTaskThread "GC Thread#0" [stack: 0x0000008330e00000,0x0000008330f00000] [id=28428]
  0x000001c196456000 GCTaskThread "GC Thread#1" [stack: 0x0000008332000000,0x0000008332100000] [id=29644]
  0x000001c1964f4000 GCTaskThread "GC Thread#2" [stack: 0x0000008332100000,0x0000008332200000] [id=27408]
  0x000001c196f54800 GCTaskThread "GC Thread#3" [stack: 0x0000008332c00000,0x0000008332d00000] [id=31976]
  0x000001c197649800 GCTaskThread "GC Thread#4" [stack: 0x0000008332d00000,0x0000008332e00000] [id=23520]
  0x000001c197cc1000 GCTaskThread "GC Thread#5" [stack: 0x0000008332e00000,0x0000008332f00000] [id=18188]
  0x000001c198451800 GCTaskThread "GC Thread#6" [stack: 0x0000008332f00000,0x0000008333000000] [id=28872]
  0x000001c198452000 GCTaskThread "GC Thread#7" [stack: 0x0000008333000000,0x0000008333100000] [id=22568]
  0x000001c1fa647000 ConcurrentGCThread "G1 Main Marker" [stack: 0x0000008330f00000,0x0000008331000000] [id=30736]
  0x000001c1fa649800 ConcurrentGCThread "G1 Conc#0" [stack: 0x0000008331000000,0x0000008331100000] [id=22836]
  0x000001c196443000 ConcurrentGCThread "G1 Conc#1" [stack: 0x0000008333200000,0x0000008333300000] [id=8524]
  0x000001c1ff8fa800 ConcurrentGCThread "G1 Refine#0" [stack: 0x0000008331100000,0x0000008331200000] [id=28600]
  0x000001c1ff8fb800 ConcurrentGCThread "G1 Young RemSet Sampling" [stack: 0x0000008331200000,0x0000008331300000] [id=19348]

Threads with active compile tasks:
C2 CompilerThread0     8681 6409       4       java.util.regex.Pattern::append (39 bytes)
C2 CompilerThread1     8681 6398       4       org.objectweb.asm.MethodWriter::visitInsn (115 bytes)
C2 CompilerThread2     8681 6288       4       org.objectweb.asm.MethodWriter::computeAllFrames (510 bytes)

VM state:not at safepoint (normal execution)

VM Mutex/Monitor currently owned by a thread: None

Heap address: 0x0000000080000000, size: 2048 MB, Compressed Oops mode: 32-bit
Narrow klass base: 0x0000000000000000, Narrow klass shift: 3
Compressed class space size: 1073741824 Address: 0x0000000100000000

Heap:
 garbage-first heap   total 157696K, used 100474K [0x0000000080000000, 0x0000000100000000)
  region size 1024K, 43 young (44032K), 2 survivors (2048K)
 Metaspace       used 62540K, capacity 64226K, committed 64552K, reserved 1105920K
  class space    used 7933K, capacity 8588K, committed 8728K, reserved 1048576K
Heap Regions: E=young(eden), S=young(survivor), O=old, HS=humongous(starts), HC=humongous(continues), CS=collection set, F=free, A=archive, TAMS=top-at-mark-start (previous, next)
|   0|0x0000000080000000, 0x0000000080100000, 0x0000000080100000|100%| O|  |TAMS 0x0000000080100000, 0x0000000080000000| Untracked 
|   1|0x0000000080100000, 0x0000000080200000, 0x0000000080200000|100%| O|  |TAMS 0x0000000080200000, 0x0000000080100000| Untracked 
|   2|0x0000000080200000, 0x0000000080300000, 0x0000000080300000|100%| O|  |TAMS 0x0000000080300000, 0x0000000080200000| Untracked 
|   3|0x0000000080300000, 0x0000000080400000, 0x0000000080400000|100%|HS|  |TAMS 0x0000000080400000, 0x0000000080300000| Complete 
|   4|0x0000000080400000, 0x0000000080500000, 0x0000000080500000|100%|HC|  |TAMS 0x0000000080500000, 0x0000000080400000| Complete 
|   5|0x0000000080500000, 0x0000000080600000, 0x0000000080600000|100%|HC|  |TAMS 0x0000000080600000, 0x0000000080500000| Complete 
|   6|0x0000000080600000, 0x0000000080700000, 0x0000000080700000|100%| O|  |TAMS 0x0000000080700000, 0x0000000080600000| Untracked 
|   7|0x0000000080700000, 0x0000000080800000, 0x0000000080800000|100%| O|  |TAMS 0x0000000080800000, 0x0000000080700000| Untracked 
|   8|0x0000000080800000, 0x0000000080900000, 0x0000000080900000|100%| O|  |TAMS 0x0000000080900000, 0x0000000080800000| Untracked 
|   9|0x0000000080900000, 0x0000000080a00000, 0x0000000080a00000|100%| O|  |TAMS 0x0000000080a00000, 0x0000000080900000| Untracked 
|  10|0x0000000080a00000, 0x0000000080b00000, 0x0000000080b00000|100%| O|  |TAMS 0x0000000080b00000, 0x0000000080a00000| Untracked 
|  11|0x0000000080b00000, 0x0000000080c00000, 0x0000000080c00000|100%| O|  |TAMS 0x0000000080c00000, 0x0000000080b00000| Untracked 
|  12|0x0000000080c00000, 0x0000000080d00000, 0x0000000080d00000|100%| O|  |TAMS 0x0000000080d00000, 0x0000000080c00000| Untracked 
|  13|0x0000000080d00000, 0x0000000080e00000, 0x0000000080e00000|100%| O|  |TAMS 0x0000000080e00000, 0x0000000080d00000| Untracked 
|  14|0x0000000080e00000, 0x0000000080f00000, 0x0000000080f00000|100%| O|  |TAMS 0x0000000080f00000, 0x0000000080e00000| Untracked 
|  15|0x0000000080f00000, 0x0000000081000000, 0x0000000081000000|100%| O|  |TAMS 0x0000000081000000, 0x0000000080f00000| Untracked 
|  16|0x0000000081000000, 0x0000000081100000, 0x0000000081100000|100%|HS|  |TAMS 0x0000000081100000, 0x0000000081000000| Complete 
|  17|0x0000000081100000, 0x0000000081200000, 0x0000000081200000|100%| O|  |TAMS 0x0000000081200000, 0x0000000081100000| Untracked 
|  18|0x0000000081200000, 0x0000000081300000, 0x0000000081300000|100%| O|  |TAMS 0x0000000081300000, 0x0000000081200000| Untracked 
|  19|0x0000000081300000, 0x0000000081400000, 0x0000000081400000|100%| O|  |TAMS 0x0000000081400000, 0x0000000081300000| Untracked 
|  20|0x0000000081400000, 0x0000000081500000, 0x0000000081500000|100%| O|  |TAMS 0x0000000081500000, 0x0000000081400000| Untracked 
|  21|0x0000000081500000, 0x0000000081600000, 0x0000000081600000|100%| O|  |TAMS 0x0000000081600000, 0x0000000081500000| Untracked 
|  22|0x0000000081600000, 0x0000000081700000, 0x0000000081700000|100%| O|  |TAMS 0x0000000081700000, 0x0000000081600000| Untracked 
|  23|0x0000000081700000, 0x0000000081800000, 0x0000000081800000|100%| O|  |TAMS 0x0000000081800000, 0x0000000081700000| Untracked 
|  24|0x0000000081800000, 0x0000000081900000, 0x0000000081900000|100%| O|  |TAMS 0x0000000081900000, 0x0000000081800000| Untracked 
|  25|0x0000000081900000, 0x0000000081a00000, 0x0000000081a00000|100%| O|  |TAMS 0x0000000081a00000, 0x0000000081900000| Untracked 
|  26|0x0000000081a00000, 0x0000000081b00000, 0x0000000081b00000|100%| O|  |TAMS 0x0000000081b00000, 0x0000000081a00000| Untracked 
|  27|0x0000000081b00000, 0x0000000081c00000, 0x0000000081c00000|100%| O|  |TAMS 0x0000000081c00000, 0x0000000081b00000| Untracked 
|  28|0x0000000081c00000, 0x0000000081d00000, 0x0000000081d00000|100%|HS|  |TAMS 0x0000000081d00000, 0x0000000081c00000| Complete 
|  29|0x0000000081d00000, 0x0000000081e00000, 0x0000000081e00000|100%|HS|  |TAMS 0x0000000081e00000, 0x0000000081d00000| Complete 
|  30|0x0000000081e00000, 0x0000000081f00000, 0x0000000081f00000|100%|HS|  |TAMS 0x0000000081f00000, 0x0000000081e00000| Complete 
|  31|0x0000000081f00000, 0x0000000082000000, 0x0000000082000000|100%|HC|  |TAMS 0x0000000082000000, 0x0000000081f00000| Complete 
|  32|0x0000000082000000, 0x0000000082100000, 0x0000000082100000|100%|HC|  |TAMS 0x0000000082100000, 0x0000000082000000| Complete 
|  33|0x0000000082100000, 0x0000000082200000, 0x0000000082200000|100%| O|  |TAMS 0x0000000082200000, 0x0000000082100000| Untracked 
|  34|0x0000000082200000, 0x0000000082300000, 0x0000000082300000|100%| O|  |TAMS 0x0000000082300000, 0x0000000082200000| Untracked 
|  35|0x0000000082300000, 0x0000000082400000, 0x0000000082400000|100%| O|  |TAMS 0x0000000082400000, 0x0000000082300000| Untracked 
|  36|0x0000000082400000, 0x0000000082500000, 0x0000000082500000|100%| O|  |TAMS 0x0000000082500000, 0x0000000082400000| Untracked 
|  37|0x0000000082500000, 0x0000000082600000, 0x0000000082600000|100%| O|  |TAMS 0x0000000082600000, 0x0000000082500000| Untracked 
|  38|0x0000000082600000, 0x0000000082700000, 0x0000000082700000|100%| O|  |TAMS 0x0000000082700000, 0x0000000082600000| Untracked 
|  39|0x0000000082700000, 0x0000000082800000, 0x0000000082800000|100%| O|  |TAMS 0x0000000082800000, 0x0000000082700000| Untracked 
|  40|0x0000000082800000, 0x0000000082900000, 0x0000000082900000|100%| O|  |TAMS 0x0000000082900000, 0x0000000082800000| Untracked 
|  41|0x0000000082900000, 0x0000000082a00000, 0x0000000082a00000|100%| O|  |TAMS 0x0000000082a00000, 0x0000000082900000| Untracked 
|  42|0x0000000082a00000, 0x0000000082b00000, 0x0000000082b00000|100%| O|  |TAMS 0x0000000082b00000, 0x0000000082a00000| Untracked 
|  43|0x0000000082b00000, 0x0000000082c00000, 0x0000000082c00000|100%| O|  |TAMS 0x0000000082c00000, 0x0000000082b00000| Untracked 
|  44|0x0000000082c00000, 0x0000000082d00000, 0x0000000082d00000|100%| O|  |TAMS 0x0000000082d00000, 0x0000000082c00000| Untracked 
|  45|0x0000000082d00000, 0x0000000082e00000, 0x0000000082e00000|100%| O|  |TAMS 0x0000000082e00000, 0x0000000082d00000| Untracked 
|  46|0x0000000082e00000, 0x0000000082f00000, 0x0000000082f00000|100%| O|  |TAMS 0x0000000082f00000, 0x0000000082e00000| Untracked 
|  47|0x0000000082f00000, 0x0000000083000000, 0x0000000083000000|100%| O|  |TAMS 0x0000000083000000, 0x0000000082f00000| Untracked 
|  48|0x0000000083000000, 0x0000000083100000, 0x0000000083100000|100%| O|  |TAMS 0x0000000083100000, 0x0000000083000000| Untracked 
|  49|0x0000000083100000, 0x000000008311ea00, 0x0000000083200000| 11%| O|  |TAMS 0x000000008311ea00, 0x0000000083100000| Untracked 
|  50|0x0000000083200000, 0x0000000083300000, 0x0000000083300000|100%|HS|  |TAMS 0x0000000083200000, 0x0000000083200000| Complete 
|  51|0x0000000083300000, 0x0000000083400000, 0x0000000083400000|100%|HS|  |TAMS 0x0000000083300000, 0x0000000083300000| Complete 
|  52|0x0000000083400000, 0x0000000083500000, 0x0000000083500000|100%|HS|  |TAMS 0x0000000083400000, 0x0000000083400000| Complete 
|  53|0x0000000083500000, 0x0000000083600000, 0x0000000083600000|100%|HS|  |TAMS 0x0000000083500000, 0x0000000083500000| Complete 
|  54|0x0000000083600000, 0x0000000083700000, 0x0000000083700000|100%|HS|  |TAMS 0x0000000083600000, 0x0000000083600000| Complete 
|  55|0x0000000083700000, 0x0000000083800000, 0x0000000083800000|100%|HS|  |TAMS 0x0000000083700000, 0x0000000083700000| Complete 
|  56|0x0000000083800000, 0x0000000083900000, 0x0000000083900000|100%|HS|  |TAMS 0x0000000083800000, 0x0000000083800000| Complete 
|  57|0x0000000083900000, 0x0000000083900000, 0x0000000083a00000|  0%| F|  |TAMS 0x0000000083900000, 0x0000000083900000| Untracked 
|  58|0x0000000083a00000, 0x0000000083a00000, 0x0000000083b00000|  0%| F|  |TAMS 0x0000000083a00000, 0x0000000083a00000| Untracked 
|  59|0x0000000083b00000, 0x0000000083b00000, 0x0000000083c00000|  0%| F|  |TAMS 0x0000000083b00000, 0x0000000083b00000| Untracked 
|  60|0x0000000083c00000, 0x0000000083c00000, 0x0000000083d00000|  0%| F|  |TAMS 0x0000000083c00000, 0x0000000083c00000| Untracked 
|  61|0x0000000083d00000, 0x0000000083d00000, 0x0000000083e00000|  0%| F|  |TAMS 0x0000000083d00000, 0x0000000083d00000| Untracked 
|  62|0x0000000083e00000, 0x0000000083e00000, 0x0000000083f00000|  0%| F|  |TAMS 0x0000000083e00000, 0x0000000083e00000| Untracked 
|  63|0x0000000083f00000, 0x0000000083f00000, 0x0000000084000000|  0%| F|  |TAMS 0x0000000083f00000, 0x0000000083f00000| Untracked 
|  64|0x0000000084000000, 0x0000000084000000, 0x0000000084100000|  0%| F|  |TAMS 0x0000000084000000, 0x0000000084000000| Untracked 
|  65|0x0000000084100000, 0x0000000084100000, 0x0000000084200000|  0%| F|  |TAMS 0x0000000084100000, 0x0000000084100000| Untracked 
|  66|0x0000000084200000, 0x0000000084200000, 0x0000000084300000|  0%| F|  |TAMS 0x0000000084200000, 0x0000000084200000| Untracked 
|  67|0x0000000084300000, 0x0000000084300000, 0x0000000084400000|  0%| F|  |TAMS 0x0000000084300000, 0x0000000084300000| Untracked 
|  68|0x0000000084400000, 0x0000000084400000, 0x0000000084500000|  0%| F|  |TAMS 0x0000000084400000, 0x0000000084400000| Untracked 
|  69|0x0000000084500000, 0x0000000084500000, 0x0000000084600000|  0%| F|  |TAMS 0x0000000084500000, 0x0000000084500000| Untracked 
|  70|0x0000000084600000, 0x0000000084600000, 0x0000000084700000|  0%| F|  |TAMS 0x0000000084600000, 0x0000000084600000| Untracked 
|  71|0x0000000084700000, 0x0000000084700000, 0x0000000084800000|  0%| F|  |TAMS 0x0000000084700000, 0x0000000084700000| Untracked 
|  72|0x0000000084800000, 0x0000000084800000, 0x0000000084900000|  0%| F|  |TAMS 0x0000000084800000, 0x0000000084800000| Untracked 
|  73|0x0000000084900000, 0x0000000084900000, 0x0000000084a00000|  0%| F|  |TAMS 0x0000000084900000, 0x0000000084900000| Untracked 
|  74|0x0000000084a00000, 0x0000000084a00000, 0x0000000084b00000|  0%| F|  |TAMS 0x0000000084a00000, 0x0000000084a00000| Untracked 
|  75|0x0000000084b00000, 0x0000000084b00000, 0x0000000084c00000|  0%| F|  |TAMS 0x0000000084b00000, 0x0000000084b00000| Untracked 
|  76|0x0000000084c00000, 0x0000000084c00000, 0x0000000084d00000|  0%| F|  |TAMS 0x0000000084c00000, 0x0000000084c00000| Untracked 
|  77|0x0000000084d00000, 0x0000000084d00000, 0x0000000084e00000|  0%| F|  |TAMS 0x0000000084d00000, 0x0000000084d00000| Untracked 
|  78|0x0000000084e00000, 0x0000000084e00000, 0x0000000084f00000|  0%| F|  |TAMS 0x0000000084e00000, 0x0000000084e00000| Untracked 
|  79|0x0000000084f00000, 0x0000000084f00000, 0x0000000085000000|  0%| F|  |TAMS 0x0000000084f00000, 0x0000000084f00000| Untracked 
|  80|0x0000000085000000, 0x0000000085000000, 0x0000000085100000|  0%| F|  |TAMS 0x0000000085000000, 0x0000000085000000| Untracked 
|  81|0x0000000085100000, 0x0000000085100000, 0x0000000085200000|  0%| F|  |TAMS 0x0000000085100000, 0x0000000085100000| Untracked 
|  82|0x0000000085200000, 0x0000000085200000, 0x0000000085300000|  0%| F|  |TAMS 0x0000000085200000, 0x0000000085200000| Untracked 
|  83|0x0000000085300000, 0x0000000085300000, 0x0000000085400000|  0%| F|  |TAMS 0x0000000085300000, 0x0000000085300000| Untracked 
|  84|0x0000000085400000, 0x0000000085400000, 0x0000000085500000|  0%| F|  |TAMS 0x0000000085400000, 0x0000000085400000| Untracked 
|  85|0x0000000085500000, 0x0000000085500000, 0x0000000085600000|  0%| F|  |TAMS 0x0000000085500000, 0x0000000085500000| Untracked 
|  86|0x0000000085600000, 0x0000000085600000, 0x0000000085700000|  0%| F|  |TAMS 0x0000000085600000, 0x0000000085600000| Untracked 
|  87|0x0000000085700000, 0x0000000085700000, 0x0000000085800000|  0%| F|  |TAMS 0x0000000085700000, 0x0000000085700000| Untracked 
|  88|0x0000000085800000, 0x0000000085800000, 0x0000000085900000|  0%| F|  |TAMS 0x0000000085800000, 0x0000000085800000| Untracked 
|  89|0x0000000085900000, 0x0000000085900000, 0x0000000085a00000|  0%| F|  |TAMS 0x0000000085900000, 0x0000000085900000| Untracked 
|  90|0x0000000085a00000, 0x0000000085a00000, 0x0000000085b00000|  0%| F|  |TAMS 0x0000000085a00000, 0x0000000085a00000| Untracked 
|  91|0x0000000085b00000, 0x0000000085b00000, 0x0000000085c00000|  0%| F|  |TAMS 0x0000000085b00000, 0x0000000085b00000| Untracked 
|  92|0x0000000085c00000, 0x0000000085c00000, 0x0000000085d00000|  0%| F|  |TAMS 0x0000000085c00000, 0x0000000085c00000| Untracked 
|  93|0x0000000085d00000, 0x0000000085d00000, 0x0000000085e00000|  0%| F|  |TAMS 0x0000000085d00000, 0x0000000085d00000| Untracked 
|  94|0x0000000085e00000, 0x0000000085e00000, 0x0000000085f00000|  0%| F|  |TAMS 0x0000000085e00000, 0x0000000085e00000| Untracked 
|  95|0x0000000085f00000, 0x0000000085f00000, 0x0000000086000000|  0%| F|  |TAMS 0x0000000085f00000, 0x0000000085f00000| Untracked 
|  96|0x0000000086000000, 0x0000000086000000, 0x0000000086100000|  0%| F|  |TAMS 0x0000000086000000, 0x0000000086000000| Untracked 
|  97|0x0000000086100000, 0x0000000086100000, 0x0000000086200000|  0%| F|  |TAMS 0x0000000086100000, 0x0000000086100000| Untracked 
|  98|0x0000000086200000, 0x0000000086200000, 0x0000000086300000|  0%| F|  |TAMS 0x0000000086200000, 0x0000000086200000| Untracked 
|  99|0x0000000086300000, 0x0000000086300000, 0x0000000086400000|  0%| F|  |TAMS 0x0000000086300000, 0x0000000086300000| Untracked 
| 100|0x0000000086400000, 0x0000000086400000, 0x0000000086500000|  0%| F|  |TAMS 0x0000000086400000, 0x0000000086400000| Untracked 
| 101|0x0000000086500000, 0x0000000086500000, 0x0000000086600000|  0%| F|  |TAMS 0x0000000086500000, 0x0000000086500000| Untracked 
| 102|0x0000000086600000, 0x0000000086600000, 0x0000000086700000|  0%| F|  |TAMS 0x0000000086600000, 0x0000000086600000| Untracked 
| 103|0x0000000086700000, 0x0000000086700000, 0x0000000086800000|  0%| F|  |TAMS 0x0000000086700000, 0x0000000086700000| Untracked 
| 104|0x0000000086800000, 0x0000000086800000, 0x0000000086900000|  0%| F|  |TAMS 0x0000000086800000, 0x0000000086800000| Untracked 
| 105|0x0000000086900000, 0x0000000086900000, 0x0000000086a00000|  0%| F|  |TAMS 0x0000000086900000, 0x0000000086900000| Untracked 
| 106|0x0000000086a00000, 0x0000000086a00000, 0x0000000086b00000|  0%| F|  |TAMS 0x0000000086a00000, 0x0000000086a00000| Untracked 
| 107|0x0000000086b00000, 0x0000000086b00000, 0x0000000086c00000|  0%| F|  |TAMS 0x0000000086b00000, 0x0000000086b00000| Untracked 
| 108|0x0000000086c00000, 0x0000000086c00000, 0x0000000086d00000|  0%| F|  |TAMS 0x0000000086c00000, 0x0000000086c00000| Untracked 
| 109|0x0000000086d00000, 0x0000000086d00000, 0x0000000086e00000|  0%| F|  |TAMS 0x0000000086d00000, 0x0000000086d00000| Untracked 
| 110|0x0000000086e00000, 0x0000000086e00000, 0x0000000086f00000|  0%| F|  |TAMS 0x0000000086e00000, 0x0000000086e00000| Untracked 
| 111|0x0000000086f00000, 0x0000000087000000, 0x0000000087000000|100%| E|  |TAMS 0x0000000086f00000, 0x0000000086f00000| Complete 
| 112|0x0000000087000000, 0x0000000087100000, 0x0000000087100000|100%| E|CS|TAMS 0x0000000087000000, 0x0000000087000000| Complete 
| 113|0x0000000087100000, 0x0000000087200000, 0x0000000087200000|100%| E|CS|TAMS 0x0000000087100000, 0x0000000087100000| Complete 
| 114|0x0000000087200000, 0x0000000087300000, 0x0000000087300000|100%| E|CS|TAMS 0x0000000087200000, 0x0000000087200000| Complete 
| 115|0x0000000087300000, 0x0000000087400000, 0x0000000087400000|100%| E|CS|TAMS 0x0000000087300000, 0x0000000087300000| Complete 
| 116|0x0000000087400000, 0x0000000087500000, 0x0000000087500000|100%| E|CS|TAMS 0x0000000087400000, 0x0000000087400000| Complete 
| 117|0x0000000087500000, 0x0000000087600000, 0x0000000087600000|100%| E|CS|TAMS 0x0000000087500000, 0x0000000087500000| Complete 
| 118|0x0000000087600000, 0x0000000087700000, 0x0000000087700000|100%| E|CS|TAMS 0x0000000087600000, 0x0000000087600000| Complete 
| 119|0x0000000087700000, 0x0000000087800000, 0x0000000087800000|100%| E|CS|TAMS 0x0000000087700000, 0x0000000087700000| Complete 
| 120|0x0000000087800000, 0x0000000087900000, 0x0000000087900000|100%| E|CS|TAMS 0x0000000087800000, 0x0000000087800000| Complete 
| 121|0x0000000087900000, 0x0000000087a00000, 0x0000000087a00000|100%| E|CS|TAMS 0x0000000087900000, 0x0000000087900000| Complete 
| 122|0x0000000087a00000, 0x0000000087b00000, 0x0000000087b00000|100%| E|CS|TAMS 0x0000000087a00000, 0x0000000087a00000| Complete 
| 123|0x0000000087b00000, 0x0000000087c00000, 0x0000000087c00000|100%| S|CS|TAMS 0x0000000087b00000, 0x0000000087b00000| Complete 
| 124|0x0000000087c00000, 0x0000000087d00000, 0x0000000087d00000|100%| S|CS|TAMS 0x0000000087c00000, 0x0000000087c00000| Complete 
| 125|0x0000000087d00000, 0x0000000087e00000, 0x0000000087e00000|100%| E|CS|TAMS 0x0000000087d00000, 0x0000000087d00000| Complete 
| 126|0x0000000087e00000, 0x0000000087f00000, 0x0000000087f00000|100%| E|CS|TAMS 0x0000000087e00000, 0x0000000087e00000| Complete 
| 127|0x0000000087f00000, 0x0000000088000000, 0x0000000088000000|100%| E|CS|TAMS 0x0000000087f00000, 0x0000000087f00000| Complete 
| 128|0x0000000088000000, 0x0000000088100000, 0x0000000088100000|100%| E|CS|TAMS 0x0000000088000000, 0x0000000088000000| Complete 
| 129|0x0000000088100000, 0x0000000088200000, 0x0000000088200000|100%| E|CS|TAMS 0x0000000088100000, 0x0000000088100000| Complete 
| 130|0x0000000088200000, 0x0000000088300000, 0x0000000088300000|100%| E|CS|TAMS 0x0000000088200000, 0x0000000088200000| Complete 
| 131|0x0000000088300000, 0x0000000088400000, 0x0000000088400000|100%| E|CS|TAMS 0x0000000088300000, 0x0000000088300000| Complete 
| 132|0x0000000088400000, 0x0000000088500000, 0x0000000088500000|100%| E|CS|TAMS 0x0000000088400000, 0x0000000088400000| Complete 
| 133|0x0000000088500000, 0x0000000088600000, 0x0000000088600000|100%| E|CS|TAMS 0x0000000088500000, 0x0000000088500000| Complete 
| 134|0x0000000088600000, 0x0000000088700000, 0x0000000088700000|100%| E|CS|TAMS 0x0000000088600000, 0x0000000088600000| Complete 
| 135|0x0000000088700000, 0x0000000088800000, 0x0000000088800000|100%| E|CS|TAMS 0x0000000088700000, 0x0000000088700000| Complete 
| 136|0x0000000088800000, 0x0000000088900000, 0x0000000088900000|100%| E|CS|TAMS 0x0000000088800000, 0x0000000088800000| Complete 
| 137|0x0000000088900000, 0x0000000088a00000, 0x0000000088a00000|100%| E|CS|TAMS 0x0000000088900000, 0x0000000088900000| Complete 
| 138|0x0000000088a00000, 0x0000000088b00000, 0x0000000088b00000|100%| E|CS|TAMS 0x0000000088a00000, 0x0000000088a00000| Complete 
| 139|0x0000000088b00000, 0x0000000088c00000, 0x0000000088c00000|100%| E|CS|TAMS 0x0000000088b00000, 0x0000000088b00000| Complete 
| 140|0x0000000088c00000, 0x0000000088d00000, 0x0000000088d00000|100%| E|CS|TAMS 0x0000000088c00000, 0x0000000088c00000| Complete 
| 141|0x0000000088d00000, 0x0000000088e00000, 0x0000000088e00000|100%| E|CS|TAMS 0x0000000088d00000, 0x0000000088d00000| Complete 
| 142|0x0000000088e00000, 0x0000000088f00000, 0x0000000088f00000|100%| E|CS|TAMS 0x0000000088e00000, 0x0000000088e00000| Complete 
| 143|0x0000000088f00000, 0x0000000089000000, 0x0000000089000000|100%| E|CS|TAMS 0x0000000088f00000, 0x0000000088f00000| Complete 
| 144|0x0000000089000000, 0x0000000089100000, 0x0000000089100000|100%| E|CS|TAMS 0x0000000089000000, 0x0000000089000000| Complete 
| 145|0x0000000089100000, 0x0000000089200000, 0x0000000089200000|100%| E|CS|TAMS 0x0000000089100000, 0x0000000089100000| Complete 
| 146|0x0000000089200000, 0x0000000089300000, 0x0000000089300000|100%| E|CS|TAMS 0x0000000089200000, 0x0000000089200000| Complete 
| 147|0x0000000089300000, 0x0000000089400000, 0x0000000089400000|100%| E|CS|TAMS 0x0000000089300000, 0x0000000089300000| Complete 
| 148|0x0000000089400000, 0x0000000089500000, 0x0000000089500000|100%| E|CS|TAMS 0x0000000089400000, 0x0000000089400000| Complete 
| 149|0x0000000089500000, 0x0000000089600000, 0x0000000089600000|100%| E|CS|TAMS 0x0000000089500000, 0x0000000089500000| Complete 
| 150|0x0000000089600000, 0x0000000089700000, 0x0000000089700000|100%| E|CS|TAMS 0x0000000089600000, 0x0000000089600000| Complete 
| 151|0x0000000089700000, 0x0000000089800000, 0x0000000089800000|100%| E|CS|TAMS 0x0000000089700000, 0x0000000089700000| Complete 
| 152|0x0000000089800000, 0x0000000089900000, 0x0000000089900000|100%| E|CS|TAMS 0x0000000089800000, 0x0000000089800000| Complete 
| 153|0x0000000089900000, 0x0000000089a00000, 0x0000000089a00000|100%| E|CS|TAMS 0x0000000089900000, 0x0000000089900000| Complete 

Card table byte_map: [0x000001c1fe850000,0x000001c1fec50000] _byte_map_base: 0x000001c1fe450000

Marking Bits (Prev, Next): (CMBitMap*) 0x000001c1fa63e6d0, (CMBitMap*) 0x000001c1fa63e698
 Prev Bits: [0x000001c191000000, 0x000001c193000000)
 Next Bits: [0x000001c18f000000, 0x000001c191000000)

Polling page: 0x000001c1f9dd0000

Metaspace:

Usage:
  Non-class:     54.40 MB capacity,    53.35 MB ( 98%) used,   893.66 KB (  2%) free+waste,   178.19 KB ( <1%) overhead. 
      Class:      8.39 MB capacity,     7.75 MB ( 92%) used,   566.30 KB (  7%) free+waste,    85.31 KB ( <1%) overhead. 
       Both:     62.78 MB capacity,    61.10 MB ( 97%) used,     1.43 MB (  2%) free+waste,   263.50 KB ( <1%) overhead. 

Virtual space:
  Non-class space:       56.00 MB reserved,      54.52 MB ( 97%) committed 
      Class space:        1.00 GB reserved,       8.52 MB ( <1%) committed 
             Both:        1.05 GB reserved,      63.04 MB (  6%) committed 

Chunk freelists:
   Non-Class:  58.00 KB
       Class:  20.00 KB
        Both:  78.00 KB

MaxMetaspaceSize: 17179869184.00 GB
CompressedClassSpaceSize: 1.00 GB
Initial GC threshold: 20.80 MB
Current GC threshold: 99.23 MB
CDS: off

CodeHeap 'non-profiled nmethods': size=120000Kb used=3856Kb max_used=3856Kb free=116143Kb
 bounds [0x000001c187ad0000, 0x000001c187ea0000, 0x000001c18f000000]
CodeHeap 'profiled nmethods': size=120000Kb used=13235Kb max_used=13235Kb free=106764Kb
 bounds [0x000001c1805a0000, 0x000001c181290000, 0x000001c187ad0000]
CodeHeap 'non-nmethods': size=5760Kb used=2352Kb max_used=2386Kb free=3407Kb
 bounds [0x000001c180000000, 0x000001c180270000, 0x000001c1805a0000]
 total_blobs=7269 nmethods=6407 adapters=773
 compilation: enabled
              stopped_count=0, restarted_count=0
 full_count=0

Compilation events (20 events):
Event: 8.620 Thread 0x000001c1ffc31000 nmethod 6347 0x000001c181260410 code [0x000001c1812605e0, 0x000001c181260888]
Event: 8.620 Thread 0x000001c1ffc2b800 6348       4       com.google.common.collect.ImmutableList::iterator (5 bytes)
Event: 8.620 Thread 0x000001c1ffc31000 6346       3       org.gradle.internal.logging.events.CategorisedOutputEvent::<init> (21 bytes)
Event: 8.620 Thread 0x000001c1ffc31000 nmethod 6346 0x000001c181260990 code [0x000001c181260b60, 0x000001c181260dd8]
Event: 8.620 Thread 0x000001c1ffc31000 6349       3       java.util.concurrent.atomic.AtomicBoolean::set (14 bytes)
Event: 8.621 Thread 0x000001c1ffc31000 nmethod 6349 0x000001c181260f10 code [0x000001c1812610c0, 0x000001c181261218]
Event: 8.621 Thread 0x000001c1ffc31000 6350       3       org.gradle.internal.operations.DefaultBuildOperationRunner::assertParentRunning (47 bytes)
Event: 8.622 Thread 0x000001c1ffc2b800 nmethod 6348 0x000001c187e89690 code [0x000001c187e89820, 0x000001c187e89898]
Event: 8.622 Thread 0x000001c1ffc2b800 6355       4       java.lang.ThreadLocal$ThreadLocalMap::set (136 bytes)
Event: 8.622 Thread 0x000001c1ffc31000 nmethod 6350 0x000001c181261290 code [0x000001c181261560, 0x000001c1812623c8]
Event: 8.622 Thread 0x000001c1ffc31000 6354       3       org.gradle.internal.logging.progress.DefaultProgressLoggerFactory$ProgressLoggerImpl::ensureNotNull (11 bytes)
Event: 8.622 Thread 0x000001c1ffc31000 nmethod 6354 0x000001c181262910 code [0x000001c181262ac0, 0x000001c181262c18]
Event: 8.622 Thread 0x000001c1ffc31000 6351       3       org.gradle.internal.operations.CurrentBuildOperationRef::set (23 bytes)
Event: 8.623 Thread 0x000001c1ffc31000 nmethod 6351 0x000001c181262c90 code [0x000001c181262e60, 0x000001c181263138]
Event: 8.623 Thread 0x000001c1ffc31000 6352       3       org.gradle.internal.operations.BuildOperationState::setRunning (9 bytes)
Event: 8.623 Thread 0x000001c1ffc31000 nmethod 6352 0x000001c181263210 code [0x000001c1812633c0, 0x000001c181263598]
Event: 8.623 Thread 0x000001c1ffc31000 6353       3       org.gradle.internal.operations.BuildOperationState::isRunning (8 bytes)
Event: 8.623 Thread 0x000001c1ffc31000 nmethod 6353 0x000001c181263690 code [0x000001c181263840, 0x000001c181263a18]
Event: 8.623 Thread 0x000001c1ffc31000 6356       1       org.gradle.configuration.internal.DefaultUserCodeApplicationContext::access$000 (5 bytes)
Event: 8.623 Thread 0x000001c1ffc31000 nmethod 6356 0x000001c187e89990 code [0x000001c187e89b40, 0x000001c187e89bd8]

GC Heap History (20 events):
Event: 2.601 GC heap before
{Heap before GC invocations=1 (full 0):
 garbage-first heap   total 131072K, used 84829K [0x0000000080000000, 0x0000000100000000)
  region size 1024K, 76 young (77824K), 3 survivors (3072K)
 Metaspace       used 18335K, capacity 18732K, committed 19072K, reserved 1067008K
  class space    used 2161K, capacity 2315K, committed 2432K, reserved 1048576K
}
Event: 2.610 GC heap after
{Heap after GC invocations=2 (full 0):
 garbage-first heap   total 131072K, used 16120K [0x0000000080000000, 0x0000000100000000)
  region size 1024K, 10 young (10240K), 10 survivors (10240K)
 Metaspace       used 18335K, capacity 18732K, committed 19072K, reserved 1067008K
  class space    used 2161K, capacity 2315K, committed 2432K, reserved 1048576K
}
Event: 2.823 GC heap before
{Heap before GC invocations=2 (full 0):
 garbage-first heap   total 131072K, used 38648K [0x0000000080000000, 0x0000000100000000)
  region size 1024K, 33 young (33792K), 10 survivors (10240K)
 Metaspace       used 20756K, capacity 21188K, committed 21296K, reserved 1069056K
  class space    used 2521K, capacity 2685K, committed 2688K, reserved 1048576K
}
Event: 2.831 GC heap after
{Heap after GC invocations=3 (full 0):
 garbage-first heap   total 131072K, used 17033K [0x0000000080000000, 0x0000000100000000)
  region size 1024K, 2 young (2048K), 2 survivors (2048K)
 Metaspace       used 20756K, capacity 21188K, committed 21296K, reserved 1069056K
  class space    used 2521K, capacity 2685K, committed 2688K, reserved 1048576K
}
Event: 3.424 GC heap before
{Heap before GC invocations=4 (full 0):
 garbage-first heap   total 131072K, used 68233K [0x0000000080000000, 0x0000000100000000)
  region size 1024K, 52 young (53248K), 2 survivors (2048K)
 Metaspace       used 26183K, capacity 26782K, committed 26876K, reserved 1073152K
  class space    used 3402K, capacity 3623K, committed 3660K, reserved 1048576K
}
Event: 3.427 GC heap after
{Heap after GC invocations=5 (full 0):
 garbage-first heap   total 131072K, used 18686K [0x0000000080000000, 0x0000000100000000)
  region size 1024K, 3 young (3072K), 3 survivors (3072K)
 Metaspace       used 26183K, capacity 26782K, committed 26876K, reserved 1073152K
  class space    used 3402K, capacity 3623K, committed 3660K, reserved 1048576K
}
Event: 4.144 GC heap before
{Heap before GC invocations=5 (full 0):
 garbage-first heap   total 131072K, used 78078K [0x0000000080000000, 0x0000000100000000)
  region size 1024K, 61 young (62464K), 3 survivors (3072K)
 Metaspace       used 32260K, capacity 33040K, committed 33276K, reserved 1077248K
  class space    used 4333K, capacity 4651K, committed 4684K, reserved 1048576K
}
Event: 4.149 GC heap after
{Heap after GC invocations=6 (full 0):
 garbage-first heap   total 131072K, used 20486K [0x0000000080000000, 0x0000000100000000)
  region size 1024K, 5 young (5120K), 5 survivors (5120K)
 Metaspace       used 32260K, capacity 33040K, committed 33276K, reserved 1077248K
  class space    used 4333K, capacity 4651K, committed 4684K, reserved 1048576K
}
Event: 4.418 GC heap before
{Heap before GC invocations=6 (full 0):
 garbage-first heap   total 131072K, used 30726K [0x0000000080000000, 0x0000000100000000)
  region size 1024K, 16 young (16384K), 5 survivors (5120K)
 Metaspace       used 35084K, capacity 35962K, committed 36048K, reserved 1081344K
  class space    used 4566K, capacity 4923K, committed 4940K, reserved 1048576K
}
Event: 4.428 GC heap after
{Heap after GC invocations=7 (full 0):
 garbage-first heap   total 131072K, used 22239K [0x0000000080000000, 0x0000000100000000)
  region size 1024K, 7 young (7168K), 7 survivors (7168K)
 Metaspace       used 35084K, capacity 35962K, committed 36048K, reserved 1081344K
  class space    used 4566K, capacity 4923K, committed 4940K, reserved 1048576K
}
Event: 5.084 GC heap before
{Heap before GC invocations=8 (full 0):
 garbage-first heap   total 131072K, used 80607K [0x0000000080000000, 0x0000000100000000)
  region size 1024K, 62 young (63488K), 7 survivors (7168K)
 Metaspace       used 40605K, capacity 41559K, committed 41884K, reserved 1085440K
  class space    used 5134K, capacity 5523K, committed 5656K, reserved 1048576K
}
Event: 5.094 GC heap after
{Heap after GC invocations=9 (full 0):
 garbage-first heap   total 131072K, used 27215K [0x0000000080000000, 0x0000000100000000)
  region size 1024K, 8 young (8192K), 8 survivors (8192K)
 Metaspace       used 40605K, capacity 41559K, committed 41884K, reserved 1085440K
  class space    used 5134K, capacity 5523K, committed 5656K, reserved 1048576K
}
Event: 5.677 GC heap before
{Heap before GC invocations=9 (full 0):
 garbage-first heap   total 131072K, used 84559K [0x0000000080000000, 0x0000000100000000)
  region size 1024K, 64 young (65536K), 8 survivors (8192K)
 Metaspace       used 45353K, capacity 46519K, committed 46876K, reserved 1089536K
  class space    used 5752K, capacity 6184K, committed 6296K, reserved 1048576K
}
Event: 5.686 GC heap after
{Heap after GC invocations=10 (full 0):
 garbage-first heap   total 157696K, used 31107K [0x0000000080000000, 0x0000000100000000)
  region size 1024K, 4 young (4096K), 4 survivors (4096K)
 Metaspace       used 45353K, capacity 46519K, committed 46876K, reserved 1089536K
  class space    used 5752K, capacity 6184K, committed 6296K, reserved 1048576K
}
Event: 6.431 GC heap before
{Heap before GC invocations=10 (full 0):
 garbage-first heap   total 157696K, used 98691K [0x0000000080000000, 0x0000000100000000)
  region size 1024K, 70 young (71680K), 4 survivors (4096K)
 Metaspace       used 49279K, capacity 50640K, committed 50716K, reserved 1093632K
  class space    used 6283K, capacity 6771K, committed 6808K, reserved 1048576K
}
Event: 6.438 GC heap after
{Heap after GC invocations=11 (full 0):
 garbage-first heap   total 157696K, used 33589K [0x0000000080000000, 0x0000000100000000)
  region size 1024K, 7 young (7168K), 7 survivors (7168K)
 Metaspace       used 49279K, capacity 50640K, committed 50716K, reserved 1093632K
  class space    used 6283K, capacity 6771K, committed 6808K, reserved 1048576K
}
Event: 7.622 GC heap before
{Heap before GC invocations=11 (full 0):
 garbage-first heap   total 157696K, used 109365K [0x0000000080000000, 0x0000000100000000)
  region size 1024K, 75 young (76800K), 7 survivors (7168K)
 Metaspace       used 54537K, capacity 56081K, committed 56348K, reserved 1097728K
  class space    used 6913K, capacity 7499K, committed 7576K, reserved 1048576K
}
Event: 7.631 GC heap after
{Heap after GC invocations=12 (full 0):
 garbage-first heap   total 157696K, used 49867K [0x0000000080000000, 0x0000000100000000)
  region size 1024K, 10 young (10240K), 10 survivors (10240K)
 Metaspace       used 54537K, capacity 56081K, committed 56348K, reserved 1097728K
  class space    used 6913K, capacity 7499K, committed 7576K, reserved 1048576K
}
Event: 8.107 GC heap before
{Heap before GC invocations=12 (full 0):
 garbage-first heap   total 157696K, used 78539K [0x0000000080000000, 0x0000000100000000)
  region size 1024K, 39 young (39936K), 10 survivors (10240K)
 Metaspace       used 58850K, capacity 60444K, committed 60572K, reserved 1101824K
  class space    used 7483K, capacity 8128K, committed 8216K, reserved 1048576K
}
Event: 8.117 GC heap after
{Heap after GC invocations=13 (full 0):
 garbage-first heap   total 157696K, used 52346K [0x0000000080000000, 0x0000000100000000)
  region size 1024K, 2 young (2048K), 2 survivors (2048K)
 Metaspace       used 58850K, capacity 60444K, committed 60572K, reserved 1101824K
  class space    used 7483K, capacity 8128K, committed 8216K, reserved 1048576K
}

Deoptimization events (20 events):
Event: 8.537 Thread 0x000001c197c63800 Uncommon trap: trap_request=0xffffffdc fr.pc=0x000001c187e802ec relative=0x00000000000002ac
Event: 8.537 Thread 0x000001c197c63800 Uncommon trap: reason=class_check action=make_not_entrant pc=0x000001c187e802ec method=java.util.ArrayList.toArray([Ljava/lang/Object;)[Ljava/lang/Object; @ 21 c2
Event: 8.537 Thread 0x000001c197c63800 DEOPT PACKING pc=0x000001c187e802ec sp=0x00000083326f60d0
Event: 8.537 Thread 0x000001c197c63800 DEOPT UNPACKING pc=0x000001c18004a1af sp=0x00000083326f60a0 mode 2
Event: 8.546 Thread 0x000001c197c63800 Uncommon trap: trap_request=0xffffffc6 fr.pc=0x000001c187e80f18 relative=0x0000000000000418
Event: 8.546 Thread 0x000001c197c63800 Uncommon trap: reason=bimorphic_or_optimized_type_check action=maybe_recompile pc=0x000001c187e80f18 method=java.util.stream.MatchOps$1MatchSink.accept(Ljava/lang/Object;)V @ 12 c2
Event: 8.546 Thread 0x000001c197c63800 DEOPT PACKING pc=0x000001c187e80f18 sp=0x00000083326f4ff0
Event: 8.546 Thread 0x000001c197c63800 DEOPT UNPACKING pc=0x000001c18004a1af sp=0x00000083326f4f18 mode 2
Event: 8.546 Thread 0x000001c197c63800 Uncommon trap: trap_request=0xffffffc6 fr.pc=0x000001c187e80f18 relative=0x0000000000000418
Event: 8.546 Thread 0x000001c197c63800 Uncommon trap: reason=bimorphic_or_optimized_type_check action=maybe_recompile pc=0x000001c187e80f18 method=java.util.stream.MatchOps$1MatchSink.accept(Ljava/lang/Object;)V @ 12 c2
Event: 8.546 Thread 0x000001c197c63800 DEOPT PACKING pc=0x000001c187e80f18 sp=0x00000083326f4ff0
Event: 8.546 Thread 0x000001c197c63800 DEOPT UNPACKING pc=0x000001c18004a1af sp=0x00000083326f4f18 mode 2
Event: 8.546 Thread 0x000001c197c63800 Uncommon trap: trap_request=0xffffffc6 fr.pc=0x000001c187e80f18 relative=0x0000000000000418
Event: 8.546 Thread 0x000001c197c63800 Uncommon trap: reason=bimorphic_or_optimized_type_check action=maybe_recompile pc=0x000001c187e80f18 method=java.util.stream.MatchOps$1MatchSink.accept(Ljava/lang/Object;)V @ 12 c2
Event: 8.546 Thread 0x000001c197c63800 DEOPT PACKING pc=0x000001c187e80f18 sp=0x00000083326f4ff0
Event: 8.546 Thread 0x000001c197c63800 DEOPT UNPACKING pc=0x000001c18004a1af sp=0x00000083326f4f18 mode 2
Event: 8.546 Thread 0x000001c197c63800 Uncommon trap: trap_request=0xffffffc6 fr.pc=0x000001c187e80f18 relative=0x0000000000000418
Event: 8.546 Thread 0x000001c197c63800 Uncommon trap: reason=bimorphic_or_optimized_type_check action=maybe_recompile pc=0x000001c187e80f18 method=java.util.stream.MatchOps$1MatchSink.accept(Ljava/lang/Object;)V @ 12 c2
Event: 8.546 Thread 0x000001c197c63800 DEOPT PACKING pc=0x000001c187e80f18 sp=0x00000083326f4ff0
Event: 8.546 Thread 0x000001c197c63800 DEOPT UNPACKING pc=0x000001c18004a1af sp=0x00000083326f4f18 mode 2

Classes redefined (0 events):
No events

Internal exceptions (20 events):
Event: 7.320 Thread 0x000001c197c63800 Exception <a 'java/lang/NoSuchMethodError'{0x0000000086cc94f8}: 'java.lang.Object java.lang.invoke.Invokers$Holder.linkToTargetMethod(java.lang.Object, int, int, java.lang.Object)'> (0x0000000086cc94f8) thrown at [src/hotspot/share/interpreter/linkResolver.cpp, line 773]
Event: 7.322 Thread 0x000001c197c63800 Exception <a 'java/lang/NoSuchMethodError'{0x0000000086ce0e48}: 'java.lang.Object java.lang.invoke.DirectMethodHandle$Holder.invokeStatic(java.lang.Object, java.lang.Object, int, int, java.lang.Object, java.lang.Object)'> (0x0000000086ce0e48) thrown at [src/hotspot/share/interpreter/linkResolver.cpp, line 773]
Event: 7.514 Thread 0x000001c197c63800 Exception <a 'java/lang/NoSuchMethodError'{0x0000000085ec6028}: 'java.lang.Object java.lang.invoke.DirectMethodHandle$Holder.invokeStatic(java.lang.Object, java.lang.Object, java.lang.Object, java.lang.Object, java.lang.Object, java.lang.Object, java.lang.Object, java.lang.Object, java.lang.Object, java.lang.Object, java.lang.Object, java.lang.Object, java.lang.Object, int)'> (0x0000000085ec6028) thrown at [src/hotspot/share/interpreter/linkResolver.cpp, line 773]
Event: 7.516 Thread 0x000001c197c63800 Exception <a 'java/lang/NoSuchMethodError'{0x0000000085ed3a10}: 'java.lang.Object java.lang.invoke.DirectMethodHandle$Holder.invokeStatic(java.lang.Object, java.lang.Object, java.lang.Object, java.lang.Object, java.lang.Object, java.lang.Object, java.lang.Object, java.lang.Object, java.lang.Object, java.lang.Object, java.lang.Object, java.lang.Object, java.lang.Object, int, int)'> (0x0000000085ed3a10) thrown at [src/hotspot/share/interpreter/linkResolver.cpp, line 773]
Event: 7.549 Thread 0x000001c197c63800 Exception <a 'java/lang/NoSuchMethodError'{0x0000000085b2d420}: 'int java.lang.invoke.DirectMethodHandle$Holder.invokeInterface(java.lang.Object, java.lang.Object, java.lang.Object, java.lang.Object)'> (0x0000000085b2d420) thrown at [src/hotspot/share/interpreter/linkResolver.cpp, line 773]
Event: 7.819 Thread 0x000001c197c63800 Exception <a 'java/lang/NoSuchMethodError'{0x0000000088e9bb68}: 'java.lang.Object java.lang.invoke.DirectMethodHandle$Holder.invokeSpecial(java.lang.Object, java.lang.Object, int, int, int, java.lang.Object, java.lang.Object, java.lang.Object, java.lang.Object)'> (0x0000000088e9bb68) thrown at [src/hotspot/share/interpreter/linkResolver.cpp, line 773]
Event: 7.820 Thread 0x000001c197c63800 Exception <a 'java/lang/NoSuchMethodError'{0x0000000088ea0310}: 'java.lang.Object java.lang.invoke.DelegatingMethodHandle$Holder.reinvoke_L(java.lang.Object, int, int, int, java.lang.Object, java.lang.Object, java.lang.Object, java.lang.Object)'> (0x0000000088ea0310) thrown at [src/hotspot/share/interpreter/linkResolver.cpp, line 773]
Event: 7.821 Thread 0x000001c197c63800 Exception <a 'java/lang/NoSuchMethodError'{0x0000000088ea8a70}: 'java.lang.Object java.lang.invoke.DirectMethodHandle$Holder.invokeStatic(java.lang.Object, java.lang.Object, java.lang.Object, java.lang.Object, java.lang.Object, int)'> (0x0000000088ea8a70) thrown at [src/hotspot/share/interpreter/linkResolver.cpp, line 773]
Event: 7.942 Thread 0x000001c197c63800 Exception <a 'java/lang/NoSuchMethodError'{0x0000000088562798}: 'java.lang.Object java.lang.invoke.DirectMethodHandle$Holder.invokeSpecial(java.lang.Object, java.lang.Object, int, int, java.lang.Object, java.lang.Object, java.lang.Object)'> (0x0000000088562798) thrown at [src/hotspot/share/interpreter/linkResolver.cpp, line 773]
Event: 7.943 Thread 0x000001c197c63800 Exception <a 'java/lang/NoSuchMethodError'{0x0000000088567268}: 'java.lang.Object java.lang.invoke.DelegatingMethodHandle$Holder.reinvoke_L(java.lang.Object, int, int, java.lang.Object, java.lang.Object, java.lang.Object)'> (0x0000000088567268) thrown at [src/hotspot/share/interpreter/linkResolver.cpp, line 773]
Event: 7.944 Thread 0x000001c197c63800 Exception <a 'java/lang/NoSuchMethodError'{0x000000008857db38}: 'java.lang.Object java.lang.invoke.DirectMethodHandle$Holder.invokeStatic(java.lang.Object, java.lang.Object, java.lang.Object, java.lang.Object, int, int)'> (0x000000008857db38) thrown at [src/hotspot/share/interpreter/linkResolver.cpp, line 773]
Event: 7.945 Thread 0x000001c197c63800 Exception <a 'java/lang/NoSuchMethodError'{0x0000000088594540}: 'java.lang.Object java.lang.invoke.DirectMethodHandle$Holder.invokeStatic(java.lang.Object, java.lang.Object, java.lang.Object, java.lang.Object, int, int, java.lang.Object)'> (0x0000000088594540) thrown at [src/hotspot/share/interpreter/linkResolver.cpp, line 773]
Event: 7.946 Thread 0x000001c197c63800 Exception <a 'java/lang/NoSuchMethodError'{0x00000000885ac530}: 'java.lang.Object java.lang.invoke.DirectMethodHandle$Holder.invokeStatic(java.lang.Object, java.lang.Object, java.lang.Object, java.lang.Object, int, int, java.lang.Object, java.lang.Object)'> (0x00000000885ac530) thrown at [src/hotspot/share/interpreter/linkResolver.cpp, line 773]
Event: 7.947 Thread 0x000001c197c63800 Exception <a 'java/lang/NoSuchMethodError'{0x00000000885c5aa8}: 'java.lang.Object java.lang.invoke.DirectMethodHandle$Holder.invokeStatic(java.lang.Object, java.lang.Object, java.lang.Object, java.lang.Object, int, int, java.lang.Object, java.lang.Object, java.lang.Object)'> (0x00000000885c5aa8) thrown at [src/hotspot/share/interpreter/linkResolver.cpp, line 773]
Event: 7.986 Thread 0x000001c197c63800 Exception <a 'java/lang/IncompatibleClassChangeError'{0x00000000884ea898}: Found class java.lang.Object, but interface was expected> (0x00000000884ea898) thrown at [src/hotspot/share/interpreter/linkResolver.cpp, line 839]
Event: 8.038 Thread 0x000001c197c63800 Implicit null exception at 0x000001c187de2c54 to 0x000001c187de2dd0
Event: 8.038 Thread 0x000001c197c63800 Implicit null exception at 0x000001c187da6e97 to 0x000001c187da89b0
Event: 8.160 Thread 0x000001c197c63800 Implicit null exception at 0x000001c187c1ea8b to 0x000001c187c1eb64
Event: 8.244 Thread 0x000001c197c63800 Implicit null exception at 0x000001c187c6bfac to 0x000001c187c6c0ce
Event: 8.431 Thread 0x000001c197c63800 Exception <a 'sun/nio/fs/WindowsException'{0x0000000088456348}> (0x0000000088456348) thrown at [src/hotspot/share/prims/jni.cpp, line 617]

Events (20 events):
Event: 8.623 loading class com/android/build/gradle/internal/variant/LegacyVariantInputManager$1
Event: 8.623 loading class com/android/build/gradle/internal/variant/LegacyVariantInputManager$1 done
Event: 8.623 loading class com/android/build/gradle/internal/variant/LegacyVariantInputManager$2
Event: 8.623 loading class com/android/build/gradle/internal/variant/LegacyVariantInputManager$2 done
Event: 8.624 loading class com/android/build/gradle/internal/variant/LegacyVariantInputManager$3
Event: 8.624 loading class com/android/build/gradle/internal/variant/LegacyVariantInputManager$3 done
Event: 8.624 loading class com/android/build/gradle/internal/variant/LegacyVariantInputManager$4
Event: 8.624 loading class com/android/build/gradle/internal/variant/LegacyVariantInputManager$4 done
Event: 8.624 loading class com/android/build/gradle/internal/variant/LegacyVariantInputManager$5
Event: 8.624 loading class com/android/build/gradle/internal/variant/LegacyVariantInputManager$5 done
Event: 8.625 loading class com/android/build/gradle/internal/variant/LegacyVariantInputManager$6
Event: 8.625 loading class com/android/build/gradle/internal/variant/LegacyVariantInputManager$6 done
Event: 8.625 loading class com/android/build/gradle/internal/plugins/BasePlugin$buildOutputs$2$1
Event: 8.625 loading class com/android/build/gradle/internal/plugins/BasePlugin$buildOutputs$2$1 done
Event: 8.625 loading class com/android/build/gradle/api/BaseVariantOutput
Event: 8.625 loading class com/android/build/gradle/api/BaseVariantOutput done
Event: 8.626 loading class com/android/build/OutputFile
Event: 8.626 loading class com/android/build/OutputFile done
Event: 8.626 loading class com/android/build/VariantOutput
Event: 8.626 loading class com/android/build/VariantOutput done


Dynamic libraries:
0x00007ff68b790000 - 0x00007ff68b79a000 	C:\Program Files\Android\Android Studio\jbr\bin\java.exe
0x00007ffbc9530000 - 0x00007ffbc9728000 	C:\WINDOWS\SYSTEM32\ntdll.dll
0x00007ffbc86b0000 - 0x00007ffbc8772000 	C:\WINDOWS\System32\KERNEL32.DLL
0x00007ffbc6fe0000 - 0x00007ffbc72df000 	C:\WINDOWS\System32\KERNELBASE.dll
0x00007ffbc7350000 - 0x00007ffbc7450000 	C:\WINDOWS\System32\ucrtbase.dll
0x00007ffbaab20000 - 0x00007ffbaab3b000 	C:\Program Files\Android\Android Studio\jbr\bin\VCRUNTIME140.dll
0x00007ffbc20b0000 - 0x00007ffbc20c7000 	C:\Program Files\Android\Android Studio\jbr\bin\jli.dll
0x00007ffbc75c0000 - 0x00007ffbc775d000 	C:\WINDOWS\System32\USER32.dll
0x00007ffba8650000 - 0x00007ffba88ea000 	C:\WINDOWS\WinSxS\amd64_microsoft.windows.common-controls_6595b64144ccf1df_6.0.19041.4355_none_60b8b9eb71f62e16\COMCTL32.dll
0x00007ffbc74e0000 - 0x00007ffbc7502000 	C:\WINDOWS\System32\win32u.dll
0x00007ffbc9050000 - 0x00007ffbc90ee000 	C:\WINDOWS\System32\msvcrt.dll
0x00007ffbc89d0000 - 0x00007ffbc89fb000 	C:\WINDOWS\System32\GDI32.dll
0x00007ffbc6c70000 - 0x00007ffbc6d87000 	C:\WINDOWS\System32\gdi32full.dll
0x00007ffbc6f40000 - 0x00007ffbc6fdd000 	C:\WINDOWS\System32\msvcp_win.dll
0x00007ffbc91d0000 - 0x00007ffbc91ff000 	C:\WINDOWS\System32\IMM32.DLL
0x00007ffbc03e0000 - 0x00007ffbc03ec000 	C:\Program Files\Android\Android Studio\jbr\bin\vcruntime140_1.dll
0x00007ffb8df80000 - 0x00007ffb8e00d000 	C:\Program Files\Android\Android Studio\jbr\bin\msvcp140.dll
0x00007ffb62e80000 - 0x00007ffb63a3c000 	C:\Program Files\Android\Android Studio\jbr\bin\server\jvm.dll
0x00007ffbc9380000 - 0x00007ffbc9431000 	C:\WINDOWS\System32\ADVAPI32.dll
0x00007ffbc92e0000 - 0x00007ffbc937f000 	C:\WINDOWS\System32\sechost.dll
0x00007ffbc8780000 - 0x00007ffbc88a3000 	C:\WINDOWS\System32\RPCRT4.dll
0x00007ffbc7510000 - 0x00007ffbc7537000 	C:\WINDOWS\System32\bcrypt.dll
0x00007ffbc92d0000 - 0x00007ffbc92d8000 	C:\WINDOWS\System32\PSAPI.DLL
0x00007ffbc2a40000 - 0x00007ffbc2a49000 	C:\WINDOWS\SYSTEM32\WSOCK32.dll
0x00007ffbc8f00000 - 0x00007ffbc8f6b000 	C:\WINDOWS\System32\WS2_32.dll
0x00007ffbbd650000 - 0x00007ffbbd65a000 	C:\WINDOWS\SYSTEM32\VERSION.dll
0x00007ffbb12c0000 - 0x00007ffbb12e7000 	C:\WINDOWS\SYSTEM32\WINMM.dll
0x00007ffbc4c20000 - 0x00007ffbc4c32000 	C:\WINDOWS\SYSTEM32\kernel.appcore.dll
0x00007ffbb7630000 - 0x00007ffbb7640000 	C:\Program Files\Android\Android Studio\jbr\bin\verify.dll
0x00007ffbc47f0000 - 0x00007ffbc49d4000 	C:\WINDOWS\SYSTEM32\DBGHELP.DLL
0x00007ffbae000000 - 0x00007ffbae034000 	C:\WINDOWS\SYSTEM32\dbgcore.DLL
0x00007ffbc7450000 - 0x00007ffbc74d2000 	C:\WINDOWS\System32\bcryptPrimitives.dll
0x00007ffbb4280000 - 0x00007ffbb42a8000 	C:\Program Files\Android\Android Studio\jbr\bin\java.dll
0x00007ffbb4270000 - 0x00007ffbb427a000 	C:\Program Files\Android\Android Studio\jbr\bin\jimage.dll
0x00007ffbb4250000 - 0x00007ffbb4268000 	C:\Program Files\Android\Android Studio\jbr\bin\zip.dll
0x00007ffbc78a0000 - 0x00007ffbc800e000 	C:\WINDOWS\System32\SHELL32.dll
0x00007ffbc4c40000 - 0x00007ffbc53e4000 	C:\WINDOWS\SYSTEM32\windows.storage.dll
0x00007ffbc81c0000 - 0x00007ffbc8515000 	C:\WINDOWS\System32\combase.dll
0x00007ffbc65f0000 - 0x00007ffbc661f000 	C:\WINDOWS\SYSTEM32\Wldp.dll
0x00007ffbc9200000 - 0x00007ffbc92cd000 	C:\WINDOWS\System32\OLEAUT32.dll
0x00007ffbc9440000 - 0x00007ffbc94ed000 	C:\WINDOWS\System32\SHCORE.dll
0x00007ffbc9150000 - 0x00007ffbc91a5000 	C:\WINDOWS\System32\shlwapi.dll
0x00007ffbc6af0000 - 0x00007ffbc6b14000 	C:\WINDOWS\SYSTEM32\profapi.dll
0x00007ffba0ec0000 - 0x00007ffba0ed9000 	C:\Program Files\Android\Android Studio\jbr\bin\net.dll
0x00007ffbbe4f0000 - 0x00007ffbbe5fd000 	C:\WINDOWS\SYSTEM32\WINHTTP.dll
0x00007ffbc6350000 - 0x00007ffbc63ba000 	C:\WINDOWS\system32\mswsock.dll
0x00007ffba0ea0000 - 0x00007ffba0eb3000 	C:\Program Files\Android\Android Studio\jbr\bin\nio.dll
0x00007ffbb77c0000 - 0x00007ffbb77e7000 	C:\Users\HP-PC\.gradle\native\e1d6ef7f7dcc3fd88c89a11ec53ec762bb8ba0a96d01ffa2cd45eb1d1d8dd5c5\windows-amd64\native-platform.dll
0x00007ffb86e10000 - 0x00007ffb86f54000 	C:\Users\HP-PC\.gradle\native\0d407fdbe67a94daf76414ababcb853783967236a71b16ec16e742cd7a986fd3\windows-amd64\native-platform-file-events.dll
0x00007ffbb35d0000 - 0x00007ffbb35da000 	C:\Program Files\Android\Android Studio\jbr\bin\management.dll
0x00007ffbb34e0000 - 0x00007ffbb34eb000 	C:\Program Files\Android\Android Studio\jbr\bin\management_ext.dll
0x00007ffbc6540000 - 0x00007ffbc6558000 	C:\WINDOWS\SYSTEM32\CRYPTSP.dll
0x00007ffbc5c00000 - 0x00007ffbc5c34000 	C:\WINDOWS\system32\rsaenh.dll
0x00007ffbc6a70000 - 0x00007ffbc6a9e000 	C:\WINDOWS\SYSTEM32\USERENV.dll
0x00007ffbc6560000 - 0x00007ffbc656c000 	C:\WINDOWS\SYSTEM32\CRYPTBASE.dll
0x00007ffbc5fe0000 - 0x00007ffbc601b000 	C:\WINDOWS\SYSTEM32\IPHLPAPI.DLL
0x00007ffbc8a00000 - 0x00007ffbc8a08000 	C:\WINDOWS\System32\NSI.dll
0x00007ffbbf2b0000 - 0x00007ffbbf2c7000 	C:\WINDOWS\SYSTEM32\dhcpcsvc6.DLL
0x00007ffbbf9c0000 - 0x00007ffbbf9dd000 	C:\WINDOWS\SYSTEM32\dhcpcsvc.DLL
0x00007ffbc6020000 - 0x00007ffbc60ea000 	C:\WINDOWS\SYSTEM32\DNSAPI.dll

dbghelp: loaded successfully - version: 4.0.5 - missing functions: none
symbol engine: initialized successfully - sym options: 0x614 - pdb path: .;C:\Program Files\Android\Android Studio\jbr\bin;C:\WINDOWS\SYSTEM32;C:\WINDOWS\WinSxS\amd64_microsoft.windows.common-controls_6595b64144ccf1df_6.0.19041.4355_none_60b8b9eb71f62e16;C:\Program Files\Android\Android Studio\jbr\bin\server;C:\Users\HP-PC\.gradle\native\e1d6ef7f7dcc3fd88c89a11ec53ec762bb8ba0a96d01ffa2cd45eb1d1d8dd5c5\windows-amd64;C:\Users\HP-PC\.gradle\native\0d407fdbe67a94daf76414ababcb853783967236a71b16ec16e742cd7a986fd3\windows-amd64

VM Arguments:
jvm_args: --add-opens=java.base/java.util=ALL-UNNAMED --add-opens=java.base/java.lang=ALL-UNNAMED --add-opens=java.base/java.lang.invoke=ALL-UNNAMED --add-opens=java.base/java.util=ALL-UNNAMED --add-opens=java.prefs/java.util.prefs=ALL-UNNAMED --add-opens=java.prefs/java.util.prefs=ALL-UNNAMED --add-opens=java.base/java.nio.charset=ALL-UNNAMED --add-opens=java.base/java.net=ALL-UNNAMED --add-opens=java.base/java.util.concurrent.atomic=ALL-UNNAMED -Xmx2048m -Dfile.encoding=UTF-8 -Duser.country=US -Duser.language=en -Duser.variant 
java_command: org.gradle.launcher.daemon.bootstrap.GradleDaemon 7.5
java_class_path (initial): C:\Users\HP-PC\.gradle\wrapper\dists\gradle-7.5-bin\f1w0cc9nuo0eivz97x2xlu9sv\gradle-7.5\lib\gradle-launcher-7.5.jar
Launcher Type: SUN_STANDARD

[Global flags]
     intx CICompilerCount                          = 4                                         {product} {ergonomic}
     uint ConcGCThreads                            = 2                                         {product} {ergonomic}
     uint G1ConcRefinementThreads                  = 8                                         {product} {ergonomic}
   size_t G1HeapRegionSize                         = 1048576                                   {product} {ergonomic}
    uintx GCDrainStackTargetSize                   = 64                                        {product} {ergonomic}
   size_t InitialHeapSize                          = 134217728                                 {product} {ergonomic}
   size_t MarkStackSize                            = 4194304                                   {product} {ergonomic}
   size_t MaxHeapSize                              = 2147483648                                {product} {command line}
   size_t MaxNewSize                               = 1287651328                                {product} {ergonomic}
   size_t MinHeapDeltaBytes                        = 1048576                                   {product} {ergonomic}
    uintx NonNMethodCodeHeapSize                   = 5836300                                {pd product} {ergonomic}
    uintx NonProfiledCodeHeapSize                  = 122910970                              {pd product} {ergonomic}
    uintx ProfiledCodeHeapSize                     = 122910970                              {pd product} {ergonomic}
    uintx ReservedCodeCacheSize                    = 251658240                              {pd product} {ergonomic}
     bool SegmentedCodeCache                       = true                                      {product} {ergonomic}
     bool UseCompressedClassPointers               = true                                 {lp64_product} {ergonomic}
     bool UseCompressedOops                        = true                                 {lp64_product} {ergonomic}
     bool UseG1GC                                  = true                                      {product} {ergonomic}
     bool UseLargePagesIndividualAllocation        = false                                  {pd product} {ergonomic}

Logging:
Log output configuration:
 #0: stdout all=warning uptime,level,tags
 #1: stderr all=off uptime,level,tags

Environment Variables:
PATH=C:\ProgramData\Oracle\Java\javapath;C:\Program Files (x86)\Common Files\Oracle\Java\javapath;C:\Windows\system32;C:\Windows;C:\Windows\System32\Wbem;C:\Windows\System32\WindowsPowerShell\v1.0\;C:\Windows\System32\OpenSSH\;C:\Program Files (x86)\NVIDIA Corporation\PhysX\Common;C:\WINDOWS\system32;C:\WINDOWS;C:\WINDOWS\System32\Wbem;C:\WINDOWS\System32\WindowsPowerShell\v1.0\;C:\WINDOWS\System32\OpenSSH\;C:\Program;C:\Program Files\Java\jdk1.8.0_151\bin;C:\Program Files\Git\cmd;C:\MinGW\bin;C:\Program Files\MySQL\MySQL Server 5.5\bin;C:\Users\HP-PC\AppData\Local\Programs\Python\Python311\Scripts\;C:\Users\HP-PC\AppData\Local\Programs\Python\Python311\;C:\Users\HP-PC\AppData\Local\Microsoft\WindowsApps;C:\IntelliJ IDEA 2021.2\bin;C:\Program Files\JetBrains\IntelliJ IDEA 2021.2\bin;C:\xampp\mysql\bin;;C:\Users\HP-PC\AppData\Local\Programs\Microsoft VS Code\bin
USERNAME=HP-PC
OS=Windows_NT
PROCESSOR_IDENTIFIER=Intel64 Family 6 Model 142 Stepping 10, GenuineIntel



---------------  S Y S T E M  ---------------

OS: Windows 10 , 64 bit Build 19041 (10.0.19041.5198)
OS uptime: 27 days 23:56 hours

CPU:total 8 (initial active 8) (4 cores per cpu, 2 threads per core) family 6 model 142 stepping 10 microcode 0xf4, cmov, cx8, fxsr, mmx, sse, sse2, sse3, ssse3, sse4.1, sse4.2, popcnt, avx, avx2, aes, clmul, erms, 3dnowpref, lzcnt, ht, tsc, tscinvbit, bmi1, bmi2, adx, fma

Memory: 4k page, system-wide physical 8094M (667M free)
TotalPageFile size 16880M (AvailPageFile size 5M)
current process WorkingSet (physical memory assigned to process): 370M, peak: 370M
current process commit charge ("private bytes"): 408M, peak: 408M

vm_info: OpenJDK 64-Bit Server VM (11.0.15+0-b2043.56-9505619) for windows-amd64 JRE (11.0.15+0-b2043.56-9505619), built on Jan 19 2023 02:48:00 by "builduser" with unknown MS VC++:1929

END.
