#
# There is insufficient memory for the Java Runtime Environment to continue.
# Native memory allocation (mmap) failed to map 56623104 bytes for Failed to commit area from 0x0000000090b00000 to 0x0000000094100000 of length 56623104.
# Possible reasons:
#   The system is out of physical RAM or swap space
#   The process is running with CompressedOops enabled, and the Java Heap may be blocking the growth of the native heap
# Possible solutions:
#   Reduce memory load on the system
#   Increase physical memory or swap space
#   Check if swap backing store is full
#   Decrease Java heap size (-Xmx/-Xms)
#   Decrease number of Java threads
#   Decrease Java thread stack sizes (-Xss)
#   Set larger code cache with -XX:ReservedCodeCacheSize=
#   JVM is running with Unscaled Compressed Oops mode in which the Java heap is
#     placed in the first 4GB address space. The Java Heap base address is the
#     maximum limit for the native heap growth. Please use -XX:HeapBaseMinAddress
#     to set the Java Heap base and to place the Java Heap above 4GB virtual address.
# This output file may be truncated or incomplete.
#
#  Out of Memory Error (src/hotspot/os/windows/os_windows.cpp:3627), pid=27024, tid=18960
#
# JRE version: OpenJDK Runtime Environment (11.0.15) (build 11.0.15+0-b2043.56-9505619)
# Java VM: OpenJDK 64-Bit Server VM (11.0.15+0-b2043.56-9505619, mixed mode, tiered, compressed oops, g1 gc, windows-amd64)
# No core dump will be written. Minidumps are not enabled by default on client versions of Windows
#

---------------  S U M M A R Y ------------

Command Line: --add-opens=java.base/java.util=ALL-UNNAMED --add-opens=java.base/java.lang=ALL-UNNAMED --add-opens=java.base/java.lang.invoke=ALL-UNNAMED --add-opens=java.base/java.util=ALL-UNNAMED --add-opens=java.prefs/java.util.prefs=ALL-UNNAMED --add-opens=java.prefs/java.util.prefs=ALL-UNNAMED --add-opens=java.base/java.nio.charset=ALL-UNNAMED --add-opens=java.base/java.net=ALL-UNNAMED --add-opens=java.base/java.util.concurrent.atomic=ALL-UNNAMED -Xmx2048m -Dfile.encoding=UTF-8 -Duser.country=US -Duser.language=en -Duser.variant org.gradle.launcher.daemon.bootstrap.GradleDaemon 7.5

Host: Intel(R) Core(TM) i5-8250U CPU @ 1.60GHz, 8 cores, 7G,  Windows 10 , 64 bit Build 19041 (10.0.19041.5198)
Time: Mon Apr 14 20:51:34 2025 India Standard Time elapsed time: 14.153059 seconds (0d 0h 0m 14s)

---------------  T H R E A D  ---------------

Current thread (0x0000021978a4c000):  VMThread "VM Thread" [stack: 0x000000f615a00000,0x000000f615b00000] [id=18960]

Stack: [0x000000f615a00000,0x000000f615b00000]
[error occurred during error reporting (printing stack bounds), id 0xc0000005, EXCEPTION_ACCESS_VIOLATION (0xc0000005) at pc=0x000002190000112d]

Native frames: (J=compiled Java code, j=interpreted, Vv=VM code, C=native code)
V  [jvm.dll+0x64135a]
V  [jvm.dll+0x7d39f9]
V  [jvm.dll+0x7d51b9]
V  [jvm.dll+0x7d5805]
V  [jvm.dll+0x7d57bb]
V  [jvm.dll+0x640655]
V  [jvm.dll+0x640d68]
C  [ntdll.dll+0xa28bf]
C  [ntdll.dll+0x52554]
C  [ntdll.dll+0xa13ce]
C  0x000002190000112d

VM_Operation (0x000000f6171fd800): G1CollectForAllocation, mode: safepoint, requested by thread 0x000002197bda0800


---------------  P R O C E S S  ---------------

Threads class SMR info:
_java_thread_list=0x0000021979df0200, length=133, elements={
0x000002196d5af800, 0x0000021978a50000, 0x0000021978a59800, 0x00000219793c6800,
0x00000219793c7800, 0x00000219793ca000, 0x00000219793cd000, 0x00000219793d0800,
0x00000219793d3800, 0x0000021979527000, 0x000002197bc8b000, 0x000002197b493000,
0x000002197a1c8800, 0x000002197aee2000, 0x000002197a71f000, 0x000002197bd0c000,
0x000002197bb27800, 0x000002197ba21000, 0x000002197a7e8000, 0x000002197bace000,
0x000002197bda0800, 0x000002197bda1800, 0x000002197bda4000, 0x0000021979be0000,
0x000002197bda4800, 0x000002197bda5800, 0x000002197bda2000, 0x000002197bd9f800,
0x000002197bda6800, 0x000002197bda3000, 0x000002197bfa9000, 0x000002197bfaf000,
0x000002197bfac800, 0x000002197bfab000, 0x000002197bfad800, 0x000002197bfab800,
0x000002197bfae000, 0x000002197bfaf800, 0x000002197bfaa000, 0x000002197bfb5800,
0x000002197bfb4800, 0x000002197bfb0800, 0x000002197bfb1800, 0x000002197bfb8000,
0x000002190f3b8000, 0x000002190f3b4800, 0x000002190f3b2000, 0x000002190f3b5800,
0x000002190f3b6800, 0x000002190f3b9000, 0x000002190f3b7000, 0x000002190f3b3000,
0x000002190f3b9800, 0x000002190f3b4000, 0x000002190f3bd000, 0x000002190f3be800,
0x000002190f3ba800, 0x000002190f3c1000, 0x000002190f3bc000, 0x000002190f3bb000,
0x000002190f3bd800, 0x000002190f3bf800, 0x000002190f3c0000, 0x000002190f089800,
0x000002190f08a000, 0x000002190f087800, 0x000002190f088800, 0x000002190f084800,
0x000002190f086000, 0x000002190f087000, 0x000002190f08b000, 0x000002190f085000,
0x000002190f08b800, 0x000002190f092800, 0x000002190f091800, 0x000002190f08c800,
0x000002190f090800, 0x000002190f08d800, 0x000002190f093000, 0x000002190f08e000,
0x000002190f08f000, 0x000002190f090000, 0x000002190f601000, 0x000002190f5fb800,
0x000002190f600800, 0x000002190f5fc800, 0x000002190f602000, 0x000002190f603000,
0x000002190f5ff800, 0x000002190f5ff000, 0x000002190f5fd000, 0x000002190f603800,
0x000002190f5fe000, 0x000002190f60a000, 0x000002190f608800, 0x000002190f604800,
0x000002190f609800, 0x000002190f606000, 0x000002190f605800, 0x000002190f607000,
0x000002190f608000, 0x000002190fcf0800, 0x000002190fcf3000, 0x000002190fcf4000,
0x000002190fcf4800, 0x000002190fcf1800, 0x000002190fcef000, 0x000002190fcf2000,
0x000002190fcf5800, 0x000002190fcef800, 0x000002190fcf8800, 0x000002190fcfa800,
0x000002190fcf7000, 0x000002190fcf8000, 0x000002190fcf9800, 0x000002190fcf6000,
0x000002190fcfb000, 0x000002190fcfc000, 0x000002190fcfd000, 0x000002190fcfd800,
0x000002190f1bc800, 0x000002190f1c0800, 0x000002190f1be800, 0x000002190f1c2000,
0x000002190f1c3000, 0x000002190f1bd000, 0x000002190f1bf800, 0x000002190f1c3800,
0x000002190f1be000, 0x000002190f1c1000, 0x000002190f1c9800, 0x000002190f1c8800,
0x000002190f1c4800
}

Java Threads: ( => current thread )
  0x000002196d5af800 JavaThread "main" [_thread_blocked, id=23820, stack(0x000000f615400000,0x000000f615500000)]
  0x0000021978a50000 JavaThread "Reference Handler" daemon [_thread_blocked, id=9260, stack(0x000000f615b00000,0x000000f615c00000)]
  0x0000021978a59800 JavaThread "Finalizer" daemon [_thread_blocked, id=4132, stack(0x000000f615c00000,0x000000f615d00000)]
  0x00000219793c6800 JavaThread "Signal Dispatcher" daemon [_thread_blocked, id=33740, stack(0x000000f615d00000,0x000000f615e00000)]
  0x00000219793c7800 JavaThread "Attach Listener" daemon [_thread_blocked, id=28564, stack(0x000000f615e00000,0x000000f615f00000)]
  0x00000219793ca000 JavaThread "Service Thread" daemon [_thread_blocked, id=31072, stack(0x000000f615f00000,0x000000f616000000)]
  0x00000219793cd000 JavaThread "C2 CompilerThread0" daemon [_thread_in_native, id=11932, stack(0x000000f616000000,0x000000f616100000)]
  0x00000219793d0800 JavaThread "C1 CompilerThread0" daemon [_thread_blocked, id=14012, stack(0x000000f616100000,0x000000f616200000)]
  0x00000219793d3800 JavaThread "Sweeper thread" daemon [_thread_blocked, id=25292, stack(0x000000f616200000,0x000000f616300000)]
  0x0000021979527000 JavaThread "Common-Cleaner" daemon [_thread_blocked, id=9520, stack(0x000000f616300000,0x000000f616400000)]
  0x000002197bc8b000 JavaThread "Daemon health stats" [_thread_blocked, id=18912, stack(0x000000f616900000,0x000000f616a00000)]
  0x000002197b493000 JavaThread "Incoming local TCP Connector on port 49605" [_thread_in_native, id=14932, stack(0x000000f616500000,0x000000f616600000)]
  0x000002197a1c8800 JavaThread "Daemon periodic checks" [_thread_blocked, id=30136, stack(0x000000f616600000,0x000000f616700000)]
  0x000002197aee2000 JavaThread "Daemon" [_thread_blocked, id=8548, stack(0x000000f616a00000,0x000000f616b00000)]
  0x000002197a71f000 JavaThread "Handler for socket connection from /127.0.0.1:49605 to /127.0.0.1:49606" [_thread_in_native, id=16288, stack(0x000000f616b00000,0x000000f616c00000)]
  0x000002197bd0c000 JavaThread "Cancel handler" [_thread_blocked, id=12644, stack(0x000000f616c00000,0x000000f616d00000)]
  0x000002197bb27800 JavaThread "Daemon worker" [_thread_blocked, id=6896, stack(0x000000f616d00000,0x000000f616e00000)]
  0x000002197ba21000 JavaThread "Asynchronous log dispatcher for DefaultDaemonConnection: socket connection from /127.0.0.1:49605 to /127.0.0.1:49606" [_thread_blocked, id=31480, stack(0x000000f616e00000,0x000000f616f00000)]
  0x000002197a7e8000 JavaThread "Stdin handler" [_thread_blocked, id=13716, stack(0x000000f616f00000,0x000000f617000000)]
  0x000002197bace000 JavaThread "Daemon client event forwarder" [_thread_blocked, id=5088, stack(0x000000f617000000,0x000000f617100000)]
  0x000002197bda0800 JavaThread "Cache worker for journal cache (C:\Users\HP-PC\.gradle\caches\journal-1)" [_thread_blocked, id=7388, stack(0x000000f617100000,0x000000f617200000)]
  0x000002197bda1800 JavaThread "File lock request listener" [_thread_in_native, id=3284, stack(0x000000f617700000,0x000000f617800000)]
  0x000002197bda4000 JavaThread "Cache worker for file hash cache (C:\Users\HP-PC\.gradle\caches\7.5\fileHashes)" [_thread_blocked, id=31012, stack(0x000000f617900000,0x000000f617a00000)]
  0x0000021979be0000 JavaThread "C2 CompilerThread1" daemon [_thread_blocked, id=10400, stack(0x000000f617a00000,0x000000f617b00000)]
  0x000002197bda4800 JavaThread "File watcher server" daemon [_thread_in_native, id=1264, stack(0x000000f617b00000,0x000000f617c00000)]
  0x000002197bda5800 JavaThread "File watcher consumer" daemon [_thread_blocked, id=25344, stack(0x000000f617c00000,0x000000f617d00000)]
  0x000002197bda2000 JavaThread "jar transforms" [_thread_blocked, id=804, stack(0x000000f617e00000,0x000000f617f00000)]
  0x000002197bd9f800 JavaThread "jar transforms Thread 2" [_thread_blocked, id=32464, stack(0x000000f617f00000,0x000000f618000000)]
  0x000002197bda6800 JavaThread "jar transforms Thread 3" [_thread_blocked, id=18200, stack(0x000000f618000000,0x000000f618100000)]
  0x000002197bda3000 JavaThread "jar transforms Thread 4" [_thread_blocked, id=17788, stack(0x000000f618100000,0x000000f618200000)]
  0x000002197bfa9000 JavaThread "jar transforms Thread 5" [_thread_blocked, id=32452, stack(0x000000f618200000,0x000000f618300000)]
  0x000002197bfaf000 JavaThread "jar transforms Thread 6" [_thread_blocked, id=7060, stack(0x000000f618300000,0x000000f618400000)]
  0x000002197bfac800 JavaThread "jar transforms Thread 7" [_thread_blocked, id=9040, stack(0x000000f618400000,0x000000f618500000)]
  0x000002197bfab000 JavaThread "jar transforms Thread 8" [_thread_blocked, id=29428, stack(0x000000f618500000,0x000000f618600000)]
  0x000002197bfad800 JavaThread "Cache worker for checksums cache (C:\Users\HP-PC\AndroidStudioProjects\TalathiAttendance-master\.gradle\7.5\checksums)" [_thread_blocked, id=28700, stack(0x000000f618600000,0x000000f618700000)]
  0x000002197bfab800 JavaThread "Cache worker for cache directory md-rule (C:\Users\HP-PC\.gradle\caches\7.5\md-rule)" [_thread_blocked, id=14972, stack(0x000000f618700000,0x000000f618800000)]
  0x000002197bfae000 JavaThread "Cache worker for file content cache (C:\Users\HP-PC\.gradle\caches\7.5\fileContent)" [_thread_blocked, id=2080, stack(0x000000f618800000,0x000000f618900000)]
  0x000002197bfaf800 JavaThread "Cache worker for file hash cache (C:\Users\HP-PC\AndroidStudioProjects\TalathiAttendance-master\.gradle\7.5\fileHashes)" [_thread_blocked, id=9148, stack(0x000000f618900000,0x000000f618a00000)]
  0x000002197bfaa000 JavaThread "Cache worker for cache directory md-supplier (C:\Users\HP-PC\.gradle\caches\7.5\md-supplier)" [_thread_blocked, id=18300, stack(0x000000f618a00000,0x000000f618b00000)]
  0x000002197bfb5800 JavaThread "Cache worker for execution history cache (C:\Users\HP-PC\.gradle\caches\7.5\executionHistory)" [_thread_blocked, id=6400, stack(0x000000f617d00000,0x000000f617e00000)]
  0x000002197bfb4800 JavaThread "Cache worker for dependencies-accessors (C:\Users\HP-PC\AndroidStudioProjects\TalathiAttendance-master\.gradle\7.5\dependencies-accessors)" [_thread_blocked, id=25476, stack(0x000000f618c00000,0x000000f618d00000)]
  0x000002197bfb0800 JavaThread "Cache worker for Build Output Cleanup Cache (C:\Users\HP-PC\AndroidStudioProjects\TalathiAttendance-master\.gradle\buildOutputCleanup)" [_thread_blocked, id=22060, stack(0x000000f618d00000,0x000000f618e00000)]
  0x000002197bfb1800 JavaThread "Unconstrained build operations" [_thread_blocked, id=17128, stack(0x000000f618e00000,0x000000f618f00000)]
  0x000002197bfb8000 JavaThread "Unconstrained build operations Thread 2" [_thread_blocked, id=5676, stack(0x000000f618f00000,0x000000f619000000)]
  0x000002190f3b8000 JavaThread "Unconstrained build operations Thread 3" [_thread_blocked, id=14620, stack(0x000000f619000000,0x000000f619100000)]
  0x000002190f3b4800 JavaThread "Unconstrained build operations Thread 4" [_thread_blocked, id=13284, stack(0x000000f619100000,0x000000f619200000)]
  0x000002190f3b2000 JavaThread "Unconstrained build operations Thread 5" [_thread_blocked, id=28920, stack(0x000000f619200000,0x000000f619300000)]
  0x000002190f3b5800 JavaThread "Unconstrained build operations Thread 6" [_thread_blocked, id=23160, stack(0x000000f619300000,0x000000f619400000)]
  0x000002190f3b6800 JavaThread "Unconstrained build operations Thread 7" [_thread_blocked, id=1172, stack(0x000000f619400000,0x000000f619500000)]
  0x000002190f3b9000 JavaThread "Unconstrained build operations Thread 8" [_thread_blocked, id=16492, stack(0x000000f619500000,0x000000f619600000)]
  0x000002190f3b7000 JavaThread "Unconstrained build operations Thread 9" [_thread_blocked, id=27696, stack(0x000000f619600000,0x000000f619700000)]
  0x000002190f3b3000 JavaThread "Unconstrained build operations Thread 10" [_thread_blocked, id=20372, stack(0x000000f619700000,0x000000f619800000)]
  0x000002190f3b9800 JavaThread "Unconstrained build operations Thread 11" [_thread_blocked, id=30932, stack(0x000000f619800000,0x000000f619900000)]
  0x000002190f3b4000 JavaThread "Unconstrained build operations Thread 12" [_thread_blocked, id=25448, stack(0x000000f619900000,0x000000f619a00000)]
  0x000002190f3bd000 JavaThread "Unconstrained build operations Thread 13" [_thread_blocked, id=27328, stack(0x000000f619a00000,0x000000f619b00000)]
  0x000002190f3be800 JavaThread "Unconstrained build operations Thread 14" [_thread_blocked, id=19388, stack(0x000000f619b00000,0x000000f619c00000)]
  0x000002190f3ba800 JavaThread "Unconstrained build operations Thread 15" [_thread_blocked, id=21120, stack(0x000000f619c00000,0x000000f619d00000)]
  0x000002190f3c1000 JavaThread "Unconstrained build operations Thread 16" [_thread_blocked, id=17632, stack(0x000000f619d00000,0x000000f619e00000)]
  0x000002190f3bc000 JavaThread "Unconstrained build operations Thread 17" [_thread_blocked, id=28260, stack(0x000000f619e00000,0x000000f619f00000)]
  0x000002190f3bb000 JavaThread "Unconstrained build operations Thread 18" [_thread_blocked, id=28824, stack(0x000000f619f00000,0x000000f61a000000)]
  0x000002190f3bd800 JavaThread "Unconstrained build operations Thread 19" [_thread_blocked, id=19812, stack(0x000000f61a000000,0x000000f61a100000)]
  0x000002190f3bf800 JavaThread "Unconstrained build operations Thread 20" [_thread_blocked, id=18340, stack(0x000000f61a100000,0x000000f61a200000)]
  0x000002190f3c0000 JavaThread "Unconstrained build operations Thread 21" [_thread_blocked, id=7440, stack(0x000000f61a200000,0x000000f61a300000)]
  0x000002190f089800 JavaThread "Unconstrained build operations Thread 22" [_thread_blocked, id=10984, stack(0x000000f61a300000,0x000000f61a400000)]
  0x000002190f08a000 JavaThread "Unconstrained build operations Thread 23" [_thread_blocked, id=18944, stack(0x000000f61a400000,0x000000f61a500000)]
  0x000002190f087800 JavaThread "Unconstrained build operations Thread 24" [_thread_blocked, id=8536, stack(0x000000f61a500000,0x000000f61a600000)]
  0x000002190f088800 JavaThread "Unconstrained build operations Thread 25" [_thread_blocked, id=11804, stack(0x000000f61a600000,0x000000f61a700000)]
  0x000002190f084800 JavaThread "Unconstrained build operations Thread 26" [_thread_blocked, id=18104, stack(0x000000f61a700000,0x000000f61a800000)]
  0x000002190f086000 JavaThread "Unconstrained build operations Thread 27" [_thread_blocked, id=10532, stack(0x000000f61a800000,0x000000f61a900000)]
  0x000002190f087000 JavaThread "Unconstrained build operations Thread 28" [_thread_blocked, id=14856, stack(0x000000f61a900000,0x000000f61aa00000)]
  0x000002190f08b000 JavaThread "Unconstrained build operations Thread 29" [_thread_blocked, id=26324, stack(0x000000f61aa00000,0x000000f61ab00000)]
  0x000002190f085000 JavaThread "Unconstrained build operations Thread 30" [_thread_blocked, id=17300, stack(0x000000f61ab00000,0x000000f61ac00000)]
  0x000002190f08b800 JavaThread "Unconstrained build operations Thread 31" [_thread_blocked, id=8364, stack(0x000000f61ac00000,0x000000f61ad00000)]
  0x000002190f092800 JavaThread "Unconstrained build operations Thread 32" [_thread_blocked, id=29592, stack(0x000000f61ad00000,0x000000f61ae00000)]
  0x000002190f091800 JavaThread "Unconstrained build operations Thread 33" [_thread_blocked, id=2452, stack(0x000000f61ae00000,0x000000f61af00000)]
  0x000002190f08c800 JavaThread "Unconstrained build operations Thread 34" [_thread_blocked, id=6340, stack(0x000000f61af00000,0x000000f61b000000)]
  0x000002190f090800 JavaThread "Unconstrained build operations Thread 35" [_thread_blocked, id=10644, stack(0x000000f61b000000,0x000000f61b100000)]
  0x000002190f08d800 JavaThread "Unconstrained build operations Thread 36" [_thread_blocked, id=25060, stack(0x000000f61b100000,0x000000f61b200000)]
  0x000002190f093000 JavaThread "Unconstrained build operations Thread 37" [_thread_blocked, id=2212, stack(0x000000f61b200000,0x000000f61b300000)]
  0x000002190f08e000 JavaThread "Unconstrained build operations Thread 38" [_thread_blocked, id=13496, stack(0x000000f61b300000,0x000000f61b400000)]
  0x000002190f08f000 JavaThread "Unconstrained build operations Thread 39" [_thread_blocked, id=27144, stack(0x000000f61b400000,0x000000f61b500000)]
  0x000002190f090000 JavaThread "Unconstrained build operations Thread 40" [_thread_blocked, id=7188, stack(0x000000f61b500000,0x000000f61b600000)]
  0x000002190f601000 JavaThread "Unconstrained build operations Thread 41" [_thread_blocked, id=30764, stack(0x000000f61b600000,0x000000f61b700000)]
  0x000002190f5fb800 JavaThread "Unconstrained build operations Thread 42" [_thread_blocked, id=28812, stack(0x000000f61b700000,0x000000f61b800000)]
  0x000002190f600800 JavaThread "Unconstrained build operations Thread 43" [_thread_blocked, id=24284, stack(0x000000f61b800000,0x000000f61b900000)]
  0x000002190f5fc800 JavaThread "Unconstrained build operations Thread 44" [_thread_blocked, id=26080, stack(0x000000f61b900000,0x000000f61ba00000)]
  0x000002190f602000 JavaThread "Unconstrained build operations Thread 45" [_thread_blocked, id=17452, stack(0x000000f61ba00000,0x000000f61bb00000)]
  0x000002190f603000 JavaThread "Unconstrained build operations Thread 46" [_thread_blocked, id=14412, stack(0x000000f61bb00000,0x000000f61bc00000)]
  0x000002190f5ff800 JavaThread "Unconstrained build operations Thread 47" [_thread_blocked, id=29856, stack(0x000000f61bc00000,0x000000f61bd00000)]
  0x000002190f5ff000 JavaThread "Unconstrained build operations Thread 48" [_thread_blocked, id=13340, stack(0x000000f61bd00000,0x000000f61be00000)]
  0x000002190f5fd000 JavaThread "Unconstrained build operations Thread 49" [_thread_blocked, id=26712, stack(0x000000f61be00000,0x000000f61bf00000)]
  0x000002190f603800 JavaThread "Unconstrained build operations Thread 50" [_thread_blocked, id=7076, stack(0x000000f61bf00000,0x000000f61c000000)]
  0x000002190f5fe000 JavaThread "Unconstrained build operations Thread 51" [_thread_blocked, id=13868, stack(0x000000f61c000000,0x000000f61c100000)]
  0x000002190f60a000 JavaThread "Unconstrained build operations Thread 52" [_thread_blocked, id=12216, stack(0x000000f61c100000,0x000000f61c200000)]
  0x000002190f608800 JavaThread "Unconstrained build operations Thread 53" [_thread_blocked, id=30664, stack(0x000000f61c200000,0x000000f61c300000)]
  0x000002190f604800 JavaThread "Unconstrained build operations Thread 54" [_thread_blocked, id=19912, stack(0x000000f61c300000,0x000000f61c400000)]
  0x000002190f609800 JavaThread "Unconstrained build operations Thread 55" [_thread_blocked, id=23360, stack(0x000000f61c400000,0x000000f61c500000)]
  0x000002190f606000 JavaThread "Unconstrained build operations Thread 56" [_thread_blocked, id=30516, stack(0x000000f61c500000,0x000000f61c600000)]
  0x000002190f605800 JavaThread "Unconstrained build operations Thread 57" [_thread_blocked, id=27092, stack(0x000000f61c600000,0x000000f61c700000)]
  0x000002190f607000 JavaThread "Unconstrained build operations Thread 58" [_thread_blocked, id=33376, stack(0x000000f61c700000,0x000000f61c800000)]
  0x000002190f608000 JavaThread "Unconstrained build operations Thread 59" [_thread_blocked, id=19988, stack(0x000000f61c800000,0x000000f61c900000)]
  0x000002190fcf0800 JavaThread "Unconstrained build operations Thread 60" [_thread_blocked, id=10500, stack(0x000000f61c900000,0x000000f61ca00000)]
  0x000002190fcf3000 JavaThread "Unconstrained build operations Thread 61" [_thread_blocked, id=4120, stack(0x000000f61ca00000,0x000000f61cb00000)]
  0x000002190fcf4000 JavaThread "Unconstrained build operations Thread 62" [_thread_blocked, id=22472, stack(0x000000f61cb00000,0x000000f61cc00000)]
  0x000002190fcf4800 JavaThread "Unconstrained build operations Thread 63" [_thread_blocked, id=28212, stack(0x000000f61cc00000,0x000000f61cd00000)]
  0x000002190fcf1800 JavaThread "Unconstrained build operations Thread 64" [_thread_blocked, id=24344, stack(0x000000f61cd00000,0x000000f61ce00000)]
  0x000002190fcef000 JavaThread "Unconstrained build operations Thread 65" [_thread_blocked, id=28360, stack(0x000000f61ce00000,0x000000f61cf00000)]
  0x000002190fcf2000 JavaThread "Unconstrained build operations Thread 66" [_thread_blocked, id=8692, stack(0x000000f61cf00000,0x000000f61d000000)]
  0x000002190fcf5800 JavaThread "Unconstrained build operations Thread 67" [_thread_blocked, id=16304, stack(0x000000f61d000000,0x000000f61d100000)]
  0x000002190fcef800 JavaThread "Unconstrained build operations Thread 68" [_thread_blocked, id=29888, stack(0x000000f61d100000,0x000000f61d200000)]
  0x000002190fcf8800 JavaThread "Unconstrained build operations Thread 69" [_thread_blocked, id=15280, stack(0x000000f61d200000,0x000000f61d300000)]
  0x000002190fcfa800 JavaThread "Unconstrained build operations Thread 70" [_thread_blocked, id=33104, stack(0x000000f61d300000,0x000000f61d400000)]
  0x000002190fcf7000 JavaThread "Unconstrained build operations Thread 71" [_thread_blocked, id=20908, stack(0x000000f61d400000,0x000000f61d500000)]
  0x000002190fcf8000 JavaThread "Unconstrained build operations Thread 72" [_thread_blocked, id=13752, stack(0x000000f61d500000,0x000000f61d600000)]
  0x000002190fcf9800 JavaThread "Unconstrained build operations Thread 73" [_thread_blocked, id=31888, stack(0x000000f61d600000,0x000000f61d700000)]
  0x000002190fcf6000 JavaThread "Unconstrained build operations Thread 74" [_thread_blocked, id=2980, stack(0x000000f61d700000,0x000000f61d800000)]
  0x000002190fcfb000 JavaThread "Unconstrained build operations Thread 75" [_thread_blocked, id=13952, stack(0x000000f61d800000,0x000000f61d900000)]
  0x000002190fcfc000 JavaThread "Unconstrained build operations Thread 76" [_thread_blocked, id=7920, stack(0x000000f61d900000,0x000000f61da00000)]
  0x000002190fcfd000 JavaThread "Unconstrained build operations Thread 77" [_thread_blocked, id=21944, stack(0x000000f61da00000,0x000000f61db00000)]
  0x000002190fcfd800 JavaThread "Unconstrained build operations Thread 78" [_thread_blocked, id=2100, stack(0x000000f61db00000,0x000000f61dc00000)]
  0x000002190f1bc800 JavaThread "Unconstrained build operations Thread 79" [_thread_blocked, id=28960, stack(0x000000f61dc00000,0x000000f61dd00000)]
  0x000002190f1c0800 JavaThread "Unconstrained build operations Thread 80" [_thread_blocked, id=19436, stack(0x000000f61dd00000,0x000000f61de00000)]
  0x000002190f1be800 JavaThread "Memory manager" [_thread_blocked, id=33304, stack(0x000000f61de00000,0x000000f61df00000)]
  0x000002190f1c2000 JavaThread "included builds" [_thread_blocked, id=33736, stack(0x000000f618b00000,0x000000f618c00000)]
  0x000002190f1c3000 JavaThread "Execution worker" [_thread_blocked, id=25468, stack(0x000000f61df00000,0x000000f61e000000)]
  0x000002190f1bd000 JavaThread "Execution worker Thread 2" [_thread_blocked, id=33132, stack(0x000000f61e000000,0x000000f61e100000)]
  0x000002190f1bf800 JavaThread "Execution worker Thread 3" [_thread_blocked, id=4200, stack(0x000000f61e100000,0x000000f61e200000)]
  0x000002190f1c3800 JavaThread "Execution worker Thread 4" [_thread_blocked, id=17816, stack(0x000000f61e200000,0x000000f61e300000)]
  0x000002190f1be000 JavaThread "Execution worker Thread 5" [_thread_blocked, id=7148, stack(0x000000f61e300000,0x000000f61e400000)]
  0x000002190f1c1000 JavaThread "Execution worker Thread 6" [_thread_blocked, id=25136, stack(0x000000f61e400000,0x000000f61e500000)]
  0x000002190f1c9800 JavaThread "Execution worker Thread 7" [_thread_blocked, id=17664, stack(0x000000f61e500000,0x000000f61e600000)]
  0x000002190f1c8800 JavaThread "Cache worker for execution history cache (C:\Users\HP-PC\AndroidStudioProjects\TalathiAttendance-master\.gradle\7.5\executionHistory)" [_thread_blocked, id=13972, stack(0x000000f61e600000,0x000000f61e700000)]
  0x000002190f1c4800 JavaThread "idea-tooling-model-converter" [_thread_blocked, id=29184, stack(0x000000f61e700000,0x000000f61e800000)]

Other Threads:
=>0x0000021978a4c000 VMThread "VM Thread" [stack: 0x000000f615a00000,0x000000f615b00000] [id=18960]
  0x0000021979548800 WatcherThread [stack: 0x000000f616400000,0x000000f616500000] [id=19584]
  0x000002196b5de800 GCTaskThread "GC Thread#0" [stack: 0x000000f615500000,0x000000f615600000] [id=11864]
  0x000002197a261000 GCTaskThread "GC Thread#1" [stack: 0x000000f616700000,0x000000f616800000] [id=23208]
  0x000002197a17b800 GCTaskThread "GC Thread#2" [stack: 0x000000f616800000,0x000000f616900000] [id=30420]
  0x000002197a7e8800 GCTaskThread "GC Thread#3" [stack: 0x000000f617200000,0x000000f617300000] [id=16956]
  0x000002197b92a800 GCTaskThread "GC Thread#4" [stack: 0x000000f617300000,0x000000f617400000] [id=25564]
  0x000002197b7d5000 GCTaskThread "GC Thread#5" [stack: 0x000000f617400000,0x000000f617500000] [id=31312]
  0x000002197bda9800 GCTaskThread "GC Thread#6" [stack: 0x000000f617500000,0x000000f617600000] [id=28048]
  0x000002197b5e1800 GCTaskThread "GC Thread#7" [stack: 0x000000f617600000,0x000000f617700000] [id=11796]
  0x000002196d5f6000 ConcurrentGCThread "G1 Main Marker" [stack: 0x000000f615600000,0x000000f615700000] [id=20664]
  0x000002196d5f8000 ConcurrentGCThread "G1 Conc#0" [stack: 0x000000f615700000,0x000000f615800000] [id=8888]
  0x000002197bac8800 ConcurrentGCThread "G1 Conc#1" [stack: 0x000000f617800000,0x000000f617900000] [id=10652]
  0x00000219788a2800 ConcurrentGCThread "G1 Refine#0" [stack: 0x000000f615800000,0x000000f615900000] [id=9476]
  0x000002196d679000 ConcurrentGCThread "G1 Young RemSet Sampling" [stack: 0x000000f615900000,0x000000f615a00000] [id=28152]

Threads with active compile tasks:
C2 CompilerThread0    14172 9735       4       org.gradle.api.internal.artifacts.ModuleComponentSelectorSerializer::read (50 bytes)
C1 CompilerThread0    14172 10572       3       org.gradle.internal.watch.vfs.impl.WatchingVirtualFileSystem::updateNotifyingListeners (47 bytes)
C2 CompilerThread1    14172 10522       4       org.gradle.cache.internal.btree.CachingBlockStore::read (56 bytes)

VM state:at safepoint (normal execution)

VM Mutex/Monitor currently owned by a thread:  ([mutex/lock_event])
[0x000002196d5abe00] Threads_lock - owner thread: 0x0000021978a4c000
[0x000002196d5aae40] Heap_lock - owner thread: 0x000002197bda0800

Heap address: 0x0000000080000000, size: 2048 MB, Compressed Oops mode: 32-bit
Narrow klass base: 0x0000000000000000, Narrow klass shift: 3
Compressed class space size: 1073741824 Address: 0x0000000100000000

Heap:
 garbage-first heap   total 328704K, used 189068K [0x0000000080000000, 0x0000000100000000)
  region size 1024K, 7 young (7168K), 7 survivors (7168K)
 Metaspace       used 97091K, capacity 99968K, committed 100092K, reserved 1136640K
  class space    used 12531K, capacity 13623K, committed 13696K, reserved 1048576K
Heap Regions: E=young(eden), S=young(survivor), O=old, HS=humongous(starts), HC=humongous(continues), CS=collection set, F=free, A=archive, TAMS=top-at-mark-start (previous, next)
|   0|0x0000000080000000, 0x0000000080100000, 0x0000000080100000|100%| O|  |TAMS 0x0000000080100000, 0x0000000080100000| Untracked 
|   1|0x0000000080100000, 0x0000000080200000, 0x0000000080200000|100%| O|  |TAMS 0x0000000080200000, 0x0000000080200000| Untracked 
|   2|0x0000000080200000, 0x0000000080300000, 0x0000000080300000|100%| O|  |TAMS 0x0000000080300000, 0x0000000080300000| Untracked 
|   3|0x0000000080300000, 0x0000000080400000, 0x0000000080400000|100%|HS|  |TAMS 0x0000000080400000, 0x0000000080400000| Complete 
|   4|0x0000000080400000, 0x0000000080500000, 0x0000000080500000|100%|HC|  |TAMS 0x0000000080500000, 0x0000000080500000| Complete 
|   5|0x0000000080500000, 0x0000000080600000, 0x0000000080600000|100%|HC|  |TAMS 0x0000000080600000, 0x0000000080600000| Complete 
|   6|0x0000000080600000, 0x0000000080700000, 0x0000000080700000|100%| O|  |TAMS 0x0000000080700000, 0x0000000080700000| Untracked 
|   7|0x0000000080700000, 0x0000000080800000, 0x0000000080800000|100%| O|  |TAMS 0x0000000080800000, 0x0000000080800000| Untracked 
|   8|0x0000000080800000, 0x0000000080900000, 0x0000000080900000|100%| O|  |TAMS 0x0000000080900000, 0x0000000080900000| Untracked 
|   9|0x0000000080900000, 0x0000000080a00000, 0x0000000080a00000|100%| O|  |TAMS 0x0000000080a00000, 0x0000000080a00000| Untracked 
|  10|0x0000000080a00000, 0x0000000080b00000, 0x0000000080b00000|100%| O|  |TAMS 0x0000000080b00000, 0x0000000080b00000| Untracked 
|  11|0x0000000080b00000, 0x0000000080c00000, 0x0000000080c00000|100%| O|  |TAMS 0x0000000080c00000, 0x0000000080c00000| Untracked 
|  12|0x0000000080c00000, 0x0000000080d00000, 0x0000000080d00000|100%| O|  |TAMS 0x0000000080d00000, 0x0000000080d00000| Untracked 
|  13|0x0000000080d00000, 0x0000000080e00000, 0x0000000080e00000|100%| O|  |TAMS 0x0000000080e00000, 0x0000000080e00000| Untracked 
|  14|0x0000000080e00000, 0x0000000080f00000, 0x0000000080f00000|100%| O|  |TAMS 0x0000000080f00000, 0x0000000080f00000| Untracked 
|  15|0x0000000080f00000, 0x0000000081000000, 0x0000000081000000|100%| O|  |TAMS 0x0000000081000000, 0x0000000081000000| Untracked 
|  16|0x0000000081000000, 0x0000000081100000, 0x0000000081100000|100%| O|  |TAMS 0x0000000081100000, 0x0000000081100000| Untracked 
|  17|0x0000000081100000, 0x0000000081200000, 0x0000000081200000|100%|HS|  |TAMS 0x0000000081200000, 0x0000000081200000| Complete 
|  18|0x0000000081200000, 0x0000000081300000, 0x0000000081300000|100%|HC|  |TAMS 0x0000000081300000, 0x0000000081300000| Complete 
|  19|0x0000000081300000, 0x0000000081400000, 0x0000000081400000|100%|HS|  |TAMS 0x0000000081400000, 0x0000000081400000| Complete 
|  20|0x0000000081400000, 0x0000000081500000, 0x0000000081500000|100%|HC|  |TAMS 0x0000000081500000, 0x0000000081500000| Complete 
|  21|0x0000000081500000, 0x0000000081600000, 0x0000000081600000|100%|HC|  |TAMS 0x0000000081600000, 0x0000000081600000| Complete 
|  22|0x0000000081600000, 0x0000000081700000, 0x0000000081700000|100%|HS|  |TAMS 0x0000000081700000, 0x0000000081700000| Complete 
|  23|0x0000000081700000, 0x0000000081800000, 0x0000000081800000|100%|HC|  |TAMS 0x0000000081800000, 0x0000000081800000| Complete 
|  24|0x0000000081800000, 0x0000000081900000, 0x0000000081900000|100%|HC|  |TAMS 0x0000000081900000, 0x0000000081900000| Complete 
|  25|0x0000000081900000, 0x0000000081a00000, 0x0000000081a00000|100%|HS|  |TAMS 0x0000000081a00000, 0x0000000081a00000| Complete 
|  26|0x0000000081a00000, 0x0000000081b00000, 0x0000000081b00000|100%|HC|  |TAMS 0x0000000081b00000, 0x0000000081b00000| Complete 
|  27|0x0000000081b00000, 0x0000000081c00000, 0x0000000081c00000|100%|HS|  |TAMS 0x0000000081c00000, 0x0000000081c00000| Complete 
|  28|0x0000000081c00000, 0x0000000081d00000, 0x0000000081d00000|100%|HC|  |TAMS 0x0000000081d00000, 0x0000000081d00000| Complete 
|  29|0x0000000081d00000, 0x0000000081e00000, 0x0000000081e00000|100%|HC|  |TAMS 0x0000000081e00000, 0x0000000081e00000| Complete 
|  30|0x0000000081e00000, 0x0000000081f00000, 0x0000000081f00000|100%|HC|  |TAMS 0x0000000081f00000, 0x0000000081f00000| Complete 
|  31|0x0000000081f00000, 0x0000000082000000, 0x0000000082000000|100%|HC|  |TAMS 0x0000000082000000, 0x0000000082000000| Complete 
|  32|0x0000000082000000, 0x0000000082100000, 0x0000000082100000|100%|HC|  |TAMS 0x0000000082100000, 0x0000000082100000| Complete 
|  33|0x0000000082100000, 0x0000000082200000, 0x0000000082200000|100%|HC|  |TAMS 0x0000000082200000, 0x0000000082200000| Complete 
|  34|0x0000000082200000, 0x0000000082300000, 0x0000000082300000|100%|HC|  |TAMS 0x0000000082300000, 0x0000000082300000| Complete 
|  35|0x0000000082300000, 0x0000000082400000, 0x0000000082400000|100%|HC|  |TAMS 0x0000000082400000, 0x0000000082400000| Complete 
|  36|0x0000000082400000, 0x0000000082500000, 0x0000000082500000|100%|HC|  |TAMS 0x0000000082500000, 0x0000000082500000| Complete 
|  37|0x0000000082500000, 0x0000000082600000, 0x0000000082600000|100%|HS|  |TAMS 0x0000000082600000, 0x0000000082600000| Complete 
|  38|0x0000000082600000, 0x0000000082700000, 0x0000000082700000|100%|HC|  |TAMS 0x0000000082700000, 0x0000000082700000| Complete 
|  39|0x0000000082700000, 0x0000000082800000, 0x0000000082800000|100%|HS|  |TAMS 0x0000000082800000, 0x0000000082800000| Complete 
|  40|0x0000000082800000, 0x0000000082900000, 0x0000000082900000|100%|HC|  |TAMS 0x0000000082900000, 0x0000000082900000| Complete 
|  41|0x0000000082900000, 0x0000000082a00000, 0x0000000082a00000|100%|HC|  |TAMS 0x0000000082a00000, 0x0000000082a00000| Complete 
|  42|0x0000000082a00000, 0x0000000082b00000, 0x0000000082b00000|100%|HC|  |TAMS 0x0000000082b00000, 0x0000000082b00000| Complete 
|  43|0x0000000082b00000, 0x0000000082c00000, 0x0000000082c00000|100%|HC|  |TAMS 0x0000000082c00000, 0x0000000082c00000| Complete 
|  44|0x0000000082c00000, 0x0000000082d00000, 0x0000000082d00000|100%| O|  |TAMS 0x0000000082d00000, 0x0000000082d00000| Untracked 
|  45|0x0000000082d00000, 0x0000000082e00000, 0x0000000082e00000|100%| O|  |TAMS 0x0000000082e00000, 0x0000000082e00000| Untracked 
|  46|0x0000000082e00000, 0x0000000082f00000, 0x0000000082f00000|100%| O|  |TAMS 0x0000000082f00000, 0x0000000082f00000| Untracked 
|  47|0x0000000082f00000, 0x0000000083000000, 0x0000000083000000|100%| O|  |TAMS 0x0000000083000000, 0x0000000083000000| Untracked 
|  48|0x0000000083000000, 0x0000000083100000, 0x0000000083100000|100%| O|  |TAMS 0x0000000083100000, 0x0000000083100000| Untracked 
|  49|0x0000000083100000, 0x0000000083200000, 0x0000000083200000|100%| O|  |TAMS 0x0000000083200000, 0x0000000083200000| Untracked 
|  50|0x0000000083200000, 0x0000000083300000, 0x0000000083300000|100%| O|  |TAMS 0x0000000083300000, 0x0000000083300000| Untracked 
|  51|0x0000000083300000, 0x0000000083400000, 0x0000000083400000|100%|HS|  |TAMS 0x0000000083400000, 0x0000000083400000| Complete 
|  52|0x0000000083400000, 0x0000000083500000, 0x0000000083500000|100%|HC|  |TAMS 0x0000000083500000, 0x0000000083500000| Complete 
|  53|0x0000000083500000, 0x0000000083600000, 0x0000000083600000|100%| O|  |TAMS 0x0000000083600000, 0x0000000083600000| Untracked 
|  54|0x0000000083600000, 0x0000000083700000, 0x0000000083700000|100%| O|  |TAMS 0x0000000083700000, 0x0000000083700000| Untracked 
|  55|0x0000000083700000, 0x0000000083800000, 0x0000000083800000|100%| O|  |TAMS 0x0000000083800000, 0x0000000083800000| Untracked 
|  56|0x0000000083800000, 0x0000000083900000, 0x0000000083900000|100%| O|  |TAMS 0x0000000083900000, 0x0000000083900000| Untracked 
|  57|0x0000000083900000, 0x0000000083a00000, 0x0000000083a00000|100%| O|  |TAMS 0x0000000083a00000, 0x0000000083a00000| Untracked 
|  58|0x0000000083a00000, 0x0000000083b00000, 0x0000000083b00000|100%| O|  |TAMS 0x0000000083b00000, 0x0000000083b00000| Untracked 
|  59|0x0000000083b00000, 0x0000000083c00000, 0x0000000083c00000|100%|HS|  |TAMS 0x0000000083c00000, 0x0000000083c00000| Complete 
|  60|0x0000000083c00000, 0x0000000083d00000, 0x0000000083d00000|100%|HC|  |TAMS 0x0000000083d00000, 0x0000000083d00000| Complete 
|  61|0x0000000083d00000, 0x0000000083e00000, 0x0000000083e00000|100%|HC|  |TAMS 0x0000000083e00000, 0x0000000083e00000| Complete 
|  62|0x0000000083e00000, 0x0000000083f00000, 0x0000000083f00000|100%|HC|  |TAMS 0x0000000083f00000, 0x0000000083f00000| Complete 
|  63|0x0000000083f00000, 0x0000000084000000, 0x0000000084000000|100%|HC|  |TAMS 0x0000000084000000, 0x0000000084000000| Complete 
|  64|0x0000000084000000, 0x0000000084100000, 0x0000000084100000|100%|HC|  |TAMS 0x0000000084100000, 0x0000000084100000| Complete 
|  65|0x0000000084100000, 0x0000000084200000, 0x0000000084200000|100%|HC|  |TAMS 0x0000000084200000, 0x0000000084200000| Complete 
|  66|0x0000000084200000, 0x0000000084300000, 0x0000000084300000|100%|HC|  |TAMS 0x0000000084300000, 0x0000000084300000| Complete 
|  67|0x0000000084300000, 0x0000000084400000, 0x0000000084400000|100%|HC|  |TAMS 0x0000000084400000, 0x0000000084400000| Complete 
|  68|0x0000000084400000, 0x0000000084500000, 0x0000000084500000|100%|HC|  |TAMS 0x0000000084500000, 0x0000000084500000| Complete 
|  69|0x0000000084500000, 0x0000000084600000, 0x0000000084600000|100%|HS|  |TAMS 0x0000000084600000, 0x0000000084600000| Complete 
|  70|0x0000000084600000, 0x0000000084700000, 0x0000000084700000|100%|HC|  |TAMS 0x0000000084700000, 0x0000000084700000| Complete 
|  71|0x0000000084700000, 0x0000000084800000, 0x0000000084800000|100%|HC|  |TAMS 0x0000000084800000, 0x0000000084800000| Complete 
|  72|0x0000000084800000, 0x0000000084900000, 0x0000000084900000|100%|HS|  |TAMS 0x0000000084900000, 0x0000000084900000| Complete 
|  73|0x0000000084900000, 0x0000000084a00000, 0x0000000084a00000|100%|HC|  |TAMS 0x0000000084a00000, 0x0000000084a00000| Complete 
|  74|0x0000000084a00000, 0x0000000084b00000, 0x0000000084b00000|100%| O|  |TAMS 0x0000000084b00000, 0x0000000084b00000| Untracked 
|  75|0x0000000084b00000, 0x0000000084c00000, 0x0000000084c00000|100%|HS|  |TAMS 0x0000000084c00000, 0x0000000084c00000| Complete 
|  76|0x0000000084c00000, 0x0000000084d00000, 0x0000000084d00000|100%|HC|  |TAMS 0x0000000084d00000, 0x0000000084d00000| Complete 
|  77|0x0000000084d00000, 0x0000000084e00000, 0x0000000084e00000|100%|HC|  |TAMS 0x0000000084e00000, 0x0000000084e00000| Complete 
|  78|0x0000000084e00000, 0x0000000084f00000, 0x0000000084f00000|100%| O|  |TAMS 0x0000000084f00000, 0x0000000084f00000| Untracked 
|  79|0x0000000084f00000, 0x0000000085000000, 0x0000000085000000|100%| O|  |TAMS 0x0000000085000000, 0x0000000085000000| Untracked 
|  80|0x0000000085000000, 0x0000000085100000, 0x0000000085100000|100%| O|  |TAMS 0x0000000085100000, 0x0000000085100000| Untracked 
|  81|0x0000000085100000, 0x0000000085200000, 0x0000000085200000|100%| O|  |TAMS 0x0000000085200000, 0x0000000085200000| Untracked 
|  82|0x0000000085200000, 0x0000000085300000, 0x0000000085300000|100%|HS|  |TAMS 0x0000000085300000, 0x0000000085300000| Complete 
|  83|0x0000000085300000, 0x0000000085400000, 0x0000000085400000|100%|HC|  |TAMS 0x0000000085400000, 0x0000000085400000| Complete 
|  84|0x0000000085400000, 0x0000000085500000, 0x0000000085500000|100%|HC|  |TAMS 0x0000000085500000, 0x0000000085500000| Complete 
|  85|0x0000000085500000, 0x0000000085600000, 0x0000000085600000|100%|HC|  |TAMS 0x0000000085600000, 0x0000000085600000| Complete 
|  86|0x0000000085600000, 0x0000000085700000, 0x0000000085700000|100%|HC|  |TAMS 0x0000000085700000, 0x0000000085700000| Complete 
|  87|0x0000000085700000, 0x0000000085800000, 0x0000000085800000|100%| O|  |TAMS 0x0000000085800000, 0x0000000085800000| Untracked 
|  88|0x0000000085800000, 0x0000000085900000, 0x0000000085900000|100%| O|  |TAMS 0x0000000085900000, 0x0000000085900000| Untracked 
|  89|0x0000000085900000, 0x0000000085a00000, 0x0000000085a00000|100%| O|  |TAMS 0x0000000085a00000, 0x0000000085a00000| Untracked 
|  90|0x0000000085a00000, 0x0000000085b00000, 0x0000000085b00000|100%| O|  |TAMS 0x0000000085b00000, 0x0000000085b00000| Untracked 
|  91|0x0000000085b00000, 0x0000000085c00000, 0x0000000085c00000|100%| O|  |TAMS 0x0000000085c00000, 0x0000000085c00000| Untracked 
|  92|0x0000000085c00000, 0x0000000085d00000, 0x0000000085d00000|100%| O|  |TAMS 0x0000000085d00000, 0x0000000085d00000| Untracked 
|  93|0x0000000085d00000, 0x0000000085e00000, 0x0000000085e00000|100%|HS|  |TAMS 0x0000000085e00000, 0x0000000085e00000| Complete 
|  94|0x0000000085e00000, 0x0000000085f00000, 0x0000000085f00000|100%|HS|  |TAMS 0x0000000085f00000, 0x0000000085f00000| Complete 
|  95|0x0000000085f00000, 0x0000000086000000, 0x0000000086000000|100%|HS|  |TAMS 0x0000000086000000, 0x0000000086000000| Complete 
|  96|0x0000000086000000, 0x0000000086100000, 0x0000000086100000|100%| O|  |TAMS 0x0000000086100000, 0x0000000086100000| Untracked 
|  97|0x0000000086100000, 0x0000000086200000, 0x0000000086200000|100%| O|  |TAMS 0x0000000086200000, 0x0000000086200000| Untracked 
|  98|0x0000000086200000, 0x0000000086300000, 0x0000000086300000|100%|HS|  |TAMS 0x0000000086300000, 0x0000000086300000| Complete 
|  99|0x0000000086300000, 0x0000000086400000, 0x0000000086400000|100%|HC|  |TAMS 0x0000000086400000, 0x0000000086400000| Complete 
| 100|0x0000000086400000, 0x0000000086500000, 0x0000000086500000|100%|HC|  |TAMS 0x0000000086500000, 0x0000000086500000| Complete 
| 101|0x0000000086500000, 0x0000000086600000, 0x0000000086600000|100%| O|  |TAMS 0x0000000086600000, 0x0000000086600000| Untracked 
| 102|0x0000000086600000, 0x0000000086700000, 0x0000000086700000|100%| O|  |TAMS 0x0000000086700000, 0x0000000086700000| Untracked 
| 103|0x0000000086700000, 0x0000000086800000, 0x0000000086800000|100%| O|  |TAMS 0x0000000086800000, 0x0000000086800000| Untracked 
| 104|0x0000000086800000, 0x0000000086900000, 0x0000000086900000|100%| O|  |TAMS 0x0000000086900000, 0x0000000086900000| Untracked 
| 105|0x0000000086900000, 0x0000000086a00000, 0x0000000086a00000|100%| O|  |TAMS 0x0000000086a00000, 0x0000000086a00000| Untracked 
| 106|0x0000000086a00000, 0x0000000086b00000, 0x0000000086b00000|100%| O|  |TAMS 0x0000000086b00000, 0x0000000086b00000| Untracked 
| 107|0x0000000086b00000, 0x0000000086c00000, 0x0000000086c00000|100%| O|  |TAMS 0x0000000086c00000, 0x0000000086c00000| Untracked 
| 108|0x0000000086c00000, 0x0000000086d00000, 0x0000000086d00000|100%| O|  |TAMS 0x0000000086d00000, 0x0000000086d00000| Untracked 
| 109|0x0000000086d00000, 0x0000000086e00000, 0x0000000086e00000|100%| O|  |TAMS 0x0000000086e00000, 0x0000000086e00000| Untracked 
| 110|0x0000000086e00000, 0x0000000086f00000, 0x0000000086f00000|100%| O|  |TAMS 0x0000000086f00000, 0x0000000086f00000| Untracked 
| 111|0x0000000086f00000, 0x0000000087000000, 0x0000000087000000|100%| O|  |TAMS 0x0000000087000000, 0x0000000087000000| Untracked 
| 112|0x0000000087000000, 0x0000000087100000, 0x0000000087100000|100%| O|  |TAMS 0x0000000087100000, 0x0000000087100000| Untracked 
| 113|0x0000000087100000, 0x0000000087200000, 0x0000000087200000|100%| O|  |TAMS 0x0000000087200000, 0x0000000087200000| Untracked 
| 114|0x0000000087200000, 0x0000000087300000, 0x0000000087300000|100%| O|  |TAMS 0x0000000087300000, 0x0000000087300000| Untracked 
| 115|0x0000000087300000, 0x0000000087400000, 0x0000000087400000|100%| O|  |TAMS 0x0000000087400000, 0x0000000087400000| Untracked 
| 116|0x0000000087400000, 0x0000000087500000, 0x0000000087500000|100%| O|  |TAMS 0x0000000087500000, 0x0000000087500000| Untracked 
| 117|0x0000000087500000, 0x0000000087600000, 0x0000000087600000|100%| O|  |TAMS 0x0000000087600000, 0x0000000087600000| Untracked 
| 118|0x0000000087600000, 0x0000000087700000, 0x0000000087700000|100%| O|  |TAMS 0x0000000087700000, 0x0000000087700000| Untracked 
| 119|0x0000000087700000, 0x0000000087800000, 0x0000000087800000|100%| O|  |TAMS 0x0000000087800000, 0x0000000087800000| Untracked 
| 120|0x0000000087800000, 0x0000000087900000, 0x0000000087900000|100%| O|  |TAMS 0x0000000087900000, 0x0000000087900000| Untracked 
| 121|0x0000000087900000, 0x0000000087a00000, 0x0000000087a00000|100%| O|  |TAMS 0x0000000087a00000, 0x0000000087a00000| Untracked 
| 122|0x0000000087a00000, 0x0000000087b00000, 0x0000000087b00000|100%| O|  |TAMS 0x0000000087b00000, 0x0000000087b00000| Untracked 
| 123|0x0000000087b00000, 0x0000000087c00000, 0x0000000087c00000|100%| O|  |TAMS 0x0000000087c00000, 0x0000000087c00000| Untracked 
| 124|0x0000000087c00000, 0x0000000087d00000, 0x0000000087d00000|100%|HS|  |TAMS 0x0000000087d00000, 0x0000000087d00000| Complete 
| 125|0x0000000087d00000, 0x0000000087e00000, 0x0000000087e00000|100%|HC|  |TAMS 0x0000000087e00000, 0x0000000087e00000| Complete 
| 126|0x0000000087e00000, 0x0000000087f00000, 0x0000000087f00000|100%|HS|  |TAMS 0x0000000087f00000, 0x0000000087f00000| Complete 
| 127|0x0000000087f00000, 0x0000000088000000, 0x0000000088000000|100%|HC|  |TAMS 0x0000000088000000, 0x0000000088000000| Complete 
| 128|0x0000000088000000, 0x0000000088100000, 0x0000000088100000|100%|HC|  |TAMS 0x0000000088100000, 0x0000000088100000| Complete 
| 129|0x0000000088100000, 0x0000000088200000, 0x0000000088200000|100%|HS|  |TAMS 0x0000000088200000, 0x0000000088200000| Complete 
| 130|0x0000000088200000, 0x0000000088300000, 0x0000000088300000|100%|HC|  |TAMS 0x0000000088300000, 0x0000000088300000| Complete 
| 131|0x0000000088300000, 0x0000000088400000, 0x0000000088400000|100%|HC|  |TAMS 0x0000000088400000, 0x0000000088400000| Complete 
| 132|0x0000000088400000, 0x0000000088500000, 0x0000000088500000|100%|HS|  |TAMS 0x0000000088500000, 0x0000000088500000| Complete 
| 133|0x0000000088500000, 0x0000000088600000, 0x0000000088600000|100%|HC|  |TAMS 0x0000000088600000, 0x0000000088600000| Complete 
| 134|0x0000000088600000, 0x0000000088700000, 0x0000000088700000|100%|HS|  |TAMS 0x0000000088700000, 0x0000000088700000| Complete 
| 135|0x0000000088700000, 0x0000000088800000, 0x0000000088800000|100%|HC|  |TAMS 0x0000000088800000, 0x0000000088800000| Complete 
| 136|0x0000000088800000, 0x0000000088900000, 0x0000000088900000|100%|HC|  |TAMS 0x0000000088900000, 0x0000000088900000| Complete 
| 137|0x0000000088900000, 0x0000000088a00000, 0x0000000088a00000|100%|HC|  |TAMS 0x0000000088a00000, 0x0000000088a00000| Complete 
| 138|0x0000000088a00000, 0x0000000088b00000, 0x0000000088b00000|100%|HC|  |TAMS 0x0000000088b00000, 0x0000000088b00000| Complete 
| 139|0x0000000088b00000, 0x0000000088c00000, 0x0000000088c00000|100%|HC|  |TAMS 0x0000000088c00000, 0x0000000088c00000| Complete 
| 140|0x0000000088c00000, 0x0000000088d00000, 0x0000000088d00000|100%|HC|  |TAMS 0x0000000088d00000, 0x0000000088d00000| Complete 
| 141|0x0000000088d00000, 0x0000000088e00000, 0x0000000088e00000|100%|HC|  |TAMS 0x0000000088e00000, 0x0000000088e00000| Complete 
| 142|0x0000000088e00000, 0x0000000088f00000, 0x0000000088f00000|100%|HC|  |TAMS 0x0000000088f00000, 0x0000000088f00000| Complete 
| 143|0x0000000088f00000, 0x0000000089000000, 0x0000000089000000|100%|HC|  |TAMS 0x0000000089000000, 0x0000000089000000| Complete 
| 144|0x0000000089000000, 0x0000000089100000, 0x0000000089100000|100%|HS|  |TAMS 0x0000000089100000, 0x0000000089100000| Complete 
| 145|0x0000000089100000, 0x0000000089200000, 0x0000000089200000|100%|HC|  |TAMS 0x0000000089200000, 0x0000000089200000| Complete 
| 146|0x0000000089200000, 0x0000000089300000, 0x0000000089300000|100%|HS|  |TAMS 0x0000000089300000, 0x0000000089300000| Complete 
| 147|0x0000000089300000, 0x0000000089400000, 0x0000000089400000|100%|HC|  |TAMS 0x0000000089400000, 0x0000000089400000| Complete 
| 148|0x0000000089400000, 0x0000000089500000, 0x0000000089500000|100%|HC|  |TAMS 0x0000000089500000, 0x0000000089500000| Complete 
| 149|0x0000000089500000, 0x0000000089600000, 0x0000000089600000|100%|HC|  |TAMS 0x0000000089600000, 0x0000000089600000| Complete 
| 150|0x0000000089600000, 0x0000000089700000, 0x0000000089700000|100%|HC|  |TAMS 0x0000000089700000, 0x0000000089700000| Complete 
| 151|0x0000000089700000, 0x0000000089800000, 0x0000000089800000|100%| O|  |TAMS 0x0000000089800000, 0x0000000089800000| Untracked 
| 152|0x0000000089800000, 0x0000000089900000, 0x0000000089900000|100%| O|  |TAMS 0x0000000089900000, 0x0000000089900000| Untracked 
| 153|0x0000000089900000, 0x0000000089a00000, 0x0000000089a00000|100%| O|  |TAMS 0x0000000089a00000, 0x0000000089a00000| Untracked 
| 154|0x0000000089a00000, 0x0000000089b00000, 0x0000000089b00000|100%| O|  |TAMS 0x0000000089b00000, 0x0000000089b00000| Untracked 
| 155|0x0000000089b00000, 0x0000000089c00000, 0x0000000089c00000|100%| O|  |TAMS 0x0000000089c00000, 0x0000000089c00000| Untracked 
| 156|0x0000000089c00000, 0x0000000089d00000, 0x0000000089d00000|100%| O|  |TAMS 0x0000000089d00000, 0x0000000089d00000| Untracked 
| 157|0x0000000089d00000, 0x0000000089e00000, 0x0000000089e00000|100%| O|  |TAMS 0x0000000089e00000, 0x0000000089e00000| Untracked 
| 158|0x0000000089e00000, 0x0000000089f00000, 0x0000000089f00000|100%| O|  |TAMS 0x0000000089f00000, 0x0000000089f00000| Untracked 
| 159|0x0000000089f00000, 0x000000008a000000, 0x000000008a000000|100%| O|  |TAMS 0x000000008a000000, 0x000000008a000000| Untracked 
| 160|0x000000008a000000, 0x000000008a100000, 0x000000008a100000|100%| O|  |TAMS 0x000000008a100000, 0x000000008a100000| Untracked 
| 161|0x000000008a100000, 0x000000008a200000, 0x000000008a200000|100%| O|  |TAMS 0x000000008a200000, 0x000000008a200000| Untracked 
| 162|0x000000008a200000, 0x000000008a300000, 0x000000008a300000|100%| O|  |TAMS 0x000000008a300000, 0x000000008a300000| Untracked 
| 163|0x000000008a300000, 0x000000008a400000, 0x000000008a400000|100%| O|  |TAMS 0x000000008a400000, 0x000000008a400000| Untracked 
| 164|0x000000008a400000, 0x000000008a500000, 0x000000008a500000|100%| O|  |TAMS 0x000000008a500000, 0x000000008a500000| Untracked 
| 165|0x000000008a500000, 0x000000008a600000, 0x000000008a600000|100%| O|  |TAMS 0x000000008a500000, 0x000000008a600000| Untracked 
| 166|0x000000008a600000, 0x000000008a700000, 0x000000008a700000|100%| O|  |TAMS 0x000000008a600000, 0x000000008a700000| Untracked 
| 167|0x000000008a700000, 0x000000008a800000, 0x000000008a800000|100%| O|  |TAMS 0x000000008a700000, 0x000000008a800000| Untracked 
| 168|0x000000008a800000, 0x000000008a900000, 0x000000008a900000|100%| O|  |TAMS 0x000000008a800000, 0x000000008a900000| Untracked 
| 169|0x000000008a900000, 0x000000008aa00000, 0x000000008aa00000|100%| O|  |TAMS 0x000000008a900000, 0x000000008aa00000| Untracked 
| 170|0x000000008aa00000, 0x000000008ab00000, 0x000000008ab00000|100%| O|  |TAMS 0x000000008aa00000, 0x000000008ab00000| Untracked 
| 171|0x000000008ab00000, 0x000000008ac00000, 0x000000008ac00000|100%| O|  |TAMS 0x000000008ab00000, 0x000000008ac00000| Untracked 
| 172|0x000000008ac00000, 0x000000008ad00000, 0x000000008ad00000|100%| O|  |TAMS 0x000000008ac00000, 0x000000008ad00000| Untracked 
| 173|0x000000008ad00000, 0x000000008ae00000, 0x000000008ae00000|100%| O|  |TAMS 0x000000008ad00000, 0x000000008ae00000| Untracked 
| 174|0x000000008ae00000, 0x000000008af00000, 0x000000008af00000|100%| O|  |TAMS 0x000000008ae00000, 0x000000008af00000| Untracked 
| 175|0x000000008af00000, 0x000000008b000000, 0x000000008b000000|100%| O|  |TAMS 0x000000008af00000, 0x000000008b000000| Untracked 
| 176|0x000000008b000000, 0x000000008b100000, 0x000000008b100000|100%| O|  |TAMS 0x000000008b000000, 0x000000008b100000| Untracked 
| 177|0x000000008b100000, 0x000000008b200000, 0x000000008b200000|100%| O|  |TAMS 0x000000008b100000, 0x000000008b200000| Untracked 
| 178|0x000000008b200000, 0x000000008b24fe00, 0x000000008b300000| 31%| O|  |TAMS 0x000000008b200000, 0x000000008b24fe00| Untracked 
| 179|0x000000008b300000, 0x000000008b300000, 0x000000008b400000|  0%| F|  |TAMS 0x000000008b300000, 0x000000008b300000| Untracked 
| 180|0x000000008b400000, 0x000000008b400000, 0x000000008b500000|  0%| F|  |TAMS 0x000000008b400000, 0x000000008b400000| Untracked 
| 181|0x000000008b500000, 0x000000008b500000, 0x000000008b600000|  0%| F|  |TAMS 0x000000008b500000, 0x000000008b500000| Untracked 
| 182|0x000000008b600000, 0x000000008b600000, 0x000000008b700000|  0%| F|  |TAMS 0x000000008b600000, 0x000000008b600000| Untracked 
| 183|0x000000008b700000, 0x000000008b700000, 0x000000008b800000|  0%| F|  |TAMS 0x000000008b700000, 0x000000008b700000| Untracked 
| 184|0x000000008b800000, 0x000000008b800000, 0x000000008b900000|  0%| F|  |TAMS 0x000000008b800000, 0x000000008b800000| Untracked 
| 185|0x000000008b900000, 0x000000008b900000, 0x000000008ba00000|  0%| F|  |TAMS 0x000000008b900000, 0x000000008b900000| Untracked 
| 186|0x000000008ba00000, 0x000000008ba00000, 0x000000008bb00000|  0%| F|  |TAMS 0x000000008ba00000, 0x000000008ba00000| Untracked 
| 187|0x000000008bb00000, 0x000000008bb00000, 0x000000008bc00000|  0%| F|  |TAMS 0x000000008bb00000, 0x000000008bb00000| Untracked 
| 188|0x000000008bc00000, 0x000000008bc00000, 0x000000008bd00000|  0%| F|  |TAMS 0x000000008bc00000, 0x000000008bc00000| Untracked 
| 189|0x000000008bd00000, 0x000000008bd00000, 0x000000008be00000|  0%| F|  |TAMS 0x000000008bd00000, 0x000000008bd00000| Untracked 
| 190|0x000000008be00000, 0x000000008be00000, 0x000000008bf00000|  0%| F|  |TAMS 0x000000008be00000, 0x000000008be00000| Untracked 
| 191|0x000000008bf00000, 0x000000008bf00000, 0x000000008c000000|  0%| F|  |TAMS 0x000000008bf00000, 0x000000008bf00000| Untracked 
| 192|0x000000008c000000, 0x000000008c000000, 0x000000008c100000|  0%| F|  |TAMS 0x000000008c000000, 0x000000008c000000| Untracked 
| 193|0x000000008c100000, 0x000000008c100000, 0x000000008c200000|  0%| F|  |TAMS 0x000000008c100000, 0x000000008c100000| Untracked 
| 194|0x000000008c200000, 0x000000008c200000, 0x000000008c300000|  0%| F|  |TAMS 0x000000008c200000, 0x000000008c200000| Untracked 
| 195|0x000000008c300000, 0x000000008c300000, 0x000000008c400000|  0%| F|  |TAMS 0x000000008c300000, 0x000000008c300000| Untracked 
| 196|0x000000008c400000, 0x000000008c400000, 0x000000008c500000|  0%| F|  |TAMS 0x000000008c400000, 0x000000008c400000| Untracked 
| 197|0x000000008c500000, 0x000000008c500000, 0x000000008c600000|  0%| F|  |TAMS 0x000000008c500000, 0x000000008c500000| Untracked 
| 198|0x000000008c600000, 0x000000008c600000, 0x000000008c700000|  0%| F|  |TAMS 0x000000008c600000, 0x000000008c600000| Untracked 
| 199|0x000000008c700000, 0x000000008c700000, 0x000000008c800000|  0%| F|  |TAMS 0x000000008c700000, 0x000000008c700000| Untracked 
| 200|0x000000008c800000, 0x000000008c800000, 0x000000008c900000|  0%| F|  |TAMS 0x000000008c800000, 0x000000008c800000| Untracked 
| 201|0x000000008c900000, 0x000000008c900000, 0x000000008ca00000|  0%| F|  |TAMS 0x000000008c900000, 0x000000008c900000| Untracked 
| 202|0x000000008ca00000, 0x000000008ca00000, 0x000000008cb00000|  0%| F|  |TAMS 0x000000008ca00000, 0x000000008ca00000| Untracked 
| 203|0x000000008cb00000, 0x000000008cb00000, 0x000000008cc00000|  0%| F|  |TAMS 0x000000008cb00000, 0x000000008cb00000| Untracked 
| 204|0x000000008cc00000, 0x000000008cc00000, 0x000000008cd00000|  0%| F|  |TAMS 0x000000008cc00000, 0x000000008cc00000| Untracked 
| 205|0x000000008cd00000, 0x000000008cd00000, 0x000000008ce00000|  0%| F|  |TAMS 0x000000008cd00000, 0x000000008cd00000| Untracked 
| 206|0x000000008ce00000, 0x000000008ce00000, 0x000000008cf00000|  0%| F|  |TAMS 0x000000008ce00000, 0x000000008ce00000| Untracked 
| 207|0x000000008cf00000, 0x000000008cf00000, 0x000000008d000000|  0%| F|  |TAMS 0x000000008cf00000, 0x000000008cf00000| Untracked 
| 208|0x000000008d000000, 0x000000008d000000, 0x000000008d100000|  0%| F|  |TAMS 0x000000008d000000, 0x000000008d000000| Untracked 
| 209|0x000000008d100000, 0x000000008d100000, 0x000000008d200000|  0%| F|  |TAMS 0x000000008d100000, 0x000000008d100000| Untracked 
| 210|0x000000008d200000, 0x000000008d200000, 0x000000008d300000|  0%| F|  |TAMS 0x000000008d200000, 0x000000008d200000| Untracked 
| 211|0x000000008d300000, 0x000000008d353380, 0x000000008d400000| 32%| S|CS|TAMS 0x000000008d300000, 0x000000008d300000| Complete 
| 212|0x000000008d400000, 0x000000008d400000, 0x000000008d500000|  0%| F|  |TAMS 0x000000008d400000, 0x000000008d400000| Untracked 
| 213|0x000000008d500000, 0x000000008d500000, 0x000000008d600000|  0%| F|  |TAMS 0x000000008d500000, 0x000000008d500000| Untracked 
| 214|0x000000008d600000, 0x000000008d600000, 0x000000008d700000|  0%| F|  |TAMS 0x000000008d600000, 0x000000008d600000| Untracked 
| 215|0x000000008d700000, 0x000000008d700000, 0x000000008d800000|  0%| F|  |TAMS 0x000000008d700000, 0x000000008d700000| Untracked 
| 216|0x000000008d800000, 0x000000008d900000, 0x000000008d900000|100%| S|CS|TAMS 0x000000008d800000, 0x000000008d800000| Complete 
| 217|0x000000008d900000, 0x000000008da00000, 0x000000008da00000|100%| S|CS|TAMS 0x000000008d900000, 0x000000008d900000| Complete 
| 218|0x000000008da00000, 0x000000008db00000, 0x000000008db00000|100%| S|CS|TAMS 0x000000008da00000, 0x000000008da00000| Complete 
| 219|0x000000008db00000, 0x000000008dc00000, 0x000000008dc00000|100%| S|CS|TAMS 0x000000008db00000, 0x000000008db00000| Complete 
| 220|0x000000008dc00000, 0x000000008dd00000, 0x000000008dd00000|100%| S|CS|TAMS 0x000000008dc00000, 0x000000008dc00000| Complete 
| 221|0x000000008dd00000, 0x000000008de00000, 0x000000008de00000|100%| S|CS|TAMS 0x000000008dd00000, 0x000000008dd00000| Complete 
| 222|0x000000008de00000, 0x000000008de00000, 0x000000008df00000|  0%| F|  |TAMS 0x000000008de00000, 0x000000008de00000| Untracked 
| 223|0x000000008df00000, 0x000000008df00000, 0x000000008e000000|  0%| F|  |TAMS 0x000000008df00000, 0x000000008df00000| Untracked 
| 224|0x000000008e000000, 0x000000008e000000, 0x000000008e100000|  0%| F|  |TAMS 0x000000008e000000, 0x000000008e000000| Untracked 
| 225|0x000000008e100000, 0x000000008e100000, 0x000000008e200000|  0%| F|  |TAMS 0x000000008e100000, 0x000000008e100000| Untracked 
| 226|0x000000008e200000, 0x000000008e200000, 0x000000008e300000|  0%| F|  |TAMS 0x000000008e200000, 0x000000008e200000| Untracked 
| 227|0x000000008e300000, 0x000000008e300000, 0x000000008e400000|  0%| F|  |TAMS 0x000000008e300000, 0x000000008e300000| Untracked 
| 228|0x000000008e400000, 0x000000008e400000, 0x000000008e500000|  0%| F|  |TAMS 0x000000008e400000, 0x000000008e400000| Untracked 
| 229|0x000000008e500000, 0x000000008e500000, 0x000000008e600000|  0%| F|  |TAMS 0x000000008e500000, 0x000000008e500000| Untracked 
| 230|0x000000008e600000, 0x000000008e600000, 0x000000008e700000|  0%| F|  |TAMS 0x000000008e600000, 0x000000008e600000| Untracked 
| 231|0x000000008e700000, 0x000000008e700000, 0x000000008e800000|  0%| F|  |TAMS 0x000000008e700000, 0x000000008e700000| Untracked 
| 232|0x000000008e800000, 0x000000008e800000, 0x000000008e900000|  0%| F|  |TAMS 0x000000008e800000, 0x000000008e800000| Untracked 
| 233|0x000000008e900000, 0x000000008e900000, 0x000000008ea00000|  0%| F|  |TAMS 0x000000008e900000, 0x000000008e900000| Untracked 
| 234|0x000000008ea00000, 0x000000008ea00000, 0x000000008eb00000|  0%| F|  |TAMS 0x000000008ea00000, 0x000000008ea00000| Untracked 
| 235|0x000000008eb00000, 0x000000008eb00000, 0x000000008ec00000|  0%| F|  |TAMS 0x000000008eb00000, 0x000000008eb00000| Untracked 
| 236|0x000000008ec00000, 0x000000008ec00000, 0x000000008ed00000|  0%| F|  |TAMS 0x000000008ec00000, 0x000000008ec00000| Untracked 
| 237|0x000000008ed00000, 0x000000008ed00000, 0x000000008ee00000|  0%| F|  |TAMS 0x000000008ed00000, 0x000000008ed00000| Untracked 
| 238|0x000000008ee00000, 0x000000008ee00000, 0x000000008ef00000|  0%| F|  |TAMS 0x000000008ee00000, 0x000000008ee00000| Untracked 
| 239|0x000000008ef00000, 0x000000008ef00000, 0x000000008f000000|  0%| F|  |TAMS 0x000000008ef00000, 0x000000008ef00000| Untracked 
| 240|0x000000008f000000, 0x000000008f000000, 0x000000008f100000|  0%| F|  |TAMS 0x000000008f000000, 0x000000008f000000| Untracked 
| 241|0x000000008f100000, 0x000000008f100000, 0x000000008f200000|  0%| F|  |TAMS 0x000000008f100000, 0x000000008f100000| Untracked 
| 242|0x000000008f200000, 0x000000008f200000, 0x000000008f300000|  0%| F|  |TAMS 0x000000008f200000, 0x000000008f200000| Untracked 
| 243|0x000000008f300000, 0x000000008f300000, 0x000000008f400000|  0%| F|  |TAMS 0x000000008f300000, 0x000000008f300000| Untracked 
| 244|0x000000008f400000, 0x000000008f400000, 0x000000008f500000|  0%| F|  |TAMS 0x000000008f400000, 0x000000008f400000| Untracked 
| 245|0x000000008f500000, 0x000000008f500000, 0x000000008f600000|  0%| F|  |TAMS 0x000000008f500000, 0x000000008f500000| Untracked 
| 246|0x000000008f600000, 0x000000008f600000, 0x000000008f700000|  0%| F|  |TAMS 0x000000008f600000, 0x000000008f600000| Untracked 
| 247|0x000000008f700000, 0x000000008f700000, 0x000000008f800000|  0%| F|  |TAMS 0x000000008f700000, 0x000000008f700000| Untracked 
| 248|0x000000008f800000, 0x000000008f800000, 0x000000008f900000|  0%| F|  |TAMS 0x000000008f800000, 0x000000008f800000| Untracked 
| 249|0x000000008f900000, 0x000000008f900000, 0x000000008fa00000|  0%| F|  |TAMS 0x000000008f900000, 0x000000008f900000| Untracked 
| 250|0x000000008fa00000, 0x000000008fa00000, 0x000000008fb00000|  0%| F|  |TAMS 0x000000008fa00000, 0x000000008fa00000| Untracked 
| 251|0x000000008fb00000, 0x000000008fb00000, 0x000000008fc00000|  0%| F|  |TAMS 0x000000008fb00000, 0x000000008fb00000| Untracked 
| 252|0x000000008fc00000, 0x000000008fc00000, 0x000000008fd00000|  0%| F|  |TAMS 0x000000008fc00000, 0x000000008fc00000| Untracked 
| 253|0x000000008fd00000, 0x000000008fd00000, 0x000000008fe00000|  0%| F|  |TAMS 0x000000008fd00000, 0x000000008fd00000| Untracked 
| 254|0x000000008fe00000, 0x000000008fe00000, 0x000000008ff00000|  0%| F|  |TAMS 0x000000008fe00000, 0x000000008fe00000| Untracked 
| 255|0x000000008ff00000, 0x000000008ff00000, 0x0000000090000000|  0%| F|  |TAMS 0x000000008ff00000, 0x000000008ff00000| Untracked 
| 256|0x0000000090000000, 0x0000000090000000, 0x0000000090100000|  0%| F|  |TAMS 0x0000000090000000, 0x0000000090000000| Untracked 
| 257|0x0000000090100000, 0x0000000090100000, 0x0000000090200000|  0%| F|  |TAMS 0x0000000090100000, 0x0000000090100000| Untracked 
| 258|0x0000000090200000, 0x0000000090200000, 0x0000000090300000|  0%| F|  |TAMS 0x0000000090200000, 0x0000000090200000| Untracked 
| 259|0x0000000090300000, 0x0000000090300000, 0x0000000090400000|  0%| F|  |TAMS 0x0000000090300000, 0x0000000090300000| Untracked 
| 260|0x0000000090400000, 0x0000000090400000, 0x0000000090500000|  0%| F|  |TAMS 0x0000000090400000, 0x0000000090400000| Untracked 
| 261|0x0000000090500000, 0x0000000090500000, 0x0000000090600000|  0%| F|  |TAMS 0x0000000090500000, 0x0000000090500000| Untracked 
| 262|0x0000000090600000, 0x0000000090600000, 0x0000000090700000|  0%| F|  |TAMS 0x0000000090600000, 0x0000000090600000| Untracked 
| 263|0x0000000090700000, 0x0000000090700000, 0x0000000090800000|  0%| F|  |TAMS 0x0000000090700000, 0x0000000090700000| Untracked 
| 264|0x0000000090800000, 0x0000000090800000, 0x0000000090900000|  0%| F|  |TAMS 0x0000000090800000, 0x0000000090800000| Untracked 
| 265|0x0000000090900000, 0x0000000090900000, 0x0000000090a00000|  0%| F|  |TAMS 0x0000000090900000, 0x0000000090900000| Untracked 
| 266|0x0000000090a00000, 0x0000000090a00000, 0x0000000090b00000|  0%| F|  |TAMS 0x0000000090a00000, 0x0000000090a00000| Untracked 

Card table byte_map: [0x0000021971800000,0x0000021971c00000] _byte_map_base: 0x0000021971400000

Marking Bits (Prev, Next): (CMBitMap*) 0x000002196d5ecfc0, (CMBitMap*) 0x000002196d5ecf88
 Prev Bits: [0x0000021974000000, 0x0000021976000000)
 Next Bits: [0x0000021972000000, 0x0000021974000000)

Polling page: 0x000002196b4a0000

Metaspace:

Usage:
  Non-class:     84.32 MB capacity,    82.58 MB ( 98%) used,     1.45 MB (  2%) free+waste,   297.69 KB ( <1%) overhead. 
      Class:     13.30 MB capacity,    12.24 MB ( 92%) used,   952.66 KB (  7%) free+waste,   138.75 KB (  1%) overhead. 
       Both:     97.62 MB capacity,    94.82 MB ( 97%) used,     2.38 MB (  2%) free+waste,   436.44 KB ( <1%) overhead. 

Virtual space:
  Non-class space:       86.00 MB reserved,      84.37 MB ( 98%) committed 
      Class space:        1.00 GB reserved,      13.38 MB (  1%) committed 
             Both:        1.08 GB reserved,      97.75 MB (  9%) committed 

Chunk freelists:
   Non-Class:  51.00 KB
       Class:  0 bytes
        Both:  51.00 KB

MaxMetaspaceSize: 17179869184.00 GB
CompressedClassSpaceSize: 1.00 GB
Initial GC threshold: 20.80 MB
Current GC threshold: 156.45 MB
CDS: off

CodeHeap 'non-profiled nmethods': size=120000Kb used=6508Kb max_used=6508Kb free=113491Kb
 bounds [0x0000021907ad0000, 0x0000021908130000, 0x000002190f000000]
CodeHeap 'profiled nmethods': size=120000Kb used=22637Kb max_used=22637Kb free=97362Kb
 bounds [0x00000219005a0000, 0x0000021901bc0000, 0x0000021907ad0000]
CodeHeap 'non-nmethods': size=5760Kb used=2409Kb max_used=2465Kb free=3350Kb
 bounds [0x0000021900000000, 0x0000021900280000, 0x00000219005a0000]
 total_blobs=11417 nmethods=10482 adapters=847
 compilation: enabled
              stopped_count=0, restarted_count=0
 full_count=0

Compilation events (20 events):
Event: 14.128 Thread 0x00000219793d0800 nmethod 10544 0x0000021901bb5a10 code [0x0000021901bb5c80, 0x0000021901bb6568]
Event: 14.128 Thread 0x00000219793d0800 10551       3       org.gradle.internal.snapshot.SnapshotUtil$1::handleExactMatchWithChild (9 bytes)
Event: 14.128 Thread 0x00000219793d0800 nmethod 10551 0x0000021901bb6810 code [0x0000021901bb69e0, 0x0000021901bb6d08]
Event: 14.128 Thread 0x00000219793d0800 10552   !   3       sun.nio.fs.WindowsNativeDispatcher::CreateFile (41 bytes)
Event: 14.129 Thread 0x00000219793d0800 nmethod 10552 0x0000021901bb6e10 code [0x0000021901bb7000, 0x0000021901bb72f8]
Event: 14.131 Thread 0x00000219793d0800 10553       3       com.google.common.util.concurrent.Striped$PowerOfTwoStriped::get (10 bytes)
Event: 14.132 Thread 0x00000219793d0800 nmethod 10553 0x0000021901bb7590 code [0x0000021901bb7780, 0x0000021901bb7b38]
Event: 14.132 Thread 0x00000219793d0800 10554       3       com.google.common.util.concurrent.Striped$PowerOfTwoStriped::indexFor (15 bytes)
Event: 14.132 Thread 0x00000219793d0800 nmethod 10554 0x0000021901bb7c90 code [0x0000021901bb7e60, 0x0000021901bb8108]
Event: 14.132 Thread 0x00000219793d0800 10555       3       com.google.common.util.concurrent.Striped::access$300 (5 bytes)
Event: 14.132 Thread 0x00000219793d0800 nmethod 10555 0x0000021901bb8210 code [0x0000021901bb83c0, 0x0000021901bb8518]
Event: 14.132 Thread 0x00000219793d0800 10557       3       com.google.common.util.concurrent.Striped::smear (23 bytes)
Event: 14.132 Thread 0x00000219793d0800 nmethod 10557 0x0000021901bb8610 code [0x0000021901bb87c0, 0x0000021901bb88b8]
Event: 14.132 Thread 0x00000219793d0800 10558       3       org.gradle.internal.vfs.impl.DefaultFileSystemAccess$$Lambda$223/0x00000001003a9040::get (20 bytes)
Event: 14.134 Thread 0x00000219793d0800 nmethod 10558 0x0000021901bb8990 code [0x0000021901bb8c40, 0x0000021901bb9988]
Event: 14.134 Thread 0x00000219793d0800 10559       3       com.google.common.util.concurrent.Striped$CompactStriped::getAt (7 bytes)
Event: 14.134 Thread 0x00000219793d0800 nmethod 10559 0x0000021901bb9e90 code [0x0000021901bba040, 0x0000021901bba178]
Event: 14.134 Thread 0x00000219793d0800 10560       3       org.gradle.internal.vfs.impl.DefaultFileSystemAccess::lambda$readSnapshotFromLocation$12 (19 bytes)
Event: 14.136 Thread 0x00000219793d0800 nmethod 10560 0x0000021901bba290 code [0x0000021901bba520, 0x0000021901bbb1e8]
Event: 14.136 Thread 0x00000219793d0800 10572       3       org.gradle.internal.watch.vfs.impl.WatchingVirtualFileSystem::updateNotifyingListeners (47 bytes)

GC Heap History (20 events):
Event: 8.689 GC heap after
{Heap after GC invocations=31 (full 0):
 garbage-first heap   total 227328K, used 121138K [0x0000000080000000, 0x0000000100000000)
  region size 1024K, 2 young (2048K), 2 survivors (2048K)
 Metaspace       used 66194K, capacity 68200K, committed 68348K, reserved 1107968K
  class space    used 8466K, capacity 9235K, committed 9344K, reserved 1048576K
}
Event: 9.264 GC heap before
{Heap before GC invocations=32 (full 0):
 garbage-first heap   total 227328K, used 173362K [0x0000000080000000, 0x0000000100000000)
  region size 1024K, 52 young (53248K), 2 survivors (2048K)
 Metaspace       used 69522K, capacity 71478K, committed 71548K, reserved 1112064K
  class space    used 8893K, capacity 9660K, committed 9728K, reserved 1048576K
}
Event: 9.268 GC heap after
{Heap after GC invocations=33 (full 0):
 garbage-first heap   total 227328K, used 123461K [0x0000000080000000, 0x0000000100000000)
  region size 1024K, 4 young (4096K), 4 survivors (4096K)
 Metaspace       used 69522K, capacity 71478K, committed 71548K, reserved 1112064K
  class space    used 8893K, capacity 9660K, committed 9728K, reserved 1048576K
}
Event: 9.573 GC heap before
{Heap before GC invocations=33 (full 0):
 garbage-first heap   total 227328K, used 176709K [0x0000000080000000, 0x0000000100000000)
  region size 1024K, 56 young (57344K), 4 survivors (4096K)
 Metaspace       used 69978K, capacity 72021K, committed 72188K, reserved 1112064K
  class space    used 8933K, capacity 9733K, committed 9856K, reserved 1048576K
}
Event: 9.581 GC heap after
{Heap after GC invocations=34 (full 0):
 garbage-first heap   total 227328K, used 126941K [0x0000000080000000, 0x0000000100000000)
  region size 1024K, 7 young (7168K), 7 survivors (7168K)
 Metaspace       used 69978K, capacity 72021K, committed 72188K, reserved 1112064K
  class space    used 8933K, capacity 9733K, committed 9856K, reserved 1048576K
}
Event: 10.388 GC heap before
{Heap before GC invocations=35 (full 0):
 garbage-first heap   total 227328K, used 180189K [0x0000000080000000, 0x0000000100000000)
  region size 1024K, 59 young (60416K), 7 survivors (7168K)
 Metaspace       used 75866K, capacity 77895K, committed 78204K, reserved 1116160K
  class space    used 9896K, capacity 10696K, committed 10752K, reserved 1048576K
}
Event: 10.398 GC heap after
{Heap after GC invocations=36 (full 0):
 garbage-first heap   total 273408K, used 130269K [0x0000000080000000, 0x0000000100000000)
  region size 1024K, 7 young (7168K), 7 survivors (7168K)
 Metaspace       used 75866K, capacity 77895K, committed 78204K, reserved 1116160K
  class space    used 9896K, capacity 10696K, committed 10752K, reserved 1048576K
}
Event: 10.895 GC heap before
{Heap before GC invocations=36 (full 0):
 garbage-first heap   total 273408K, used 182493K [0x0000000080000000, 0x0000000100000000)
  region size 1024K, 59 young (60416K), 7 survivors (7168K)
 Metaspace       used 78439K, capacity 80479K, committed 80636K, reserved 1118208K
  class space    used 10257K, capacity 11105K, committed 11136K, reserved 1048576K
}
Event: 10.903 GC heap after
{Heap after GC invocations=37 (full 0):
 garbage-first heap   total 273408K, used 135436K [0x0000000080000000, 0x0000000100000000)
  region size 1024K, 9 young (9216K), 9 survivors (9216K)
 Metaspace       used 78439K, capacity 80479K, committed 80636K, reserved 1118208K
  class space    used 10257K, capacity 11105K, committed 11136K, reserved 1048576K
}
Event: 11.369 GC heap before
{Heap before GC invocations=38 (full 0):
 garbage-first heap   total 273408K, used 235788K [0x0000000080000000, 0x0000000100000000)
  region size 1024K, 81 young (82944K), 9 survivors (9216K)
 Metaspace       used 81319K, capacity 83711K, committed 83964K, reserved 1122304K
  class space    used 10669K, capacity 11550K, committed 11648K, reserved 1048576K
}
Event: 11.380 GC heap after
{Heap after GC invocations=39 (full 0):
 garbage-first heap   total 273408K, used 169265K [0x0000000080000000, 0x0000000100000000)
  region size 1024K, 11 young (11264K), 11 survivors (11264K)
 Metaspace       used 81319K, capacity 83711K, committed 83964K, reserved 1122304K
  class space    used 10669K, capacity 11550K, committed 11648K, reserved 1048576K
}
Event: 11.614 GC heap before
{Heap before GC invocations=39 (full 0):
 garbage-first heap   total 273408K, used 197937K [0x0000000080000000, 0x0000000100000000)
  region size 1024K, 41 young (41984K), 11 survivors (11264K)
 Metaspace       used 82457K, capacity 84953K, committed 85116K, reserved 1122304K
  class space    used 10783K, capacity 11724K, committed 11776K, reserved 1048576K
}
Event: 11.626 GC heap after
{Heap after GC invocations=40 (full 0):
 garbage-first heap   total 273408K, used 171303K [0x0000000080000000, 0x0000000100000000)
  region size 1024K, 3 young (3072K), 3 survivors (3072K)
 Metaspace       used 82457K, capacity 84953K, committed 85116K, reserved 1122304K
  class space    used 10783K, capacity 11724K, committed 11776K, reserved 1048576K
}
Event: 12.325 GC heap before
{Heap before GC invocations=41 (full 0):
 garbage-first heap   total 273408K, used 221479K [0x0000000080000000, 0x0000000100000000)
  region size 1024K, 51 young (52224K), 3 survivors (3072K)
 Metaspace       used 88787K, capacity 91380K, committed 91644K, reserved 1128448K
  class space    used 11568K, capacity 12552K, committed 12672K, reserved 1048576K
}
Event: 12.330 GC heap after
{Heap after GC invocations=42 (full 0):
 garbage-first heap   total 273408K, used 172153K [0x0000000080000000, 0x0000000100000000)
  region size 1024K, 4 young (4096K), 4 survivors (4096K)
 Metaspace       used 88787K, capacity 91380K, committed 91644K, reserved 1128448K
  class space    used 11568K, capacity 12552K, committed 12672K, reserved 1048576K
}
Event: 12.911 GC heap before
{Heap before GC invocations=42 (full 0):
 garbage-first heap   total 273408K, used 222329K [0x0000000080000000, 0x0000000100000000)
  region size 1024K, 53 young (54272K), 4 survivors (4096K)
 Metaspace       used 92519K, capacity 95360K, committed 95484K, reserved 1132544K
  class space    used 12126K, capacity 13162K, committed 13184K, reserved 1048576K
}
Event: 12.919 GC heap after
{Heap after GC invocations=43 (full 0):
 garbage-first heap   total 273408K, used 175551K [0x0000000080000000, 0x0000000100000000)
  region size 1024K, 7 young (7168K), 7 survivors (7168K)
 Metaspace       used 92519K, capacity 95360K, committed 95484K, reserved 1132544K
  class space    used 12126K, capacity 13162K, committed 13184K, reserved 1048576K
}
Event: 13.806 GC heap before
{Heap before GC invocations=44 (full 0):
 garbage-first heap   total 273408K, used 224703K [0x0000000080000000, 0x0000000100000000)
  region size 1024K, 56 young (57344K), 7 survivors (7168K)
 Metaspace       used 96604K, capacity 99423K, committed 99580K, reserved 1134592K
  class space    used 12495K, capacity 13576K, committed 13696K, reserved 1048576K
}
Event: 13.819 GC heap after
{Heap after GC invocations=45 (full 0):
 garbage-first heap   total 273408K, used 182090K [0x0000000080000000, 0x0000000100000000)
  region size 1024K, 7 young (7168K), 7 survivors (7168K)
 Metaspace       used 96604K, capacity 99423K, committed 99580K, reserved 1134592K
  class space    used 12495K, capacity 13576K, committed 13696K, reserved 1048576K
}
Event: 14.138 GC heap before
{Heap before GC invocations=45 (full 0):
 garbage-first heap   total 273408K, used 227146K [0x0000000080000000, 0x0000000100000000)
  region size 1024K, 52 young (53248K), 7 survivors (7168K)
 Metaspace       used 97091K, capacity 99968K, committed 100092K, reserved 1136640K
  class space    used 12531K, capacity 13623K, committed 13696K, reserved 1048576K
}

Deoptimization events (20 events):
Event: 13.939 Thread 0x000002190f601000 DEOPT PACKING pc=0x000002190177c644 sp=0x000000f61b6fd8e0
Event: 13.939 Thread 0x000002190f601000 DEOPT UNPACKING pc=0x000002190004a95e sp=0x000000f61b6fce80 mode 0
Event: 13.968 Thread 0x000002197bfb5800 Uncommon trap: trap_request=0xffffff4d fr.pc=0x0000021907dc5fe4 relative=0x0000000000000204
Event: 13.968 Thread 0x000002197bfb5800 Uncommon trap: reason=unstable_if action=reinterpret pc=0x0000021907dc5fe4 method=com.esotericsoftware.kryo.io.Input.readVarInt(Z)I @ 42 c2
Event: 13.968 Thread 0x000002197bfb5800 DEOPT PACKING pc=0x0000021907dc5fe4 sp=0x000000f617dfe390
Event: 13.968 Thread 0x000002197bfb5800 DEOPT UNPACKING pc=0x000002190004a1af sp=0x000000f617dfe280 mode 2
Event: 13.976 Thread 0x000002190fcf5800 Uncommon trap: trap_request=0xffffff4d fr.pc=0x0000021907d790ec relative=0x00000000000001ac
Event: 13.976 Thread 0x000002190fcf5800 Uncommon trap: reason=unstable_if action=reinterpret pc=0x0000021907d790ec method=org.gradle.internal.snapshot.PathUtil.equalChars(CCLorg/gradle/internal/snapshot/CaseSensitivity;)Z @ 11 c2
Event: 13.976 Thread 0x000002190fcf5800 DEOPT PACKING pc=0x0000021907d790ec sp=0x000000f61d0fbc10
Event: 13.976 Thread 0x000002190fcf5800 DEOPT UNPACKING pc=0x000002190004a1af sp=0x000000f61d0fbba8 mode 2
Event: 13.985 Thread 0x000002190f5fd000 DEOPT PACKING pc=0x000002190177c644 sp=0x000000f61befb860
Event: 13.985 Thread 0x000002190f5fd000 DEOPT UNPACKING pc=0x000002190004a95e sp=0x000000f61befae00 mode 0
Event: 14.018 Thread 0x000002190f3bd000 DEOPT PACKING pc=0x000002190177c644 sp=0x000000f619afd490
Event: 14.018 Thread 0x000002190f3bd000 DEOPT UNPACKING pc=0x000002190004a95e sp=0x000000f619afca30 mode 0
Event: 14.070 Thread 0x000002190fcf5800 DEOPT PACKING pc=0x000002190177c644 sp=0x000000f61d0fb4f0
Event: 14.070 Thread 0x000002190fcf5800 DEOPT UNPACKING pc=0x000002190004a95e sp=0x000000f61d0faa90 mode 0
Event: 14.070 Thread 0x000002197bda4000 DEOPT PACKING pc=0x00000219010806bd sp=0x000000f6179fe160
Event: 14.071 Thread 0x000002197bda4000 DEOPT UNPACKING pc=0x000002190004a95e sp=0x000000f6179fd620 mode 0
Event: 14.087 Thread 0x000002197bda4000 DEOPT PACKING pc=0x00000219010806bd sp=0x000000f6179fe160
Event: 14.087 Thread 0x000002197bda4000 DEOPT UNPACKING pc=0x000002190004a95e sp=0x000000f6179fd620 mode 0

Classes redefined (0 events):
No events

Internal exceptions (20 events):
Event: 12.579 Thread 0x000002197bb27800 Exception <a 'java/lang/ClassNotFoundException'{0x000000008f4e11f8}: org/gradle/api/internal/file/CompositeFileCollectionBeanInfo> (0x000000008f4e11f8) thrown at [src/hotspot/share/classfile/systemDictionary.cpp, line 230]
Event: 12.579 Thread 0x000002197bb27800 Exception <a 'java/lang/ClassNotFoundException'{0x000000008f4fb3e8}: org/gradle/api/internal/file/CompositeFileCollectionCustomizer> (0x000000008f4fb3e8) thrown at [src/hotspot/share/classfile/systemDictionary.cpp, line 230]
Event: 12.579 Thread 0x000002197bb27800 Exception <a 'java/lang/ClassNotFoundException'{0x000000008f321868}: org/gradle/api/internal/file/collections/DefaultConfigurableFileCollectionCustomizer> (0x000000008f321868) thrown at [src/hotspot/share/classfile/systemDictionary.cpp, line 230]
Event: 12.589 Thread 0x000002197bb27800 Exception <a 'java/lang/NoSuchMethodError'{0x000000008f3a5878}: 'int java.lang.invoke.DirectMethodHandle$Holder.invokeSpecialIFC(java.lang.Object, java.lang.Object, java.lang.Object)'> (0x000000008f3a5878) thrown at [src/hotspot/share/interpreter/linkResolver.cpp, line 773]
Event: 12.632 Thread 0x000002197bb27800 Exception <a 'java/lang/NoSuchMethodError'{0x000000008ef333a0}: 'java.lang.Object java.lang.invoke.DirectMethodHandle$Holder.invokeStatic(java.lang.Object, java.lang.Object, java.lang.Object, java.lang.Object, int, java.lang.Object)'> (0x000000008ef333a0) thrown at [src/hotspot/share/interpreter/linkResolver.cpp, line 773]
Event: 12.632 Thread 0x000002197bb27800 Exception <a 'java/lang/NoSuchMethodError'{0x000000008ef37c70}: 'java.lang.Object java.lang.invoke.DirectMethodHandle$Holder.invokeSpecial(java.lang.Object, java.lang.Object, java.lang.Object, java.lang.Object, java.lang.Object, int, java.lang.Object)'> (0x000000008ef37c70) thrown at [src/hotspot/share/interpreter/linkResolver.cpp, line 773]
Event: 12.633 Thread 0x000002197bb27800 Exception <a 'java/lang/NoSuchMethodError'{0x000000008ef3bf00}: 'java.lang.Object java.lang.invoke.Invokers$Holder.linkToTargetMethod(java.lang.Object, java.lang.Object, java.lang.Object, int, java.lang.Object, java.lang.Object)'> (0x000000008ef3bf00) thrown at [src/hotspot/share/interpreter/linkResolver.cpp, line 773]
Event: 12.819 Thread 0x000002197bb27800 Exception <a 'java/lang/NoSuchMethodError'{0x000000008e0a1338}: 'void java.lang.invoke.DirectMethodHandle$Holder.invokeStatic(java.lang.Object, java.lang.Object, java.lang.Object, java.lang.Object, int, java.lang.Object, java.lang.Object)'> (0x000000008e0a1338) thrown at [src/hotspot/share/interpreter/linkResolver.cpp, line 773]
Event: 12.834 Thread 0x000002197bb27800 Exception <a 'java/lang/IncompatibleClassChangeError'{0x000000008de536a0}: Found class java.lang.Object, but interface was expected> (0x000000008de536a0) thrown at [src/hotspot/share/interpreter/linkResolver.cpp, line 839]
Event: 12.875 Thread 0x000002190f3b6800 Exception <a 'java/lang/IncompatibleClassChangeError'{0x000000008dc5c228}: Found class java.lang.Object, but interface was expected> (0x000000008dc5c228) thrown at [src/hotspot/share/interpreter/linkResolver.cpp, line 839]
Event: 12.900 Thread 0x000002190f3b6800 Exception <a 'java/lang/NoSuchMethodError'{0x000000008da1bb80}: 'int java.lang.invoke.DirectMethodHandle$Holder.invokeStaticInit(java.lang.Object, java.lang.Object, java.lang.Object, java.lang.Object, java.lang.Object)'> (0x000000008da1bb80) thrown at [src/hotspot/share/interpreter/linkResolver.cpp, line 773]
Event: 13.883 Thread 0x000002190f5fd000 Exception <a 'java/lang/NoSuchMethodError'{0x00000000905d76a8}: 'java.lang.Object java.lang.invoke.DirectMethodHandle$Holder.invokeSpecialIFC(java.lang.Object, java.lang.Object, java.lang.Object)'> (0x00000000905d76a8) thrown at [src/hotspot/share/interpreter/linkResolver.cpp, line 773]
Event: 13.883 Thread 0x000002190fcf5800 Exception <a 'java/lang/NoSuchMethodError'{0x00000000905a15e0}: 'java.lang.Object java.lang.invoke.DirectMethodHandle$Holder.invokeSpecialIFC(java.lang.Object, java.lang.Object, java.lang.Object)'> (0x00000000905a15e0) thrown at [src/hotspot/share/interpreter/linkResolver.cpp, line 773]
Event: 13.883 Thread 0x000002190f3b2000 Exception <a 'java/lang/NoSuchMethodError'{0x0000000090591b20}: 'java.lang.Object java.lang.invoke.DirectMethodHandle$Holder.invokeSpecialIFC(java.lang.Object, java.lang.Object, java.lang.Object)'> (0x0000000090591b20) thrown at [src/hotspot/share/interpreter/linkResolver.cpp, line 773]
Event: 13.883 Thread 0x000002190f3b7000 Exception <a 'java/lang/NoSuchMethodError'{0x00000000905e2c98}: 'java.lang.Object java.lang.invoke.DirectMethodHandle$Holder.invokeSpecialIFC(java.lang.Object, java.lang.Object, java.lang.Object)'> (0x00000000905e2c98) thrown at [src/hotspot/share/interpreter/linkResolver.cpp, line 773]
Event: 13.883 Thread 0x000002197bb27800 Exception <a 'java/lang/NoSuchMethodError'{0x00000000905815f0}: 'java.lang.Object java.lang.invoke.DirectMethodHandle$Holder.invokeSpecialIFC(java.lang.Object, java.lang.Object, java.lang.Object)'> (0x00000000905815f0) thrown at [src/hotspot/share/interpreter/linkResolver.cpp, line 773]
Event: 13.883 Thread 0x000002190f3b4800 Exception <a 'java/lang/NoSuchMethodError'{0x00000000905ae5f8}: 'java.lang.Object java.lang.invoke.DirectMethodHandle$Holder.invokeSpecialIFC(java.lang.Object, java.lang.Object, java.lang.Object)'> (0x00000000905ae5f8) thrown at [src/hotspot/share/interpreter/linkResolver.cpp, line 773]
Event: 13.884 Thread 0x000002190f601000 Exception <a 'java/lang/NoSuchMethodError'{0x00000000905c5c20}: 'java.lang.Object java.lang.invoke.DirectMethodHandle$Holder.invokeSpecialIFC(java.lang.Object, java.lang.Object, java.lang.Object)'> (0x00000000905c5c20) thrown at [src/hotspot/share/interpreter/linkResolver.cpp, line 773]
Event: 13.884 Thread 0x000002190f3b5800 Exception <a 'java/lang/NoSuchMethodError'{0x00000000905b6f18}: 'java.lang.Object java.lang.invoke.DirectMethodHandle$Holder.invokeSpecialIFC(java.lang.Object, java.lang.Object, java.lang.Object)'> (0x00000000905b6f18) thrown at [src/hotspot/share/interpreter/linkResolver.cpp, line 773]
Event: 13.914 Thread 0x000002190f3b5800 Exception <a 'java/lang/NoSuchMethodError'{0x000000008fd853b0}: 'void java.lang.invoke.DirectMethodHandle$Holder.invokeVirtual(java.lang.Object, java.lang.Object)'> (0x000000008fd853b0) thrown at [src/hotspot/share/interpreter/linkResolver.cpp, line 773]

Events (20 events):
Event: 14.035 Executing VM operation: RevokeBias done
Event: 14.035 Executing VM operation: RevokeBias
Event: 14.036 Executing VM operation: RevokeBias done
Event: 14.036 Executing VM operation: RevokeBias
Event: 14.037 Executing VM operation: RevokeBias done
Event: 14.041 Executing VM operation: RevokeBias
Event: 14.041 Executing VM operation: RevokeBias done
Event: 14.055 Executing VM operation: RevokeBias
Event: 14.055 Executing VM operation: RevokeBias done
Event: 14.059 Executing VM operation: RevokeBias
Event: 14.059 Executing VM operation: RevokeBias done
Event: 14.070 Executing VM operation: RevokeBias
Event: 14.070 Executing VM operation: RevokeBias done
Event: 14.114 Executing VM operation: RevokeBias
Event: 14.115 Executing VM operation: RevokeBias done
Event: 14.118 Executing VM operation: RevokeBias
Event: 14.118 Executing VM operation: RevokeBias done
Event: 14.137 Executing VM operation: RevokeBias
Event: 14.137 Executing VM operation: RevokeBias done
Event: 14.138 Executing VM operation: G1CollectForAllocation


Dynamic libraries:
0x00007ff68b790000 - 0x00007ff68b79a000 	C:\Program Files\Android\Android Studio\jbr\bin\java.exe
0x00007ffbc9530000 - 0x00007ffbc9728000 	C:\WINDOWS\SYSTEM32\ntdll.dll
0x00007ffbc86b0000 - 0x00007ffbc8772000 	C:\WINDOWS\System32\KERNEL32.DLL
0x00007ffbc6fe0000 - 0x00007ffbc72df000 	C:\WINDOWS\System32\KERNELBASE.dll
0x00007ffbc7350000 - 0x00007ffbc7450000 	C:\WINDOWS\System32\ucrtbase.dll
0x00007ffbaab20000 - 0x00007ffbaab3b000 	C:\Program Files\Android\Android Studio\jbr\bin\VCRUNTIME140.dll
0x00007ffbc20b0000 - 0x00007ffbc20c7000 	C:\Program Files\Android\Android Studio\jbr\bin\jli.dll
0x00007ffbc75c0000 - 0x00007ffbc775d000 	C:\WINDOWS\System32\USER32.dll
0x00007ffbc74e0000 - 0x00007ffbc7502000 	C:\WINDOWS\System32\win32u.dll
0x00007ffba8650000 - 0x00007ffba88ea000 	C:\WINDOWS\WinSxS\amd64_microsoft.windows.common-controls_6595b64144ccf1df_6.0.19041.4355_none_60b8b9eb71f62e16\COMCTL32.dll
0x00007ffbc89d0000 - 0x00007ffbc89fb000 	C:\WINDOWS\System32\GDI32.dll
0x00007ffbc9050000 - 0x00007ffbc90ee000 	C:\WINDOWS\System32\msvcrt.dll
0x00007ffbc6c70000 - 0x00007ffbc6d87000 	C:\WINDOWS\System32\gdi32full.dll
0x00007ffbc6f40000 - 0x00007ffbc6fdd000 	C:\WINDOWS\System32\msvcp_win.dll
0x00007ffbc91d0000 - 0x00007ffbc91ff000 	C:\WINDOWS\System32\IMM32.DLL
0x00007ffbc03e0000 - 0x00007ffbc03ec000 	C:\Program Files\Android\Android Studio\jbr\bin\vcruntime140_1.dll
0x00007ffb8df80000 - 0x00007ffb8e00d000 	C:\Program Files\Android\Android Studio\jbr\bin\msvcp140.dll
0x00007ffb62e80000 - 0x00007ffb63a3c000 	C:\Program Files\Android\Android Studio\jbr\bin\server\jvm.dll
0x00007ffbc9380000 - 0x00007ffbc9431000 	C:\WINDOWS\System32\ADVAPI32.dll
0x00007ffbc92e0000 - 0x00007ffbc937f000 	C:\WINDOWS\System32\sechost.dll
0x00007ffbc8780000 - 0x00007ffbc88a3000 	C:\WINDOWS\System32\RPCRT4.dll
0x00007ffbc7510000 - 0x00007ffbc7537000 	C:\WINDOWS\System32\bcrypt.dll
0x00007ffbc92d0000 - 0x00007ffbc92d8000 	C:\WINDOWS\System32\PSAPI.DLL
0x00007ffbc2a40000 - 0x00007ffbc2a49000 	C:\WINDOWS\SYSTEM32\WSOCK32.dll
0x00007ffbb12c0000 - 0x00007ffbb12e7000 	C:\WINDOWS\SYSTEM32\WINMM.dll
0x00007ffbc8f00000 - 0x00007ffbc8f6b000 	C:\WINDOWS\System32\WS2_32.dll
0x00007ffbbd650000 - 0x00007ffbbd65a000 	C:\WINDOWS\SYSTEM32\VERSION.dll
0x00007ffbc4c20000 - 0x00007ffbc4c32000 	C:\WINDOWS\SYSTEM32\kernel.appcore.dll
0x00007ffbb7630000 - 0x00007ffbb7640000 	C:\Program Files\Android\Android Studio\jbr\bin\verify.dll
0x00007ffbc47f0000 - 0x00007ffbc49d4000 	C:\WINDOWS\SYSTEM32\DBGHELP.DLL
0x00007ffbae000000 - 0x00007ffbae034000 	C:\WINDOWS\SYSTEM32\dbgcore.DLL
0x00007ffbc7450000 - 0x00007ffbc74d2000 	C:\WINDOWS\System32\bcryptPrimitives.dll
0x00007ffbb4280000 - 0x00007ffbb42a8000 	C:\Program Files\Android\Android Studio\jbr\bin\java.dll
0x00007ffbb4270000 - 0x00007ffbb427a000 	C:\Program Files\Android\Android Studio\jbr\bin\jimage.dll
0x00007ffbb4250000 - 0x00007ffbb4268000 	C:\Program Files\Android\Android Studio\jbr\bin\zip.dll
0x00007ffbc78a0000 - 0x00007ffbc800e000 	C:\WINDOWS\System32\SHELL32.dll
0x00007ffbc4c40000 - 0x00007ffbc53e4000 	C:\WINDOWS\SYSTEM32\windows.storage.dll
0x00007ffbc81c0000 - 0x00007ffbc8515000 	C:\WINDOWS\System32\combase.dll
0x00007ffbc65f0000 - 0x00007ffbc661f000 	C:\WINDOWS\SYSTEM32\Wldp.dll
0x00007ffbc9200000 - 0x00007ffbc92cd000 	C:\WINDOWS\System32\OLEAUT32.dll
0x00007ffbc9440000 - 0x00007ffbc94ed000 	C:\WINDOWS\System32\SHCORE.dll
0x00007ffbc9150000 - 0x00007ffbc91a5000 	C:\WINDOWS\System32\shlwapi.dll
0x00007ffbc6af0000 - 0x00007ffbc6b14000 	C:\WINDOWS\SYSTEM32\profapi.dll
0x00007ffba0ec0000 - 0x00007ffba0ed9000 	C:\Program Files\Android\Android Studio\jbr\bin\net.dll
0x00007ffbbe4f0000 - 0x00007ffbbe5fd000 	C:\WINDOWS\SYSTEM32\WINHTTP.dll
0x00007ffbc6350000 - 0x00007ffbc63ba000 	C:\WINDOWS\system32\mswsock.dll
0x00007ffba0ea0000 - 0x00007ffba0eb3000 	C:\Program Files\Android\Android Studio\jbr\bin\nio.dll
0x00007ffbb77c0000 - 0x00007ffbb77e7000 	C:\Users\HP-PC\.gradle\native\e1d6ef7f7dcc3fd88c89a11ec53ec762bb8ba0a96d01ffa2cd45eb1d1d8dd5c5\windows-amd64\native-platform.dll
0x00007ffb9c460000 - 0x00007ffb9c5a4000 	C:\Users\HP-PC\.gradle\native\0d407fdbe67a94daf76414ababcb853783967236a71b16ec16e742cd7a986fd3\windows-amd64\native-platform-file-events.dll
0x00007ffbb35d0000 - 0x00007ffbb35da000 	C:\Program Files\Android\Android Studio\jbr\bin\management.dll
0x00007ffbb34e0000 - 0x00007ffbb34eb000 	C:\Program Files\Android\Android Studio\jbr\bin\management_ext.dll
0x00007ffbc6540000 - 0x00007ffbc6558000 	C:\WINDOWS\SYSTEM32\CRYPTSP.dll
0x00007ffbc5c00000 - 0x00007ffbc5c34000 	C:\WINDOWS\system32\rsaenh.dll
0x00007ffbc6a70000 - 0x00007ffbc6a9e000 	C:\WINDOWS\SYSTEM32\USERENV.dll
0x00007ffbc6560000 - 0x00007ffbc656c000 	C:\WINDOWS\SYSTEM32\CRYPTBASE.dll
0x00007ffbc5fe0000 - 0x00007ffbc601b000 	C:\WINDOWS\SYSTEM32\IPHLPAPI.DLL
0x00007ffbc8a00000 - 0x00007ffbc8a08000 	C:\WINDOWS\System32\NSI.dll
0x00007ffbbf2b0000 - 0x00007ffbbf2c7000 	C:\WINDOWS\SYSTEM32\dhcpcsvc6.DLL
0x00007ffbbf9c0000 - 0x00007ffbbf9dd000 	C:\WINDOWS\SYSTEM32\dhcpcsvc.DLL
0x00007ffbc6020000 - 0x00007ffbc60ea000 	C:\WINDOWS\SYSTEM32\DNSAPI.dll

dbghelp: loaded successfully - version: 4.0.5 - missing functions: none
symbol engine: initialized successfully - sym options: 0x614 - pdb path: .;C:\Program Files\Android\Android Studio\jbr\bin;C:\WINDOWS\SYSTEM32;C:\WINDOWS\WinSxS\amd64_microsoft.windows.common-controls_6595b64144ccf1df_6.0.19041.4355_none_60b8b9eb71f62e16;C:\Program Files\Android\Android Studio\jbr\bin\server;C:\Users\HP-PC\.gradle\native\e1d6ef7f7dcc3fd88c89a11ec53ec762bb8ba0a96d01ffa2cd45eb1d1d8dd5c5\windows-amd64;C:\Users\HP-PC\.gradle\native\0d407fdbe67a94daf76414ababcb853783967236a71b16ec16e742cd7a986fd3\windows-amd64

VM Arguments:
jvm_args: --add-opens=java.base/java.util=ALL-UNNAMED --add-opens=java.base/java.lang=ALL-UNNAMED --add-opens=java.base/java.lang.invoke=ALL-UNNAMED --add-opens=java.base/java.util=ALL-UNNAMED --add-opens=java.prefs/java.util.prefs=ALL-UNNAMED --add-opens=java.prefs/java.util.prefs=ALL-UNNAMED --add-opens=java.base/java.nio.charset=ALL-UNNAMED --add-opens=java.base/java.net=ALL-UNNAMED --add-opens=java.base/java.util.concurrent.atomic=ALL-UNNAMED -Xmx2048m -Dfile.encoding=UTF-8 -Duser.country=US -Duser.language=en -Duser.variant 
java_command: org.gradle.launcher.daemon.bootstrap.GradleDaemon 7.5
java_class_path (initial): C:\Users\HP-PC\.gradle\wrapper\dists\gradle-7.5-bin\f1w0cc9nuo0eivz97x2xlu9sv\gradle-7.5\lib\gradle-launcher-7.5.jar
Launcher Type: SUN_STANDARD

[Global flags]
     intx CICompilerCount                          = 4                                         {product} {ergonomic}
     uint ConcGCThreads                            = 2                                         {product} {ergonomic}
     uint G1ConcRefinementThreads                  = 8                                         {product} {ergonomic}
   size_t G1HeapRegionSize                         = 1048576                                   {product} {ergonomic}
    uintx GCDrainStackTargetSize                   = 64                                        {product} {ergonomic}
   size_t InitialHeapSize                          = 134217728                                 {product} {ergonomic}
   size_t MarkStackSize                            = 4194304                                   {product} {ergonomic}
   size_t MaxHeapSize                              = 2147483648                                {product} {command line}
   size_t MaxNewSize                               = 1287651328                                {product} {ergonomic}
   size_t MinHeapDeltaBytes                        = 1048576                                   {product} {ergonomic}
    uintx NonNMethodCodeHeapSize                   = 5836300                                {pd product} {ergonomic}
    uintx NonProfiledCodeHeapSize                  = 122910970                              {pd product} {ergonomic}
    uintx ProfiledCodeHeapSize                     = 122910970                              {pd product} {ergonomic}
    uintx ReservedCodeCacheSize                    = 251658240                              {pd product} {ergonomic}
     bool SegmentedCodeCache                       = true                                      {product} {ergonomic}
     bool UseCompressedClassPointers               = true                                 {lp64_product} {ergonomic}
     bool UseCompressedOops                        = true                                 {lp64_product} {ergonomic}
     bool UseG1GC                                  = true                                      {product} {ergonomic}
     bool UseLargePagesIndividualAllocation        = false                                  {pd product} {ergonomic}

Logging:
Log output configuration:
 #0: stdout all=warning uptime,level,tags
 #1: stderr all=off uptime,level,tags

Environment Variables:
PATH=C:\ProgramData\Oracle\Java\javapath;C:\Program Files (x86)\Common Files\Oracle\Java\javapath;C:\Windows\system32;C:\Windows;C:\Windows\System32\Wbem;C:\Windows\System32\WindowsPowerShell\v1.0\;C:\Windows\System32\OpenSSH\;C:\Program Files (x86)\NVIDIA Corporation\PhysX\Common;C:\WINDOWS\system32;C:\WINDOWS;C:\WINDOWS\System32\Wbem;C:\WINDOWS\System32\WindowsPowerShell\v1.0\;C:\WINDOWS\System32\OpenSSH\;C:\Program;C:\Program Files\Java\jdk1.8.0_151\bin;C:\Program Files\Git\cmd;C:\MinGW\bin;C:\Program Files\MySQL\MySQL Server 5.5\bin;C:\Users\HP-PC\AppData\Local\Programs\Python\Python311\Scripts\;C:\Users\HP-PC\AppData\Local\Programs\Python\Python311\;C:\Users\HP-PC\AppData\Local\Microsoft\WindowsApps;C:\IntelliJ IDEA 2021.2\bin;C:\Program Files\JetBrains\IntelliJ IDEA 2021.2\bin;C:\xampp\mysql\bin;;C:\Users\HP-PC\AppData\Local\Programs\Microsoft VS Code\bin
USERNAME=HP-PC
OS=Windows_NT
PROCESSOR_IDENTIFIER=Intel64 Family 6 Model 142 Stepping 10, GenuineIntel



---------------  S Y S T E M  ---------------

OS: Windows 10 , 64 bit Build 19041 (10.0.19041.5198)
OS uptime: 28 days 0:04 hours

CPU:total 8 (initial active 8) (4 cores per cpu, 2 threads per core) family 6 model 142 stepping 10 microcode 0xf4, cmov, cx8, fxsr, mmx, sse, sse2, sse3, ssse3, sse4.1, sse4.2, popcnt, avx, avx2, aes, clmul, erms, 3dnowpref, lzcnt, ht, tsc, tscinvbit, bmi1, bmi2, adx, fma

Memory: 4k page, system-wide physical 8094M (504M free)
TotalPageFile size 16880M (AvailPageFile size 11M)
current process WorkingSet (physical memory assigned to process): 563M, peak: 563M
current process commit charge ("private bytes"): 601M, peak: 654M

vm_info: OpenJDK 64-Bit Server VM (11.0.15+0-b2043.56-9505619) for windows-amd64 JRE (11.0.15+0-b2043.56-9505619), built on Jan 19 2023 02:48:00 by "builduser" with unknown MS VC++:1929

END.
